{
  "stats": {
    "suites": 2,
    "tests": 20,
    "passes": 20,
    "pending": 0,
    "failures": 0,
    "start": "2021-03-16T21:07:59.318Z",
    "end": "2021-03-16T21:07:59.918Z",
    "duration": 600,
    "testsRegistered": 20,
    "passPercent": 100,
    "pendingPercent": 0,
    "other": 0,
    "hasOther": false,
    "skipped": 0,
    "hasSkipped": false
  },
  "results": [
    {
      "uuid": "f8ffbaac-c441-493b-84e7-f79a43b9f4cb",
      "title": "",
      "fullFile": "cypress/integration/foundation_spec.js",
      "file": "cypress/integration/foundation_spec.js",
      "beforeHooks": [],
      "afterHooks": [],
      "tests": [],
      "suites": [
        {
          "uuid": "214e10e1-e82c-4970-8acc-046e62502149",
          "title": "#--- Foundation Class Test Suite",
          "fullFile": "",
          "file": "",
          "beforeHooks": [],
          "afterHooks": [],
          "tests": [],
          "suites": [
            {
              "uuid": "49b3ca5b-66a6-4b42-ab76-535bb4dd0b0c",
              "title": "Check class integrity",
              "fullFile": "",
              "file": "",
              "beforeHooks": [],
              "afterHooks": [],
              "tests": [
                {
                  "title": "Foundation must starts",
                  "fullTitle": "#--- Foundation Class Test Suite Check class integrity Foundation must starts",
                  "timedOut": null,
                  "duration": 134,
                  "state": "passed",
                  "speed": "slow",
                  "pass": true,
                  "fail": false,
                  "pending": false,
                  "context": null,
                  "code": ";\n(0, _asyncToGenerator2[\"default\"])(_regenerator[\"default\"].mark(function _callee() {\n  var _yield$foundation$sta, error, data;\n  return _regenerator[\"default\"].wrap(function _callee$(_context) {\n    while (1) {\n      switch (_context.prev = _context.next) {\n        case 0:\n          _context.next = 2;\n          return foundation.start();\n        case 2:\n          _yield$foundation$sta = _context.sent;\n          error = _yield$foundation$sta.error;\n          data = _yield$foundation$sta.data;\n          _assert[\"default\"].equal(error, null);\n          _assert[\"default\"].notEqual(data, null);\n          if (error) {\n            done(error);\n          } else {\n            done();\n          }\n        case 8:\n        case \"end\":\n          return _context.stop();\n      }\n    }\n  }, _callee);\n}))();",
                  "err": {},
                  "uuid": "951b2054-6a37-4c24-bb76-065199d76303",
                  "parentUUID": "49b3ca5b-66a6-4b42-ab76-535bb4dd0b0c",
                  "isHook": false,
                  "skipped": false
                },
                {
                  "title": "Double starts the Foundation shall to raise an error",
                  "fullTitle": "#--- Foundation Class Test Suite Check class integrity Double starts the Foundation shall to raise an error",
                  "timedOut": null,
                  "duration": 9,
                  "state": "passed",
                  "speed": "fast",
                  "pass": true,
                  "fail": false,
                  "pending": false,
                  "context": null,
                  "code": ";\n(0, _asyncToGenerator2[\"default\"])(_regenerator[\"default\"].mark(function _callee2() {\n  var _yield$foundation$sta2, error, data;\n  return _regenerator[\"default\"].wrap(function _callee2$(_context2) {\n    while (1) {\n      switch (_context2.prev = _context2.next) {\n        case 0:\n          _context2.next = 2;\n          return foundation.start();\n        case 2:\n          _yield$foundation$sta2 = _context2.sent;\n          error = _yield$foundation$sta2.error;\n          data = _yield$foundation$sta2.data;\n          _assert[\"default\"].notEqual(error, null);\n          _assert[\"default\"].equal(data, null);\n          done();\n        case 8:\n        case \"end\":\n          return _context2.stop();\n      }\n    }\n  }, _callee2);\n}))();",
                  "err": {},
                  "uuid": "aa5b3746-be88-4c9c-bc0f-e0da3d494b68",
                  "parentUUID": "49b3ca5b-66a6-4b42-ab76-535bb4dd0b0c",
                  "isHook": false,
                  "skipped": false
                },
                {
                  "title": "Foundation must have a constructor",
                  "fullTitle": "#--- Foundation Class Test Suite Check class integrity Foundation must have a constructor",
                  "timedOut": null,
                  "duration": 8,
                  "state": "passed",
                  "speed": "fast",
                  "pass": true,
                  "fail": false,
                  "pending": false,
                  "context": null,
                  "code": "_assert[\"default\"].equal(Foundation.constructor, Function);\ndone();",
                  "err": {},
                  "uuid": "1304b984-e0c9-480d-af32-7b05b3043302",
                  "parentUUID": "49b3ca5b-66a6-4b42-ab76-535bb4dd0b0c",
                  "isHook": false,
                  "skipped": false
                },
                {
                  "title": "foundation must be instance of Foundation",
                  "fullTitle": "#--- Foundation Class Test Suite Check class integrity foundation must be instance of Foundation",
                  "timedOut": null,
                  "duration": 8,
                  "state": "passed",
                  "speed": "fast",
                  "pass": true,
                  "fail": false,
                  "pending": false,
                  "context": null,
                  "code": "_assert[\"default\"].equal(foundation instanceof Foundation, true);\ndone();",
                  "err": {},
                  "uuid": "9a2e715c-8d12-4d4b-acf4-4571e1dd864c",
                  "parentUUID": "49b3ca5b-66a6-4b42-ab76-535bb4dd0b0c",
                  "isHook": false,
                  "skipped": false
                },
                {
                  "title": "Foundation.Schema static method must return a constructor",
                  "fullTitle": "#--- Foundation Class Test Suite Check class integrity Foundation.Schema static method must return a constructor",
                  "timedOut": null,
                  "duration": 8,
                  "state": "passed",
                  "speed": "fast",
                  "pass": true,
                  "fail": false,
                  "pending": false,
                  "context": null,
                  "code": "_assert[\"default\"].equal(Foundation.Schema.constructor, Function);\ndone();",
                  "err": {},
                  "uuid": "7457523f-b154-41f6-bd28-3c4a759d285a",
                  "parentUUID": "49b3ca5b-66a6-4b42-ab76-535bb4dd0b0c",
                  "isHook": false,
                  "skipped": false
                },
                {
                  "title": "Foundation.Schema static method must create a Mongoose like schema",
                  "fullTitle": "#--- Foundation Class Test Suite Check class integrity Foundation.Schema static method must create a Mongoose like schema",
                  "timedOut": null,
                  "duration": 7,
                  "state": "passed",
                  "speed": "fast",
                  "pass": true,
                  "fail": false,
                  "pending": false,
                  "context": null,
                  "code": "var schema = new Foundation.Schema(jsonSchema);\n_assert[\"default\"].equal((0, _typeof2[\"default\"])(schema.obj) === 'object', true);\n_assert[\"default\"].equal((0, _typeof2[\"default\"])(schema.paths) === 'object', true);\n_assert[\"default\"].equal(Object.keys(jsonSchema).reverse().join(','), Object.keys(schema.paths).reverse().join(',').replace(/_id,/gi, ''));\ndone();",
                  "err": {},
                  "uuid": "4deb69ca-8849-4af2-9356-6dbbd294db69",
                  "parentUUID": "49b3ca5b-66a6-4b42-ab76-535bb4dd0b0c",
                  "isHook": false,
                  "skipped": false
                },
                {
                  "title": "foundation.name getter must return the application name",
                  "fullTitle": "#--- Foundation Class Test Suite Check class integrity foundation.name getter must return the application name",
                  "timedOut": null,
                  "duration": 16,
                  "state": "passed",
                  "speed": "fast",
                  "pass": true,
                  "fail": false,
                  "pending": false,
                  "context": null,
                  "code": "_assert[\"default\"].equal(typeof foundation.name === 'string', true);\n_assert[\"default\"].equal(foundation.name, name);\ndone();",
                  "err": {},
                  "uuid": "13dee07c-1653-4722-af5e-278d3ee75090",
                  "parentUUID": "49b3ca5b-66a6-4b42-ab76-535bb4dd0b0c",
                  "isHook": false,
                  "skipped": false
                },
                {
                  "title": "foundation.name setter must set the application name",
                  "fullTitle": "#--- Foundation Class Test Suite Check class integrity foundation.name setter must set the application name",
                  "timedOut": null,
                  "duration": 10,
                  "state": "passed",
                  "speed": "fast",
                  "pass": true,
                  "fail": false,
                  "pending": false,
                  "context": null,
                  "code": "var newName = 'My New App Name';\nfoundation.name = newName;\n_assert[\"default\"].equal(typeof foundation.name === 'string', true);\n_assert[\"default\"].equal(foundation.name, newName);\ndone();",
                  "err": {},
                  "uuid": "96386ed0-3a47-4ed4-ae48-c16ba6ba2eb5",
                  "parentUUID": "49b3ca5b-66a6-4b42-ab76-535bb4dd0b0c",
                  "isHook": false,
                  "skipped": false
                },
                {
                  "title": "foundation.guid getter must return the application UUID string",
                  "fullTitle": "#--- Foundation Class Test Suite Check class integrity foundation.guid getter must return the application UUID string",
                  "timedOut": null,
                  "duration": 15,
                  "state": "passed",
                  "speed": "fast",
                  "pass": true,
                  "fail": false,
                  "pending": false,
                  "context": null,
                  "code": "_assert[\"default\"].equal(typeof foundation.guid === 'string', true);\ndone();",
                  "err": {},
                  "uuid": "40f29565-51f4-4ab5-a1d8-fcd4eca38984",
                  "parentUUID": "49b3ca5b-66a6-4b42-ab76-535bb4dd0b0c",
                  "isHook": false,
                  "skipped": false
                },
                {
                  "title": "foundation.guid getter must return a 36 bytes string",
                  "fullTitle": "#--- Foundation Class Test Suite Check class integrity foundation.guid getter must return a 36 bytes string",
                  "timedOut": null,
                  "duration": 15,
                  "state": "passed",
                  "speed": "fast",
                  "pass": true,
                  "fail": false,
                  "pending": false,
                  "context": null,
                  "code": "var bytes = new Blob([foundation.guid]).size;\n_assert[\"default\"].equal(bytes, 36);\ndone();",
                  "err": {},
                  "uuid": "a26d3c6b-2984-4748-9ee7-ee3491dc4172",
                  "parentUUID": "49b3ca5b-66a6-4b42-ab76-535bb4dd0b0c",
                  "isHook": false,
                  "skipped": false
                },
                {
                  "title": "foundation.guid is getter only",
                  "fullTitle": "#--- Foundation Class Test Suite Check class integrity foundation.guid is getter only",
                  "timedOut": null,
                  "duration": 9,
                  "state": "passed",
                  "speed": "fast",
                  "pass": true,
                  "fail": false,
                  "pending": false,
                  "context": null,
                  "code": "var error = null;\ntry {\n  foundation.guid = 22222;\n} catch (e) {\n  error = e;\n}\n_assert[\"default\"].equal(error !== null, true);\n_assert[\"default\"].equal((0, _typeof2[\"default\"])(error) === 'object', true);\n_assert[\"default\"].notEqual(foundation.guid, 22222);\ndone();",
                  "err": {},
                  "uuid": "5329a9fa-dfe0-45bb-92fc-a591240d98ca",
                  "parentUUID": "49b3ca5b-66a6-4b42-ab76-535bb4dd0b0c",
                  "isHook": false,
                  "skipped": false
                },
                {
                  "title": "foundation.tabId getter must return the session UUID string. Each browser tab is considered a different session.",
                  "fullTitle": "#--- Foundation Class Test Suite Check class integrity foundation.tabId getter must return the session UUID string. Each browser tab is considered a different session.",
                  "timedOut": null,
                  "duration": 12,
                  "state": "passed",
                  "speed": "fast",
                  "pass": true,
                  "fail": false,
                  "pending": false,
                  "context": null,
                  "code": "_assert[\"default\"].equal(typeof foundation.tabId === 'string', true);\ndone();",
                  "err": {},
                  "uuid": "e43fe631-3ec6-4265-ab2f-de58ca946899",
                  "parentUUID": "49b3ca5b-66a6-4b42-ab76-535bb4dd0b0c",
                  "isHook": false,
                  "skipped": false
                },
                {
                  "title": "foundation.tabId getter must return a 36 bytes string",
                  "fullTitle": "#--- Foundation Class Test Suite Check class integrity foundation.tabId getter must return a 36 bytes string",
                  "timedOut": null,
                  "duration": 12,
                  "state": "passed",
                  "speed": "fast",
                  "pass": true,
                  "fail": false,
                  "pending": false,
                  "context": null,
                  "code": "var bytes = new Blob([foundation.tabId]).size;\n_assert[\"default\"].equal(bytes, 36);\ndone();",
                  "err": {},
                  "uuid": "5b3e3579-a90e-4fbb-97cf-365730efd626",
                  "parentUUID": "49b3ca5b-66a6-4b42-ab76-535bb4dd0b0c",
                  "isHook": false,
                  "skipped": false
                },
                {
                  "title": "foundation.data is getter only",
                  "fullTitle": "#--- Foundation Class Test Suite Check class integrity foundation.data is getter only",
                  "timedOut": null,
                  "duration": 16,
                  "state": "passed",
                  "speed": "fast",
                  "pass": true,
                  "fail": false,
                  "pending": false,
                  "context": null,
                  "code": "var error = null;\ntry {\n  foundation.data = 'string text';\n} catch (e) {\n  error = e;\n}\n_assert[\"default\"].equal(error !== null, true);\n_assert[\"default\"].equal((0, _typeof2[\"default\"])(error) === 'object', true);\n_assert[\"default\"].notEqual(foundation.data, 'string text');\ndone();",
                  "err": {},
                  "uuid": "88578d1e-8ff3-40a1-8d08-21a71e2f04ed",
                  "parentUUID": "49b3ca5b-66a6-4b42-ab76-535bb4dd0b0c",
                  "isHook": false,
                  "skipped": false
                },
                {
                  "title": "foundation.dataStrategy is getter only",
                  "fullTitle": "#--- Foundation Class Test Suite Check class integrity foundation.dataStrategy is getter only",
                  "timedOut": null,
                  "duration": 18,
                  "state": "passed",
                  "speed": "fast",
                  "pass": true,
                  "fail": false,
                  "pending": false,
                  "context": null,
                  "code": "var error = null;\ntry {\n  foundation.dataStrategy = 222222;\n} catch (e) {\n  error = e;\n}\n_assert[\"default\"].equal(error !== null, true);\n_assert[\"default\"].equal((0, _typeof2[\"default\"])(error) === 'object', true);\n_assert[\"default\"].notEqual(foundation.dataStrategy, 222222);\ndone();",
                  "err": {},
                  "uuid": "23789e10-1513-4f8b-b23d-c22b748d3f09",
                  "parentUUID": "49b3ca5b-66a6-4b42-ab76-535bb4dd0b0c",
                  "isHook": false,
                  "skipped": false
                },
                {
                  "title": "foundation.started is getter only",
                  "fullTitle": "#--- Foundation Class Test Suite Check class integrity foundation.started is getter only",
                  "timedOut": null,
                  "duration": 12,
                  "state": "passed",
                  "speed": "fast",
                  "pass": true,
                  "fail": false,
                  "pending": false,
                  "context": null,
                  "code": "var error = null;\ntry {\n  foundation.started = 222222;\n} catch (e) {\n  error = e;\n}\n_assert[\"default\"].equal(error !== null, true);\n_assert[\"default\"].equal((0, _typeof2[\"default\"])(error) === 'object', true);\n_assert[\"default\"].notEqual(foundation.started, 222222);\ndone();",
                  "err": {},
                  "uuid": "202db672-6f63-48c1-aa8e-acbfb8ff5a89",
                  "parentUUID": "49b3ca5b-66a6-4b42-ab76-535bb4dd0b0c",
                  "isHook": false,
                  "skipped": false
                },
                {
                  "title": "foundation.applicationWorker is getter only",
                  "fullTitle": "#--- Foundation Class Test Suite Check class integrity foundation.applicationWorker is getter only",
                  "timedOut": null,
                  "duration": 15,
                  "state": "passed",
                  "speed": "fast",
                  "pass": true,
                  "fail": false,
                  "pending": false,
                  "context": null,
                  "code": "var error = null;\ntry {\n  foundation.applicationWorker = 222222;\n} catch (e) {\n  error = e;\n}\n_assert[\"default\"].equal(error !== null, true);\n_assert[\"default\"].equal((0, _typeof2[\"default\"])(error) === 'object', true);\n_assert[\"default\"].notEqual(foundation.applicationWorker, 222222);\ndone();",
                  "err": {},
                  "uuid": "7dc50f44-443b-4176-8232-4cf5570c2e5c",
                  "parentUUID": "49b3ca5b-66a6-4b42-ab76-535bb4dd0b0c",
                  "isHook": false,
                  "skipped": false
                },
                {
                  "title": "foundation.useWorker is getter only",
                  "fullTitle": "#--- Foundation Class Test Suite Check class integrity foundation.useWorker is getter only",
                  "timedOut": null,
                  "duration": 9,
                  "state": "passed",
                  "speed": "fast",
                  "pass": true,
                  "fail": false,
                  "pending": false,
                  "context": null,
                  "code": "var error = null;\ntry {\n  foundation.useWorker = 222222;\n} catch (e) {\n  error = e;\n}\n_assert[\"default\"].equal(error !== null, true);\n_assert[\"default\"].equal((0, _typeof2[\"default\"])(error) === 'object', true);\n_assert[\"default\"].notEqual(foundation.useWorker, 222222);\ndone();",
                  "err": {},
                  "uuid": "e381955c-9340-453f-8bf0-ce35627c743f",
                  "parentUUID": "49b3ca5b-66a6-4b42-ab76-535bb4dd0b0c",
                  "isHook": false,
                  "skipped": false
                },
                {
                  "title": "Foundation.Schema is static",
                  "fullTitle": "#--- Foundation Class Test Suite Check class integrity Foundation.Schema is static",
                  "timedOut": null,
                  "duration": 13,
                  "state": "passed",
                  "speed": "fast",
                  "pass": true,
                  "fail": false,
                  "pending": false,
                  "context": null,
                  "code": "_assert[\"default\"].equal((0, _typeof2[\"default\"])(Foundation.Schema), 'function');\ndone();",
                  "err": {},
                  "uuid": "16fc7de2-0388-4a9a-ab67-84b0d8705f4d",
                  "parentUUID": "49b3ca5b-66a6-4b42-ab76-535bb4dd0b0c",
                  "isHook": false,
                  "skipped": false
                },
                {
                  "title": "foundation.tabId is getter only",
                  "fullTitle": "#--- Foundation Class Test Suite Check class integrity foundation.tabId is getter only",
                  "timedOut": null,
                  "duration": 8,
                  "state": "passed",
                  "speed": "fast",
                  "pass": true,
                  "fail": false,
                  "pending": false,
                  "context": null,
                  "code": "var error = null;\ntry {\n  foundation.tabId = 222222;\n} catch (e) {\n  error = e;\n}\n_assert[\"default\"].equal(error !== null, true);\n_assert[\"default\"].equal((0, _typeof2[\"default\"])(error) === 'object', true);\ndone();",
                  "err": {},
                  "uuid": "29a1c0c2-5bae-46a1-ad1d-8e16f7d584f8",
                  "parentUUID": "49b3ca5b-66a6-4b42-ab76-535bb4dd0b0c",
                  "isHook": false,
                  "skipped": false
                }
              ],
              "suites": [],
              "passes": [
                "951b2054-6a37-4c24-bb76-065199d76303",
                "aa5b3746-be88-4c9c-bc0f-e0da3d494b68",
                "1304b984-e0c9-480d-af32-7b05b3043302",
                "9a2e715c-8d12-4d4b-acf4-4571e1dd864c",
                "7457523f-b154-41f6-bd28-3c4a759d285a",
                "4deb69ca-8849-4af2-9356-6dbbd294db69",
                "13dee07c-1653-4722-af5e-278d3ee75090",
                "96386ed0-3a47-4ed4-ae48-c16ba6ba2eb5",
                "40f29565-51f4-4ab5-a1d8-fcd4eca38984",
                "a26d3c6b-2984-4748-9ee7-ee3491dc4172",
                "5329a9fa-dfe0-45bb-92fc-a591240d98ca",
                "e43fe631-3ec6-4265-ab2f-de58ca946899",
                "5b3e3579-a90e-4fbb-97cf-365730efd626",
                "88578d1e-8ff3-40a1-8d08-21a71e2f04ed",
                "23789e10-1513-4f8b-b23d-c22b748d3f09",
                "202db672-6f63-48c1-aa8e-acbfb8ff5a89",
                "7dc50f44-443b-4176-8232-4cf5570c2e5c",
                "e381955c-9340-453f-8bf0-ce35627c743f",
                "16fc7de2-0388-4a9a-ab67-84b0d8705f4d",
                "29a1c0c2-5bae-46a1-ad1d-8e16f7d584f8"
              ],
              "failures": [],
              "pending": [],
              "skipped": [],
              "duration": 354,
              "root": false,
              "rootEmpty": false,
              "_timeout": 2000
            }
          ],
          "passes": [],
          "failures": [],
          "pending": [],
          "skipped": [],
          "duration": 0,
          "root": false,
          "rootEmpty": false,
          "_timeout": 2000
        }
      ],
      "passes": [],
      "failures": [],
      "pending": [],
      "skipped": [],
      "duration": 0,
      "root": true,
      "rootEmpty": true,
      "_timeout": 2000
    }
  ],
  "meta": {
    "mocha": {
      "version": "7.0.1"
    },
    "mochawesome": {
      "options": {
        "quiet": false,
        "reportFilename": "mochawesome",
        "saveHtml": false,
        "saveJson": true,
        "consoleReporter": "spec",
        "useInlineDiffs": false,
        "code": true
      },
      "version": "6.2.1"
    },
    "marge": {
      "options": {
        "reportDir": "docs/reports/unit-testing",
        "overwrite": false,
        "reportTitle": "My Custom Title",
        "showPassed": true,
        "html": false,
        "json": true
      },
      "version": "5.1.0"
    }
  }
}