{
  "/Users/admin/apps/voodux/src/utils.js": {
    "path": "/Users/admin/apps/voodux/src/utils.js",
    "statementMap": {
      "0": {
        "start": {
          "line": 21,
          "column": 37
        },
        "end": {
          "line": 23,
          "column": 1
        }
      },
      "1": {
        "start": {
          "line": 22,
          "column": 2
        },
        "end": {
          "line": 22,
          "column": 24
        }
      },
      "2": {
        "start": {
          "line": 32,
          "column": 2
        },
        "end": {
          "line": 36,
          "column": 4
        }
      },
      "3": {
        "start": {
          "line": 33,
          "column": 14
        },
        "end": {
          "line": 33,
          "column": 38
        }
      },
      "4": {
        "start": {
          "line": 34,
          "column": 14
        },
        "end": {
          "line": 34,
          "column": 45
        }
      },
      "5": {
        "start": {
          "line": 35,
          "column": 4
        },
        "end": {
          "line": 35,
          "column": 25
        }
      },
      "6": {
        "start": {
          "line": 46,
          "column": 2
        },
        "end": {
          "line": 48,
          "column": 3
        }
      },
      "7": {
        "start": {
          "line": 47,
          "column": 4
        },
        "end": {
          "line": 47,
          "column": 26
        }
      },
      "8": {
        "start": {
          "line": 49,
          "column": 2
        },
        "end": {
          "line": 49,
          "column": 40
        }
      },
      "9": {
        "start": {
          "line": 62,
          "column": 15
        },
        "end": {
          "line": 62,
          "column": 17
        }
      },
      "10": {
        "start": {
          "line": 63,
          "column": 2
        },
        "end": {
          "line": 87,
          "column": 3
        }
      },
      "11": {
        "start": {
          "line": 64,
          "column": 4
        },
        "end": {
          "line": 86,
          "column": 5
        }
      },
      "12": {
        "start": {
          "line": 65,
          "column": 23
        },
        "end": {
          "line": 65,
          "column": 49
        }
      },
      "13": {
        "start": {
          "line": 66,
          "column": 6
        },
        "end": {
          "line": 66,
          "column": 29
        }
      },
      "14": {
        "start": {
          "line": 72,
          "column": 10
        },
        "end": {
          "line": 72,
          "column": 18
        }
      },
      "15": {
        "start": {
          "line": 74,
          "column": 6
        },
        "end": {
          "line": 76,
          "column": 7
        }
      },
      "16": {
        "start": {
          "line": 75,
          "column": 8
        },
        "end": {
          "line": 75,
          "column": 16
        }
      },
      "17": {
        "start": {
          "line": 77,
          "column": 6
        },
        "end": {
          "line": 79,
          "column": 7
        }
      },
      "18": {
        "start": {
          "line": 78,
          "column": 8
        },
        "end": {
          "line": 78,
          "column": 16
        }
      },
      "19": {
        "start": {
          "line": 80,
          "column": 6
        },
        "end": {
          "line": 83,
          "column": 7
        }
      },
      "20": {
        "start": {
          "line": 81,
          "column": 8
        },
        "end": {
          "line": 81,
          "column": 41
        }
      },
      "21": {
        "start": {
          "line": 85,
          "column": 6
        },
        "end": {
          "line": 85,
          "column": 29
        }
      },
      "22": {
        "start": {
          "line": 88,
          "column": 2
        },
        "end": {
          "line": 88,
          "column": 69
        }
      },
      "23": {
        "start": {
          "line": 102,
          "column": 16
        },
        "end": {
          "line": 102,
          "column": 56
        }
      },
      "24": {
        "start": {
          "line": 102,
          "column": 49
        },
        "end": {
          "line": 102,
          "column": 54
        }
      },
      "25": {
        "start": {
          "line": 103,
          "column": 2
        },
        "end": {
          "line": 103,
          "column": 14
        }
      },
      "26": {
        "start": {
          "line": 107,
          "column": 22
        },
        "end": {
          "line": 107,
          "column": 37
        }
      }
    },
    "fnMap": {
      "0": {
        "name": "(anonymous_0)",
        "decl": {
          "start": {
            "line": 21,
            "column": 37
          },
          "end": {
            "line": 21,
            "column": 38
          }
        },
        "loc": {
          "start": {
            "line": 21,
            "column": 68
          },
          "end": {
            "line": 23,
            "column": 1
          }
        },
        "line": 21
      },
      "1": {
        "name": "uuid",
        "decl": {
          "start": {
            "line": 31,
            "column": 16
          },
          "end": {
            "line": 31,
            "column": 20
          }
        },
        "loc": {
          "start": {
            "line": 31,
            "column": 24
          },
          "end": {
            "line": 37,
            "column": 1
          }
        },
        "line": 31
      },
      "2": {
        "name": "(anonymous_2)",
        "decl": {
          "start": {
            "line": 32,
            "column": 65
          },
          "end": {
            "line": 32,
            "column": 66
          }
        },
        "loc": {
          "start": {
            "line": 32,
            "column": 78
          },
          "end": {
            "line": 36,
            "column": 3
          }
        },
        "line": 32
      },
      "3": {
        "name": "toJSON",
        "decl": {
          "start": {
            "line": 45,
            "column": 16
          },
          "end": {
            "line": 45,
            "column": 22
          }
        },
        "loc": {
          "start": {
            "line": 45,
            "column": 34
          },
          "end": {
            "line": 50,
            "column": 1
          }
        },
        "line": 45
      },
      "4": {
        "name": "mongooseToDexieTableString",
        "decl": {
          "start": {
            "line": 61,
            "column": 16
          },
          "end": {
            "line": 61,
            "column": 42
          }
        },
        "loc": {
          "start": {
            "line": 61,
            "column": 52
          },
          "end": {
            "line": 89,
            "column": 1
          }
        },
        "line": 61
      },
      "5": {
        "name": "getSearchTokenStream",
        "decl": {
          "start": {
            "line": 97,
            "column": 16
          },
          "end": {
            "line": 97,
            "column": 36
          }
        },
        "loc": {
          "start": {
            "line": 97,
            "column": 48
          },
          "end": {
            "line": 105,
            "column": 1
          }
        },
        "line": 97
      },
      "6": {
        "name": "(anonymous_6)",
        "decl": {
          "start": {
            "line": 102,
            "column": 43
          },
          "end": {
            "line": 102,
            "column": 44
          }
        },
        "loc": {
          "start": {
            "line": 102,
            "column": 49
          },
          "end": {
            "line": 102,
            "column": 54
          }
        },
        "line": 102
      }
    },
    "branchMap": {
      "0": {
        "loc": {
          "start": {
            "line": 21,
            "column": 38
          },
          "end": {
            "line": 21,
            "column": 50
          }
        },
        "type": "default-arg",
        "locations": [
          {
            "start": {
              "line": 21,
              "column": 46
            },
            "end": {
              "line": 21,
              "column": 50
            }
          }
        ],
        "line": 21
      },
      "1": {
        "loc": {
          "start": {
            "line": 21,
            "column": 52
          },
          "end": {
            "line": 21,
            "column": 63
          }
        },
        "type": "default-arg",
        "locations": [
          {
            "start": {
              "line": 21,
              "column": 59
            },
            "end": {
              "line": 21,
              "column": 63
            }
          }
        ],
        "line": 21
      },
      "2": {
        "loc": {
          "start": {
            "line": 34,
            "column": 14
          },
          "end": {
            "line": 34,
            "column": 45
          }
        },
        "type": "cond-expr",
        "locations": [
          {
            "start": {
              "line": 34,
              "column": 26
            },
            "end": {
              "line": 34,
              "column": 27
            }
          },
          {
            "start": {
              "line": 34,
              "column": 30
            },
            "end": {
              "line": 34,
              "column": 45
            }
          }
        ],
        "line": 34
      },
      "3": {
        "loc": {
          "start": {
            "line": 45,
            "column": 24
          },
          "end": {
            "line": 45,
            "column": 32
          }
        },
        "type": "default-arg",
        "locations": [
          {
            "start": {
              "line": 45,
              "column": 30
            },
            "end": {
              "line": 45,
              "column": 32
            }
          }
        ],
        "line": 45
      },
      "4": {
        "loc": {
          "start": {
            "line": 46,
            "column": 2
          },
          "end": {
            "line": 48,
            "column": 3
          }
        },
        "type": "if",
        "locations": [
          {
            "start": {
              "line": 46,
              "column": 2
            },
            "end": {
              "line": 48,
              "column": 3
            }
          },
          {
            "start": {
              "line": 46,
              "column": 2
            },
            "end": {
              "line": 48,
              "column": 3
            }
          }
        ],
        "line": 46
      },
      "5": {
        "loc": {
          "start": {
            "line": 64,
            "column": 4
          },
          "end": {
            "line": 86,
            "column": 5
          }
        },
        "type": "if",
        "locations": [
          {
            "start": {
              "line": 64,
              "column": 4
            },
            "end": {
              "line": 86,
              "column": 5
            }
          },
          {
            "start": {
              "line": 64,
              "column": 4
            },
            "end": {
              "line": 86,
              "column": 5
            }
          }
        ],
        "line": 64
      },
      "6": {
        "loc": {
          "start": {
            "line": 74,
            "column": 6
          },
          "end": {
            "line": 76,
            "column": 7
          }
        },
        "type": "if",
        "locations": [
          {
            "start": {
              "line": 74,
              "column": 6
            },
            "end": {
              "line": 76,
              "column": 7
            }
          },
          {
            "start": {
              "line": 74,
              "column": 6
            },
            "end": {
              "line": 76,
              "column": 7
            }
          }
        ],
        "line": 74
      },
      "7": {
        "loc": {
          "start": {
            "line": 74,
            "column": 10
          },
          "end": {
            "line": 74,
            "column": 59
          }
        },
        "type": "binary-expr",
        "locations": [
          {
            "start": {
              "line": 74,
              "column": 10
            },
            "end": {
              "line": 74,
              "column": 32
            }
          },
          {
            "start": {
              "line": 74,
              "column": 36
            },
            "end": {
              "line": 74,
              "column": 59
            }
          }
        ],
        "line": 74
      },
      "8": {
        "loc": {
          "start": {
            "line": 77,
            "column": 6
          },
          "end": {
            "line": 79,
            "column": 7
          }
        },
        "type": "if",
        "locations": [
          {
            "start": {
              "line": 77,
              "column": 6
            },
            "end": {
              "line": 79,
              "column": 7
            }
          },
          {
            "start": {
              "line": 77,
              "column": 6
            },
            "end": {
              "line": 79,
              "column": 7
            }
          }
        ],
        "line": 77
      },
      "9": {
        "loc": {
          "start": {
            "line": 80,
            "column": 6
          },
          "end": {
            "line": 83,
            "column": 7
          }
        },
        "type": "if",
        "locations": [
          {
            "start": {
              "line": 80,
              "column": 6
            },
            "end": {
              "line": 83,
              "column": 7
            }
          },
          {
            "start": {
              "line": 80,
              "column": 6
            },
            "end": {
              "line": 83,
              "column": 7
            }
          }
        ],
        "line": 80
      },
      "10": {
        "loc": {
          "start": {
            "line": 88,
            "column": 22
          },
          "end": {
            "line": 88,
            "column": 67
          }
        },
        "type": "cond-expr",
        "locations": [
          {
            "start": {
              "line": 88,
              "column": 41
            },
            "end": {
              "line": 88,
              "column": 61
            }
          },
          {
            "start": {
              "line": 88,
              "column": 65
            },
            "end": {
              "line": 88,
              "column": 67
            }
          }
        ],
        "line": 88
      },
      "11": {
        "loc": {
          "start": {
            "line": 97,
            "column": 37
          },
          "end": {
            "line": 97,
            "column": 46
          }
        },
        "type": "default-arg",
        "locations": [
          {
            "start": {
              "line": 97,
              "column": 44
            },
            "end": {
              "line": 97,
              "column": 46
            }
          }
        ],
        "line": 97
      }
    },
    "s": {
      "0": 5,
      "1": 21,
      "2": 10008,
      "3": 310248,
      "4": 310248,
      "5": 310248,
      "6": 3,
      "7": 2,
      "8": 1,
      "9": 12,
      "10": 12,
      "11": 44,
      "12": 44,
      "13": 44,
      "14": 44,
      "15": 44,
      "16": 12,
      "17": 32,
      "18": 10,
      "19": 22,
      "20": 0,
      "21": 22,
      "22": 12,
      "23": 3,
      "24": 6,
      "25": 3,
      "26": 5
    },
    "f": {
      "0": 21,
      "1": 10008,
      "2": 310248,
      "3": 3,
      "4": 12,
      "5": 3,
      "6": 6
    },
    "b": {
      "0": [
        1
      ],
      "1": [
        1
      ],
      "2": [
        300240,
        10008
      ],
      "3": [
        0
      ],
      "4": [
        2,
        1
      ],
      "5": [
        44,
        0
      ],
      "6": [
        12,
        32
      ],
      "7": [
        44,
        32
      ],
      "8": [
        10,
        22
      ],
      "9": [
        0,
        22
      ],
      "10": [
        11,
        1
      ],
      "11": [
        0
      ]
    },
    "_coverageSchema": "1a1c01bbd47fc00a2c39e90264f33305004495a9",
    "hash": "73b497c492f4fb9a729963553ff6d282c3d81743"
  },
  "/Users/admin/apps/voodux/src/EventSystem.js": {
    "path": "/Users/admin/apps/voodux/src/EventSystem.js",
    "statementMap": {
      "0": {
        "start": {
          "line": 7,
          "column": 4
        },
        "end": {
          "line": 7,
          "column": 22
        }
      },
      "1": {
        "start": {
          "line": 11,
          "column": 15
        },
        "end": {
          "line": 11,
          "column": 21
        }
      },
      "2": {
        "start": {
          "line": 12,
          "column": 4
        },
        "end": {
          "line": 14,
          "column": 5
        }
      },
      "3": {
        "start": {
          "line": 13,
          "column": 6
        },
        "end": {
          "line": 13,
          "column": 48
        }
      },
      "4": {
        "start": {
          "line": 15,
          "column": 4
        },
        "end": {
          "line": 19,
          "column": 6
        }
      },
      "5": {
        "start": {
          "line": 20,
          "column": 4
        },
        "end": {
          "line": 20,
          "column": 13
        }
      },
      "6": {
        "start": {
          "line": 24,
          "column": 4
        },
        "end": {
          "line": 24,
          "column": 35
        }
      },
      "7": {
        "start": {
          "line": 26,
          "column": 4
        },
        "end": {
          "line": 35,
          "column": 6
        }
      },
      "8": {
        "start": {
          "line": 27,
          "column": 6
        },
        "end": {
          "line": 34,
          "column": 7
        }
      },
      "9": {
        "start": {
          "line": 29,
          "column": 8
        },
        "end": {
          "line": 29,
          "column": 41
        }
      },
      "10": {
        "start": {
          "line": 30,
          "column": 8
        },
        "end": {
          "line": 33,
          "column": 9
        }
      },
      "11": {
        "start": {
          "line": 31,
          "column": 10
        },
        "end": {
          "line": 31,
          "column": 50
        }
      },
      "12": {
        "start": {
          "line": 32,
          "column": 10
        },
        "end": {
          "line": 32,
          "column": 36
        }
      },
      "13": {
        "start": {
          "line": 39,
          "column": 4
        },
        "end": {
          "line": 39,
          "column": 37
        }
      },
      "14": {
        "start": {
          "line": 45,
          "column": 18
        },
        "end": {
          "line": 45,
          "column": 23
        }
      },
      "15": {
        "start": {
          "line": 46,
          "column": 4
        },
        "end": {
          "line": 54,
          "column": 5
        }
      },
      "16": {
        "start": {
          "line": 46,
          "column": 17
        },
        "end": {
          "line": 46,
          "column": 18
        }
      },
      "17": {
        "start": {
          "line": 47,
          "column": 20
        },
        "end": {
          "line": 47,
          "column": 36
        }
      },
      "18": {
        "start": {
          "line": 49,
          "column": 6
        },
        "end": {
          "line": 53,
          "column": 7
        }
      },
      "19": {
        "start": {
          "line": 51,
          "column": 8
        },
        "end": {
          "line": 51,
          "column": 34
        }
      },
      "20": {
        "start": {
          "line": 52,
          "column": 8
        },
        "end": {
          "line": 52,
          "column": 22
        }
      },
      "21": {
        "start": {
          "line": 56,
          "column": 4
        },
        "end": {
          "line": 56,
          "column": 18
        }
      }
    },
    "fnMap": {
      "0": {
        "name": "(anonymous_0)",
        "decl": {
          "start": {
            "line": 6,
            "column": 2
          },
          "end": {
            "line": 6,
            "column": 3
          }
        },
        "loc": {
          "start": {
            "line": 6,
            "column": 17
          },
          "end": {
            "line": 8,
            "column": 3
          }
        },
        "line": 6
      },
      "1": {
        "name": "(anonymous_1)",
        "decl": {
          "start": {
            "line": 10,
            "column": 2
          },
          "end": {
            "line": 10,
            "column": 3
          }
        },
        "loc": {
          "start": {
            "line": 10,
            "column": 21
          },
          "end": {
            "line": 21,
            "column": 3
          }
        },
        "line": 10
      },
      "2": {
        "name": "(anonymous_2)",
        "decl": {
          "start": {
            "line": 23,
            "column": 2
          },
          "end": {
            "line": 23,
            "column": 3
          }
        },
        "loc": {
          "start": {
            "line": 23,
            "column": 40
          },
          "end": {
            "line": 36,
            "column": 3
          }
        },
        "line": 23
      },
      "3": {
        "name": "(anonymous_3)",
        "decl": {
          "start": {
            "line": 26,
            "column": 26
          },
          "end": {
            "line": 26,
            "column": 27
          }
        },
        "loc": {
          "start": {
            "line": 26,
            "column": 37
          },
          "end": {
            "line": 35,
            "column": 5
          }
        },
        "line": 26
      },
      "4": {
        "name": "(anonymous_4)",
        "decl": {
          "start": {
            "line": 38,
            "column": 2
          },
          "end": {
            "line": 38,
            "column": 3
          }
        },
        "loc": {
          "start": {
            "line": 38,
            "column": 25
          },
          "end": {
            "line": 40,
            "column": 3
          }
        },
        "line": 38
      },
      "5": {
        "name": "(anonymous_5)",
        "decl": {
          "start": {
            "line": 42,
            "column": 2
          },
          "end": {
            "line": 42,
            "column": 3
          }
        },
        "loc": {
          "start": {
            "line": 42,
            "column": 25
          },
          "end": {
            "line": 57,
            "column": 3
          }
        },
        "line": 42
      }
    },
    "branchMap": {
      "0": {
        "loc": {
          "start": {
            "line": 12,
            "column": 4
          },
          "end": {
            "line": 14,
            "column": 5
          }
        },
        "type": "if",
        "locations": [
          {
            "start": {
              "line": 12,
              "column": 4
            },
            "end": {
              "line": 14,
              "column": 5
            }
          },
          {
            "start": {
              "line": 12,
              "column": 4
            },
            "end": {
              "line": 14,
              "column": 5
            }
          }
        ],
        "line": 12
      },
      "1": {
        "loc": {
          "start": {
            "line": 24,
            "column": 18
          },
          "end": {
            "line": 24,
            "column": 35
          }
        },
        "type": "binary-expr",
        "locations": [
          {
            "start": {
              "line": 24,
              "column": 18
            },
            "end": {
              "line": 24,
              "column": 29
            }
          },
          {
            "start": {
              "line": 24,
              "column": 33
            },
            "end": {
              "line": 24,
              "column": 35
            }
          }
        ],
        "line": 24
      },
      "2": {
        "loc": {
          "start": {
            "line": 27,
            "column": 6
          },
          "end": {
            "line": 34,
            "column": 7
          }
        },
        "type": "if",
        "locations": [
          {
            "start": {
              "line": 27,
              "column": 6
            },
            "end": {
              "line": 34,
              "column": 7
            }
          },
          {
            "start": {
              "line": 27,
              "column": 6
            },
            "end": {
              "line": 34,
              "column": 7
            }
          }
        ],
        "line": 27
      },
      "3": {
        "loc": {
          "start": {
            "line": 30,
            "column": 8
          },
          "end": {
            "line": 33,
            "column": 9
          }
        },
        "type": "if",
        "locations": [
          {
            "start": {
              "line": 30,
              "column": 8
            },
            "end": {
              "line": 33,
              "column": 9
            }
          },
          {
            "start": {
              "line": 30,
              "column": 8
            },
            "end": {
              "line": 33,
              "column": 9
            }
          }
        ],
        "line": 30
      },
      "4": {
        "loc": {
          "start": {
            "line": 49,
            "column": 6
          },
          "end": {
            "line": 53,
            "column": 7
          }
        },
        "type": "if",
        "locations": [
          {
            "start": {
              "line": 49,
              "column": 6
            },
            "end": {
              "line": 53,
              "column": 7
            }
          },
          {
            "start": {
              "line": 49,
              "column": 6
            },
            "end": {
              "line": 53,
              "column": 7
            }
          }
        ],
        "line": 49
      }
    },
    "s": {
      "0": 7,
      "1": 0,
      "2": 0,
      "3": 0,
      "4": 0,
      "5": 0,
      "6": 4,
      "7": 4,
      "8": 0,
      "9": 0,
      "10": 0,
      "11": 0,
      "12": 0,
      "13": 0,
      "14": 0,
      "15": 0,
      "16": 0,
      "17": 0,
      "18": 0,
      "19": 0,
      "20": 0,
      "21": 0
    },
    "f": {
      "0": 7,
      "1": 0,
      "2": 4,
      "3": 0,
      "4": 0,
      "5": 0
    },
    "b": {
      "0": [
        0,
        0
      ],
      "1": [
        4,
        0
      ],
      "2": [
        0,
        0
      ],
      "3": [
        0,
        0
      ],
      "4": [
        0,
        0
      ]
    },
    "_coverageSchema": "1a1c01bbd47fc00a2c39e90264f33305004495a9",
    "hash": "5505416d19bbb7e1144f7a44a27f9794046fe0eb"
  },
  "/Users/admin/apps/voodux/src/DataEntity.js": {
    "path": "/Users/admin/apps/voodux/src/DataEntity.js",
    "statementMap": {
      "0": {
        "start": {
          "line": 115,
          "column": 4
        },
        "end": {
          "line": 115,
          "column": 11
        }
      },
      "1": {
        "start": {
          "line": 116,
          "column": 4
        },
        "end": {
          "line": 116,
          "column": 26
        }
      },
      "2": {
        "start": {
          "line": 117,
          "column": 4
        },
        "end": {
          "line": 117,
          "column": 30
        }
      },
      "3": {
        "start": {
          "line": 118,
          "column": 4
        },
        "end": {
          "line": 118,
          "column": 26
        }
      },
      "4": {
        "start": {
          "line": 119,
          "column": 4
        },
        "end": {
          "line": 119,
          "column": 34
        }
      },
      "5": {
        "start": {
          "line": 120,
          "column": 4
        },
        "end": {
          "line": 123,
          "column": 5
        }
      },
      "6": {
        "start": {
          "line": 124,
          "column": 4
        },
        "end": {
          "line": 124,
          "column": 78
        }
      },
      "7": {
        "start": {
          "line": 126,
          "column": 4
        },
        "end": {
          "line": 126,
          "column": 84
        }
      },
      "8": {
        "start": {
          "line": 128,
          "column": 4
        },
        "end": {
          "line": 128,
          "column": 49
        }
      },
      "9": {
        "start": {
          "line": 139,
          "column": 4
        },
        "end": {
          "line": 139,
          "column": 24
        }
      },
      "10": {
        "start": {
          "line": 150,
          "column": 4
        },
        "end": {
          "line": 150,
          "column": 24
        }
      },
      "11": {
        "start": {
          "line": 161,
          "column": 4
        },
        "end": {
          "line": 161,
          "column": 26
        }
      },
      "12": {
        "start": {
          "line": 172,
          "column": 24
        },
        "end": {
          "line": 172,
          "column": 41
        }
      },
      "13": {
        "start": {
          "line": 173,
          "column": 4
        },
        "end": {
          "line": 173,
          "column": 77
        }
      },
      "14": {
        "start": {
          "line": 173,
          "column": 43
        },
        "end": {
          "line": 173,
          "column": 77
        }
      },
      "15": {
        "start": {
          "line": 174,
          "column": 4
        },
        "end": {
          "line": 174,
          "column": 35
        }
      },
      "16": {
        "start": {
          "line": 194,
          "column": 4
        },
        "end": {
          "line": 196,
          "column": 5
        }
      },
      "17": {
        "start": {
          "line": 195,
          "column": 6
        },
        "end": {
          "line": 195,
          "column": 122
        }
      },
      "18": {
        "start": {
          "line": 197,
          "column": 15
        },
        "end": {
          "line": 197,
          "column": 19
        }
      },
      "19": {
        "start": {
          "line": 198,
          "column": 16
        },
        "end": {
          "line": 198,
          "column": 20
        }
      },
      "20": {
        "start": {
          "line": 199,
          "column": 17
        },
        "end": {
          "line": 199,
          "column": 19
        }
      },
      "21": {
        "start": {
          "line": 200,
          "column": 4
        },
        "end": {
          "line": 214,
          "column": 5
        }
      },
      "22": {
        "start": {
          "line": 201,
          "column": 20
        },
        "end": {
          "line": 201,
          "column": 54
        }
      },
      "23": {
        "start": {
          "line": 202,
          "column": 22
        },
        "end": {
          "line": 202,
          "column": 42
        }
      },
      "24": {
        "start": {
          "line": 203,
          "column": 6
        },
        "end": {
          "line": 206,
          "column": 7
        }
      },
      "25": {
        "start": {
          "line": 205,
          "column": 8
        },
        "end": {
          "line": 205,
          "column": 51
        }
      },
      "26": {
        "start": {
          "line": 207,
          "column": 6
        },
        "end": {
          "line": 207,
          "column": 28
        }
      },
      "27": {
        "start": {
          "line": 208,
          "column": 19
        },
        "end": {
          "line": 210,
          "column": 29
        }
      },
      "28": {
        "start": {
          "line": 211,
          "column": 6
        },
        "end": {
          "line": 211,
          "column": 32
        }
      },
      "29": {
        "start": {
          "line": 213,
          "column": 6
        },
        "end": {
          "line": 213,
          "column": 15
        }
      },
      "30": {
        "start": {
          "line": 216,
          "column": 4
        },
        "end": {
          "line": 216,
          "column": 75
        }
      },
      "31": {
        "start": {
          "line": 217,
          "column": 4
        },
        "end": {
          "line": 217,
          "column": 45
        }
      },
      "32": {
        "start": {
          "line": 230,
          "column": 19
        },
        "end": {
          "line": 230,
          "column": 24
        }
      },
      "33": {
        "start": {
          "line": 231,
          "column": 4
        },
        "end": {
          "line": 238,
          "column": 6
        }
      },
      "34": {
        "start": {
          "line": 239,
          "column": 4
        },
        "end": {
          "line": 246,
          "column": 6
        }
      },
      "35": {
        "start": {
          "line": 247,
          "column": 18
        },
        "end": {
          "line": 247,
          "column": 71
        }
      },
      "36": {
        "start": {
          "line": 248,
          "column": 4
        },
        "end": {
          "line": 248,
          "column": 51
        }
      },
      "37": {
        "start": {
          "line": 272,
          "column": 4
        },
        "end": {
          "line": 274,
          "column": 5
        }
      },
      "38": {
        "start": {
          "line": 273,
          "column": 6
        },
        "end": {
          "line": 273,
          "column": 123
        }
      },
      "39": {
        "start": {
          "line": 275,
          "column": 4
        },
        "end": {
          "line": 277,
          "column": 5
        }
      },
      "40": {
        "start": {
          "line": 276,
          "column": 6
        },
        "end": {
          "line": 276,
          "column": 127
        }
      },
      "41": {
        "start": {
          "line": 278,
          "column": 4
        },
        "end": {
          "line": 278,
          "column": 28
        }
      },
      "42": {
        "start": {
          "line": 279,
          "column": 15
        },
        "end": {
          "line": 279,
          "column": 19
        }
      },
      "43": {
        "start": {
          "line": 280,
          "column": 16
        },
        "end": {
          "line": 280,
          "column": 20
        }
      },
      "44": {
        "start": {
          "line": 281,
          "column": 17
        },
        "end": {
          "line": 281,
          "column": 19
        }
      },
      "45": {
        "start": {
          "line": 282,
          "column": 4
        },
        "end": {
          "line": 309,
          "column": 5
        }
      },
      "46": {
        "start": {
          "line": 283,
          "column": 20
        },
        "end": {
          "line": 283,
          "column": 54
        }
      },
      "47": {
        "start": {
          "line": 284,
          "column": 22
        },
        "end": {
          "line": 284,
          "column": 42
        }
      },
      "48": {
        "start": {
          "line": 285,
          "column": 6
        },
        "end": {
          "line": 287,
          "column": 7
        }
      },
      "49": {
        "start": {
          "line": 286,
          "column": 8
        },
        "end": {
          "line": 286,
          "column": 51
        }
      },
      "50": {
        "start": {
          "line": 288,
          "column": 6
        },
        "end": {
          "line": 288,
          "column": 28
        }
      },
      "51": {
        "start": {
          "line": 289,
          "column": 6
        },
        "end": {
          "line": 289,
          "column": 30
        }
      },
      "52": {
        "start": {
          "line": 290,
          "column": 6
        },
        "end": {
          "line": 290,
          "column": 50
        }
      },
      "53": {
        "start": {
          "line": 291,
          "column": 23
        },
        "end": {
          "line": 293,
          "column": 27
        }
      },
      "54": {
        "start": {
          "line": 295,
          "column": 6
        },
        "end": {
          "line": 295,
          "column": 41
        }
      },
      "55": {
        "start": {
          "line": 296,
          "column": 6
        },
        "end": {
          "line": 296,
          "column": 44
        }
      },
      "56": {
        "start": {
          "line": 307,
          "column": 6
        },
        "end": {
          "line": 307,
          "column": 20
        }
      },
      "57": {
        "start": {
          "line": 308,
          "column": 6
        },
        "end": {
          "line": 308,
          "column": 15
        }
      },
      "58": {
        "start": {
          "line": 310,
          "column": 4
        },
        "end": {
          "line": 310,
          "column": 65
        }
      },
      "59": {
        "start": {
          "line": 311,
          "column": 4
        },
        "end": {
          "line": 311,
          "column": 45
        }
      },
      "60": {
        "start": {
          "line": 324,
          "column": 19
        },
        "end": {
          "line": 324,
          "column": 25
        }
      },
      "61": {
        "start": {
          "line": 325,
          "column": 4
        },
        "end": {
          "line": 335,
          "column": 5
        }
      },
      "62": {
        "start": {
          "line": 336,
          "column": 4
        },
        "end": {
          "line": 346,
          "column": 5
        }
      },
      "63": {
        "start": {
          "line": 347,
          "column": 18
        },
        "end": {
          "line": 347,
          "column": 71
        }
      },
      "64": {
        "start": {
          "line": 348,
          "column": 4
        },
        "end": {
          "line": 348,
          "column": 51
        }
      },
      "65": {
        "start": {
          "line": 361,
          "column": 4
        },
        "end": {
          "line": 361,
          "column": 28
        }
      },
      "66": {
        "start": {
          "line": 362,
          "column": 15
        },
        "end": {
          "line": 362,
          "column": 19
        }
      },
      "67": {
        "start": {
          "line": 363,
          "column": 16
        },
        "end": {
          "line": 363,
          "column": 20
        }
      },
      "68": {
        "start": {
          "line": 364,
          "column": 17
        },
        "end": {
          "line": 364,
          "column": 19
        }
      },
      "69": {
        "start": {
          "line": 365,
          "column": 4
        },
        "end": {
          "line": 373,
          "column": 5
        }
      },
      "70": {
        "start": {
          "line": 366,
          "column": 19
        },
        "end": {
          "line": 368,
          "column": 28
        }
      },
      "71": {
        "start": {
          "line": 370,
          "column": 6
        },
        "end": {
          "line": 370,
          "column": 33
        }
      },
      "72": {
        "start": {
          "line": 372,
          "column": 6
        },
        "end": {
          "line": 372,
          "column": 15
        }
      },
      "73": {
        "start": {
          "line": 374,
          "column": 4
        },
        "end": {
          "line": 374,
          "column": 59
        }
      },
      "74": {
        "start": {
          "line": 375,
          "column": 4
        },
        "end": {
          "line": 375,
          "column": 45
        }
      },
      "75": {
        "start": {
          "line": 387,
          "column": 19
        },
        "end": {
          "line": 387,
          "column": 27
        }
      },
      "76": {
        "start": {
          "line": 388,
          "column": 4
        },
        "end": {
          "line": 397,
          "column": 5
        }
      },
      "77": {
        "start": {
          "line": 398,
          "column": 4
        },
        "end": {
          "line": 407,
          "column": 5
        }
      },
      "78": {
        "start": {
          "line": 408,
          "column": 18
        },
        "end": {
          "line": 408,
          "column": 53
        }
      },
      "79": {
        "start": {
          "line": 409,
          "column": 4
        },
        "end": {
          "line": 409,
          "column": 51
        }
      },
      "80": {
        "start": {
          "line": 422,
          "column": 15
        },
        "end": {
          "line": 422,
          "column": 19
        }
      },
      "81": {
        "start": {
          "line": 423,
          "column": 16
        },
        "end": {
          "line": 423,
          "column": 20
        }
      },
      "82": {
        "start": {
          "line": 424,
          "column": 4
        },
        "end": {
          "line": 439,
          "column": 5
        }
      },
      "83": {
        "start": {
          "line": 425,
          "column": 6
        },
        "end": {
          "line": 425,
          "column": 39
        }
      },
      "84": {
        "start": {
          "line": 426,
          "column": 18
        },
        "end": {
          "line": 428,
          "column": 26
        }
      },
      "85": {
        "start": {
          "line": 430,
          "column": 6
        },
        "end": {
          "line": 435,
          "column": 7
        }
      },
      "86": {
        "start": {
          "line": 432,
          "column": 8
        },
        "end": {
          "line": 434,
          "column": 9
        }
      },
      "87": {
        "start": {
          "line": 433,
          "column": 10
        },
        "end": {
          "line": 433,
          "column": 45
        }
      },
      "88": {
        "start": {
          "line": 437,
          "column": 6
        },
        "end": {
          "line": 437,
          "column": 35
        }
      },
      "89": {
        "start": {
          "line": 438,
          "column": 6
        },
        "end": {
          "line": 438,
          "column": 15
        }
      },
      "90": {
        "start": {
          "line": 440,
          "column": 4
        },
        "end": {
          "line": 440,
          "column": 45
        }
      },
      "91": {
        "start": {
          "line": 452,
          "column": 15
        },
        "end": {
          "line": 452,
          "column": 19
        }
      },
      "92": {
        "start": {
          "line": 453,
          "column": 16
        },
        "end": {
          "line": 453,
          "column": 20
        }
      },
      "93": {
        "start": {
          "line": 454,
          "column": 4
        },
        "end": {
          "line": 463,
          "column": 5
        }
      },
      "94": {
        "start": {
          "line": 455,
          "column": 24
        },
        "end": {
          "line": 459,
          "column": 28
        }
      },
      "95": {
        "start": {
          "line": 460,
          "column": 6
        },
        "end": {
          "line": 460,
          "column": 22
        }
      },
      "96": {
        "start": {
          "line": 462,
          "column": 6
        },
        "end": {
          "line": 462,
          "column": 15
        }
      },
      "97": {
        "start": {
          "line": 464,
          "column": 4
        },
        "end": {
          "line": 464,
          "column": 45
        }
      },
      "98": {
        "start": {
          "line": 484,
          "column": 28
        },
        "end": {
          "line": 484,
          "column": 38
        }
      },
      "99": {
        "start": {
          "line": 485,
          "column": 15
        },
        "end": {
          "line": 485,
          "column": 19
        }
      },
      "100": {
        "start": {
          "line": 486,
          "column": 16
        },
        "end": {
          "line": 486,
          "column": 20
        }
      },
      "101": {
        "start": {
          "line": 487,
          "column": 4
        },
        "end": {
          "line": 499,
          "column": 5
        }
      },
      "102": {
        "start": {
          "line": 488,
          "column": 24
        },
        "end": {
          "line": 495,
          "column": 32
        }
      },
      "103": {
        "start": {
          "line": 496,
          "column": 6
        },
        "end": {
          "line": 496,
          "column": 22
        }
      },
      "104": {
        "start": {
          "line": 498,
          "column": 6
        },
        "end": {
          "line": 498,
          "column": 15
        }
      },
      "105": {
        "start": {
          "line": 500,
          "column": 4
        },
        "end": {
          "line": 500,
          "column": 45
        }
      },
      "106": {
        "start": {
          "line": 517,
          "column": 15
        },
        "end": {
          "line": 517,
          "column": 19
        }
      },
      "107": {
        "start": {
          "line": 518,
          "column": 16
        },
        "end": {
          "line": 518,
          "column": 20
        }
      },
      "108": {
        "start": {
          "line": 519,
          "column": 4
        },
        "end": {
          "line": 527,
          "column": 5
        }
      },
      "109": {
        "start": {
          "line": 520,
          "column": 22
        },
        "end": {
          "line": 523,
          "column": 27
        }
      },
      "110": {
        "start": {
          "line": 524,
          "column": 6
        },
        "end": {
          "line": 524,
          "column": 20
        }
      },
      "111": {
        "start": {
          "line": 526,
          "column": 6
        },
        "end": {
          "line": 526,
          "column": 15
        }
      },
      "112": {
        "start": {
          "line": 528,
          "column": 4
        },
        "end": {
          "line": 528,
          "column": 45
        }
      },
      "113": {
        "start": {
          "line": 543,
          "column": 4
        },
        "end": {
          "line": 566,
          "column": 6
        }
      },
      "114": {
        "start": {
          "line": 544,
          "column": 6
        },
        "end": {
          "line": 565,
          "column": 7
        }
      },
      "115": {
        "start": {
          "line": 546,
          "column": 44
        },
        "end": {
          "line": 546,
          "column": 49
        }
      },
      "116": {
        "start": {
          "line": 547,
          "column": 8
        },
        "end": {
          "line": 563,
          "column": 9
        }
      },
      "117": {
        "start": {
          "line": 550,
          "column": 28
        },
        "end": {
          "line": 550,
          "column": 48
        }
      },
      "118": {
        "start": {
          "line": 551,
          "column": 68
        },
        "end": {
          "line": 551,
          "column": 77
        }
      },
      "119": {
        "start": {
          "line": 553,
          "column": 27
        },
        "end": {
          "line": 559,
          "column": 11
        }
      },
      "120": {
        "start": {
          "line": 560,
          "column": 28
        },
        "end": {
          "line": 560,
          "column": 74
        }
      },
      "121": {
        "start": {
          "line": 561,
          "column": 10
        },
        "end": {
          "line": 561,
          "column": 61
        }
      },
      "122": {
        "start": {
          "line": 562,
          "column": 10
        },
        "end": {
          "line": 562,
          "column": 45
        }
      },
      "123": {
        "start": {
          "line": 586,
          "column": 4
        },
        "end": {
          "line": 589,
          "column": 5
        }
      },
      "124": {
        "start": {
          "line": 590,
          "column": 4
        },
        "end": {
          "line": 590,
          "column": 32
        }
      },
      "125": {
        "start": {
          "line": 591,
          "column": 24
        },
        "end": {
          "line": 591,
          "column": 45
        }
      },
      "126": {
        "start": {
          "line": 592,
          "column": 4
        },
        "end": {
          "line": 592,
          "column": 75
        }
      },
      "127": {
        "start": {
          "line": 593,
          "column": 4
        },
        "end": {
          "line": 593,
          "column": 65
        }
      }
    },
    "fnMap": {
      "0": {
        "name": "(anonymous_0)",
        "decl": {
          "start": {
            "line": 109,
            "column": 2
          },
          "end": {
            "line": 109,
            "column": 3
          }
        },
        "loc": {
          "start": {
            "line": 114,
            "column": 10
          },
          "end": {
            "line": 129,
            "column": 3
          }
        },
        "line": 114
      },
      "1": {
        "name": "(anonymous_1)",
        "decl": {
          "start": {
            "line": 138,
            "column": 2
          },
          "end": {
            "line": 138,
            "column": 3
          }
        },
        "loc": {
          "start": {
            "line": 138,
            "column": 16
          },
          "end": {
            "line": 140,
            "column": 3
          }
        },
        "line": 138
      },
      "2": {
        "name": "(anonymous_2)",
        "decl": {
          "start": {
            "line": 149,
            "column": 2
          },
          "end": {
            "line": 149,
            "column": 3
          }
        },
        "loc": {
          "start": {
            "line": 149,
            "column": 16
          },
          "end": {
            "line": 151,
            "column": 3
          }
        },
        "line": 149
      },
      "3": {
        "name": "(anonymous_3)",
        "decl": {
          "start": {
            "line": 160,
            "column": 2
          },
          "end": {
            "line": 160,
            "column": 3
          }
        },
        "loc": {
          "start": {
            "line": 160,
            "column": 18
          },
          "end": {
            "line": 162,
            "column": 3
          }
        },
        "line": 160
      },
      "4": {
        "name": "(anonymous_4)",
        "decl": {
          "start": {
            "line": 171,
            "column": 2
          },
          "end": {
            "line": 171,
            "column": 3
          }
        },
        "loc": {
          "start": {
            "line": 171,
            "column": 21
          },
          "end": {
            "line": 175,
            "column": 3
          }
        },
        "line": 171
      },
      "5": {
        "name": "(anonymous_5)",
        "decl": {
          "start": {
            "line": 173,
            "column": 36
          },
          "end": {
            "line": 173,
            "column": 37
          }
        },
        "loc": {
          "start": {
            "line": 173,
            "column": 43
          },
          "end": {
            "line": 173,
            "column": 77
          }
        },
        "line": 173
      },
      "6": {
        "name": "(anonymous_6)",
        "decl": {
          "start": {
            "line": 193,
            "column": 2
          },
          "end": {
            "line": 193,
            "column": 3
          }
        },
        "loc": {
          "start": {
            "line": 193,
            "column": 22
          },
          "end": {
            "line": 218,
            "column": 3
          }
        },
        "line": 193
      },
      "7": {
        "name": "(anonymous_7)",
        "decl": {
          "start": {
            "line": 271,
            "column": 2
          },
          "end": {
            "line": 271,
            "column": 3
          }
        },
        "loc": {
          "start": {
            "line": 271,
            "column": 42
          },
          "end": {
            "line": 312,
            "column": 3
          }
        },
        "line": 271
      },
      "8": {
        "name": "(anonymous_8)",
        "decl": {
          "start": {
            "line": 360,
            "column": 2
          },
          "end": {
            "line": 360,
            "column": 3
          }
        },
        "loc": {
          "start": {
            "line": 360,
            "column": 27
          },
          "end": {
            "line": 376,
            "column": 3
          }
        },
        "line": 360
      },
      "9": {
        "name": "(anonymous_9)",
        "decl": {
          "start": {
            "line": 421,
            "column": 2
          },
          "end": {
            "line": 421,
            "column": 3
          }
        },
        "loc": {
          "start": {
            "line": 421,
            "column": 30
          },
          "end": {
            "line": 441,
            "column": 3
          }
        },
        "line": 421
      },
      "10": {
        "name": "(anonymous_10)",
        "decl": {
          "start": {
            "line": 451,
            "column": 2
          },
          "end": {
            "line": 451,
            "column": 3
          }
        },
        "loc": {
          "start": {
            "line": 451,
            "column": 28
          },
          "end": {
            "line": 465,
            "column": 3
          }
        },
        "line": 451
      },
      "11": {
        "name": "(anonymous_11)",
        "decl": {
          "start": {
            "line": 483,
            "column": 2
          },
          "end": {
            "line": 483,
            "column": 3
          }
        },
        "loc": {
          "start": {
            "line": 483,
            "column": 57
          },
          "end": {
            "line": 501,
            "column": 3
          }
        },
        "line": 483
      },
      "12": {
        "name": "(anonymous_12)",
        "decl": {
          "start": {
            "line": 516,
            "column": 2
          },
          "end": {
            "line": 516,
            "column": 3
          }
        },
        "loc": {
          "start": {
            "line": 516,
            "column": 27
          },
          "end": {
            "line": 529,
            "column": 3
          }
        },
        "line": 516
      },
      "13": {
        "name": "(anonymous_13)",
        "decl": {
          "start": {
            "line": 543,
            "column": 39
          },
          "end": {
            "line": 543,
            "column": 40
          }
        },
        "loc": {
          "start": {
            "line": 543,
            "column": 50
          },
          "end": {
            "line": 566,
            "column": 5
          }
        },
        "line": 543
      }
    },
    "branchMap": {
      "0": {
        "loc": {
          "start": {
            "line": 109,
            "column": 14
          },
          "end": {
            "line": 114,
            "column": 8
          }
        },
        "type": "default-arg",
        "locations": [
          {
            "start": {
              "line": 114,
              "column": 6
            },
            "end": {
              "line": 114,
              "column": 8
            }
          }
        ],
        "line": 109
      },
      "1": {
        "loc": {
          "start": {
            "line": 110,
            "column": 4
          },
          "end": {
            "line": 110,
            "column": 19
          }
        },
        "type": "default-arg",
        "locations": [
          {
            "start": {
              "line": 110,
              "column": 17
            },
            "end": {
              "line": 110,
              "column": 19
            }
          }
        ],
        "line": 110
      },
      "2": {
        "loc": {
          "start": {
            "line": 111,
            "column": 4
          },
          "end": {
            "line": 111,
            "column": 17
          }
        },
        "type": "default-arg",
        "locations": [
          {
            "start": {
              "line": 111,
              "column": 13
            },
            "end": {
              "line": 111,
              "column": 17
            }
          }
        ],
        "line": 111
      },
      "3": {
        "loc": {
          "start": {
            "line": 112,
            "column": 4
          },
          "end": {
            "line": 112,
            "column": 29
          }
        },
        "type": "default-arg",
        "locations": [
          {
            "start": {
              "line": 112,
              "column": 15
            },
            "end": {
              "line": 112,
              "column": 29
            }
          }
        ],
        "line": 112
      },
      "4": {
        "loc": {
          "start": {
            "line": 113,
            "column": 4
          },
          "end": {
            "line": 113,
            "column": 15
          }
        },
        "type": "default-arg",
        "locations": [
          {
            "start": {
              "line": 113,
              "column": 13
            },
            "end": {
              "line": 113,
              "column": 15
            }
          }
        ],
        "line": 113
      },
      "5": {
        "loc": {
          "start": {
            "line": 193,
            "column": 12
          },
          "end": {
            "line": 193,
            "column": 20
          }
        },
        "type": "default-arg",
        "locations": [
          {
            "start": {
              "line": 193,
              "column": 18
            },
            "end": {
              "line": 193,
              "column": 20
            }
          }
        ],
        "line": 193
      },
      "6": {
        "loc": {
          "start": {
            "line": 194,
            "column": 4
          },
          "end": {
            "line": 196,
            "column": 5
          }
        },
        "type": "if",
        "locations": [
          {
            "start": {
              "line": 194,
              "column": 4
            },
            "end": {
              "line": 196,
              "column": 5
            }
          },
          {
            "start": {
              "line": 194,
              "column": 4
            },
            "end": {
              "line": 196,
              "column": 5
            }
          }
        ],
        "line": 194
      },
      "7": {
        "loc": {
          "start": {
            "line": 203,
            "column": 6
          },
          "end": {
            "line": 206,
            "column": 7
          }
        },
        "type": "if",
        "locations": [
          {
            "start": {
              "line": 203,
              "column": 6
            },
            "end": {
              "line": 206,
              "column": 7
            }
          },
          {
            "start": {
              "line": 203,
              "column": 6
            },
            "end": {
              "line": 206,
              "column": 7
            }
          }
        ],
        "line": 203
      },
      "8": {
        "loc": {
          "start": {
            "line": 229,
            "column": 21
          },
          "end": {
            "line": 229,
            "column": 84
          }
        },
        "type": "default-arg",
        "locations": [
          {
            "start": {
              "line": 229,
              "column": 82
            },
            "end": {
              "line": 229,
              "column": 84
            }
          }
        ],
        "line": 229
      },
      "9": {
        "loc": {
          "start": {
            "line": 229,
            "column": 23
          },
          "end": {
            "line": 229,
            "column": 34
          }
        },
        "type": "default-arg",
        "locations": [
          {
            "start": {
              "line": 229,
              "column": 30
            },
            "end": {
              "line": 229,
              "column": 34
            }
          }
        ],
        "line": 229
      },
      "10": {
        "loc": {
          "start": {
            "line": 229,
            "column": 36
          },
          "end": {
            "line": 229,
            "column": 48
          }
        },
        "type": "default-arg",
        "locations": [
          {
            "start": {
              "line": 229,
              "column": 44
            },
            "end": {
              "line": 229,
              "column": 48
            }
          }
        ],
        "line": 229
      },
      "11": {
        "loc": {
          "start": {
            "line": 229,
            "column": 50
          },
          "end": {
            "line": 229,
            "column": 64
          }
        },
        "type": "default-arg",
        "locations": [
          {
            "start": {
              "line": 229,
              "column": 63
            },
            "end": {
              "line": 229,
              "column": 64
            }
          }
        ],
        "line": 229
      },
      "12": {
        "loc": {
          "start": {
            "line": 229,
            "column": 66
          },
          "end": {
            "line": 229,
            "column": 77
          }
        },
        "type": "default-arg",
        "locations": [
          {
            "start": {
              "line": 229,
              "column": 75
            },
            "end": {
              "line": 229,
              "column": 77
            }
          }
        ],
        "line": 229
      },
      "13": {
        "loc": {
          "start": {
            "line": 271,
            "column": 13
          },
          "end": {
            "line": 271,
            "column": 30
          }
        },
        "type": "default-arg",
        "locations": [
          {
            "start": {
              "line": 271,
              "column": 26
            },
            "end": {
              "line": 271,
              "column": 30
            }
          }
        ],
        "line": 271
      },
      "14": {
        "loc": {
          "start": {
            "line": 271,
            "column": 32
          },
          "end": {
            "line": 271,
            "column": 40
          }
        },
        "type": "default-arg",
        "locations": [
          {
            "start": {
              "line": 271,
              "column": 38
            },
            "end": {
              "line": 271,
              "column": 40
            }
          }
        ],
        "line": 271
      },
      "15": {
        "loc": {
          "start": {
            "line": 272,
            "column": 4
          },
          "end": {
            "line": 274,
            "column": 5
          }
        },
        "type": "if",
        "locations": [
          {
            "start": {
              "line": 272,
              "column": 4
            },
            "end": {
              "line": 274,
              "column": 5
            }
          },
          {
            "start": {
              "line": 272,
              "column": 4
            },
            "end": {
              "line": 274,
              "column": 5
            }
          }
        ],
        "line": 272
      },
      "16": {
        "loc": {
          "start": {
            "line": 275,
            "column": 4
          },
          "end": {
            "line": 277,
            "column": 5
          }
        },
        "type": "if",
        "locations": [
          {
            "start": {
              "line": 275,
              "column": 4
            },
            "end": {
              "line": 277,
              "column": 5
            }
          },
          {
            "start": {
              "line": 275,
              "column": 4
            },
            "end": {
              "line": 277,
              "column": 5
            }
          }
        ],
        "line": 275
      },
      "17": {
        "loc": {
          "start": {
            "line": 285,
            "column": 6
          },
          "end": {
            "line": 287,
            "column": 7
          }
        },
        "type": "if",
        "locations": [
          {
            "start": {
              "line": 285,
              "column": 6
            },
            "end": {
              "line": 287,
              "column": 7
            }
          },
          {
            "start": {
              "line": 285,
              "column": 6
            },
            "end": {
              "line": 287,
              "column": 7
            }
          }
        ],
        "line": 285
      },
      "18": {
        "loc": {
          "start": {
            "line": 323,
            "column": 22
          },
          "end": {
            "line": 323,
            "column": 85
          }
        },
        "type": "default-arg",
        "locations": [
          {
            "start": {
              "line": 323,
              "column": 83
            },
            "end": {
              "line": 323,
              "column": 85
            }
          }
        ],
        "line": 323
      },
      "19": {
        "loc": {
          "start": {
            "line": 323,
            "column": 24
          },
          "end": {
            "line": 323,
            "column": 35
          }
        },
        "type": "default-arg",
        "locations": [
          {
            "start": {
              "line": 323,
              "column": 31
            },
            "end": {
              "line": 323,
              "column": 35
            }
          }
        ],
        "line": 323
      },
      "20": {
        "loc": {
          "start": {
            "line": 323,
            "column": 37
          },
          "end": {
            "line": 323,
            "column": 49
          }
        },
        "type": "default-arg",
        "locations": [
          {
            "start": {
              "line": 323,
              "column": 45
            },
            "end": {
              "line": 323,
              "column": 49
            }
          }
        ],
        "line": 323
      },
      "21": {
        "loc": {
          "start": {
            "line": 323,
            "column": 51
          },
          "end": {
            "line": 323,
            "column": 65
          }
        },
        "type": "default-arg",
        "locations": [
          {
            "start": {
              "line": 323,
              "column": 64
            },
            "end": {
              "line": 323,
              "column": 65
            }
          }
        ],
        "line": 323
      },
      "22": {
        "loc": {
          "start": {
            "line": 323,
            "column": 67
          },
          "end": {
            "line": 323,
            "column": 78
          }
        },
        "type": "default-arg",
        "locations": [
          {
            "start": {
              "line": 323,
              "column": 76
            },
            "end": {
              "line": 323,
              "column": 78
            }
          }
        ],
        "line": 323
      },
      "23": {
        "loc": {
          "start": {
            "line": 386,
            "column": 24
          },
          "end": {
            "line": 386,
            "column": 74
          }
        },
        "type": "default-arg",
        "locations": [
          {
            "start": {
              "line": 386,
              "column": 72
            },
            "end": {
              "line": 386,
              "column": 74
            }
          }
        ],
        "line": 386
      },
      "24": {
        "loc": {
          "start": {
            "line": 386,
            "column": 26
          },
          "end": {
            "line": 386,
            "column": 37
          }
        },
        "type": "default-arg",
        "locations": [
          {
            "start": {
              "line": 386,
              "column": 33
            },
            "end": {
              "line": 386,
              "column": 37
            }
          }
        ],
        "line": 386
      },
      "25": {
        "loc": {
          "start": {
            "line": 386,
            "column": 39
          },
          "end": {
            "line": 386,
            "column": 51
          }
        },
        "type": "default-arg",
        "locations": [
          {
            "start": {
              "line": 386,
              "column": 47
            },
            "end": {
              "line": 386,
              "column": 51
            }
          }
        ],
        "line": 386
      },
      "26": {
        "loc": {
          "start": {
            "line": 386,
            "column": 53
          },
          "end": {
            "line": 386,
            "column": 67
          }
        },
        "type": "default-arg",
        "locations": [
          {
            "start": {
              "line": 386,
              "column": 66
            },
            "end": {
              "line": 386,
              "column": 67
            }
          }
        ],
        "line": 386
      },
      "27": {
        "loc": {
          "start": {
            "line": 430,
            "column": 6
          },
          "end": {
            "line": 435,
            "column": 7
          }
        },
        "type": "if",
        "locations": [
          {
            "start": {
              "line": 430,
              "column": 6
            },
            "end": {
              "line": 435,
              "column": 7
            }
          },
          {
            "start": {
              "line": 430,
              "column": 6
            },
            "end": {
              "line": 435,
              "column": 7
            }
          }
        ],
        "line": 430
      },
      "28": {
        "loc": {
          "start": {
            "line": 432,
            "column": 8
          },
          "end": {
            "line": 434,
            "column": 9
          }
        },
        "type": "if",
        "locations": [
          {
            "start": {
              "line": 432,
              "column": 8
            },
            "end": {
              "line": 434,
              "column": 9
            }
          },
          {
            "start": {
              "line": 432,
              "column": 8
            },
            "end": {
              "line": 434,
              "column": 9
            }
          }
        ],
        "line": 432
      },
      "29": {
        "loc": {
          "start": {
            "line": 451,
            "column": 16
          },
          "end": {
            "line": 451,
            "column": 26
          }
        },
        "type": "default-arg",
        "locations": [
          {
            "start": {
              "line": 451,
              "column": 24
            },
            "end": {
              "line": 451,
              "column": 26
            }
          }
        ],
        "line": 451
      },
      "30": {
        "loc": {
          "start": {
            "line": 483,
            "column": 13
          },
          "end": {
            "line": 483,
            "column": 23
          }
        },
        "type": "default-arg",
        "locations": [
          {
            "start": {
              "line": 483,
              "column": 21
            },
            "end": {
              "line": 483,
              "column": 23
            }
          }
        ],
        "line": 483
      },
      "31": {
        "loc": {
          "start": {
            "line": 483,
            "column": 25
          },
          "end": {
            "line": 483,
            "column": 55
          }
        },
        "type": "default-arg",
        "locations": [
          {
            "start": {
              "line": 483,
              "column": 38
            },
            "end": {
              "line": 483,
              "column": 55
            }
          }
        ],
        "line": 483
      },
      "32": {
        "loc": {
          "start": {
            "line": 516,
            "column": 15
          },
          "end": {
            "line": 516,
            "column": 25
          }
        },
        "type": "default-arg",
        "locations": [
          {
            "start": {
              "line": 516,
              "column": 23
            },
            "end": {
              "line": 516,
              "column": 25
            }
          }
        ],
        "line": 516
      },
      "33": {
        "loc": {
          "start": {
            "line": 544,
            "column": 6
          },
          "end": {
            "line": 565,
            "column": 7
          }
        },
        "type": "if",
        "locations": [
          {
            "start": {
              "line": 544,
              "column": 6
            },
            "end": {
              "line": 565,
              "column": 7
            }
          },
          {
            "start": {
              "line": 544,
              "column": 6
            },
            "end": {
              "line": 565,
              "column": 7
            }
          }
        ],
        "line": 544
      },
      "34": {
        "loc": {
          "start": {
            "line": 547,
            "column": 8
          },
          "end": {
            "line": 563,
            "column": 9
          }
        },
        "type": "if",
        "locations": [
          {
            "start": {
              "line": 547,
              "column": 8
            },
            "end": {
              "line": 563,
              "column": 9
            }
          },
          {
            "start": {
              "line": 547,
              "column": 8
            },
            "end": {
              "line": 563,
              "column": 9
            }
          }
        ],
        "line": 547
      },
      "35": {
        "loc": {
          "start": {
            "line": 585,
            "column": 38
          },
          "end": {
            "line": 585,
            "column": 99
          }
        },
        "type": "default-arg",
        "locations": [
          {
            "start": {
              "line": 585,
              "column": 46
            },
            "end": {
              "line": 585,
              "column": 99
            }
          }
        ],
        "line": 585
      }
    },
    "s": {
      "0": 5,
      "1": 5,
      "2": 5,
      "3": 5,
      "4": 5,
      "5": 5,
      "6": 5,
      "7": 5,
      "8": 5,
      "9": 2,
      "10": 1,
      "11": 2,
      "12": 0,
      "13": 0,
      "14": 0,
      "15": 0,
      "16": 1,
      "17": 1,
      "18": 0,
      "19": 0,
      "20": 0,
      "21": 0,
      "22": 0,
      "23": 0,
      "24": 0,
      "25": 0,
      "26": 0,
      "27": 0,
      "28": 0,
      "29": 0,
      "30": 0,
      "31": 0,
      "32": 0,
      "33": 0,
      "34": 0,
      "35": 0,
      "36": 0,
      "37": 1,
      "38": 1,
      "39": 0,
      "40": 0,
      "41": 0,
      "42": 0,
      "43": 0,
      "44": 0,
      "45": 0,
      "46": 0,
      "47": 0,
      "48": 0,
      "49": 0,
      "50": 0,
      "51": 0,
      "52": 0,
      "53": 0,
      "54": 0,
      "55": 0,
      "56": 0,
      "57": 0,
      "58": 0,
      "59": 0,
      "60": 0,
      "61": 0,
      "62": 0,
      "63": 0,
      "64": 0,
      "65": 0,
      "66": 0,
      "67": 0,
      "68": 0,
      "69": 0,
      "70": 0,
      "71": 0,
      "72": 0,
      "73": 0,
      "74": 0,
      "75": 0,
      "76": 0,
      "77": 0,
      "78": 0,
      "79": 0,
      "80": 0,
      "81": 0,
      "82": 0,
      "83": 0,
      "84": 0,
      "85": 0,
      "86": 0,
      "87": 0,
      "88": 0,
      "89": 0,
      "90": 0,
      "91": 0,
      "92": 0,
      "93": 0,
      "94": 0,
      "95": 0,
      "96": 0,
      "97": 0,
      "98": 0,
      "99": 0,
      "100": 0,
      "101": 0,
      "102": 0,
      "103": 0,
      "104": 0,
      "105": 0,
      "106": 0,
      "107": 0,
      "108": 0,
      "109": 0,
      "110": 0,
      "111": 0,
      "112": 0,
      "113": 5,
      "114": 5,
      "115": 0,
      "116": 0,
      "117": 0,
      "118": 0,
      "119": 0,
      "120": 0,
      "121": 0,
      "122": 0,
      "123": 0,
      "124": 0,
      "125": 0,
      "126": 0,
      "127": 0
    },
    "f": {
      "0": 5,
      "1": 2,
      "2": 1,
      "3": 2,
      "4": 0,
      "5": 0,
      "6": 1,
      "7": 1,
      "8": 0,
      "9": 0,
      "10": 0,
      "11": 0,
      "12": 0,
      "13": 5
    },
    "b": {
      "0": [
        0
      ],
      "1": [
        0
      ],
      "2": [
        0
      ],
      "3": [
        1
      ],
      "4": [
        0
      ],
      "5": [
        1
      ],
      "6": [
        1,
        0
      ],
      "7": [
        0,
        0
      ],
      "8": [
        0
      ],
      "9": [
        0
      ],
      "10": [
        0
      ],
      "11": [
        0
      ],
      "12": [
        0
      ],
      "13": [
        1
      ],
      "14": [
        1
      ],
      "15": [
        1,
        0
      ],
      "16": [
        0,
        0
      ],
      "17": [
        0,
        0
      ],
      "18": [
        0
      ],
      "19": [
        0
      ],
      "20": [
        0
      ],
      "21": [
        0
      ],
      "22": [
        0
      ],
      "23": [
        0
      ],
      "24": [
        0
      ],
      "25": [
        0
      ],
      "26": [
        0
      ],
      "27": [
        0,
        0
      ],
      "28": [
        0,
        0
      ],
      "29": [
        0
      ],
      "30": [
        0
      ],
      "31": [
        0
      ],
      "32": [
        0
      ],
      "33": [
        0,
        5
      ],
      "34": [
        0,
        0
      ],
      "35": [
        0
      ]
    },
    "_coverageSchema": "1a1c01bbd47fc00a2c39e90264f33305004495a9",
    "hash": "a22f75969d47d1421dac8da0ba29104d5be04680"
  },
  "/Users/admin/apps/voodux/src/LocalDatabaseTransport.js": {
    "path": "/Users/admin/apps/voodux/src/LocalDatabaseTransport.js",
    "statementMap": {
      "0": {
        "start": {
          "line": 6,
          "column": 0
        },
        "end": {
          "line": 6,
          "column": 18
        }
      },
      "1": {
        "start": {
[...]
        "end": {
          "line": 326,
          "column": 26
        }
      },
      "37": {
        "start": {
          "line": 327,
          "column": 6
        },
        "end": {
          "line": 327,
          "column": 20
        }
      },
      "38": {
        "start": {
          "line": 329,
          "column": 4
        },
        "end": {
          "line": 329,
          "column": 47
        }
      },
      "39": {
        "start": {
          "line": 338,
          "column": 4
        },
        "end": {
          "line": 338,
          "column": 27
        }
      },
      "40": {
        "start": {
          "line": 348,
          "column": 4
        },
        "end": {
          "line": 348,
          "column": 45
        }
      },
      "41": {
        "start": {
          "line": 349,
          "column": 4
        },
        "end": {
          "line": 349,
          "column": 46
        }
      },
      "42": {
        "start": {
          "line": 358,
          "column": 22
        },
        "end": {
          "line": 358,
          "column": 66
        }
      },
      "43": {
        "start": {
          "line": 359,
          "column": 4
        },
        "end": {
          "line": 363,
          "column": 5
        }
      },
      "44": {
        "start": {
          "line": 360,
          "column": 6
        },
        "end": {
          "line": 360,
          "column": 29
        }
      },
      "45": {
        "start": {
          "line": 362,
          "column": 6
        },
        "end": {
          "line": 362,
          "column": 38
        }
      },
      "46": {
        "start": {
          "line": 364,
          "column": 4
        },
        "end": {
          "line": 364,
          "column": 46
        }
      },
      "47": {
        "start": {
          "line": 449,
          "column": 17
        },
        "end": {
          "line": 449,
          "column": 21
        }
      },
      "48": {
        "start": {
          "line": 450,
          "column": 16
        },
        "end": {
          "line": 450,
          "column": 20
        }
      },
      "49": {
        "start": {
          "line": 451,
          "column": 4
        },
        "end": {
          "line": 466,
          "column": 5
        }
      },
      "50": {
        "start": {
          "line": 452,
          "column": 6
        },
        "end": {
          "line": 452,
          "column": 25
        }
      },
      "51": {
        "start": {
          "line": 453,
          "column": 24
        },
        "end": {
          "line": 453,
          "column": 55
        }
      },
      "52": {
        "start": {
          "line": 455,
          "column": 6
        },
        "end": {
          "line": 455,
          "column": 49
        }
      },
      "53": {
        "start": {
          "line": 458,
          "column": 6
        },
        "end": {
          "line": 462,
          "column": 7
        }
      },
      "54": {
        "start": {
          "line": 464,
          "column": 6
        },
        "end": {
          "line": 464,
          "column": 26
        }
      },
      "55": {
        "start": {
          "line": 465,
          "column": 6
        },
        "end": {
          "line": 465,
          "column": 20
        }
      },
      "56": {
        "start": {
          "line": 468,
          "column": 4
        },
        "end": {
          "line": 472,
          "column": 6
        }
      },
      "57": {
        "start": {
          "line": 474,
          "column": 4
        },
        "end": {
          "line": 474,
          "column": 47
        }
      },
      "58": {
        "start": {
          "line": 485,
          "column": 17
        },
        "end": {
          "line": 485,
          "column": 21
        }
      },
      "59": {
        "start": {
          "line": 486,
          "column": 16
        },
        "end": {
          "line": 486,
          "column": 20
        }
      },
      "60": {
        "start": {
          "line": 487,
          "column": 4
        },
        "end": {
          "line": 505,
          "column": 5
        }
      },
      "61": {
        "start": {
          "line": 488,
          "column": 21
        },
        "end": {
          "line": 488,
          "column": 46
        }
      },
      "62": {
        "start": {
          "line": 494,
          "column": 6
        },
        "end": {
          "line": 494,
          "column": 27
        }
      },
      "63": {
        "start": {
          "line": 497,
          "column": 6
        },
        "end": {
          "line": 501,
          "column": 7
        }
      },
      "64": {
        "start": {
          "line": 503,
          "column": 6
        },
        "end": {
          "line": 503,
          "column": 26
        }
      },
      "65": {
        "start": {
          "line": 504,
          "column": 6
        },
        "end": {
          "line": 504,
          "column": 20
        }
      },
      "66": {
        "start": {
          "line": 507,
          "column": 4
        },
        "end": {
          "line": 511,
          "column": 6
        }
      },
      "67": {
        "start": {
          "line": 513,
          "column": 4
        },
        "end": {
          "line": 513,
          "column": 47
        }
      }
    },
    "fnMap": {
      "0": {
        "name": "(anonymous_0)",
        "decl": {
          "start": {
            "line": 178,
            "column": 2
          },
          "end": {
            "line": 178,
            "column": 3
          }
        },
        "loc": {
          "start": {
            "line": 183,
            "column": 10
          },
          "end": {
            "line": 196,
            "column": 3
          }
        },
        "line": 183
      },
      "1": {
        "name": "(anonymous_1)",
        "decl": {
          "start": {
            "line": 204,
            "column": 2
          },
          "end": {
            "line": 204,
            "column": 3
          }
        },
        "loc": {
          "start": {
            "line": 204,
            "column": 22
          },
          "end": {
            "line": 206,
            "column": 3
          }
        },
        "line": 204
      },
      "2": {
        "name": "(anonymous_2)",
        "decl": {
          "start": {
            "line": 213,
            "column": 2
          },
          "end": {
            "line": 213,
            "column": 3
          }
        },
        "loc": {
          "start": {
            "line": 213,
            "column": 14
          },
          "end": {
            "line": 215,
            "column": 3
          }
        },
        "line": 213
      },
      "3": {
        "name": "(anonymous_3)",
        "decl": {
          "start": {
            "line": 232,
            "column": 2
          },
          "end": {
            "line": 232,
            "column": 3
          }
        },
        "loc": {
          "start": {
            "line": 232,
            "column": 13
          },
          "end": {
            "line": 234,
            "column": 3
          }
        },
        "line": 232
      },
      "4": {
        "name": "(anonymous_4)",
        "decl": {
          "start": {
            "line": 242,
            "column": 2
          },
          "end": {
            "line": 242,
            "column": 3
          }
        },
        "loc": {
          "start": {
            "line": 242,
            "column": 14
          },
          "end": {
            "line": 244,
            "column": 3
          }
        },
        "line": 242
      },
      "5": {
        "name": "(anonymous_5)",
        "decl": {
          "start": {
            "line": 252,
            "column": 2
          },
          "end": {
            "line": 252,
            "column": 3
          }
        },
        "loc": {
          "start": {
            "line": 252,
            "column": 14
          },
          "end": {
            "line": 254,
            "column": 3
          }
        },
        "line": 252
      },
      "6": {
        "name": "(anonymous_6)",
        "decl": {
          "start": {
            "line": 263,
            "column": 2
          },
          "end": {
            "line": 263,
            "column": 3
          }
        },
        "loc": {
          "start": {
            "line": 263,
            "column": 18
          },
          "end": {
            "line": 265,
            "column": 3
          }
        },
        "line": 263
      },
      "7": {
        "name": "(anonymous_7)",
        "decl": {
          "start": {
            "line": 272,
            "column": 2
          },
          "end": {
            "line": 272,
            "column": 3
          }
        },
        "loc": {
          "start": {
            "line": 272,
            "column": 17
          },
          "end": {
            "line": 274,
            "column": 3
          }
        },
        "line": 272
      },
      "8": {
        "name": "(anonymous_8)",
        "decl": {
          "start": {
            "line": 282,
            "column": 2
          },
          "end": {
            "line": 282,
            "column": 3
          }
        },
        "loc": {
          "start": {
            "line": 282,
            "column": 26
          },
          "end": {
            "line": 284,
            "column": 3
          }
        },
        "line": 282
      },
      "9": {
        "name": "(anonymous_9)",
        "decl": {
          "start": {
            "line": 302,
            "column": 2
          },
          "end": {
            "line": 302,
            "column": 3
          }
        },
        "loc": {
          "start": {
            "line": 302,
            "column": 22
          },
          "end": {
            "line": 304,
            "column": 3
          }
        },
        "line": 302
      },
      "10": {
        "name": "(anonymous_10)",
        "decl": {
          "start": {
            "line": 337,
            "column": 2
          },
          "end": {
            "line": 337,
            "column": 3
          }
        },
        "loc": {
          "start": {
            "line": 337,
            "column": 19
          },
          "end": {
            "line": 339,
            "column": 3
          }
        },
        "line": 337
      },
      "11": {
        "name": "(anonymous_11)",
        "decl": {
          "start": {
            "line": 347,
            "column": 2
          },
          "end": {
            "line": 347,
            "column": 3
          }
        },
        "loc": {
          "start": {
            "line": 347,
            "column": 24
          },
          "end": {
            "line": 350,
            "column": 3
          }
        },
        "line": 347
      },
      "12": {
        "name": "(anonymous_12)",
        "decl": {
          "start": {
            "line": 357,
            "column": 2
          },
          "end": {
            "line": 357,
            "column": 3
          }
        },
        "loc": {
          "start": {
            "line": 357,
            "column": 18
          },
          "end": {
            "line": 365,
            "column": 3
          }
        },
        "line": 357
      },
      "13": {
        "name": "(anonymous_13)",
        "decl": {
          "start": {
            "line": 484,
            "column": 2
          },
          "end": {
            "line": 484,
            "column": 3
          }
        },
        "loc": {
          "start": {
            "line": 484,
            "column": 17
          },
          "end": {
            "line": 514,
            "column": 3
          }
        },
        "line": 484
      }
    },
    "branchMap": {
      "0": {
        "loc": {
          "start": {
            "line": 178,
            "column": 15
          },
          "end": {
            "line": 183,
            "column": 8
          }
        },
        "type": "default-arg",
        "locations": [
          {
            "start": {
              "line": 183,
              "column": 6
            },
            "end": {
              "line": 183,
              "column": 8
            }
          }
        ],
        "line": 178
      },
      "1": {
        "loc": {
          "start": {
            "line": 179,
            "column": 4
          },
          "end": {
            "line": 179,
            "column": 31
          }
        },
        "type": "default-arg",
        "locations": [
          {
            "start": {
              "line": 179,
              "column": 11
            },
            "end": {
              "line": 179,
              "column": 31
            }
          }
        ],
        "line": 179
      },
      "2": {
        "loc": {
          "start": {
            "line": 180,
            "column": 4
          },
          "end": {
            "line": 180,
            "column": 33
          }
        },
        "type": "default-arg",
        "locations": [
          {
            "start": {
              "line": 180,
              "column": 19
            },
            "end": {
              "line": 180,
              "column": 33
            }
          }
        ],
        "line": 180
      },
      "3": {
        "loc": {
          "start": {
            "line": 181,
            "column": 4
          },
          "end": {
            "line": 181,
            "column": 21
          }
        },
        "type": "default-arg",
        "locations": [
          {
            "start": {
              "line": 181,
              "column": 16
            },
            "end": {
              "line": 181,
              "column": 21
            }
          }
        ],
        "line": 181
      },
      "4": {
        "loc": {
          "start": {
            "line": 182,
            "column": 4
          },
          "end": {
            "line": 182,
            "column": 16
          }
        },
        "type": "default-arg",
        "locations": [
          {
            "start": {
              "line": 182,
              "column": 14
            },
            "end": {
              "line": 182,
              "column": 16
            }
          }
        ],
        "line": 182
      },
      "5": {
        "loc": {
          "start": {
            "line": 192,
            "column": 23
          },
          "end": {
            "line": 192,
            "column": 41
          }
        },
        "type": "binary-expr",
        "locations": [
          {
            "start": {
              "line": 192,
              "column": 23
            },
            "end": {
              "line": 192,
              "column": 32
            }
          },
          {
            "start": {
              "line": 192,
              "column": 36
            },
            "end": {
              "line": 192,
              "column": 41
            }
          }
        ],
        "line": 192
      },
      "6": {
        "loc": {
          "start": {
            "line": 286,
            "column": 12
          },
          "end": {
            "line": 286,
            "column": 23
          }
        },
        "type": "default-arg",
        "locations": [
          {
            "start": {
              "line": 286,
              "column": 21
            },
            "end": {
              "line": 286,
              "column": 23
            }
          }
        ],
        "line": 286
      },
      "7": {
        "loc": {
          "start": {
            "line": 286,
            "column": 25
          },
          "end": {
            "line": 286,
            "column": 40
          }
        },
        "type": "default-arg",
        "locations": [
          {
            "start": {
              "line": 286,
              "column": 38
            },
            "end": {
              "line": 286,
              "column": 40
            }
          }
        ],
        "line": 286
      },
      "8": {
        "loc": {
          "start": {
            "line": 311,
            "column": 8
          },
          "end": {
            "line": 322,
            "column": 9
          }
        },
        "type": "if",
        "locations": [
          {
            "start": {
              "line": 311,
              "column": 8
            },
            "end": {
              "line": 322,
              "column": 9
            }
          },
          {
            "start": {
              "line": 311,
              "column": 8
            },
            "end": {
              "line": 322,
              "column": 9
            }
          }
        ],
        "line": 311
      },
      "9": {
        "loc": {
          "start": {
            "line": 358,
            "column": 22
          },
          "end": {
            "line": 358,
            "column": 66
          }
        },
        "type": "binary-expr",
        "locations": [
          {
            "start": {
              "line": 358,
              "column": 22
            },
            "end": {
              "line": 358,
              "column": 57
            }
          },
          {
            "start": {
              "line": 358,
              "column": 61
            },
            "end": {
              "line": 358,
              "column": 66
            }
          }
        ],
        "line": 358
      },
      "10": {
        "loc": {
          "start": {
            "line": 359,
            "column": 4
          },
          "end": {
            "line": 363,
            "column": 5
          }
        },
        "type": "if",
        "locations": [
          {
            "start": {
              "line": 359,
              "column": 4
            },
            "end": {
              "line": 363,
              "column": 5
            }
          },
          {
            "start": {
              "line": 359,
              "column": 4
            },
            "end": {
              "line": 363,
              "column": 5
            }
          }
        ],
        "line": 359
      }
    },
    "s": {
      "0": 2,
      "1": 2,
      "2": 2,
      "3": 2,
      "4": 2,
      "5": 2,
      "6": 2,
      "7": 2,
      "8": 2,
      "9": 2,
      "10": 2,
      "11": 2,
      "12": 1,
      "13": 4,
      "14": 1,
      "15": 2,
      "16": 4,
      "17": 1,
      "18": 1,
      "19": 1,
      "20": 4,
      "21": 4,
      "22": 4,
      "23": 4,
      "24": 4,
      "25": 10,
      "26": 2,
      "27": 2,
      "28": 2,
      "29": 2,
      "30": 4,
      "31": 4,
      "32": 4,
      "33": 4,
      "34": 4,
      "35": 2,
      "36": 0,
      "37": 0,
      "38": 2,
      "39": 1,
      "40": 2,
      "41": 2,
      "42": 2,
      "43": 2,
      "44": 0,
      "45": 2,
      "46": 2,
      "47": 2,
      "48": 2,
      "49": 2,
      "50": 2,
      "51": 2,
      "52": 2,
      "53": 2,
      "54": 0,
      "55": 0,
      "56": 2,
      "57": 2,
      "58": 2,
      "59": 2,
      "60": 2,
      "61": 2,
      "62": 2,
      "63": 2,
      "64": 0,
      "65": 0,
      "66": 2,
      "67": 2
    },
    "f": {
      "0": 2,
      "1": 1,
      "2": 4,
      "3": 1,
      "4": 2,
      "5": 4,
      "6": 1,
      "7": 1,
      "8": 1,
      "9": 10,
      "10": 1,
      "11": 2,
      "12": 2,
      "13": 2
    },
    "b": {
      "0": [
        0
      ],
      "1": [
        0
      ],
      "2": [
        1
      ],
      "3": [
        1
      ],
      "4": [
        0
      ],
      "5": [
        2,
        1
      ],
      "6": [
        0
      ],
      "7": [
        0
      ],
      "8": [
        4,
        0
      ],
      "9": [
        2,
        2
      ],
      "10": [
        0,
        2
      ]
    },
    "_coverageSchema": "1a1c01bbd47fc00a2c39e90264f33305004495a9",
    "hash": "a580edc6a73bd77f2708cfb60c74ddcf46dad4cd"
  }
}