{
  "/Users/admin/apps/voodux/src/utils.js": {
    "path": "/Users/admin/apps/voodux/src/utils.js",
    "statementMap": {
      "0": {
        "start": {
          "line": 21,
          "column": 37
        },
        "end": {
          "line": 23,
          "column": 1
        }
      },
      "1": {
        "start": {
          "line": 22,
          "column": 2
        },
        "end": {
          "line": 22,
          "column": 24
        }
      },
      "2": {
        "start": {
          "line": 32,
          "column": 2
        },
        "end": {
          "line": 36,
          "column": 4
        }
      },
      "3": {
        "start": {
          "line": 33,
          "column": 14
        },
        "end": {
          "line": 33,
          "column": 38
        }
      },
      "4": {
        "start": {
          "line": 34,
          "column": 14
        },
        "end": {
          "line": 34,
          "column": 45
        }
      },
      "5": {
        "start": {
          "line": 35,
          "column": 4
        },
        "end": {
          "line": 35,
          "column": 25
        }
      },
      "6": {
        "start": {
          "line": 47,
          "column": 2
        },
        "end": {
          "line": 47,
          "column": 52
        }
      },
      "7": {
        "start": {
          "line": 48,
          "column": 17
        },
        "end": {
          "line": 48,
          "column": 36
        }
      },
      "8": {
        "start": {
          "line": 49,
          "column": 2
        },
        "end": {
          "line": 49,
          "column": 15
        }
      },
      "9": {
        "start": {
          "line": 60,
          "column": 2
        },
        "end": {
          "line": 62,
          "column": 3
        }
      },
      "10": {
        "start": {
          "line": 61,
          "column": 4
        },
        "end": {
          "line": 61,
          "column": 26
        }
      },
      "11": {
        "start": {
          "line": 63,
          "column": 2
        },
        "end": {
          "line": 63,
          "column": 40
        }
      },
      "12": {
        "start": {
          "line": 77,
          "column": 15
        },
        "end": {
          "line": 77,
          "column": 17
        }
      },
      "13": {
        "start": {
          "line": 78,
          "column": 21
        },
        "end": {
          "line": 78,
          "column": 23
        }
      },
      "14": {
        "start": {
          "line": 79,
          "column": 2
        },
        "end": {
          "line": 101,
          "column": 3
        }
      },
      "15": {
        "start": {
          "line": 80,
          "column": 4
        },
        "end": {
          "line": 100,
          "column": 5
        }
      },
      "16": {
        "start": {
          "line": 81,
          "column": 23
        },
        "end": {
          "line": 81,
          "column": 49
        }
      },
      "17": {
        "start": {
          "line": 85,
          "column": 83
        },
        "end": {
          "line": 85,
          "column": 91
        }
      },
      "18": {
        "start": {
          "line": 86,
          "column": 6
        },
        "end": {
          "line": 88,
          "column": 7
        }
      },
      "19": {
        "start": {
          "line": 87,
          "column": 8
        },
        "end": {
          "line": 87,
          "column": 16
        }
      },
      "20": {
        "start": {
          "line": 89,
          "column": 6
        },
        "end": {
          "line": 92,
          "column": 7
        }
      },
      "21": {
        "start": {
          "line": 90,
          "column": 8
        },
        "end": {
          "line": 90,
          "column": 37
        }
      },
      "22": {
        "start": {
          "line": 91,
          "column": 8
        },
        "end": {
          "line": 91,
          "column": 16
        }
      },
      "23": {
        "start": {
          "line": 93,
          "column": 6
        },
        "end": {
          "line": 95,
          "column": 7
        }
      },
      "24": {
        "start": {
          "line": 94,
          "column": 8
        },
        "end": {
          "line": 94,
          "column": 41
        }
      },
      "25": {
        "start": {
          "line": 96,
          "column": 6
        },
        "end": {
          "line": 98,
          "column": 7
        }
      },
      "26": {
        "start": {
          "line": 97,
          "column": 8
        },
        "end": {
          "line": 97,
          "column": 41
        }
      },
      "27": {
        "start": {
          "line": 99,
          "column": 6
        },
        "end": {
          "line": 99,
          "column": 29
        }
      },
      "28": {
        "start": {
          "line": 103,
          "column": 26
        },
        "end": {
          "line": 103,
          "column": 64
        }
      },
      "29": {
        "start": {
          "line": 105,
          "column": 2
        },
        "end": {
          "line": 111,
          "column": 3
        }
      },
      "30": {
        "start": {
          "line": 107,
          "column": 4
        },
        "end": {
          "line": 107,
          "column": 100
        }
      },
      "31": {
        "start": {
          "line": 110,
          "column": 4
        },
        "end": {
          "line": 110,
          "column": 69
        }
      },
      "32": {
        "start": {
          "line": 126,
          "column": 24
        },
        "end": {
          "line": 126,
          "column": 26
        }
      },
      "33": {
        "start": {
          "line": 127,
          "column": 23
        },
        "end": {
          "line": 127,
          "column": 25
        }
      },
      "34": {
        "start": {
          "line": 129,
          "column": 2
        },
        "end": {
          "line": 131,
          "column": 3
        }
      },
      "35": {
        "start": {
          "line": 130,
          "column": 4
        },
        "end": {
          "line": 130,
          "column": 26
        }
      },
      "36": {
        "start": {
          "line": 132,
          "column": 2
        },
        "end": {
          "line": 153,
          "column": 3
        }
      },
      "37": {
        "start": {
          "line": 132,
          "column": 15
        },
        "end": {
          "line": 132,
          "column": 16
        }
      },
      "38": {
        "start": {
          "line": 133,
          "column": 25
        },
        "end": {
          "line": 133,
          "column": 38
        }
      },
      "39": {
        "start": {
          "line": 135,
          "column": 4
        },
        "end": {
          "line": 137,
          "column": 5
        }
      },
      "40": {
        "start": {
          "line": 136,
          "column": 6
        },
        "end": {
          "line": 136,
          "column": 14
        }
      },
      "41": {
        "start": {
          "line": 139,
          "column": 22
        },
        "end": {
          "line": 139,
          "column": 40
        }
      },
      "42": {
        "start": {
          "line": 140,
          "column": 4
        },
        "end": {
          "line": 151,
          "column": 5
        }
      },
      "43": {
        "start": {
          "line": 140,
          "column": 17
        },
        "end": {
          "line": 140,
          "column": 18
        }
      },
      "44": {
        "start": {
          "line": 141,
          "column": 21
        },
        "end": {
          "line": 141,
          "column": 33
        }
      },
      "45": {
        "start": {
          "line": 142,
          "column": 19
        },
        "end": {
          "line": 142,
          "column": 38
        }
      },
      "46": {
        "start": {
          "line": 144,
          "column": 6
        },
        "end": {
          "line": 150,
          "column": 7
        }
      },
      "47": {
        "start": {
          "line": 145,
          "column": 8
        },
        "end": {
          "line": 145,
          "column": 55
        }
      },
      "48": {
        "start": {
          "line": 146,
          "column": 8
        },
        "end": {
          "line": 146,
          "column": 49
        }
      },
      "49": {
        "start": {
          "line": 146,
          "column": 27
        },
        "end": {
          "line": 146,
          "column": 47
        }
      },
      "50": {
        "start": {
          "line": 149,
          "column": 8
        },
        "end": {
          "line": 149,
          "column": 13
        }
      },
      "51": {
        "start": {
          "line": 154,
          "column": 2
        },
        "end": {
          "line": 154,
          "column": 24
        }
      },
      "52": {
        "start": {
          "line": 168,
          "column": 16
        },
        "end": {
          "line": 168,
          "column": 56
        }
      },
      "53": {
        "start": {
          "line": 168,
          "column": 49
        },
        "end": {
          "line": 168,
          "column": 54
        }
      },
      "54": {
        "start": {
          "line": 169,
          "column": 2
        },
        "end": {
          "line": 169,
          "column": 14
        }
      },
      "55": {
        "start": {
          "line": 173,
          "column": 22
        },
        "end": {
          "line": 173,
          "column": 37
        }
      }
    },
    "fnMap": {
      "0": {
        "name": "(anonymous_0)",
        "decl": {
          "start": {
            "line": 21,
            "column": 37
          },
          "end": {
            "line": 21,
            "column": 38
          }
        },
        "loc": {
          "start": {
            "line": 21,
            "column": 68
          },
          "end": {
            "line": 23,
            "column": 1
          }
        },
        "line": 21
      },
      "1": {
        "name": "uuid",
        "decl": {
          "start": {
            "line": 31,
            "column": 16
          },
          "end": {
            "line": 31,
            "column": 20
          }
        },
        "loc": {
          "start": {
            "line": 31,
            "column": 24
          },
          "end": {
            "line": 37,
            "column": 1
          }
        },
        "line": 31
      },
      "2": {
        "name": "(anonymous_2)",
        "decl": {
          "start": {
            "line": 32,
            "column": 65
          },
          "end": {
            "line": 32,
            "column": 66
          }
        },
        "loc": {
          "start": {
            "line": 32,
            "column": 78
          },
          "end": {
            "line": 36,
            "column": 3
          }
        },
        "line": 32
      },
      "3": {
        "name": "genDbName",
        "decl": {
          "start": {
            "line": 46,
            "column": 16
          },
          "end": {
            "line": 46,
            "column": 25
          }
        },
        "loc": {
          "start": {
            "line": 46,
            "column": 40
          },
          "end": {
            "line": 50,
            "column": 1
          }
        },
        "line": 46
      },
      "4": {
        "name": "toJSON",
        "decl": {
          "start": {
            "line": 59,
            "column": 16
          },
          "end": {
            "line": 59,
            "column": 22
          }
        },
        "loc": {
          "start": {
            "line": 59,
            "column": 34
          },
          "end": {
            "line": 64,
            "column": 1
          }
        },
        "line": 59
      },
      "5": {
        "name": "mongooseToDexieTableString",
        "decl": {
          "start": {
            "line": 75,
            "column": 16
          },
          "end": {
            "line": 75,
            "column": 42
          }
        },
        "loc": {
          "start": {
            "line": 75,
            "column": 51
          },
          "end": {
            "line": 112,
            "column": 1
          }
        },
        "line": 75
      },
      "6": {
        "name": "getCompoundIndexes",
        "decl": {
          "start": {
            "line": 125,
            "column": 9
          },
          "end": {
            "line": 125,
            "column": 27
          }
        },
        "loc": {
          "start": {
            "line": 125,
            "column": 48
          },
          "end": {
            "line": 155,
            "column": 1
          }
        },
        "line": 125
      },
      "7": {
        "name": "(anonymous_7)",
        "decl": {
          "start": {
            "line": 146,
            "column": 21
          },
          "end": {
            "line": 146,
            "column": 22
          }
        },
        "loc": {
          "start": {
            "line": 146,
            "column": 27
          },
          "end": {
            "line": 146,
            "column": 47
          }
        },
        "line": 146
      },
      "8": {
        "name": "getSearchTokenStream",
        "decl": {
          "start": {
            "line": 163,
            "column": 16
          },
          "end": {
            "line": 163,
            "column": 36
          }
        },
        "loc": {
          "start": {
            "line": 163,
            "column": 48
          },
          "end": {
            "line": 171,
            "column": 1
          }
        },
        "line": 163
      },
      "9": {
        "name": "(anonymous_9)",
        "decl": {
          "start": {
            "line": 168,
            "column": 43
          },
          "end": {
            "line": 168,
            "column": 44
          }
        },
        "loc": {
          "start": {
            "line": 168,
            "column": 49
          },
          "end": {
            "line": 168,
            "column": 54
          }
        },
        "line": 168
      }
    },
    "branchMap": {
      "0": {
        "loc": {
          "start": {
            "line": 21,
            "column": 38
          },
          "end": {
            "line": 21,
            "column": 50
          }
        },
        "type": "default-arg",
        "locations": [
          {
            "start": {
              "line": 21,
              "column": 46
            },
            "end": {
              "line": 21,
              "column": 50
            }
          }
        ],
        "line": 21
      },
      "1": {
        "loc": {
          "start": {
            "line": 21,
            "column": 52
          },
          "end": {
            "line": 21,
            "column": 63
          }
        },
        "type": "default-arg",
        "locations": [
          {
            "start": {
              "line": 21,
              "column": 59
            },
            "end": {
              "line": 21,
              "column": 63
            }
          }
        ],
        "line": 21
      },
      "2": {
        "loc": {
          "start": {
            "line": 34,
            "column": 14
          },
          "end": {
            "line": 34,
            "column": 45
          }
        },
        "type": "cond-expr",
        "locations": [
          {
            "start": {
              "line": 34,
              "column": 26
            },
            "end": {
              "line": 34,
              "column": 27
            }
          },
          {
            "start": {
              "line": 34,
              "column": 30
            },
            "end": {
              "line": 34,
              "column": 45
            }
          }
        ],
        "line": 34
      },
      "3": {
        "loc": {
          "start": {
            "line": 46,
            "column": 26
          },
          "end": {
            "line": 46,
            "column": 38
          }
        },
        "type": "default-arg",
        "locations": [
          {
            "start": {
              "line": 46,
              "column": 36
            },
            "end": {
              "line": 46,
              "column": 38
            }
          }
        ],
        "line": 46
      },
      "4": {
        "loc": {
          "start": {
            "line": 59,
            "column": 24
          },
          "end": {
            "line": 59,
            "column": 32
          }
        },
        "type": "default-arg",
        "locations": [
          {
            "start": {
              "line": 59,
              "column": 30
            },
            "end": {
              "line": 59,
              "column": 32
            }
          }
        ],
        "line": 59
      },
      "5": {
        "loc": {
          "start": {
            "line": 60,
            "column": 2
          },
          "end": {
            "line": 62,
            "column": 3
          }
        },
        "type": "if",
        "locations": [
          {
            "start": {
              "line": 60,
              "column": 2
            },
            "end": {
              "line": 62,
              "column": 3
            }
          },
          {
            "start": {
              "line": 60,
              "column": 2
            },
            "end": {
              "line": 62,
              "column": 3
            }
          }
        ],
        "line": 60
      },
      "6": {
        "loc": {
          "start": {
            "line": 80,
            "column": 4
          },
          "end": {
            "line": 100,
            "column": 5
          }
        },
        "type": "if",
        "locations": [
          {
            "start": {
              "line": 80,
              "column": 4
            },
            "end": {
              "line": 100,
              "column": 5
            }
          },
          {
            "start": {
              "line": 80,
              "column": 4
            },
            "end": {
              "line": 100,
              "column": 5
            }
          }
        ],
        "line": 80
      },
      "7": {
        "loc": {
          "start": {
            "line": 85,
            "column": 44
          },
          "end": {
            "line": 85,
            "column": 58
          }
        },
        "type": "default-arg",
        "locations": [
          {
            "start": {
              "line": 85,
              "column": 53
            },
            "end": {
              "line": 85,
              "column": 58
            }
          }
        ],
        "line": 85
      },
      "8": {
        "loc": {
          "start": {
            "line": 86,
            "column": 6
          },
          "end": {
            "line": 88,
            "column": 7
          }
        },
        "type": "if",
        "locations": [
          {
            "start": {
              "line": 86,
              "column": 6
            },
            "end": {
              "line": 88,
              "column": 7
            }
          },
          {
            "start": {
              "line": 86,
              "column": 6
            },
            "end": {
              "line": 88,
              "column": 7
            }
          }
        ],
        "line": 86
      },
      "9": {
        "loc": {
          "start": {
            "line": 86,
            "column": 10
          },
          "end": {
            "line": 86,
            "column": 59
          }
        },
        "type": "binary-expr",
        "locations": [
          {
            "start": {
              "line": 86,
              "column": 10
            },
            "end": {
              "line": 86,
              "column": 32
            }
          },
          {
            "start": {
              "line": 86,
              "column": 36
            },
            "end": {
              "line": 86,
              "column": 59
            }
          }
        ],
        "line": 86
      },
      "10": {
        "loc": {
          "start": {
            "line": 89,
            "column": 6
          },
          "end": {
            "line": 92,
            "column": 7
          }
        },
        "type": "if",
        "locations": [
          {
            "start": {
              "line": 89,
              "column": 6
            },
            "end": {
              "line": 92,
              "column": 7
            }
          },
          {
            "start": {
              "line": 89,
              "column": 6
            },
            "end": {
              "line": 92,
              "column": 7
            }
          }
        ],
        "line": 89
      },
      "11": {
        "loc": {
          "start": {
            "line": 93,
            "column": 6
          },
          "end": {
            "line": 95,
            "column": 7
          }
        },
        "type": "if",
        "locations": [
          {
            "start": {
              "line": 93,
              "column": 6
            },
            "end": {
              "line": 95,
              "column": 7
            }
          },
          {
            "start": {
              "line": 93,
              "column": 6
            },
            "end": {
              "line": 95,
              "column": 7
            }
          }
        ],
        "line": 93
      },
      "12": {
        "loc": {
          "start": {
            "line": 96,
            "column": 6
          },
          "end": {
            "line": 98,
            "column": 7
          }
        },
        "type": "if",
        "locations": [
          {
            "start": {
              "line": 96,
              "column": 6
            },
            "end": {
              "line": 98,
              "column": 7
            }
          },
          {
            "start": {
              "line": 96,
              "column": 6
            },
            "end": {
              "line": 98,
              "column": 7
            }
          }
        ],
        "line": 96
      },
      "13": {
        "loc": {
          "start": {
            "line": 105,
            "column": 2
          },
          "end": {
            "line": 111,
            "column": 3
          }
        },
        "type": "if",
        "locations": [
          {
            "start": {
              "line": 105,
              "column": 2
            },
            "end": {
              "line": 111,
              "column": 3
            }
          },
          {
            "start": {
              "line": 105,
              "column": 2
            },
            "end": {
              "line": 111,
              "column": 3
            }
          }
        ],
        "line": 105
      },
      "14": {
        "loc": {
          "start": {
            "line": 107,
            "column": 53
          },
          "end": {
            "line": 107,
            "column": 98
          }
        },
        "type": "cond-expr",
        "locations": [
          {
            "start": {
              "line": 107,
              "column": 72
            },
            "end": {
              "line": 107,
              "column": 92
            }
          },
          {
            "start": {
              "line": 107,
              "column": 96
            },
            "end": {
              "line": 107,
              "column": 98
            }
          }
        ],
        "line": 107
      },
      "15": {
        "loc": {
          "start": {
            "line": 110,
            "column": 24
          },
          "end": {
            "line": 110,
            "column": 67
          }
        },
        "type": "cond-expr",
        "locations": [
          {
            "start": {
              "line": 110,
              "column": 42
            },
            "end": {
              "line": 110,
              "column": 62
            }
          },
          {
            "start": {
              "line": 110,
              "column": 65
            },
            "end": {
              "line": 110,
              "column": 67
            }
          }
        ],
        "line": 110
      },
      "16": {
        "loc": {
          "start": {
            "line": 129,
            "column": 2
          },
          "end": {
            "line": 131,
            "column": 3
          }
        },
        "type": "if",
        "locations": [
          {
            "start": {
              "line": 129,
              "column": 2
            },
            "end": {
              "line": 131,
              "column": 3
            }
          },
          {
            "start": {
              "line": 129,
              "column": 2
            },
            "end": {
              "line": 131,
              "column": 3
            }
          }
        ],
        "line": 129
      },
      "17": {
        "loc": {
          "start": {
            "line": 135,
            "column": 4
          },
          "end": {
            "line": 137,
            "column": 5
          }
        },
        "type": "if",
        "locations": [
          {
            "start": {
              "line": 135,
              "column": 4
            },
            "end": {
              "line": 137,
              "column": 5
            }
          },
          {
            "start": {
              "line": 135,
              "column": 4
            },
            "end": {
              "line": 137,
              "column": 5
            }
          }
        ],
        "line": 135
      },
      "18": {
        "loc": {
          "start": {
            "line": 144,
            "column": 6
          },
          "end": {
            "line": 150,
            "column": 7
          }
        },
        "type": "if",
        "locations": [
          {
            "start": {
              "line": 144,
              "column": 6
            },
            "end": {
              "line": 150,
              "column": 7
            }
          },
          {
            "start": {
              "line": 144,
              "column": 6
            },
            "end": {
              "line": 150,
              "column": 7
            }
          }
        ],
        "line": 144
      },
      "19": {
        "loc": {
          "start": {
            "line": 163,
            "column": 37
          },
          "end": {
            "line": 163,
            "column": 46
          }
        },
        "type": "default-arg",
        "locations": [
          {
            "start": {
              "line": 163,
              "column": 44
            },
            "end": {
              "line": 163,
              "column": 46
            }
          }
        ],
        "line": 163
      }
    },
    "s": {
      "0": 30,
      "1": 444,
      "2": 70078,
      "3": 2172418,
      "4": 2172418,
      "5": 2172418,
      "6": 36,
      "7": 36,
      "8": 36,
      "9": 74,
      "10": 14,
      "11": 60,
      "12": 111,
      "13": 111,
      "14": 111,
      "15": 469,
      "16": 469,
      "17": 469,
      "18": 469,
      "19": 111,
      "20": 358,
      "21": 103,
      "22": 103,
      "23": 255,
      "24": 7,
      "25": 255,
      "26": 7,
      "27": 255,
      "28": 111,
      "29": 111,
      "30": 7,
      "31": 104,
      "32": 111,
      "33": 111,
      "34": 111,
      "35": 104,
      "36": 7,
      "37": 7,
      "38": 21,
      "39": 21,
      "40": 7,
      "41": 14,
      "42": 14,
      "43": 14,
      "44": 21,
      "45": 21,
      "46": 21,
      "47": 7,
      "48": 7,
      "49": 14,
      "50": 7,
      "51": 7,
      "52": 21,
      "53": 42,
      "54": 21,
      "55": 30,
      "56": null,
      "57": null,
      "58": null,
      "59": null,
      "60": null,
      "61": null,
      "62": null,
      "63": null,
      "64": null,
      "65": null,
      "66": null,
      "67": null,
      "68": null,
      "69": null,
      "70": null,
      "71": null,
      "72": null,
      "73": null,
      "74": null,
      "75": null,
      "76": null,
      "77": null,
      "78": null,
      "79": null,
      "80": null,
      "81": null,
      "82": null,
      "83": null,
      "84": null,
      "85": null,
      "86": null,
      "87": null,
      "88": null,
      "89": null,
      "90": null,
      "91": null,
      "92": null,
      "93": null,
      "94": null,
      "95": null,
      "96": null,
      "97": null,
      "98": null,
      "99": null,
      "100": null,
      "101": null,
      "102": null,
      "103": null,
      "104": null,
      "105": null,
      "106": null
    },
    "f": {
      "0": 444,
      "1": 70078,
      "2": 2172418,
      "3": 36,
      "4": 74,
      "5": 111,
      "6": 111,
      "7": 14,
      "8": 21,
      "9": 42,
      "10": null,
      "11": null,
      "12": null,
      "13": null,
      "14": null,
      "15": null,
      "16": null,
      "17": null,
      "18": null
    },
    "b": {
      "0": [
        7
      ],
      "1": [
        7
      ],
      "2": [
        2102340,
        70078
      ],
      "3": [
        7
      ],
      "4": [
        0
      ],
      "5": [
        14,
        60
      ],
      "6": [
        469,
        0
      ],
      "7": [
        462
      ],
      "8": [
        111,
        358
      ],
      "9": [
        469,
        358
      ],
      "10": [
        103,
        255
      ],
      "11": [
        7,
        248
      ],
      "12": [
        7,
        248
      ],
      "13": [
        7,
        104
      ],
      "14": [
        7,
        0
      ],
      "15": [
        90,
        14
      ],
      "16": [
        104,
        7
      ],
      "17": [
        7,
        14
      ],
      "18": [
        7,
        14
      ],
      "19": [
        0
      ],
      "20": [
        0,
        0
      ]
    },
    "_coverageSchema": "1a1c01bbd47fc00a2c39e90264f33305004495a9",
    "hash": "cf1f58142f2bd9a60c9341a1a1a3f0172c6cd950"
  },
  "/Users/admin/apps/voodux/src/EventSystem.js": {
    "path": "/Users/admin/apps/voodux/src/EventSystem.js",
    "statementMap": {
      "0": {
        "start": {
          "line": 7,
          "column": 4
        },
        "end": {
          "line": 7,
          "column": 22
        }
      },
      "1": {
        "start": {
          "line": 11,
          "column": 15
        },
        "end": {
          "line": 11,
          "column": 21
        }
      },
      "2": {
        "start": {
          "line": 12,
          "column": 4
        },
        "end": {
          "line": 12,
          "column": 18
        }
      },
      "3": {
        "start": {
          "line": 13,
          "column": 4
        },
        "end": {
          "line": 17,
          "column": 6
        }
      },
      "4": {
        "start": {
          "line": 18,
          "column": 4
        },
        "end": {
          "line": 18,
          "column": 13
        }
      },
      "5": {
        "start": {
          "line": 22,
          "column": 4
        },
        "end": {
          "line": 22,
          "column": 35
        }
      },
      "6": {
        "start": {
          "line": 24,
          "column": 4
        },
        "end": {
          "line": 33,
          "column": 6
        }
      },
      "7": {
        "start": {
          "line": 25,
          "column": 6
        },
        "end": {
          "line": 32,
          "column": 7
        }
      },
      "8": {
        "start": {
          "line": 27,
          "column": 8
        },
        "end": {
          "line": 27,
          "column": 41
        }
      },
      "9": {
        "start": {
          "line": 28,
          "column": 8
        },
        "end": {
          "line": 31,
          "column": 9
        }
      },
      "10": {
        "start": {
          "line": 29,
          "column": 10
        },
        "end": {
          "line": 29,
          "column": 50
        }
      },
      "11": {
        "start": {
          "line": 30,
          "column": 10
        },
        "end": {
          "line": 30,
          "column": 36
        }
      },
      "12": {
        "start": {
          "line": 37,
          "column": 4
        },
        "end": {
          "line": 37,
          "column": 37
        }
      },
      "13": {
        "start": {
          "line": 43,
          "column": 18
        },
        "end": {
          "line": 43,
          "column": 23
        }
      },
      "14": {
        "start": {
          "line": 44,
          "column": 4
        },
        "end": {
          "line": 52,
          "column": 5
        }
      },
      "15": {
        "start": {
          "line": 44,
          "column": 17
        },
        "end": {
          "line": 44,
          "column": 18
        }
      },
      "16": {
        "start": {
          "line": 45,
          "column": 20
        },
        "end": {
          "line": 45,
          "column": 36
        }
      },
      "17": {
        "start": {
          "line": 47,
          "column": 6
        },
        "end": {
          "line": 51,
          "column": 7
        }
      },
      "18": {
        "start": {
          "line": 49,
          "column": 8
        },
        "end": {
          "line": 49,
          "column": 34
        }
      },
      "19": {
        "start": {
          "line": 50,
          "column": 8
        },
        "end": {
          "line": 50,
          "column": 22
        }
      },
      "20": {
        "start": {
          "line": 54,
          "column": 4
        },
        "end": {
          "line": 54,
          "column": 18
        }
      }
    },
    "fnMap": {
      "0": {
        "name": "(anonymous_0)",
        "decl": {
          "start": {
            "line": 6,
            "column": 2
          },
          "end": {
            "line": 6,
            "column": 3
          }
        },
        "loc": {
          "start": {
            "line": 6,
            "column": 17
          },
          "end": {
            "line": 8,
            "column": 3
          }
        },
        "line": 6
      },
      "1": {
        "name": "(anonymous_1)",
        "decl": {
          "start": {
            "line": 10,
            "column": 2
          },
          "end": {
            "line": 10,
            "column": 3
          }
        },
        "loc": {
          "start": {
            "line": 10,
            "column": 21
          },
          "end": {
            "line": 19,
            "column": 3
          }
        },
        "line": 10
      },
      "2": {
        "name": "(anonymous_2)",
        "decl": {
          "start": {
            "line": 21,
            "column": 2
          },
          "end": {
            "line": 21,
            "column": 3
          }
        },
        "loc": {
          "start": {
            "line": 21,
            "column": 40
          },
          "end": {
            "line": 34,
            "column": 3
          }
        },
        "line": 21
      },
      "3": {
        "name": "(anonymous_3)",
        "decl": {
          "start": {
            "line": 24,
            "column": 26
          },
          "end": {
            "line": 24,
            "column": 27
          }
        },
        "loc": {
          "start": {
            "line": 24,
            "column": 37
          },
          "end": {
            "line": 33,
            "column": 5
          }
        },
        "line": 24
      },
      "4": {
        "name": "(anonymous_4)",
        "decl": {
          "start": {
            "line": 36,
            "column": 2
          },
          "end": {
            "line": 36,
            "column": 3
          }
        },
        "loc": {
          "start": {
            "line": 36,
            "column": 25
          },
          "end": {
            "line": 38,
            "column": 3
          }
        },
        "line": 36
      },
      "5": {
        "name": "(anonymous_5)",
        "decl": {
          "start": {
            "line": 40,
            "column": 2
          },
          "end": {
            "line": 40,
            "column": 3
          }
        },
        "loc": {
          "start": {
            "line": 40,
            "column": 25
          },
          "end": {
            "line": 55,
            "column": 3
          }
        },
        "line": 40
      }
    },
    "branchMap": {
      "0": {
        "loc": {
          "start": {
            "line": 22,
            "column": 18
          },
          "end": {
            "line": 22,
            "column": 35
          }
        },
        "type": "binary-expr",
        "locations": [
          {
            "start": {
              "line": 22,
              "column": 18
            },
            "end": {
              "line": 22,
              "column": 29
            }
          },
          {
            "start": {
              "line": 22,
              "column": 33
            },
            "end": {
              "line": 22,
              "column": 35
            }
          }
        ],
        "line": 22
      },
      "1": {
        "loc": {
          "start": {
            "line": 25,
            "column": 6
          },
          "end": {
            "line": 32,
            "column": 7
          }
        },
        "type": "if",
        "locations": [
          {
            "start": {
              "line": 25,
              "column": 6
            },
            "end": {
              "line": 32,
              "column": 7
            }
          },
          {
            "start": {
              "line": 25,
              "column": 6
            },
            "end": {
              "line": 32,
              "column": 7
            }
          }
        ],
        "line": 25
      },
      "2": {
        "loc": {
          "start": {
            "line": 28,
            "column": 8
          },
          "end": {
            "line": 31,
            "column": 9
          }
        },
        "type": "if",
        "locations": [
          {
            "start": {
              "line": 28,
              "column": 8
            },
            "end": {
              "line": 31,
              "column": 9
            }
          },
          {
            "start": {
              "line": 28,
              "column": 8
            },
            "end": {
              "line": 31,
              "column": 9
            }
          }
        ],
        "line": 28
      },
      "3": {
        "loc": {
          "start": {
            "line": 47,
            "column": 6
          },
          "end": {
            "line": 51,
            "column": 7
          }
        },
        "type": "if",
        "locations": [
          {
            "start": {
              "line": 47,
              "column": 6
            },
            "end": {
              "line": 51,
              "column": 7
            }
          },
          {
            "start": {
              "line": 47,
              "column": 6
            },
            "end": {
              "line": 51,
              "column": 7
            }
          }
        ],
        "line": 47
      }
    },
    "s": {
      "0": 87,
      "1": 16,
      "2": 16,
      "3": 16,
      "4": 16,
      "5": 162,
      "6": 162,
      "7": 21,
      "8": 14,
      "9": 14,
      "10": 14,
      "11": 14,
      "12": 14,
      "13": 14,
      "14": 14,
      "15": 14,
      "16": 14,
      "17": 14,
      "18": 14,
      "19": 14,
      "20": 14
    },
    "f": {
      "0": 87,
      "1": 16,
      "2": 162,
      "3": 21,
      "4": 14,
      "5": 14
    },
    "b": {
      "0": [
        162,
        0
      ],
      "1": [
        14,
        7
      ],
      "2": [
        14,
        0
      ],
      "3": [
        14,
        0
      ]
    },
    "_coverageSchema": "1a1c01bbd47fc00a2c39e90264f33305004495a9",
    "hash": "d10dfea628f40758bde34510234f1c5a2b8d28c7"
  },
  "/Users/admin/apps/voodux/src/DataEntity.js": {
    "path": "/Users/admin/apps/voodux/src/DataEntity.js",
    "statementMap": {
      "0": {
        "start": {
          "line": 115,
          "column": 4
        },
        "end": {
          "line": 115,
          "column": 11
        }
      },
      "1": {
        "start": {
          "line": 125,
          "column": 4
        },
        "end": {
          "line": 125,
          "column": 26
        }
      },
      "2": {
        "start": {
          "line": 142,
          "column": 4
        },
        "end": {
          "line": 142,
          "column": 30
        }
      },
      "3": {
        "start": {
          "line": 149,
          "column": 4
        },
        "end": {
          "line": 149,
          "column": 26
        }
      },
      "4": {
        "start": {
          "line": 150,
          "column": 4
        },
        "end": {
          "line": 150,
          "column": 34
        }
      },
      "5": {
        "start": {
          "line": 157,
          "column": 4
        },
        "end": {
          "line": 160,
          "column": 5
        }
      },
      "6": {
        "start": {
          "line": 161,
          "column": 4
        },
        "end": {
          "line": 161,
          "column": 78
        }
      },
      "7": {
        "start": {
          "line": 163,
          "column": 4
        },
        "end": {
          "line": 163,
          "column": 84
        }
      },
      "8": {
        "start": {
          "line": 165,
          "column": 4
        },
        "end": {
          "line": 165,
          "column": 49
        }
      },
      "9": {
        "start": {
          "line": 176,
          "column": 4
        },
        "end": {
          "line": 176,
          "column": 24
        }
      },
      "10": {
        "start": {
          "line": 187,
          "column": 4
        },
        "end": {
          "line": 187,
          "column": 24
        }
      },
      "11": {
        "start": {
          "line": 198,
          "column": 4
        },
        "end": {
          "line": 198,
          "column": 26
        }
      },
      "12": {
        "start": {
          "line": 209,
          "column": 24
        },
        "end": {
          "line": 209,
          "column": 41
        }
      },
      "13": {
        "start": {
          "line": 210,
          "column": 4
        },
        "end": {
          "line": 210,
          "column": 73
        }
      },
      "14": {
        "start": {
          "line": 211,
          "column": 4
        },
        "end": {
          "line": 211,
          "column": 35
        }
      },
      "15": {
        "start": {
          "line": 234,
          "column": 4
        },
        "end": {
          "line": 236,
          "column": 5
        }
      },
      "16": {
        "start": {
          "line": 235,
          "column": 6
        },
        "end": {
          "line": 235,
          "column": 119
        }
      },
      "17": {
        "start": {
          "line": 237,
          "column": 15
        },
        "end": {
          "line": 237,
          "column": 19
        }
      },
      "18": {
        "start": {
          "line": 238,
          "column": 16
        },
        "end": {
          "line": 238,
          "column": 20
        }
      },
      "19": {
        "start": {
          "line": 239,
          "column": 17
        },
        "end": {
          "line": 239,
          "column": 19
        }
      },
      "20": {
        "start": {
          "line": 241,
          "column": 4
        },
        "end": {
          "line": 241,
          "column": 19
        }
      },
      "21": {
        "start": {
          "line": 242,
          "column": 4
        },
        "end": {
          "line": 242,
          "column": 18
        }
      },
      "22": {
        "start": {
          "line": 244,
          "column": 18
        },
        "end": {
          "line": 244,
          "column": 52
        }
      },
      "23": {
        "start": {
          "line": 246,
          "column": 20
        },
        "end": {
          "line": 246,
          "column": 40
        }
      },
      "24": {
        "start": {
          "line": 247,
          "column": 4
        },
        "end": {
          "line": 249,
          "column": 5
        }
      },
      "25": {
        "start": {
          "line": 248,
          "column": 6
        },
        "end": {
          "line": 248,
          "column": 49
        }
      },
      "26": {
        "start": {
          "line": 250,
          "column": 4
        },
        "end": {
          "line": 250,
          "column": 26
        }
      },
      "27": {
        "start": {
          "line": 253,
          "column": 4
        },
        "end": {
          "line": 255,
          "column": 5
        }
      },
      "28": {
        "start": {
          "line": 254,
          "column": 6
        },
        "end": {
          "line": 254,
          "column": 28
        }
      },
      "29": {
        "start": {
          "line": 257,
          "column": 4
        },
        "end": {
          "line": 267,
          "column": 5
        }
      },
      "30": {
        "start": {
          "line": 258,
          "column": 19
        },
        "end": {
          "line": 260,
          "column": 29
        }
      },
      "31": {
        "start": {
          "line": 261,
          "column": 6
        },
        "end": {
          "line": 261,
          "column": 32
        }
      },
      "32": {
        "start": {
          "line": 266,
          "column": 6
        },
        "end": {
          "line": 266,
          "column": 15
        }
      },
      "33": {
        "start": {
          "line": 269,
          "column": 4
        },
        "end": {
          "line": 269,
          "column": 116
        }
      },
      "34": {
        "start": {
          "line": 270,
          "column": 4
        },
        "end": {
          "line": 270,
          "column": 45
        }
      },
      "35": {
        "start": {
          "line": 283,
          "column": 19
        },
        "end": {
          "line": 283,
          "column": 24
        }
      },
      "36": {
        "start": {
          "line": 284,
          "column": 4
        },
        "end": {
          "line": 291,
          "column": 6
        }
      },
      "37": {
        "start": {
          "line": 292,
          "column": 4
        },
        "end": {
          "line": 299,
          "column": 6
        }
      },
      "38": {
        "start": {
          "line": 300,
          "column": 18
        },
        "end": {
          "line": 300,
          "column": 71
        }
      },
      "39": {
        "start": {
          "line": 301,
          "column": 4
        },
        "end": {
          "line": 301,
          "column": 51
        }
      },
      "40": {
        "start": {
          "line": 328,
          "column": 4
        },
        "end": {
          "line": 330,
          "column": 5
        }
      },
      "41": {
        "start": {
          "line": 329,
          "column": 6
        },
        "end": {
          "line": 329,
          "column": 120
        }
      },
      "42": {
        "start": {
          "line": 331,
          "column": 4
        },
        "end": {
          "line": 333,
          "column": 5
        }
      },
      "43": {
        "start": {
          "line": 332,
          "column": 6
        },
        "end": {
          "line": 332,
          "column": 124
        }
      },
      "44": {
        "start": {
          "line": 334,
          "column": 4
        },
        "end": {
          "line": 336,
          "column": 5
        }
      },
      "45": {
        "start": {
          "line": 335,
          "column": 6
        },
        "end": {
          "line": 335,
          "column": 119
        }
      },
      "46": {
        "start": {
          "line": 337,
          "column": 4
        },
        "end": {
          "line": 339,
          "column": 5
        }
      },
      "47": {
        "start": {
          "line": 338,
          "column": 6
        },
        "end": {
          "line": 338,
          "column": 119
        }
      },
      "48": {
        "start": {
          "line": 340,
          "column": 4
        },
        "end": {
          "line": 340,
          "column": 28
        }
      },
      "49": {
        "start": {
          "line": 341,
          "column": 15
        },
        "end": {
          "line": 341,
          "column": 19
        }
      },
      "50": {
        "start": {
          "line": 342,
          "column": 16
        },
        "end": {
          "line": 342,
          "column": 20
        }
      },
      "51": {
        "start": {
          "line": 343,
          "column": 17
        },
        "end": {
          "line": 343,
          "column": 19
        }
      },
      "52": {
        "start": {
          "line": 344,
          "column": 4
        },
        "end": {
          "line": 369,
          "column": 5
        }
      },
      "53": {
        "start": {
          "line": 345,
          "column": 20
        },
        "end": {
          "line": 345,
          "column": 54
        }
      },
      "54": {
        "start": {
          "line": 346,
          "column": 22
        },
        "end": {
          "line": 346,
          "column": 42
        }
      },
      "55": {
        "start": {
          "line": 347,
          "column": 6
        },
        "end": {
          "line": 349,
          "column": 7
        }
      },
      "56": {
        "start": {
          "line": 348,
          "column": 8
        },
        "end": {
          "line": 348,
          "column": 51
        }
      },
      "57": {
        "start": {
          "line": 350,
          "column": 6
        },
        "end": {
          "line": 350,
          "column": 28
        }
      },
      "58": {
        "start": {
          "line": 351,
          "column": 6
        },
        "end": {
          "line": 351,
          "column": 30
        }
      },
      "59": {
        "start": {
          "line": 353,
          "column": 23
        },
        "end": {
          "line": 355,
          "column": 27
        }
      },
      "60": {
        "start": {
          "line": 357,
          "column": 6
        },
        "end": {
          "line": 357,
          "column": 44
        }
      },
      "61": {
        "start": {
          "line": 368,
          "column": 6
        },
        "end": {
          "line": 368,
          "column": 15
        }
      },
      "62": {
        "start": {
          "line": 370,
          "column": 4
        },
        "end": {
          "line": 370,
          "column": 65
        }
      },
      "63": {
        "start": {
          "line": 371,
          "column": 4
        },
        "end": {
          "line": 371,
          "column": 45
        }
      },
      "64": {
        "start": {
          "line": 384,
          "column": 19
        },
        "end": {
          "line": 384,
          "column": 25
        }
      },
      "65": {
        "start": {
          "line": 385,
          "column": 4
        },
        "end": {
          "line": 395,
          "column": 5
        }
      },
      "66": {
        "start": {
          "line": 396,
          "column": 4
        },
        "end": {
          "line": 406,
          "column": 5
        }
      },
      "67": {
        "start": {
          "line": 407,
          "column": 18
        },
        "end": {
          "line": 407,
          "column": 71
        }
      },
      "68": {
        "start": {
          "line": 408,
          "column": 4
        },
        "end": {
          "line": 408,
          "column": 51
        }
      },
      "69": {
        "start": {
          "line": 421,
          "column": 4
        },
        "end": {
          "line": 421,
          "column": 28
        }
      },
      "70": {
        "start": {
          "line": 422,
          "column": 15
        },
        "end": {
          "line": 422,
          "column": 19
        }
      },
      "71": {
        "start": {
          "line": 423,
          "column": 16
        },
        "end": {
          "line": 423,
          "column": 20
        }
      },
      "72": {
        "start": {
          "line": 424,
          "column": 17
        },
        "end": {
          "line": 424,
          "column": 19
        }
      },
      "73": {
        "start": {
          "line": 425,
          "column": 4
        },
        "end": {
          "line": 433,
          "column": 5
        }
      },
      "74": {
        "start": {
          "line": 426,
          "column": 19
        },
        "end": {
          "line": 428,
          "column": 28
        }
      },
      "75": {
        "start": {
          "line": 430,
          "column": 6
        },
        "end": {
          "line": 430,
          "column": 33
        }
      },
      "76": {
        "start": {
          "line": 432,
          "column": 6
        },
        "end": {
          "line": 432,
          "column": 15
        }
      },
      "77": {
        "start": {
          "line": 434,
          "column": 4
        },
        "end": {
          "line": 434,
          "column": 59
        }
      },
      "78": {
        "start": {
          "line": 435,
          "column": 4
        },
        "end": {
          "line": 435,
          "column": 45
        }
      },
      "79": {
        "start": {
          "line": 447,
          "column": 19
        },
        "end": {
          "line": 447,
          "column": 27
        }
      },
      "80": {
        "start": {
          "line": 448,
          "column": 4
        },
        "end": {
          "line": 457,
          "column": 5
        }
      },
      "81": {
        "start": {
          "line": 458,
          "column": 4
        },
        "end": {
          "line": 467,
          "column": 5
        }
      },
      "82": {
        "start": {
          "line": 468,
          "column": 18
        },
        "end": {
          "line": 468,
          "column": 53
        }
      },
      "83": {
        "start": {
          "line": 469,
          "column": 4
        },
        "end": {
          "line": 469,
          "column": 51
        }
      },
      "84": {
        "start": {
          "line": 482,
          "column": 15
        },
        "end": {
          "line": 482,
          "column": 19
        }
      },
      "85": {
        "start": {
          "line": 483,
          "column": 16
        },
        "end": {
          "line": 483,
          "column": 20
        }
      },
      "86": {
        "start": {
          "line": 484,
          "column": 4
        },
        "end": {
          "line": 498,
          "column": 5
        }
      },
      "87": {
        "start": {
          "line": 485,
          "column": 6
        },
        "end": {
          "line": 485,
          "column": 39
        }
      },
      "88": {
        "start": {
          "line": 486,
          "column": 18
        },
        "end": {
          "line": 488,
          "column": 26
        }
      },
      "89": {
        "start": {
          "line": 490,
          "column": 6
        },
        "end": {
          "line": 495,
          "column": 7
        }
      },
      "90": {
        "start": {
          "line": 492,
          "column": 8
        },
        "end": {
          "line": 494,
          "column": 9
        }
      },
      "91": {
        "start": {
          "line": 493,
          "column": 10
        },
        "end": {
          "line": 493,
          "column": 45
        }
      },
      "92": {
        "start": {
          "line": 497,
          "column": 6
        },
        "end": {
          "line": 497,
          "column": 15
        }
      },
      "93": {
        "start": {
          "line": 499,
          "column": 4
        },
        "end": {
          "line": 499,
          "column": 45
        }
      },
      "94": {
        "start": {
          "line": 512,
          "column": 15
        },
        "end": {
          "line": 512,
          "column": 19
        }
      },
      "95": {
        "start": {
          "line": 513,
          "column": 16
        },
        "end": {
          "line": 513,
          "column": 20
        }
      },
      "96": {
        "start": {
          "line": 514,
          "column": 4
        },
        "end": {
          "line": 523,
          "column": 5
        }
      },
      "97": {
        "start": {
          "line": 515,
          "column": 24
        },
        "end": {
          "line": 519,
          "column": 28
        }
      },
      "98": {
        "start": {
          "line": 520,
          "column": 6
        },
        "end": {
          "line": 520,
          "column": 22
        }
      },
      "99": {
        "start": {
          "line": 522,
          "column": 6
        },
        "end": {
          "line": 522,
          "column": 15
        }
      },
      "100": {
        "start": {
          "line": 524,
          "column": 4
        },
        "end": {
          "line": 524,
          "column": 45
        }
      },
      "101": {
        "start": {
          "line": 545,
          "column": 28
        },
        "end": {
          "line": 545,
          "column": 38
        }
      },
      "102": {
        "start": {
          "line": 546,
          "column": 15
        },
        "end": {
          "line": 546,
          "column": 19
        }
      },
      "103": {
        "start": {
          "line": 547,
          "column": 16
        },
        "end": {
          "line": 547,
          "column": 20
        }
      },
      "104": {
        "start": {
          "line": 548,
          "column": 4
        },
        "end": {
          "line": 560,
          "column": 5
        }
      },
      "105": {
        "start": {
          "line": 549,
          "column": 24
        },
        "end": {
          "line": 556,
          "column": 32
        }
      },
      "106": {
        "start": {
          "line": 557,
          "column": 6
        },
        "end": {
          "line": 557,
          "column": 22
        }
      },
      "107": {
        "start": {
          "line": 559,
          "column": 6
        },
        "end": {
          "line": 559,
          "column": 15
        }
      },
      "108": {
        "start": {
          "line": 561,
          "column": 4
        },
        "end": {
          "line": 561,
          "column": 45
        }
      },
      "109": {
        "start": {
          "line": 578,
          "column": 15
        },
        "end": {
          "line": 578,
          "column": 19
        }
      },
      "110": {
        "start": {
          "line": 579,
          "column": 16
        },
        "end": {
          "line": 579,
          "column": 20
        }
      },
      "111": {
        "start": {
          "line": 580,
          "column": 4
        },
        "end": {
          "line": 588,
          "column": 5
        }
      },
      "112": {
        "start": {
          "line": 581,
          "column": 22
        },
        "end": {
          "line": 584,
          "column": 27
        }
      },
      "113": {
        "start": {
          "line": 585,
          "column": 6
        },
        "end": {
          "line": 585,
          "column": 20
        }
      },
      "114": {
        "start": {
          "line": 587,
          "column": 6
        },
        "end": {
          "line": 587,
          "column": 15
        }
      },
      "115": {
        "start": {
          "line": 589,
          "column": 4
        },
        "end": {
          "line": 589,
          "column": 45
        }
      },
      "116": {
        "start": {
          "line": 604,
          "column": 4
        },
        "end": {
          "line": 626,
          "column": 6
        }
      },
      "117": {
        "start": {
          "line": 605,
          "column": 6
        },
        "end": {
          "line": 625,
          "column": 7
        }
      },
      "118": {
        "start": {
          "line": 607,
          "column": 44
        },
        "end": {
          "line": 607,
          "column": 49
        }
      },
      "119": {
        "start": {
          "line": 608,
          "column": 8
        },
        "end": {
          "line": 623,
          "column": 9
        }
      },
      "120": {
        "start": {
          "line": 611,
          "column": 28
        },
        "end": {
          "line": 611,
          "column": 48
        }
      },
      "121": {
        "start": {
          "line": 612,
          "column": 68
        },
        "end": {
          "line": 612,
          "column": 77
        }
      },
      "122": {
        "start": {
          "line": 614,
          "column": 27
        },
        "end": {
          "line": 620,
          "column": 11
        }
      },
      "123": {
        "start": {
          "line": 621,
          "column": 10
        },
        "end": {
          "line": 621,
          "column": 98
        }
      },
      "124": {
        "start": {
          "line": 622,
          "column": 10
        },
        "end": {
          "line": 622,
          "column": 45
        }
      },
      "125": {
        "start": {
          "line": 647,
          "column": 4
        },
        "end": {
          "line": 650,
          "column": 5
        }
      },
      "126": {
        "start": {
          "line": 651,
          "column": 4
        },
        "end": {
          "line": 651,
          "column": 32
        }
      },
      "127": {
        "start": {
          "line": 652,
          "column": 24
        },
        "end": {
          "line": 652,
          "column": 45
        }
      },
      "128": {
        "start": {
          "line": 653,
          "column": 4
        },
        "end": {
          "line": 653,
          "column": 75
        }
      },
      "129": {
        "start": {
          "line": 654,
          "column": 4
        },
        "end": {
          "line": 654,
          "column": 65
        }
      }
    },
    "fnMap": {
      "0": {
        "name": "(anonymous_0)",
        "decl": {
          "start": {
            "line": 109,
            "column": 2
          },
          "end": {
            "line": 109,
            "column": 3
          }
        },
        "loc": {
          "start": {
            "line": 114,
            "column": 5
          },
          "end": {
            "line": 166,
            "column": 3
          }
        },
        "line": 114
      },
      "1": {
        "name": "(anonymous_1)",
        "decl": {
          "start": {
            "line": 175,
            "column": 2
          },
          "end": {
            "line": 175,
            "column": 3
          }
        },
        "loc": {
          "start": {
            "line": 175,
            "column": 16
          },
          "end": {
            "line": 177,
            "column": 3
          }
        },
        "line": 175
      },
      "2": {
        "name": "(anonymous_2)",
        "decl": {
          "start": {
            "line": 186,
            "column": 2
          },
          "end": {
            "line": 186,
            "column": 3
          }
        },
        "loc": {
          "start": {
            "line": 186,
            "column": 16
          },
          "end": {
            "line": 188,
            "column": 3
          }
        },
        "line": 186
      },
      "3": {
        "name": "(anonymous_3)",
        "decl": {
          "start": {
            "line": 197,
            "column": 2
          },
          "end": {
            "line": 197,
            "column": 3
          }
        },
        "loc": {
          "start": {
            "line": 197,
            "column": 18
          },
          "end": {
            "line": 199,
            "column": 3
          }
        },
        "line": 197
      },
      "4": {
        "name": "(anonymous_4)",
        "decl": {
          "start": {
            "line": 208,
            "column": 2
          },
          "end": {
            "line": 208,
            "column": 3
          }
        },
        "loc": {
          "start": {
            "line": 208,
            "column": 21
          },
          "end": {
            "line": 212,
            "column": 3
          }
        },
        "line": 208
      },
      "5": {
        "name": "(anonymous_5)",
        "decl": {
          "start": {
            "line": 230,
            "column": 2
          },
          "end": {
            "line": 230,
            "column": 3
          }
        },
        "loc": {
          "start": {
            "line": 230,
            "column": 22
          },
          "end": {
            "line": 271,
            "column": 3
          }
        },
        "line": 230
      },
      "6": {
        "name": "(anonymous_6)",
        "decl": {
          "start": {
            "line": 324,
            "column": 2
          },
          "end": {
            "line": 324,
            "column": 3
          }
        },
        "loc": {
          "start": {
            "line": 324,
            "column": 42
          },
          "end": {
            "line": 372,
            "column": 3
          }
        },
        "line": 324
      },
      "7": {
        "name": "(anonymous_7)",
        "decl": {
          "start": {
            "line": 420,
            "column": 2
          },
          "end": {
            "line": 420,
            "column": 3
          }
        },
        "loc": {
          "start": {
            "line": 420,
            "column": 27
          },
          "end": {
            "line": 436,
            "column": 3
          }
        },
        "line": 420
      },
      "8": {
        "name": "(anonymous_8)",
        "decl": {
          "start": {
            "line": 481,
            "column": 2
          },
          "end": {
            "line": 481,
            "column": 3
          }
        },
        "loc": {
          "start": {
            "line": 481,
            "column": 30
          },
          "end": {
            "line": 500,
            "column": 3
          }
        },
        "line": 481
      },
      "9": {
        "name": "(anonymous_9)",
        "decl": {
          "start": {
            "line": 511,
            "column": 2
          },
          "end": {
            "line": 511,
            "column": 3
          }
        },
        "loc": {
          "start": {
            "line": 511,
            "column": 28
          },
          "end": {
            "line": 525,
            "column": 3
          }
        },
        "line": 511
      },
      "10": {
        "name": "(anonymous_10)",
        "decl": {
          "start": {
            "line": 544,
            "column": 2
          },
          "end": {
            "line": 544,
            "column": 3
          }
        },
        "loc": {
          "start": {
            "line": 544,
            "column": 57
          },
          "end": {
            "line": 562,
            "column": 3
          }
        },
        "line": 544
      },
      "11": {
        "name": "(anonymous_11)",
        "decl": {
          "start": {
            "line": 577,
            "column": 2
          },
          "end": {
            "line": 577,
            "column": 3
          }
        },
        "loc": {
          "start": {
            "line": 577,
            "column": 27
          },
          "end": {
            "line": 590,
            "column": 3
          }
        },
        "line": 577
      },
      "12": {
        "name": "(anonymous_12)",
        "decl": {
          "start": {
            "line": 604,
            "column": 39
          },
          "end": {
            "line": 604,
            "column": 40
          }
        },
        "loc": {
          "start": {
            "line": 604,
            "column": 50
          },
          "end": {
            "line": 626,
            "column": 5
          }
        },
        "line": 604
      }
    },
    "branchMap": {
      "0": {
        "loc": {
          "start": {
            "line": 112,
            "column": 4
          },
          "end": {
            "line": 112,
            "column": 24
          }
        },
        "type": "default-arg",
        "locations": [
          {
            "start": {
              "line": 112,
              "column": 15
            },
            "end": {
              "line": 112,
              "column": 24
            }
          }
        ],
        "line": 112
      },
      "1": {
        "loc": {
          "start": {
            "line": 230,
            "column": 12
          },
          "end": {
            "line": 230,
            "column": 20
          }
        },
        "type": "default-arg",
        "locations": [
          {
            "start": {
              "line": 230,
              "column": 18
            },
            "end": {
              "line": 230,
              "column": 20
            }
          }
        ],
        "line": 230
      },
      "2": {
        "loc": {
          "start": {
            "line": 234,
            "column": 4
          },
          "end": {
            "line": 236,
            "column": 5
          }
        },
        "type": "if",
        "locations": [
          {
            "start": {
              "line": 234,
              "column": 4
            },
            "end": {
              "line": 236,
              "column": 5
            }
          },
          {
            "start": {
              "line": 234,
              "column": 4
            },
            "end": {
              "line": 236,
              "column": 5
            }
          }
        ],
        "line": 234
      },
      "3": {
        "loc": {
          "start": {
            "line": 247,
            "column": 4
          },
          "end": {
            "line": 249,
            "column": 5
          }
        },
        "type": "if",
        "locations": [
          {
            "start": {
              "line": 247,
              "column": 4
            },
            "end": {
              "line": 249,
              "column": 5
            }
          },
          {
            "start": {
              "line": 247,
              "column": 4
            },
            "end": {
              "line": 249,
              "column": 5
            }
          }
        ],
        "line": 247
      },
      "4": {
        "loc": {
          "start": {
            "line": 253,
            "column": 4
          },
          "end": {
            "line": 255,
            "column": 5
          }
        },
        "type": "if",
        "locations": [
          {
            "start": {
              "line": 253,
              "column": 4
            },
            "end": {
              "line": 255,
              "column": 5
            }
          },
          {
            "start": {
              "line": 253,
              "column": 4
            },
            "end": {
              "line": 255,
              "column": 5
            }
          }
        ],
        "line": 253
      },
      "5": {
        "loc": {
          "start": {
            "line": 253,
            "column": 8
          },
          "end": {
            "line": 253,
            "column": 77
          }
        },
        "type": "binary-expr",
        "locations": [
          {
            "start": {
              "line": 253,
              "column": 8
            },
            "end": {
              "line": 253,
              "column": 41
            }
          },
          {
            "start": {
              "line": 253,
              "column": 45
            },
            "end": {
              "line": 253,
              "column": 77
            }
          }
        ],
        "line": 253
      },
      "6": {
        "loc": {
          "start": {
            "line": 269,
            "column": 56
          },
          "end": {
            "line": 269,
            "column": 104
          }
        },
        "type": "cond-expr",
        "locations": [
          {
            "start": {
              "line": 269,
              "column": 91
            },
            "end": {
              "line": 269,
              "column": 92
            }
          },
          {
            "start": {
              "line": 269,
              "column": 95
            },
            "end": {
              "line": 269,
              "column": 104
            }
          }
        ],
        "line": 269
      },
      "7": {
        "loc": {
          "start": {
            "line": 324,
            "column": 13
          },
          "end": {
            "line": 324,
            "column": 30
          }
        },
        "type": "default-arg",
        "locations": [
          {
            "start": {
              "line": 324,
              "column": 26
            },
            "end": {
              "line": 324,
              "column": 30
            }
          }
        ],
        "line": 324
      },
      "8": {
        "loc": {
          "start": {
            "line": 324,
            "column": 32
          },
          "end": {
            "line": 324,
            "column": 40
          }
        },
        "type": "default-arg",
        "locations": [
          {
            "start": {
              "line": 324,
              "column": 38
            },
            "end": {
              "line": 324,
              "column": 40
            }
          }
        ],
        "line": 324
      },
      "9": {
        "loc": {
          "start": {
            "line": 328,
            "column": 4
          },
          "end": {
            "line": 330,
            "column": 5
          }
        },
        "type": "if",
        "locations": [
          {
            "start": {
              "line": 328,
              "column": 4
            },
            "end": {
              "line": 330,
              "column": 5
            }
          },
          {
            "start": {
              "line": 328,
              "column": 4
            },
            "end": {
              "line": 330,
              "column": 5
            }
          }
        ],
        "line": 328
      },
      "10": {
        "loc": {
          "start": {
            "line": 331,
            "column": 4
          },
          "end": {
            "line": 333,
            "column": 5
          }
        },
        "type": "if",
        "locations": [
          {
            "start": {
              "line": 331,
              "column": 4
            },
            "end": {
              "line": 333,
              "column": 5
            }
          },
          {
            "start": {
              "line": 331,
              "column": 4
            },
            "end": {
              "line": 333,
              "column": 5
            }
          }
        ],
        "line": 331
      },
      "11": {
        "loc": {
          "start": {
            "line": 334,
            "column": 4
          },
          "end": {
            "line": 336,
            "column": 5
          }
        },
        "type": "if",
        "locations": [
          {
            "start": {
              "line": 334,
              "column": 4
            },
            "end": {
              "line": 336,
              "column": 5
            }
          },
          {
            "start": {
              "line": 334,
              "column": 4
            },
            "end": {
              "line": 336,
              "column": 5
            }
          }
        ],
        "line": 334
      },
      "12": {
        "loc": {
          "start": {
            "line": 337,
            "column": 4
          },
          "end": {
            "line": 339,
            "column": 5
          }
        },
        "type": "if",
        "locations": [
          {
            "start": {
              "line": 337,
              "column": 4
            },
            "end": {
              "line": 339,
              "column": 5
            }
          },
          {
            "start": {
              "line": 337,
              "column": 4
            },
            "end": {
              "line": 339,
              "column": 5
            }
          }
        ],
        "line": 337
      },
      "13": {
        "loc": {
          "start": {
            "line": 347,
            "column": 6
          },
          "end": {
            "line": 349,
            "column": 7
          }
        },
        "type": "if",
        "locations": [
          {
            "start": {
              "line": 347,
              "column": 6
            },
            "end": {
              "line": 349,
              "column": 7
            }
          },
          {
            "start": {
              "line": 347,
              "column": 6
            },
            "end": {
              "line": 349,
              "column": 7
            }
          }
        ],
        "line": 347
      },
      "14": {
        "loc": {
          "start": {
            "line": 490,
            "column": 6
          },
          "end": {
            "line": 495,
            "column": 7
          }
        },
        "type": "if",
        "locations": [
          {
            "start": {
              "line": 490,
              "column": 6
            },
            "end": {
              "line": 495,
              "column": 7
            }
          },
          {
            "start": {
              "line": 490,
              "column": 6
            },
            "end": {
              "line": 495,
              "column": 7
            }
          }
        ],
        "line": 490
      },
      "15": {
        "loc": {
          "start": {
            "line": 492,
            "column": 8
          },
          "end": {
            "line": 494,
            "column": 9
          }
        },
        "type": "if",
        "locations": [
          {
            "start": {
              "line": 492,
              "column": 8
            },
            "end": {
              "line": 494,
              "column": 9
            }
          },
          {
            "start": {
              "line": 492,
              "column": 8
            },
            "end": {
              "line": 494,
              "column": 9
            }
          }
        ],
        "line": 492
      },
      "16": {
        "loc": {
          "start": {
            "line": 511,
            "column": 16
          },
          "end": {
            "line": 511,
            "column": 26
          }
        },
        "type": "default-arg",
        "locations": [
          {
            "start": {
              "line": 511,
              "column": 24
            },
            "end": {
              "line": 511,
              "column": 26
            }
          }
        ],
        "line": 511
      },
      "17": {
        "loc": {
          "start": {
            "line": 544,
            "column": 13
          },
          "end": {
            "line": 544,
            "column": 23
          }
        },
        "type": "default-arg",
        "locations": [
          {
            "start": {
              "line": 544,
              "column": 21
            },
            "end": {
[...]
            "end": {
              "line": 17,
              "column": 5
            }
          },
          {
            "start": {
              "line": 12,
              "column": 4
            },
            "end": {
              "line": 17,
              "column": 5
            }
          }
        ],
        "line": 12
      },
      "1": {
        "loc": {
          "start": {
            "line": 13,
            "column": 6
          },
          "end": {
            "line": 16,
            "column": 7
          }
        },
        "type": "if",
        "locations": [
          {
            "start": {
              "line": 13,
              "column": 6
            },
            "end": {
              "line": 16,
              "column": 7
            }
          },
          {
            "start": {
              "line": 13,
              "column": 6
            },
            "end": {
              "line": 16,
              "column": 7
            }
          }
        ],
        "line": 13
      }
    },
    "s": {
      "0": 1,
      "1": 1,
      "2": 1,
      "3": 0,
      "4": 0,
      "5": 0,
      "6": 0,
      "7": 0,
      "8": 0,
      "9": 1,
      "10": 4,
      "11": 1,
      "12": 1,
      "13": 1,
      "14": 1,
      "15": 1,
      "16": 0,
      "17": 4,
      "18": 1,
      "19": 1
    },
    "f": {
      "0": 1,
      "1": 0,
      "2": 1,
      "3": 4,
      "4": 1,
      "5": 0,
      "6": 4,
      "7": 1,
      "8": 1
    },
    "b": {
      "0": [
        0,
        0
      ],
      "1": [
        0,
        0
      ]
    },
    "_coverageSchema": "1a1c01bbd47fc00a2c39e90264f33305004495a9",
    "hash": "d0edb0947643ff5a3b978bec5d882eca84e15775"
  },
  "/Users/admin/apps/voodux/src/DataJobManager.js": {
    "path": "/Users/admin/apps/voodux/src/DataJobManager.js",
    "statementMap": {
      "0": {
        "start": {
          "line": 9,
          "column": 4
        },
        "end": {
          "line": 9,
          "column": 21
        }
      },
      "1": {
        "start": {
          "line": 10,
          "column": 4
        },
        "end": {
          "line": 10,
          "column": 25
        }
      },
      "2": {
        "start": {
          "line": 11,
          "column": 4
        },
        "end": {
          "line": 11,
          "column": 23
        }
      },
      "3": {
        "start": {
          "line": 12,
          "column": 4
        },
        "end": {
          "line": 12,
          "column": 31
        }
      },
      "4": {
        "start": {
          "line": 13,
          "column": 13
        },
        "end": {
          "line": 13,
          "column": 44
        }
      },
      "5": {
        "start": {
          "line": 14,
          "column": 4
        },
        "end": {
          "line": 26,
          "column": 6
        }
      },
      "6": {
        "start": {
          "line": 15,
          "column": 6
        },
        "end": {
          "line": 25,
          "column": 7
        }
      },
      "7": {
        "start": {
          "line": 16,
          "column": 8
        },
        "end": {
          "line": 16,
          "column": 50
        }
      },
      "8": {
        "start": {
          "line": 17,
          "column": 26
        },
        "end": {
          "line": 17,
          "column": 44
        }
      },
      "9": {
        "start": {
          "line": 18,
          "column": 8
        },
        "end": {
          "line": 24,
          "column": 9
        }
      },
      "10": {
        "start": {
          "line": 20,
          "column": 12
        },
        "end": {
          "line": 20,
          "column": 33
        }
      },
      "11": {
        "start": {
          "line": 21,
          "column": 12
        },
        "end": {
          "line": 21,
          "column": 17
        }
      },
      "12": {
        "start": {
          "line": 23,
          "column": 12
        },
        "end": {
          "line": 23,
          "column": 36
        }
      },
      "13": {
        "start": {
          "line": 29,
          "column": 21
        },
        "end": {
          "line": 29,
          "column": 27
        }
      },
      "14": {
        "start": {
          "line": 30,
          "column": 31
        },
        "end": {
          "line": 30,
          "column": 39
        }
      },
      "15": {
        "start": {
          "line": 31,
          "column": 4
        },
        "end": {
          "line": 37,
          "column": 5
        }
      },
      "16": {
        "start": {
          "line": 33,
          "column": 8
        },
        "end": {
          "line": 33,
          "column": 35
        }
      },
      "17": {
        "start": {
          "line": 34,
          "column": 8
        },
        "end": {
          "line": 34,
          "column": 13
        }
      },
      "18": {
        "start": {
          "line": 40,
          "column": 31
        },
        "end": {
          "line": 40,
          "column": 39
        }
      },
      "19": {
        "start": {
          "line": 41,
          "column": 4
        },
        "end": {
          "line": 41,
          "column": 48
        }
      },
      "20": {
        "start": {
          "line": 42,
          "column": 4
        },
        "end": {
          "line": 42,
          "column": 49
        }
      },
      "21": {
        "start": {
          "line": 43,
          "column": 4
        },
        "end": {
          "line": 56,
          "column": 5
        }
      },
      "22": {
        "start": {
          "line": 44,
          "column": 23
        },
        "end": {
          "line": 44,
          "column": 58
        }
      },
      "23": {
        "start": {
          "line": 46,
          "column": 6
        },
        "end": {
          "line": 46,
          "column": 49
        }
      },
      "24": {
        "start": {
          "line": 48,
          "column": 6
        },
        "end": {
          "line": 48,
          "column": 48
        }
      },
      "25": {
        "start": {
          "line": 49,
          "column": 6
        },
        "end": {
          "line": 55,
          "column": 7
        }
      },
      "26": {
        "start": {
          "line": 49,
          "column": 19
        },
        "end": {
          "line": 49,
          "column": 20
        }
      },
      "27": {
        "start": {
          "line": 50,
          "column": 24
        },
        "end": {
          "line": 50,
          "column": 39
        }
      },
      "28": {
        "start": {
          "line": 51,
          "column": 8
        },
        "end": {
          "line": 54,
          "column": 9
        }
      },
      "29": {
        "start": {
          "line": 53,
          "column": 10
        },
        "end": {
          "line": 53,
          "column": 35
        }
      },
      "30": {
        "start": {
          "line": 59,
          "column": 4
        },
        "end": {
          "line": 59,
          "column": 52
        }
      },
      "31": {
        "start": {
          "line": 60,
          "column": 4
        },
        "end": {
          "line": 60,
          "column": 33
        }
      },
      "32": {
        "start": {
          "line": 63,
          "column": 4
        },
        "end": {
          "line": 63,
          "column": 53
        }
      },
      "33": {
        "start": {
          "line": 64,
          "column": 4
        },
        "end": {
          "line": 64,
          "column": 45
        }
      },
      "34": {
        "start": {
          "line": 65,
          "column": 4
        },
        "end": {
          "line": 65,
          "column": 32
        }
      },
      "35": {
        "start": {
          "line": 66,
          "column": 4
        },
        "end": {
          "line": 70,
          "column": 5
        }
      },
      "36": {
        "start": {
          "line": 71,
          "column": 4
        },
        "end": {
          "line": 73,
          "column": 6
        }
      },
      "37": {
        "start": {
          "line": 74,
          "column": 4
        },
        "end": {
          "line": 74,
          "column": 46
        }
      },
      "38": {
        "start": {
          "line": 79,
          "column": 4
        },
        "end": {
          "line": 81,
          "column": 5
        }
      },
      "39": {
        "start": {
          "line": 80,
          "column": 6
        },
        "end": {
          "line": 80,
          "column": 70
        }
      },
      "40": {
        "start": {
          "line": 83,
          "column": 4
        },
        "end": {
          "line": 83,
          "column": 35
        }
      },
      "41": {
        "start": {
          "line": 86,
          "column": 4
        },
        "end": {
          "line": 86,
          "column": 45
        }
      },
      "42": {
        "start": {
          "line": 89,
          "column": 30
        },
        "end": {
          "line": 89,
          "column": 41
        }
      },
      "43": {
        "start": {
          "line": 90,
          "column": 4
        },
        "end": {
          "line": 90,
          "column": 54
        }
      },
      "44": {
        "start": {
          "line": 94,
          "column": 20
        },
        "end": {
          "line": 97,
          "column": 5
        }
      },
      "45": {
        "start": {
          "line": 98,
          "column": 4
        },
        "end": {
          "line": 98,
          "column": 30
        }
      },
      "46": {
        "start": {
          "line": 102,
          "column": 4
        },
        "end": {
          "line": 102,
          "column": 26
        }
      },
      "47": {
        "start": {
          "line": 105,
          "column": 16
        },
        "end": {
          "line": 105,
          "column": 26
        }
      }
    },
    "fnMap": {
      "0": {
        "name": "(anonymous_0)",
        "decl": {
          "start": {
            "line": 8,
            "column": 2
          },
          "end": {
            "line": 8,
            "column": 3
          }
        },
        "loc": {
          "start": {
            "line": 8,
            "column": 16
          },
          "end": {
            "line": 27,
            "column": 3
          }
        },
        "line": 8
      },
      "1": {
        "name": "(anonymous_1)",
        "decl": {
          "start": {
            "line": 14,
            "column": 15
          },
          "end": {
            "line": 14,
            "column": 16
          }
        },
        "loc": {
          "start": {
            "line": 14,
            "column": 36
          },
          "end": {
            "line": 26,
            "column": 5
          }
        },
        "line": 14
      },
      "2": {
        "name": "(anonymous_2)",
        "decl": {
          "start": {
            "line": 28,
            "column": 2
          },
          "end": {
            "line": 28,
            "column": 3
          }
        },
        "loc": {
          "start": {
            "line": 28,
            "column": 27
          },
          "end": {
            "line": 38,
            "column": 3
          }
        },
        "line": 28
      },
      "3": {
        "name": "(anonymous_3)",
        "decl": {
          "start": {
            "line": 39,
            "column": 2
          },
          "end": {
            "line": 39,
            "column": 3
          }
        },
        "loc": {
          "start": {
            "line": 39,
            "column": 26
          },
          "end": {
            "line": 57,
            "column": 3
          }
        },
        "line": 39
      },
      "4": {
        "name": "(anonymous_4)",
        "decl": {
          "start": {
            "line": 58,
            "column": 2
          },
          "end": {
            "line": 58,
            "column": 3
          }
        },
        "loc": {
          "start": {
            "line": 58,
            "column": 22
          },
          "end": {
            "line": 61,
            "column": 3
          }
        },
        "line": 58
      },
      "5": {
        "name": "(anonymous_5)",
        "decl": {
          "start": {
            "line": 62,
            "column": 2
          },
          "end": {
            "line": 62,
            "column": 3
          }
        },
        "loc": {
          "start": {
            "line": 62,
            "column": 10
          },
          "end": {
            "line": 75,
            "column": 3
          }
        },
        "line": 62
      },
      "6": {
        "name": "(anonymous_6)",
        "decl": {
          "start": {
            "line": 76,
            "column": 2
          },
          "end": {
            "line": 76,
            "column": 3
          }
        },
        "loc": {
          "start": {
            "line": 76,
            "column": 20
          },
          "end": {
            "line": 91,
            "column": 3
          }
        },
        "line": 76
      },
      "7": {
        "name": "(anonymous_7)",
        "decl": {
          "start": {
            "line": 93,
            "column": 2
          },
          "end": {
            "line": 93,
            "column": 3
          }
        },
        "loc": {
          "start": {
            "line": 93,
            "column": 29
          },
          "end": {
            "line": 99,
            "column": 3
          }
        },
        "line": 93
      },
      "8": {
        "name": "(anonymous_8)",
        "decl": {
          "start": {
            "line": 101,
            "column": 2
          },
          "end": {
            "line": 101,
            "column": 3
          }
        },
        "loc": {
          "start": {
            "line": 101,
            "column": 16
          },
          "end": {
            "line": 103,
            "column": 3
          }
        },
        "line": 101
      },
      "9": {
        "name": "(anonymous_9)",
        "decl": {
          "start": {
            "line": 104,
            "column": 2
          },
          "end": {
            "line": 104,
            "column": 3
          }
        },
        "loc": {
          "start": {
            "line": 104,
            "column": 15
          },
          "end": {
            "line": 106,
            "column": 3
          }
        },
        "line": 104
      }
    },
    "branchMap": {
      "0": {
        "loc": {
          "start": {
            "line": 15,
            "column": 6
          },
          "end": {
            "line": 25,
            "column": 7
          }
        },
        "type": "if",
        "locations": [
          {
            "start": {
              "line": 15,
              "column": 6
            },
            "end": {
              "line": 25,
              "column": 7
            }
          },
          {
            "start": {
              "line": 15,
              "column": 6
            },
            "end": {
              "line": 25,
              "column": 7
            }
          }
        ],
        "line": 15
      },
      "1": {
        "loc": {
          "start": {
            "line": 18,
            "column": 8
          },
          "end": {
            "line": 24,
            "column": 9
          }
        },
        "type": "switch",
        "locations": [
          {
            "start": {
              "line": 19,
              "column": 10
            },
            "end": {
              "line": 21,
              "column": 17
            }
          },
          {
            "start": {
              "line": 22,
              "column": 10
            },
            "end": {
              "line": 23,
              "column": 36
            }
          }
        ],
        "line": 18
      },
      "2": {
        "loc": {
          "start": {
            "line": 31,
            "column": 4
          },
          "end": {
            "line": 37,
            "column": 5
          }
        },
        "type": "switch",
        "locations": [
          {
            "start": {
              "line": 32,
              "column": 6
            },
            "end": {
              "line": 34,
              "column": 13
            }
          },
          {
            "start": {
              "line": 35,
              "column": 6
            },
            "end": {
              "line": 35,
              "column": 14
            }
          }
        ],
        "line": 31
      },
      "3": {
        "loc": {
          "start": {
            "line": 43,
            "column": 4
          },
          "end": {
            "line": 56,
            "column": 5
          }
        },
        "type": "if",
        "locations": [
          {
            "start": {
              "line": 43,
              "column": 4
            },
            "end": {
              "line": 56,
              "column": 5
            }
          },
          {
            "start": {
              "line": 43,
              "column": 4
            },
            "end": {
              "line": 56,
              "column": 5
            }
          }
        ],
        "line": 43
      },
      "4": {
        "loc": {
          "start": {
            "line": 51,
            "column": 8
          },
          "end": {
            "line": 54,
            "column": 9
          }
        },
        "type": "if",
        "locations": [
          {
            "start": {
              "line": 51,
              "column": 8
            },
            "end": {
              "line": 54,
              "column": 9
            }
          },
          {
            "start": {
              "line": 51,
              "column": 8
            },
            "end": {
              "line": 54,
              "column": 9
            }
          }
        ],
        "line": 51
      },
      "5": {
        "loc": {
          "start": {
            "line": 79,
            "column": 4
          },
          "end": {
            "line": 81,
            "column": 5
          }
        },
        "type": "if",
        "locations": [
          {
            "start": {
              "line": 79,
              "column": 4
            },
            "end": {
              "line": 81,
              "column": 5
            }
          },
          {
            "start": {
              "line": 79,
              "column": 4
            },
            "end": {
              "line": 81,
              "column": 5
            }
          }
        ],
        "line": 79
      }
    },
    "s": {
      "0": 1,
      "1": 1,
      "2": 1,
      "3": 1,
      "4": 1,
      "5": 1,
      "6": 4,
      "7": 4,
      "8": 4,
      "9": 4,
      "10": 4,
      "11": 4,
      "12": 0,
      "13": 0,
      "14": 0,
      "15": 0,
      "16": 0,
      "17": 0,
      "18": 0,
      "19": 0,
      "20": 0,
      "21": 0,
      "22": 0,
      "23": 0,
      "24": 0,
      "25": 0,
      "26": 0,
      "27": 0,
      "28": 0,
      "29": 0,
      "30": 1,
      "31": 1,
      "32": 1,
      "33": 1,
      "34": 1,
      "35": 1,
      "36": 1,
      "37": 1,
      "38": 4,
      "39": 4,
      "40": 4,
      "41": 4,
      "42": 4,
      "43": 4,
      "44": 4,
      "45": 4,
      "46": 0,
      "47": 0
    },
    "f": {
      "0": 1,
      "1": 4,
      "2": 0,
      "3": 0,
      "4": 1,
      "5": 1,
      "6": 4,
      "7": 4,
      "8": 0,
      "9": 0
    },
    "b": {
      "0": [
        4,
        0
      ],
      "1": [
        4,
        0
      ],
      "2": [
        0,
        0
      ],
      "3": [
        0,
        0
      ],
      "4": [
        0,
        0
      ],
      "5": [
        4,
        0
      ]
    },
    "_coverageSchema": "1a1c01bbd47fc00a2c39e90264f33305004495a9",
    "hash": "f49b61e74a8bda90d2f6c3f65b472657e847b6e7"
  }
}