<?xml version="1.0" encoding="UTF-8"?>
<coverage generated="1613654025177" clover="3.2.0">
  <project timestamp="1613654025177" name="All files">
    <metrics statements="256" coveredstatements="237" conditionals="112" coveredconditionals="66" methods="45" coveredmethods="45" elements="413" coveredelements="348" complexity="0" loc="256" ncloc="256" packages="1" files="5" classes="5"/>
    <file name="DataEntity.js" path="/Users/admin/apps/voodux/src/DataEntity.js">
      <metrics statements="132" coveredstatements="116" conditionals="59" coveredconditionals="29" methods="13" coveredmethods="13"/>
      <line num="115" count="12" type="stmt"/>
      <line num="116" count="12" type="stmt"/>
      <line num="133" count="12" type="stmt"/>
      <line num="140" count="12" type="stmt"/>
      <line num="141" count="12" type="stmt"/>
      <line num="148" count="12" type="stmt"/>
      <line num="152" count="12" type="stmt"/>
      <line num="154" count="12" type="stmt"/>
      <line num="156" count="12" type="stmt"/>
      <line num="167" count="8" type="stmt"/>
      <line num="178" count="4" type="stmt"/>
      <line num="189" count="8" type="stmt"/>
      <line num="200" count="22" type="stmt"/>
      <line num="201" count="22" type="stmt"/>
      <line num="202" count="22" type="stmt"/>
      <line num="222" count="16" type="cond" truecount="1" falsecount="1"/>
      <line num="225" count="16" type="cond" truecount="2" falsecount="0"/>
      <line num="226" count="8" type="stmt"/>
      <line num="228" count="8" type="stmt"/>
      <line num="229" count="8" type="stmt"/>
      <line num="230" count="8" type="stmt"/>
      <line num="231" count="8" type="stmt"/>
      <line num="232" count="8" type="stmt"/>
      <line num="234" count="8" type="stmt"/>
      <line num="236" count="8" type="stmt"/>
      <line num="237" count="8" type="cond" truecount="1" falsecount="1"/>
      <line num="238" count="0" type="stmt"/>
      <line num="240" count="8" type="stmt"/>
      <line num="243" count="8" type="cond" truecount="2" falsecount="2"/>
      <line num="244" count="0" type="stmt"/>
      <line num="247" count="8" type="stmt"/>
      <line num="248" count="8" type="stmt"/>
      <line num="251" count="8" type="stmt"/>
      <line num="255" count="0" type="stmt"/>
      <line num="258" count="8" type="cond" truecount="1" falsecount="1"/>
      <line num="259" count="8" type="stmt"/>
      <line num="272" count="8" type="stmt"/>
      <line num="273" count="8" type="stmt"/>
      <line num="281" count="8" type="stmt"/>
      <line num="289" count="8" type="stmt"/>
      <line num="290" count="8" type="stmt"/>
      <line num="314" count="24" type="cond" truecount="1" falsecount="1"/>
      <line num="317" count="24" type="cond" truecount="2" falsecount="0"/>
      <line num="318" count="10" type="stmt"/>
      <line num="320" count="14" type="cond" truecount="2" falsecount="0"/>
      <line num="321" count="2" type="stmt"/>
      <line num="323" count="12" type="cond" truecount="2" falsecount="0"/>
      <line num="324" count="2" type="stmt"/>
      <line num="326" count="10" type="cond" truecount="2" falsecount="0"/>
      <line num="327" count="2" type="stmt"/>
      <line num="329" count="8" type="stmt"/>
      <line num="330" count="8" type="stmt"/>
      <line num="331" count="8" type="stmt"/>
      <line num="332" count="8" type="stmt"/>
      <line num="333" count="8" type="stmt"/>
      <line num="334" count="8" type="stmt"/>
      <line num="335" count="8" type="stmt"/>
      <line num="336" count="8" type="cond" truecount="2" falsecount="0"/>
      <line num="337" count="2" type="stmt"/>
      <line num="339" count="6" type="stmt"/>
      <line num="340" count="6" type="stmt"/>
      <line num="342" count="6" type="stmt"/>
      <line num="346" count="6" type="stmt"/>
      <line num="357" count="0" type="stmt"/>
      <line num="359" count="6" type="stmt"/>
      <line num="360" count="6" type="stmt"/>
      <line num="373" count="6" type="stmt"/>
      <line num="374" count="6" type="stmt"/>
      <line num="385" count="6" type="stmt"/>
      <line num="396" count="6" type="stmt"/>
      <line num="397" count="6" type="stmt"/>
      <line num="410" count="6" type="stmt"/>
      <line num="411" count="6" type="stmt"/>
      <line num="412" count="6" type="stmt"/>
      <line num="413" count="6" type="stmt"/>
      <line num="414" count="6" type="stmt"/>
      <line num="415" count="6" type="stmt"/>
      <line num="419" count="6" type="stmt"/>
      <line num="421" count="0" type="stmt"/>
      <line num="423" count="6" type="stmt"/>
      <line num="424" count="6" type="stmt"/>
      <line num="436" count="6" type="stmt"/>
      <line num="437" count="6" type="stmt"/>
      <line num="447" count="6" type="stmt"/>
      <line num="457" count="6" type="stmt"/>
      <line num="458" count="6" type="stmt"/>
      <line num="471" count="4" type="stmt"/>
      <line num="472" count="4" type="stmt"/>
      <line num="473" count="4" type="stmt"/>
      <line num="474" count="4" type="stmt"/>
      <line num="475" count="4" type="stmt"/>
      <line num="479" count="4" type="cond" truecount="1" falsecount="1"/>
      <line num="481" count="4" type="cond" truecount="1" falsecount="1"/>
      <line num="482" count="4" type="stmt"/>
      <line num="486" count="0" type="stmt"/>
      <line num="488" count="4" type="stmt"/>
      <line num="501" count="8" type="stmt"/>
      <line num="502" count="8" type="stmt"/>
      <line num="503" count="8" type="stmt"/>
      <line num="504" count="8" type="stmt"/>
      <line num="509" count="8" type="stmt"/>
      <line num="511" count="0" type="stmt"/>
      <line num="513" count="8" type="stmt"/>
      <line num="534" count="8" type="stmt"/>
      <line num="535" count="8" type="stmt"/>
      <line num="536" count="8" type="stmt"/>
      <line num="537" count="8" type="stmt"/>
      <line num="538" count="8" type="stmt"/>
      <line num="546" count="8" type="stmt"/>
      <line num="548" count="0" type="stmt"/>
      <line num="550" count="8" type="stmt"/>
      <line num="567" count="8" type="stmt"/>
      <line num="568" count="8" type="stmt"/>
      <line num="569" count="8" type="stmt"/>
      <line num="570" count="8" type="stmt"/>
      <line num="574" count="8" type="stmt"/>
      <line num="576" count="0" type="stmt"/>
      <line num="578" count="8" type="stmt"/>
      <line num="593" count="12" type="stmt"/>
      <line num="594" count="16" type="cond" truecount="1" falsecount="1"/>
      <line num="596" count="0" type="stmt"/>
      <line num="597" count="0" type="cond" truecount="0" falsecount="2"/>
      <line num="600" count="0" type="stmt"/>
      <line num="601" count="0" type="stmt"/>
      <line num="603" count="0" type="stmt"/>
      <line num="610" count="0" type="stmt"/>
      <line num="611" count="0" type="stmt"/>
      <line num="635" count="20" type="stmt"/>
      <line num="639" count="20" type="stmt"/>
      <line num="640" count="20" type="stmt"/>
      <line num="641" count="20" type="stmt"/>
      <line num="642" count="20" type="stmt"/>
    </file>
    <file name="EventSystem.js" path="/Users/admin/apps/voodux/src/EventSystem.js">
      <metrics statements="20" coveredstatements="20" conditionals="8" coveredconditionals="5" methods="6" coveredmethods="6"/>
      <line num="7" count="15" type="stmt"/>
      <line num="11" count="4" type="stmt"/>
      <line num="12" count="4" type="stmt"/>
      <line num="13" count="4" type="stmt"/>
      <line num="18" count="4" type="stmt"/>
      <line num="22" count="44" type="cond" truecount="1" falsecount="1"/>
      <line num="24" count="44" type="stmt"/>
      <line num="25" count="6" type="cond" truecount="2" falsecount="0"/>
      <line num="27" count="4" type="stmt"/>
      <line num="28" count="4" type="cond" truecount="1" falsecount="1"/>
      <line num="29" count="4" type="stmt"/>
      <line num="30" count="4" type="stmt"/>
      <line num="37" count="4" type="stmt"/>
      <line num="43" count="4" type="stmt"/>
      <line num="44" count="4" type="stmt"/>
      <line num="45" count="4" type="stmt"/>
      <line num="47" count="4" type="cond" truecount="1" falsecount="1"/>
      <line num="49" count="4" type="stmt"/>
      <line num="50" count="4" type="stmt"/>
      <line num="54" count="4" type="stmt"/>
    </file>
    <file name="Foundation.js" path="/Users/admin/apps/voodux/src/Foundation.js">
      <metrics statements="57" coveredstatements="54" conditionals="19" coveredconditionals="10" methods="16" coveredmethods="16"/>
      <line num="184" count="3" type="stmt"/>
      <line num="185" count="3" type="stmt"/>
      <line num="186" count="3" type="stmt"/>
      <line num="187" count="3" type="stmt"/>
      <line num="188" count="3" type="stmt"/>
      <line num="189" count="3" type="stmt"/>
      <line num="190" count="3" type="stmt"/>
      <line num="191" count="3" type="stmt"/>
      <line num="192" count="3" type="cond" truecount="2" falsecount="0"/>
      <line num="193" count="3" type="stmt"/>
      <line num="194" count="3" type="stmt"/>
      <line num="195" count="3" type="stmt"/>
      <line num="205" count="1" type="stmt"/>
      <line num="214" count="24" type="stmt"/>
      <line num="233" count="3" type="stmt"/>
      <line num="243" count="22" type="stmt"/>
      <line num="253" count="4" type="stmt"/>
      <line num="264" count="1" type="stmt"/>
      <line num="273" count="1" type="stmt"/>
      <line num="283" count="1" type="stmt"/>
      <line num="297" count="10" type="stmt"/>
      <line num="298" count="10" type="stmt"/>
      <line num="300" count="10" type="stmt"/>
      <line num="301" count="10" type="stmt"/>
      <line num="302" count="10" type="stmt"/>
      <line num="313" count="10" type="stmt"/>
      <line num="402" count="2" type="stmt"/>
      <line num="406" count="4" type="stmt"/>
      <line num="407" count="4" type="stmt"/>
      <line num="408" count="4" type="stmt"/>
      <line num="409" count="8" type="cond" truecount="1" falsecount="1"/>
      <line num="411" count="8" type="stmt"/>
      <line num="412" count="8" type="stmt"/>
      <line num="413" count="8" type="stmt"/>
      <line num="419" count="8" type="stmt"/>
      <line num="432" count="1" type="stmt"/>
      <line num="442" count="4" type="stmt"/>
      <line num="443" count="4" type="stmt"/>
      <line num="452" count="4" type="cond" truecount="2" falsecount="0"/>
      <line num="453" count="4" type="cond" truecount="1" falsecount="1"/>
      <line num="454" count="0" type="stmt"/>
      <line num="456" count="4" type="stmt"/>
      <line num="458" count="4" type="stmt"/>
      <line num="545" count="4" type="stmt"/>
      <line num="546" count="4" type="stmt"/>
      <line num="547" count="4" type="stmt"/>
      <line num="548" count="4" type="stmt"/>
      <line num="549" count="4" type="stmt"/>
      <line num="551" count="4" type="stmt"/>
      <line num="553" count="4" type="cond" truecount="2" falsecount="0"/>
      <line num="554" count="1" type="stmt"/>
      <line num="556" count="3" type="stmt"/>
      <line num="557" count="3" type="stmt"/>
      <line num="567" count="0" type="stmt"/>
      <line num="568" count="0" type="stmt"/>
      <line num="571" count="4" type="stmt"/>
      <line num="577" count="4" type="stmt"/>
    </file>
    <file name="LocalDatabaseTransport.js" path="/Users/admin/apps/voodux/src/LocalDatabaseTransport.js">
      <metrics statements="22" coveredstatements="22" conditionals="6" coveredconditionals="5" methods="3" coveredmethods="3"/>
      <line num="6" count="5" type="stmt"/>
      <line num="72" count="5" type="stmt"/>
      <line num="73" count="5" type="stmt"/>
      <line num="74" count="5" type="stmt"/>
      <line num="75" count="5" type="stmt"/>
      <line num="76" count="5" type="stmt"/>
      <line num="77" count="5" type="stmt"/>
      <line num="81" count="7" type="stmt"/>
      <line num="82" count="16" type="cond" truecount="1" falsecount="1"/>
      <line num="84" count="16" type="stmt"/>
      <line num="111" count="16" type="stmt"/>
      <line num="112" count="16" type="stmt"/>
      <line num="127" count="7" type="stmt"/>
      <line num="128" count="7" type="stmt"/>
      <line num="129" count="7" type="stmt"/>
      <line num="130" count="7" type="stmt"/>
      <line num="132" count="7" type="stmt"/>
      <line num="140" count="5" type="stmt"/>
      <line num="141" count="5" type="stmt"/>
      <line num="143" count="2" type="stmt"/>
      <line num="144" count="2" type="stmt"/>
      <line num="146" count="7" type="stmt"/>
    </file>
    <file name="utils.js" path="/Users/admin/apps/voodux/src/utils.js">
      <metrics statements="25" coveredstatements="25" conditionals="20" coveredconditionals="17" methods="7" coveredmethods="7"/>
      <line num="21" count="5" type="cond" truecount="2" falsecount="0"/>
      <line num="22" count="98" type="stmt"/>
      <line num="32" count="10014" type="stmt"/>
      <line num="33" count="310434" type="stmt"/>
      <line num="34" count="310434" type="cond" truecount="2" falsecount="0"/>
      <line num="35" count="310434" type="stmt"/>
      <line num="46" count="17" type="cond" truecount="2" falsecount="0"/>
      <line num="47" count="2" type="stmt"/>
      <line num="49" count="15" type="stmt"/>
      <line num="62" count="17" type="stmt"/>
      <line num="63" count="17" type="stmt"/>
      <line num="64" count="71" type="cond" truecount="1" falsecount="1"/>
      <line num="65" count="71" type="stmt"/>
      <line num="72" count="71" type="stmt"/>
      <line num="74" count="71" type="cond" truecount="4" falsecount="0"/>
      <line num="75" count="17" type="stmt"/>
      <line num="77" count="54" type="cond" truecount="2" falsecount="0"/>
      <line num="78" count="13" type="stmt"/>
      <line num="80" count="41" type="cond" truecount="2" falsecount="0"/>
      <line num="81" count="1" type="stmt"/>
      <line num="85" count="41" type="stmt"/>
      <line num="88" count="17" type="cond" truecount="2" falsecount="0"/>
      <line num="102" count="6" type="stmt"/>
      <line num="103" count="3" type="stmt"/>
      <line num="107" count="5" type="stmt"/>
    </file>
  </project>
</coverage>
