<?xml version="1.0" encoding="UTF-8"?>
<coverage generated="1614141714022" clover="3.2.0">
  <project timestamp="1614141714022" name="All files">
    <metrics statements="281" coveredstatements="263" conditionals="95" coveredconditionals="76" methods="48" coveredmethods="48" elements="424" coveredelements="387" complexity="0" loc="281" ncloc="281" packages="1" files="5" classes="5"/>
    <file name="DataEntity.js" path="/Users/admin/apps/voodux/src/DataEntity.js">
      <metrics statements="130" coveredstatements="115" conditionals="36" coveredconditionals="28" methods="13" coveredmethods="13"/>
      <line num="115" count="60" type="stmt"/>
      <line num="125" count="60" type="stmt"/>
      <line num="142" count="60" type="stmt"/>
      <line num="149" count="60" type="stmt"/>
      <line num="150" count="60" type="stmt"/>
      <line num="157" count="60" type="stmt"/>
      <line num="161" count="60" type="stmt"/>
      <line num="163" count="60" type="stmt"/>
      <line num="165" count="60" type="stmt"/>
      <line num="176" count="24" type="stmt"/>
      <line num="187" count="12" type="stmt"/>
      <line num="198" count="24" type="stmt"/>
      <line num="209" count="71" type="stmt"/>
      <line num="210" count="71" type="stmt"/>
      <line num="211" count="71" type="stmt"/>
      <line num="234" count="53" type="cond" truecount="2" falsecount="0"/>
      <line num="235" count="24" type="stmt"/>
      <line num="237" count="29" type="stmt"/>
      <line num="238" count="29" type="stmt"/>
      <line num="239" count="29" type="stmt"/>
      <line num="241" count="29" type="stmt"/>
      <line num="242" count="29" type="stmt"/>
      <line num="244" count="29" type="stmt"/>
      <line num="246" count="29" type="stmt"/>
      <line num="247" count="29" type="cond" truecount="2" falsecount="0"/>
      <line num="248" count="5" type="stmt"/>
      <line num="250" count="24" type="stmt"/>
      <line num="253" count="24" type="cond" truecount="2" falsecount="2"/>
      <line num="254" count="0" type="stmt"/>
      <line num="257" count="24" type="stmt"/>
      <line num="258" count="24" type="stmt"/>
      <line num="261" count="24" type="stmt"/>
      <line num="266" count="0" type="stmt"/>
      <line num="269" count="24" type="cond" truecount="1" falsecount="1"/>
      <line num="270" count="24" type="stmt"/>
      <line num="283" count="24" type="stmt"/>
      <line num="284" count="24" type="stmt"/>
      <line num="292" count="24" type="stmt"/>
      <line num="300" count="24" type="stmt"/>
      <line num="301" count="24" type="stmt"/>
      <line num="328" count="72" type="cond" truecount="2" falsecount="0"/>
      <line num="329" count="30" type="stmt"/>
      <line num="331" count="42" type="cond" truecount="2" falsecount="0"/>
      <line num="332" count="6" type="stmt"/>
      <line num="334" count="36" type="cond" truecount="2" falsecount="0"/>
      <line num="335" count="6" type="stmt"/>
      <line num="337" count="30" type="cond" truecount="2" falsecount="0"/>
      <line num="338" count="6" type="stmt"/>
      <line num="340" count="24" type="stmt"/>
      <line num="341" count="24" type="stmt"/>
      <line num="342" count="24" type="stmt"/>
      <line num="343" count="24" type="stmt"/>
      <line num="344" count="24" type="stmt"/>
      <line num="345" count="24" type="stmt"/>
      <line num="346" count="24" type="stmt"/>
      <line num="347" count="24" type="cond" truecount="2" falsecount="0"/>
      <line num="348" count="6" type="stmt"/>
      <line num="350" count="18" type="stmt"/>
      <line num="351" count="18" type="stmt"/>
      <line num="353" count="18" type="stmt"/>
      <line num="357" count="18" type="stmt"/>
      <line num="368" count="0" type="stmt"/>
      <line num="370" count="18" type="stmt"/>
      <line num="371" count="18" type="stmt"/>
      <line num="384" count="18" type="stmt"/>
      <line num="385" count="18" type="stmt"/>
      <line num="396" count="18" type="stmt"/>
      <line num="407" count="18" type="stmt"/>
      <line num="408" count="18" type="stmt"/>
      <line num="421" count="18" type="stmt"/>
      <line num="422" count="18" type="stmt"/>
      <line num="423" count="18" type="stmt"/>
      <line num="424" count="18" type="stmt"/>
      <line num="425" count="18" type="stmt"/>
      <line num="426" count="18" type="stmt"/>
      <line num="430" count="18" type="stmt"/>
      <line num="432" count="0" type="stmt"/>
      <line num="434" count="18" type="stmt"/>
      <line num="435" count="18" type="stmt"/>
      <line num="447" count="18" type="stmt"/>
      <line num="448" count="18" type="stmt"/>
      <line num="458" count="18" type="stmt"/>
      <line num="468" count="18" type="stmt"/>
      <line num="469" count="18" type="stmt"/>
      <line num="482" count="12" type="stmt"/>
      <line num="483" count="12" type="stmt"/>
      <line num="484" count="12" type="stmt"/>
      <line num="485" count="12" type="stmt"/>
      <line num="486" count="12" type="stmt"/>
      <line num="490" count="12" type="cond" truecount="1" falsecount="1"/>
      <line num="492" count="12" type="cond" truecount="1" falsecount="1"/>
      <line num="493" count="12" type="stmt"/>
      <line num="497" count="0" type="stmt"/>
      <line num="499" count="12" type="stmt"/>
      <line num="512" count="24" type="stmt"/>
      <line num="513" count="24" type="stmt"/>
      <line num="514" count="24" type="stmt"/>
      <line num="515" count="24" type="stmt"/>
      <line num="520" count="24" type="stmt"/>
      <line num="522" count="0" type="stmt"/>
      <line num="524" count="24" type="stmt"/>
      <line num="545" count="24" type="stmt"/>
      <line num="546" count="24" type="stmt"/>
      <line num="547" count="24" type="stmt"/>
      <line num="548" count="24" type="stmt"/>
      <line num="549" count="24" type="stmt"/>
      <line num="557" count="24" type="stmt"/>
      <line num="559" count="0" type="stmt"/>
      <line num="561" count="24" type="stmt"/>
      <line num="578" count="24" type="stmt"/>
      <line num="579" count="24" type="stmt"/>
      <line num="580" count="24" type="stmt"/>
      <line num="581" count="24" type="stmt"/>
      <line num="585" count="24" type="stmt"/>
      <line num="587" count="0" type="stmt"/>
      <line num="589" count="24" type="stmt"/>
      <line num="604" count="60" type="stmt"/>
      <line num="605" count="84" type="cond" truecount="1" falsecount="1"/>
      <line num="607" count="0" type="stmt"/>
      <line num="608" count="0" type="cond" truecount="0" falsecount="2"/>
      <line num="611" count="0" type="stmt"/>
      <line num="612" count="0" type="stmt"/>
      <line num="614" count="0" type="stmt"/>
      <line num="621" count="0" type="stmt"/>
      <line num="622" count="0" type="stmt"/>
      <line num="647" count="60" type="stmt"/>
      <line num="651" count="60" type="stmt"/>
      <line num="652" count="60" type="stmt"/>
      <line num="653" count="60" type="stmt"/>
      <line num="654" count="60" type="stmt"/>
    </file>
    <file name="EventSystem.js" path="/Users/admin/apps/voodux/src/EventSystem.js">
      <metrics statements="20" coveredstatements="20" conditionals="8" coveredconditionals="5" methods="6" coveredmethods="6"/>
      <line num="7" count="72" type="stmt"/>
      <line num="11" count="12" type="stmt"/>
      <line num="12" count="12" type="stmt"/>
      <line num="13" count="12" type="stmt"/>
      <line num="18" count="12" type="stmt"/>
      <line num="22" count="138" type="cond" truecount="1" falsecount="1"/>
      <line num="24" count="138" type="stmt"/>
      <line num="25" count="18" type="cond" truecount="2" falsecount="0"/>
      <line num="27" count="12" type="stmt"/>
      <line num="28" count="12" type="cond" truecount="1" falsecount="1"/>
      <line num="29" count="12" type="stmt"/>
      <line num="30" count="12" type="stmt"/>
      <line num="37" count="12" type="stmt"/>
      <line num="43" count="12" type="stmt"/>
      <line num="44" count="12" type="stmt"/>
      <line num="45" count="12" type="stmt"/>
      <line num="47" count="12" type="cond" truecount="1" falsecount="1"/>
      <line num="49" count="12" type="stmt"/>
      <line num="50" count="12" type="stmt"/>
      <line num="54" count="12" type="stmt"/>
    </file>
    <file name="Foundation.js" path="/Users/admin/apps/voodux/src/Foundation.js">
      <metrics statements="57" coveredstatements="54" conditionals="13" coveredconditionals="10" methods="16" coveredmethods="16"/>
      <line num="184" count="12" type="stmt"/>
      <line num="185" count="12" type="stmt"/>
      <line num="186" count="12" type="stmt"/>
      <line num="187" count="12" type="stmt"/>
      <line num="188" count="12" type="stmt"/>
      <line num="189" count="12" type="stmt"/>
      <line num="190" count="12" type="stmt"/>
      <line num="191" count="12" type="stmt"/>
      <line num="192" count="12" type="cond" truecount="2" falsecount="0"/>
      <line num="193" count="12" type="stmt"/>
      <line num="194" count="12" type="stmt"/>
      <line num="197" count="12" type="stmt"/>
      <line num="207" count="6" type="stmt"/>
      <line num="216" count="78" type="stmt"/>
      <line num="235" count="12" type="stmt"/>
      <line num="245" count="72" type="stmt"/>
      <line num="255" count="24" type="stmt"/>
      <line num="266" count="6" type="stmt"/>
      <line num="275" count="6" type="stmt"/>
      <line num="285" count="6" type="stmt"/>
      <line num="299" count="54" type="stmt"/>
      <line num="300" count="54" type="stmt"/>
      <line num="302" count="54" type="stmt"/>
      <line num="303" count="54" type="stmt"/>
      <line num="304" count="54" type="stmt"/>
      <line num="315" count="55" type="stmt"/>
      <line num="404" count="6" type="stmt"/>
      <line num="408" count="18" type="stmt"/>
      <line num="409" count="18" type="stmt"/>
      <line num="410" count="18" type="stmt"/>
      <line num="411" count="48" type="cond" truecount="1" falsecount="1"/>
      <line num="413" count="48" type="stmt"/>
      <line num="414" count="48" type="stmt"/>
      <line num="415" count="48" type="stmt"/>
      <line num="421" count="48" type="stmt"/>
      <line num="434" count="6" type="stmt"/>
      <line num="444" count="18" type="stmt"/>
      <line num="445" count="18" type="stmt"/>
      <line num="454" count="18" type="cond" truecount="2" falsecount="0"/>
      <line num="455" count="18" type="cond" truecount="1" falsecount="1"/>
      <line num="456" count="0" type="stmt"/>
      <line num="458" count="18" type="stmt"/>
      <line num="460" count="18" type="stmt"/>
      <line num="547" count="18" type="stmt"/>
      <line num="548" count="18" type="stmt"/>
      <line num="549" count="18" type="stmt"/>
      <line num="550" count="18" type="stmt"/>
      <line num="551" count="18" type="stmt"/>
      <line num="553" count="18" type="stmt"/>
      <line num="555" count="18" type="cond" truecount="2" falsecount="0"/>
      <line num="556" count="6" type="stmt"/>
      <line num="558" count="12" type="stmt"/>
      <line num="559" count="12" type="stmt"/>
      <line num="569" count="0" type="stmt"/>
      <line num="570" count="0" type="stmt"/>
      <line num="573" count="18" type="stmt"/>
      <line num="579" count="18" type="stmt"/>
    </file>
    <file name="LocalDatabaseTransport.js" path="/Users/admin/apps/voodux/src/LocalDatabaseTransport.js">
      <metrics statements="22" coveredstatements="22" conditionals="4" coveredconditionals="3" methods="3" coveredmethods="3"/>
      <line num="6" count="25" type="stmt"/>
      <line num="72" count="26" type="stmt"/>
      <line num="73" count="26" type="stmt"/>
      <line num="74" count="26" type="stmt"/>
      <line num="75" count="26" type="stmt"/>
      <line num="76" count="26" type="stmt"/>
      <line num="77" count="26" type="stmt"/>
      <line num="81" count="39" type="stmt"/>
      <line num="82" count="88" type="cond" truecount="1" falsecount="1"/>
      <line num="84" count="88" type="stmt"/>
      <line num="111" count="88" type="stmt"/>
      <line num="112" count="88" type="stmt"/>
      <line num="127" count="39" type="stmt"/>
      <line num="128" count="39" type="stmt"/>
      <line num="129" count="39" type="stmt"/>
      <line num="130" count="39" type="stmt"/>
      <line num="132" count="39" type="stmt"/>
      <line num="140" count="26" type="stmt"/>
      <line num="141" count="26" type="stmt"/>
      <line num="143" count="13" type="stmt"/>
      <line num="144" count="13" type="stmt"/>
      <line num="146" count="39" type="stmt"/>
    </file>
    <file name="utils.js" path="/Users/admin/apps/voodux/src/utils.js">
      <metrics statements="52" coveredstatements="52" conditionals="34" coveredconditionals="30" methods="10" coveredmethods="10"/>
      <line num="21" count="25" type="cond" truecount="2" falsecount="0"/>
      <line num="22" count="356" type="stmt"/>
      <line num="32" count="60060" type="stmt"/>
      <line num="33" count="1861860" type="stmt"/>
      <line num="34" count="1861860" type="cond" truecount="2" falsecount="0"/>
      <line num="35" count="1861860" type="stmt"/>
      <line num="47" count="30" type="stmt"/>
      <line num="48" count="30" type="stmt"/>
      <line num="49" count="30" type="stmt"/>
      <line num="60" count="60" type="cond" truecount="2" falsecount="0"/>
      <line num="61" count="12" type="stmt"/>
      <line num="63" count="48" type="stmt"/>
      <line num="77" count="94" type="stmt"/>
      <line num="78" count="94" type="stmt"/>
      <line num="79" count="94" type="stmt"/>
      <line num="80" count="396" type="cond" truecount="1" falsecount="1"/>
      <line num="81" count="396" type="stmt"/>
      <line num="85" count="396" type="cond" truecount="1" falsecount="0"/>
      <line num="86" count="396" type="cond" truecount="4" falsecount="0"/>
      <line num="87" count="94" type="stmt"/>
      <line num="89" count="302" type="cond" truecount="2" falsecount="0"/>
      <line num="90" count="88" type="stmt"/>
      <line num="91" count="88" type="stmt"/>
      <line num="93" count="214" type="cond" truecount="2" falsecount="0"/>
      <line num="94" count="6" type="stmt"/>
      <line num="96" count="214" type="cond" truecount="2" falsecount="0"/>
      <line num="97" count="6" type="stmt"/>
      <line num="99" count="214" type="stmt"/>
      <line num="103" count="94" type="stmt"/>
      <line num="105" count="94" type="cond" truecount="2" falsecount="0"/>
      <line num="107" count="6" type="cond" truecount="1" falsecount="1"/>
      <line num="110" count="88" type="cond" truecount="2" falsecount="0"/>
      <line num="126" count="94" type="stmt"/>
      <line num="127" count="94" type="stmt"/>
      <line num="129" count="94" type="cond" truecount="2" falsecount="0"/>
      <line num="130" count="88" type="stmt"/>
      <line num="132" count="6" type="stmt"/>
      <line num="133" count="18" type="stmt"/>
      <line num="135" count="18" type="cond" truecount="2" falsecount="0"/>
      <line num="136" count="6" type="stmt"/>
      <line num="139" count="12" type="stmt"/>
      <line num="140" count="12" type="stmt"/>
      <line num="141" count="18" type="stmt"/>
      <line num="142" count="18" type="stmt"/>
      <line num="144" count="18" type="cond" truecount="2" falsecount="0"/>
      <line num="145" count="6" type="stmt"/>
      <line num="146" count="12" type="stmt"/>
      <line num="149" count="6" type="stmt"/>
      <line num="154" count="6" type="stmt"/>
      <line num="168" count="36" type="stmt"/>
      <line num="169" count="18" type="stmt"/>
      <line num="173" count="25" type="stmt"/>
    </file>
  </project>
</coverage>
