{"/Users/admin/apps/voodux/src/DataEntity.js": {"path":"/Users/admin/apps/voodux/src/DataEntity.js","statementMap":{"0":{"start":{"line":115,"column":4},"end":{"line":115,"column":11}},"1":{"start":{"line":116,"column":4},"end":{"line":116,"column":26}},"2":{"start":{"line":133,"column":4},"end":{"line":133,"column":30}},"3":{"start":{"line":140,"column":4},"end":{"line":140,"column":26}},"4":{"start":{"line":141,"column":4},"end":{"line":141,"column":34}},"5":{"start":{"line":148,"column":4},"end":{"line":151,"column":5}},"6":{"start":{"line":152,"column":4},"end":{"line":152,"column":78}},"7":{"start":{"line":154,"column":4},"end":{"line":154,"column":84}},"8":{"start":{"line":156,"column":4},"end":{"line":156,"column":49}},"9":{"start":{"line":167,"column":4},"end":{"line":167,"column":24}},"10":{"start":{"line":178,"column":4},"end":{"line":178,"column":24}},"11":{"start":{"line":189,"column":4},"end":{"line":189,"column":26}},"12":{"start":{"line":200,"column":24},"end":{"line":200,"column":41}},"13":{"start":{"line":201,"column":4},"end":{"line":201,"column":73}},"14":{"start":{"line":202,"column":4},"end":{"line":202,"column":35}},"15":{"start":{"line":222,"column":4},"end":{"line":224,"column":5}},"16":{"start":{"line":225,"column":4},"end":{"line":227,"column":5}},"17":{"start":{"line":226,"column":6},"end":{"line":226,"column":119}},"18":{"start":{"line":228,"column":15},"end":{"line":228,"column":19}},"19":{"start":{"line":229,"column":16},"end":{"line":229,"column":20}},"20":{"start":{"line":230,"column":17},"end":{"line":230,"column":19}},"21":{"start":{"line":231,"column":4},"end":{"line":231,"column":19}},"22":{"start":{"line":232,"column":4},"end":{"line":232,"column":18}},"23":{"start":{"line":233,"column":4},"end":{"line":248,"column":5}},"24":{"start":{"line":234,"column":20},"end":{"line":234,"column":54}},"25":{"start":{"line":235,"column":22},"end":{"line":235,"column":42}},"26":{"start":{"line":236,"column":6},"end":{"line":239,"column":7}},"27":{"start":{"line":238,"column":8},"end":{"line":238,"column":51}},"28":{"start":{"line":240,"column":6},"end":{"line":240,"column":28}},"29":{"start":{"line":242,"column":19},"end":{"line":244,"column":29}},"30":{"start":{"line":245,"column":6},"end":{"line":245,"column":32}},"31":{"start":{"line":247,"column":6},"end":{"line":247,"column":15}},"32":{"start":{"line":250,"column":4},"end":{"line":250,"column":75}},"33":{"start":{"line":251,"column":4},"end":{"line":251,"column":45}},"34":{"start":{"line":264,"column":19},"end":{"line":264,"column":24}},"35":{"start":{"line":265,"column":4},"end":{"line":272,"column":6}},"36":{"start":{"line":273,"column":4},"end":{"line":280,"column":6}},"37":{"start":{"line":281,"column":18},"end":{"line":281,"column":71}},"38":{"start":{"line":282,"column":4},"end":{"line":282,"column":51}},"39":{"start":{"line":306,"column":4},"end":{"line":308,"column":5}},"40":{"start":{"line":309,"column":4},"end":{"line":311,"column":5}},"41":{"start":{"line":310,"column":6},"end":{"line":310,"column":120}},"42":{"start":{"line":312,"column":4},"end":{"line":314,"column":5}},"43":{"start":{"line":313,"column":6},"end":{"line":313,"column":124}},"44":{"start":{"line":315,"column":4},"end":{"line":317,"column":5}},"45":{"start":{"line":316,"column":6},"end":{"line":316,"column":119}},"46":{"start":{"line":318,"column":4},"end":{"line":320,"column":5}},"47":{"start":{"line":319,"column":6},"end":{"line":319,"column":119}},"48":{"start":{"line":321,"column":4},"end":{"line":321,"column":28}},"49":{"start":{"line":322,"column":15},"end":{"line":322,"column":19}},"50":{"start":{"line":323,"column":16},"end":{"line":323,"column":20}},"51":{"start":{"line":324,"column":17},"end":{"line":324,"column":19}},"52":{"start":{"line":325,"column":4},"end":{"line":352,"column":5}},"53":{"start":{"line":326,"column":20},"end":{"line":326,"column":54}},"54":{"start":{"line":327,"column":22},"end":{"line":327,"column":42}},"55":{"start":{"line":328,"column":6},"end":{"line":330,"column":7}},"56":{"start":{"line":329,"column":8},"end":{"line":329,"column":51}},"57":{"start":{"line":331,"column":6},"end":{"line":331,"column":28}},"58":{"start":{"line":332,"column":6},"end":{"line":332,"column":30}},"59":{"start":{"line":333,"column":6},"end":{"line":333,"column":50}},"60":{"start":{"line":334,"column":23},"end":{"line":336,"column":27}},"61":{"start":{"line":338,"column":6},"end":{"line":338,"column":41}},"62":{"start":{"line":339,"column":6},"end":{"line":339,"column":44}},"63":{"start":{"line":350,"column":6},"end":{"line":350,"column":20}},"64":{"start":{"line":351,"column":6},"end":{"line":351,"column":15}},"65":{"start":{"line":353,"column":4},"end":{"line":353,"column":65}},"66":{"start":{"line":354,"column":4},"end":{"line":354,"column":45}},"67":{"start":{"line":367,"column":19},"end":{"line":367,"column":25}},"68":{"start":{"line":368,"column":4},"end":{"line":378,"column":5}},"69":{"start":{"line":379,"column":4},"end":{"line":389,"column":5}},"70":{"start":{"line":390,"column":18},"end":{"line":390,"column":71}},"71":{"start":{"line":391,"column":4},"end":{"line":391,"column":51}},"72":{"start":{"line":404,"column":4},"end":{"line":404,"column":28}},"73":{"start":{"line":405,"column":15},"end":{"line":405,"column":19}},"74":{"start":{"line":406,"column":16},"end":{"line":406,"column":20}},"75":{"start":{"line":407,"column":17},"end":{"line":407,"column":19}},"76":{"start":{"line":408,"column":4},"end":{"line":416,"column":5}},"77":{"start":{"line":409,"column":19},"end":{"line":411,"column":28}},"78":{"start":{"line":413,"column":6},"end":{"line":413,"column":33}},"79":{"start":{"line":415,"column":6},"end":{"line":415,"column":15}},"80":{"start":{"line":417,"column":4},"end":{"line":417,"column":59}},"81":{"start":{"line":418,"column":4},"end":{"line":418,"column":45}},"82":{"start":{"line":430,"column":19},"end":{"line":430,"column":27}},"83":{"start":{"line":431,"column":4},"end":{"line":440,"column":5}},"84":{"start":{"line":441,"column":4},"end":{"line":450,"column":5}},"85":{"start":{"line":451,"column":18},"end":{"line":451,"column":53}},"86":{"start":{"line":452,"column":4},"end":{"line":452,"column":51}},"87":{"start":{"line":465,"column":15},"end":{"line":465,"column":19}},"88":{"start":{"line":466,"column":16},"end":{"line":466,"column":20}},"89":{"start":{"line":467,"column":4},"end":{"line":482,"column":5}},"90":{"start":{"line":468,"column":6},"end":{"line":468,"column":39}},"91":{"start":{"line":469,"column":18},"end":{"line":471,"column":26}},"92":{"start":{"line":473,"column":6},"end":{"line":478,"column":7}},"93":{"start":{"line":475,"column":8},"end":{"line":477,"column":9}},"94":{"start":{"line":476,"column":10},"end":{"line":476,"column":45}},"95":{"start":{"line":480,"column":6},"end":{"line":480,"column":35}},"96":{"start":{"line":481,"column":6},"end":{"line":481,"column":15}},"97":{"start":{"line":483,"column":4},"end":{"line":483,"column":45}},"98":{"start":{"line":496,"column":15},"end":{"line":496,"column":19}},"99":{"start":{"line":497,"column":16},"end":{"line":497,"column":20}},"100":{"start":{"line":498,"column":4},"end":{"line":507,"column":5}},"101":{"start":{"line":499,"column":24},"end":{"line":503,"column":28}},"102":{"start":{"line":504,"column":6},"end":{"line":504,"column":22}},"103":{"start":{"line":506,"column":6},"end":{"line":506,"column":15}},"104":{"start":{"line":508,"column":4},"end":{"line":508,"column":45}},"105":{"start":{"line":529,"column":28},"end":{"line":529,"column":38}},"106":{"start":{"line":530,"column":15},"end":{"line":530,"column":19}},"107":{"start":{"line":531,"column":16},"end":{"line":531,"column":20}},"108":{"start":{"line":532,"column":4},"end":{"line":544,"column":5}},"109":{"start":{"line":533,"column":24},"end":{"line":540,"column":32}},"110":{"start":{"line":541,"column":6},"end":{"line":541,"column":22}},"111":{"start":{"line":543,"column":6},"end":{"line":543,"column":15}},"112":{"start":{"line":545,"column":4},"end":{"line":545,"column":45}},"113":{"start":{"line":562,"column":15},"end":{"line":562,"column":19}},"114":{"start":{"line":563,"column":16},"end":{"line":563,"column":20}},"115":{"start":{"line":564,"column":4},"end":{"line":572,"column":5}},"116":{"start":{"line":565,"column":22},"end":{"line":568,"column":27}},"117":{"start":{"line":569,"column":6},"end":{"line":569,"column":20}},"118":{"start":{"line":571,"column":6},"end":{"line":571,"column":15}},"119":{"start":{"line":573,"column":4},"end":{"line":573,"column":45}},"120":{"start":{"line":588,"column":4},"end":{"line":611,"column":6}},"121":{"start":{"line":589,"column":6},"end":{"line":610,"column":7}},"122":{"start":{"line":591,"column":44},"end":{"line":591,"column":49}},"123":{"start":{"line":592,"column":8},"end":{"line":608,"column":9}},"124":{"start":{"line":595,"column":28},"end":{"line":595,"column":48}},"125":{"start":{"line":596,"column":68},"end":{"line":596,"column":77}},"126":{"start":{"line":598,"column":27},"end":{"line":604,"column":11}},"127":{"start":{"line":605,"column":28},"end":{"line":605,"column":74}},"128":{"start":{"line":606,"column":10},"end":{"line":606,"column":61}},"129":{"start":{"line":607,"column":10},"end":{"line":607,"column":45}},"130":{"start":{"line":631,"column":4},"end":{"line":634,"column":5}},"131":{"start":{"line":635,"column":4},"end":{"line":635,"column":32}},"132":{"start":{"line":636,"column":24},"end":{"line":636,"column":45}},"133":{"start":{"line":637,"column":4},"end":{"line":637,"column":75}},"134":{"start":{"line":638,"column":4},"end":{"line":638,"column":65}}},"fnMap":{"0":{"name":"(anonymous_0)","decl":{"start":{"line":109,"column":2},"end":{"line":109,"column":3}},"loc":{"start":{"line":114,"column":10},"end":{"line":157,"column":3}},"line":114},"1":{"name":"(anonymous_1)","decl":{"start":{"line":166,"column":2},"end":{"line":166,"column":3}},"loc":{"start":{"line":166,"column":16},"end":{"line":168,"column":3}},"line":166},"2":{"name":"(anonymous_2)","decl":{"start":{"line":177,"column":2},"end":{"line":177,"column":3}},"loc":{"start":{"line":177,"column":16},"end":{"line":179,"column":3}},"line":177},"3":{"name":"(anonymous_3)","decl":{"start":{"line":188,"column":2},"end":{"line":188,"column":3}},"loc":{"start":{"line":188,"column":18},"end":{"line":190,"column":3}},"line":188},"4":{"name":"(anonymous_4)","decl":{"start":{"line":199,"column":2},"end":{"line":199,"column":3}},"loc":{"start":{"line":199,"column":21},"end":{"line":203,"column":3}},"line":199},"5":{"name":"(anonymous_5)","decl":{"start":{"line":221,"column":2},"end":{"line":221,"column":3}},"loc":{"start":{"line":221,"column":22},"end":{"line":252,"column":3}},"line":221},"6":{"name":"(anonymous_6)","decl":{"start":{"line":305,"column":2},"end":{"line":305,"column":3}},"loc":{"start":{"line":305,"column":42},"end":{"line":355,"column":3}},"line":305},"7":{"name":"(anonymous_7)","decl":{"start":{"line":403,"column":2},"end":{"line":403,"column":3}},"loc":{"start":{"line":403,"column":27},"end":{"line":419,"column":3}},"line":403},"8":{"name":"(anonymous_8)","decl":{"start":{"line":464,"column":2},"end":{"line":464,"column":3}},"loc":{"start":{"line":464,"column":30},"end":{"line":484,"column":3}},"line":464},"9":{"name":"(anonymous_9)","decl":{"start":{"line":495,"column":2},"end":{"line":495,"column":3}},"loc":{"start":{"line":495,"column":28},"end":{"line":509,"column":3}},"line":495},"10":{"name":"(anonymous_10)","decl":{"start":{"line":528,"column":2},"end":{"line":528,"column":3}},"loc":{"start":{"line":528,"column":57},"end":{"line":546,"column":3}},"line":528},"11":{"name":"(anonymous_11)","decl":{"start":{"line":561,"column":2},"end":{"line":561,"column":3}},"loc":{"start":{"line":561,"column":27},"end":{"line":574,"column":3}},"line":561},"12":{"name":"(anonymous_12)","decl":{"start":{"line":588,"column":39},"end":{"line":588,"column":40}},"loc":{"start":{"line":588,"column":50},"end":{"line":611,"column":5}},"line":588}},"branchMap":{"0":{"loc":{"start":{"line":109,"column":14},"end":{"line":114,"column":8}},"type":"default-arg","locations":[{"start":{"line":114,"column":6},"end":{"line":114,"column":8}}],"line":109},"1":{"loc":{"start":{"line":110,"column":4},"end":{"line":110,"column":19}},"type":"default-arg","locations":[{"start":{"line":110,"column":17},"end":{"line":110,"column":19}}],"line":110},"2":{"loc":{"start":{"line":111,"column":4},"end":{"line":111,"column":17}},"type":"default-arg","locations":[{"start":{"line":111,"column":13},"end":{"line":111,"column":17}}],"line":111},"3":{"loc":{"start":{"line":112,"column":4},"end":{"line":112,"column":24}},"type":"default-arg","locations":[{"start":{"line":112,"column":15},"end":{"line":112,"column":24}}],"line":112},"4":{"loc":{"start":{"line":113,"column":4},"end":{"line":113,"column":15}},"type":"default-arg","locations":[{"start":{"line":113,"column":13},"end":{"line":113,"column":15}}],"line":113},"5":{"loc":{"start":{"line":221,"column":12},"end":{"line":221,"column":20}},"type":"default-arg","locations":[{"start":{"line":221,"column":18},"end":{"line":221,"column":20}}],"line":221},"6":{"loc":{"start":{"line":222,"column":4},"end":{"line":224,"column":5}},"type":"if","locations":[{"start":{"line":222,"column":4},"end":{"line":224,"column":5}},{"start":{"line":222,"column":4},"end":{"line":224,"column":5}}],"line":222},"7":{"loc":{"start":{"line":225,"column":4},"end":{"line":227,"column":5}},"type":"if","locations":[{"start":{"line":225,"column":4},"end":{"line":227,"column":5}},{"start":{"line":225,"column":4},"end":{"line":227,"column":5}}],"line":225},"8":{"loc":{"start":{"line":236,"column":6},"end":{"line":239,"column":7}},"type":"if","locations":[{"start":{"line":236,"column":6},"end":{"line":239,"column":7}},{"start":{"line":236,"column":6},"end":{"line":239,"column":7}}],"line":236},"9":{"loc":{"start":{"line":263,"column":21},"end":{"line":263,"column":84}},"type":"default-arg","locations":[{"start":{"line":263,"column":82},"end":{"line":263,"column":84}}],"line":263},"10":{"loc":{"start":{"line":263,"column":23},"end":{"line":263,"column":34}},"type":"default-arg","locations":[{"start":{"line":263,"column":30},"end":{"line":263,"column":34}}],"line":263},"11":{"loc":{"start":{"line":263,"column":36},"end":{"line":263,"column":48}},"type":"default-arg","locations":[{"start":{"line":263,"column":44},"end":{"line":263,"column":48}}],"line":263},"12":{"loc":{"start":{"line":263,"column":50},"end":{"line":263,"column":64}},"type":"default-arg","locations":[{"start":{"line":263,"column":63},"end":{"line":263,"column":64}}],"line":263},"13":{"loc":{"start":{"line":263,"column":66},"end":{"line":263,"column":77}},"type":"default-arg","locations":[{"start":{"line":263,"column":75},"end":{"line":263,"column":77}}],"line":263},"14":{"loc":{"start":{"line":305,"column":13},"end":{"line":305,"column":30}},"type":"default-arg","locations":[{"start":{"line":305,"column":26},"end":{"line":305,"column":30}}],"line":305},"15":{"loc":{"start":{"line":305,"column":32},"end":{"line":305,"column":40}},"type":"default-arg","locations":[{"start":{"line":305,"column":38},"end":{"line":305,"column":40}}],"line":305},"16":{"loc":{"start":{"line":306,"column":4},"end":{"line":308,"column":5}},"type":"if","locations":[{"start":{"line":306,"column":4},"end":{"line":308,"column":5}},{"start":{"line":306,"column":4},"end":{"line":308,"column":5}}],"line":306},"17":{"loc":{"start":{"line":309,"column":4},"end":{"line":311,"column":5}},"type":"if","locations":[{"start":{"line":309,"column":4},"end":{"line":311,"column":5}},{"start":{"line":309,"column":4},"end":{"line":311,"column":5}}],"line":309},"18":{"loc":{"start":{"line":312,"column":4},"end":{"line":314,"column":5}},"type":"if","locations":[{"start":{"line":312,"column":4},"end":{"line":314,"column":5}},{"start":{"line":312,"column":4},"end":{"line":314,"column":5}}],"line":312},"19":{"loc":{"start":{"line":315,"column":4},"end":{"line":317,"column":5}},"type":"if","locations":[{"start":{"line":315,"column":4},"end":{"line":317,"column":5}},{"start":{"line":315,"column":4},"end":{"line":317,"column":5}}],"line":315},"20":{"loc":{"start":{"line":318,"column":4},"end":{"line":320,"column":5}},"type":"if","locations":[{"start":{"line":318,"column":4},"end":{"line":320,"column":5}},{"start":{"line":318,"column":4},"end":{"line":320,"column":5}}],"line":318},"21":{"loc":{"start":{"line":328,"column":6},"end":{"line":330,"column":7}},"type":"if","locations":[{"start":{"line":328,"column":6},"end":{"line":330,"column":7}},{"start":{"line":328,"column":6},"end":{"line":330,"column":7}}],"line":328},"22":{"loc":{"start":{"line":366,"column":22},"end":{"line":366,"column":85}},"type":"default-arg","locations":[{"start":{"line":366,"column":83},"end":{"line":366,"column":85}}],"line":366},"23":{"loc":{"start":{"line":366,"column":24},"end":{"line":366,"column":35}},"type":"default-arg","locations":[{"start":{"line":366,"column":31},"end":{"line":366,"column":35}}],"line":366},"24":{"loc":{"start":{"line":366,"column":37},"end":{"line":366,"column":49}},"type":"default-arg","locations":[{"start":{"line":366,"column":45},"end":{"line":366,"column":49}}],"line":366},"25":{"loc":{"start":{"line":366,"column":51},"end":{"line":366,"column":65}},"type":"default-arg","locations":[{"start":{"line":366,"column":64},"end":{"line":366,"column":65}}],"line":366},"26":{"loc":{"start":{"line":366,"column":67},"end":{"line":366,"column":78}},"type":"default-arg","locations":[{"start":{"line":366,"column":76},"end":{"line":366,"column":78}}],"line":366},"27":{"loc":{"start":{"line":429,"column":24},"end":{"line":429,"column":74}},"type":"default-arg","locations":[{"start":{"line":429,"column":72},"end":{"line":429,"column":74}}],"line":429},"28":{"loc":{"start":{"line":429,"column":26},"end":{"line":429,"column":37}},"type":"default-arg","locations":[{"start":{"line":429,"column":33},"end":{"line":429,"column":37}}],"line":429},"29":{"loc":{"start":{"line":429,"column":39},"end":{"line":429,"column":51}},"type":"default-arg","locations":[{"start":{"line":429,"column":47},"end":{"line":429,"column":51}}],"line":429},"30":{"loc":{"start":{"line":429,"column":53},"end":{"line":429,"column":67}},"type":"default-arg","locations":[{"start":{"line":429,"column":66},"end":{"line":429,"column":67}}],"line":429},"31":{"loc":{"start":{"line":473,"column":6},"end":{"line":478,"column":7}},"type":"if","locations":[{"start":{"line":473,"column":6},"end":{"line":478,"column":7}},{"start":{"line":473,"column":6},"end":{"line":478,"column":7}}],"line":473},"32":{"loc":{"start":{"line":475,"column":8},"end":{"line":477,"column":9}},"type":"if","locations":[{"start":{"line":475,"column":8},"end":{"line":477,"column":9}},{"start":{"line":475,"column":8},"end":{"line":477,"column":9}}],"line":475},"33":{"loc":{"start":{"line":495,"column":16},"end":{"line":495,"column":26}},"type":"default-arg","locations":[{"start":{"line":495,"column":24},"end":{"line":495,"column":26}}],"line":495},"34":{"loc":{"start":{"line":528,"column":13},"end":{"line":528,"column":23}},"type":"default-arg","locations":[{"start":{"line":528,"column":21},"end":{"line":528,"column":23}}],"line":528},"35":{"loc":{"start":{"line":528,"column":25},"end":{"line":528,"column":55}},"type":"default-arg","locations":[{"start":{"line":528,"column":38},"end":{"line":528,"column":55}}],"line":528},"36":{"loc":{"start":{"line":561,"column":15},"end":{"line":561,"column":25}},"type":"default-arg","locations":[{"start":{"line":561,"column":23},"end":{"line":561,"column":25}}],"line":561},"37":{"loc":{"start":{"line":589,"column":6},"end":{"line":610,"column":7}},"type":"if","locations":[{"start":{"line":589,"column":6},"end":{"line":610,"column":7}},{"start":{"line":589,"column":6},"end":{"line":610,"column":7}}],"line":589},"38":{"loc":{"start":{"line":592,"column":8},"end":{"line":608,"column":9}},"type":"if","locations":[{"start":{"line":592,"column":8},"end":{"line":608,"column":9}},{"start":{"line":592,"column":8},"end":{"line":608,"column":9}}],"line":592},"39":{"loc":{"start":{"line":630,"column":38},"end":{"line":630,"column":99}},"type":"default-arg","locations":[{"start":{"line":630,"column":46},"end":{"line":630,"column":99}}],"line":630}},"s":{"0":8,"1":8,"2":8,"3":8,"4":8,"5":8,"6":8,"7":8,"8":8,"9":8,"10":4,"11":8,"12":14,"13":14,"14":14,"15":8,"16":8,"17":4,"18":4,"19":4,"20":4,"21":4,"22":4,"23":4,"24":4,"25":4,"26":4,"27":0,"28":4,"29":4,"30":4,"31":0,"32":4,"33":4,"34":4,"35":4,"36":4,"37":4,"38":4,"39":8,"40":8,"41":4,"42":4,"43":0,"44":4,"45":0,"46":4,"47":0,"48":4,"49":4,"50":4,"51":4,"52":4,"53":4,"54":4,"55":4,"56":0,"57":4,"58":4,"59":4,"60":4,"61":4,"62":4,"63":0,"64":0,"65":4,"66":4,"67":4,"68":4,"69":4,"70":4,"71":4,"72":4,"73":4,"74":4,"75":4,"76":4,"77":4,"78":4,"79":0,"80":4,"81":4,"82":4,"83":4,"84":4,"85":4,"86":4,"87":4,"88":4,"89":4,"90":4,"91":4,"92":4,"93":4,"94":4,"95":0,"96":0,"97":4,"98":4,"99":4,"100":4,"101":4,"102":4,"103":0,"104":4,"105":4,"106":4,"107":4,"108":4,"109":4,"110":4,"111":0,"112":4,"113":0,"114":0,"115":0,"116":0,"117":0,"118":0,"119":0,"120":8,"121":8,"122":0,"123":0,"124":0,"125":0,"126":0,"127":0,"128":0,"129":0,"130":12,"131":12,"132":12,"133":12,"134":12},"f":{"0":8,"1":8,"2":4,"3":8,"4":14,"5":8,"6":8,"7":4,"8":4,"9":4,"10":4,"11":0,"12":8},"b":{"0":[0],"1":[0],"2":[0],"3":[4],"4":[0],"5":[4],"6":[8,0],"7":[4,4],"8":[0,4],"9":[0],"10":[0],"11":[0],"12":[0],"13":[0],"14":[4],"15":[4],"16":[8,0],"17":[4,4],"18":[0,4],"19":[0,4],"20":[0,4],"21":[0,4],"22":[0],"23":[0],"24":[0],"25":[0],"26":[0],"27":[0],"28":[0],"29":[0],"30":[0],"31":[4,0],"32":[4,0],"33":[0],"34":[0],"35":[4],"36":[0],"37":[0,8],"38":[0,0],"39":[0]},"_coverageSchema":"1a1c01bbd47fc00a2c39e90264f33305004495a9","hash":"f156ac42086fde71e73033ce27a4ee57a651afdf"}
,"/Users/admin/apps/voodux/src/EventSystem.js": {"path":"/Users/admin/apps/voodux/src/EventSystem.js","statementMap":{"0":{"start":{"line":7,"column":4},"end":{"line":7,"column":22}},"1":{"start":{"line":11,"column":15},"end":{"line":11,"column":21}},"2":{"start":{"line":12,"column":4},"end":{"line":14,"column":5}},"3":{"start":{"line":13,"column":6},"end":{"line":13,"column":48}},"4":{"start":{"line":15,"column":4},"end":{"line":19,"column":6}},"5":{"start":{"line":20,"column":4},"end":{"line":20,"column":13}},"6":{"start":{"line":24,"column":4},"end":{"line":24,"column":35}},"7":{"start":{"line":26,"column":4},"end":{"line":35,"column":6}},"8":{"start":{"line":27,"column":6},"end":{"line":34,"column":7}},"9":{"start":{"line":29,"column":8},"end":{"line":29,"column":41}},"10":{"start":{"line":30,"column":8},"end":{"line":33,"column":9}},"11":{"start":{"line":31,"column":10},"end":{"line":31,"column":50}},"12":{"start":{"line":32,"column":10},"end":{"line":32,"column":36}},"13":{"start":{"line":39,"column":4},"end":{"line":39,"column":37}},"14":{"start":{"line":45,"column":18},"end":{"line":45,"column":23}},"15":{"start":{"line":46,"column":4},"end":{"line":54,"column":5}},"16":{"start":{"line":46,"column":17},"end":{"line":46,"column":18}},"17":{"start":{"line":47,"column":20},"end":{"line":47,"column":36}},"18":{"start":{"line":49,"column":6},"end":{"line":53,"column":7}},"19":{"start":{"line":51,"column":8},"end":{"line":51,"column":34}},"20":{"start":{"line":52,"column":8},"end":{"line":52,"column":22}},"21":{"start":{"line":56,"column":4},"end":{"line":56,"column":18}}},"fnMap":{"0":{"name":"(anonymous_0)","decl":{"start":{"line":6,"column":2},"end":{"line":6,"column":3}},"loc":{"start":{"line":6,"column":17},"end":{"line":8,"column":3}},"line":6},"1":{"name":"(anonymous_1)","decl":{"start":{"line":10,"column":2},"end":{"line":10,"column":3}},"loc":{"start":{"line":10,"column":21},"end":{"line":21,"column":3}},"line":10},"2":{"name":"(anonymous_2)","decl":{"start":{"line":23,"column":2},"end":{"line":23,"column":3}},"loc":{"start":{"line":23,"column":40},"end":{"line":36,"column":3}},"line":23},"3":{"name":"(anonymous_3)","decl":{"start":{"line":26,"column":26},"end":{"line":26,"column":27}},"loc":{"start":{"line":26,"column":37},"end":{"line":35,"column":5}},"line":26},"4":{"name":"(anonymous_4)","decl":{"start":{"line":38,"column":2},"end":{"line":38,"column":3}},"loc":{"start":{"line":38,"column":25},"end":{"line":40,"column":3}},"line":38},"5":{"name":"(anonymous_5)","decl":{"start":{"line":42,"column":2},"end":{"line":42,"column":3}},"loc":{"start":{"line":42,"column":25},"end":{"line":57,"column":3}},"line":42}},"branchMap":{"0":{"loc":{"start":{"line":12,"column":4},"end":{"line":14,"column":5}},"type":"if","locations":[{"start":{"line":12,"column":4},"end":{"line":14,"column":5}},{"start":{"line":12,"column":4},"end":{"line":14,"column":5}}],"line":12},"1":{"loc":{"start":{"line":24,"column":18},"end":{"line":24,"column":35}},"type":"binary-expr","locations":[{"start":{"line":24,"column":18},"end":{"line":24,"column":29}},{"start":{"line":24,"column":33},"end":{"line":24,"column":35}}],"line":24},"2":{"loc":{"start":{"line":27,"column":6},"end":{"line":34,"column":7}},"type":"if","locations":[{"start":{"line":27,"column":6},"end":{"line":34,"column":7}},{"start":{"line":27,"column":6},"end":{"line":34,"column":7}}],"line":27},"3":{"loc":{"start":{"line":30,"column":8},"end":{"line":33,"column":9}},"type":"if","locations":[{"start":{"line":30,"column":8},"end":{"line":33,"column":9}},{"start":{"line":30,"column":8},"end":{"line":33,"column":9}}],"line":30},"4":{"loc":{"start":{"line":49,"column":6},"end":{"line":53,"column":7}},"type":"if","locations":[{"start":{"line":49,"column":6},"end":{"line":53,"column":7}},{"start":{"line":49,"column":6},"end":{"line":53,"column":7}}],"line":49}},"s":{"0":11,"1":0,"2":0,"3":0,"4":0,"5":0,"6":30,"7":30,"8":0,"9":0,"10":0,"11":0,"12":0,"13":0,"14":0,"15":0,"16":0,"17":0,"18":0,"19":0,"20":0,"21":0},"f":{"0":11,"1":0,"2":30,"3":0,"4":0,"5":0},"b":{"0":[0,0],"1":[30,0],"2":[0,0],"3":[0,0],"4":[0,0]},"_coverageSchema":"1a1c01bbd47fc00a2c39e90264f33305004495a9","hash":"5505416d19bbb7e1144f7a44a27f9794046fe0eb"}
,"/Users/admin/apps/voodux/src/Foundation.js": {"path":"/Users/admin/apps/voodux/src/Foundation.js","statementMap":{"0":{"start":{"line":184,"column":4},"end":{"line":184,"column":11}},"1":{"start":{"line":185,"column":4},"end":{"line":185,"column":22}},"2":{"start":{"line":186,"column":4},"end":{"line":186,"column":38}},"3":{"start":{"line":187,"column":4},"end":{"line":187,"column":32}},"4":{"start":{"line":188,"column":4},"end":{"line":188,"column":28}},"5":{"start":{"line":189,"column":4},"end":{"line":189,"column":26}},"6":{"start":{"line":190,"column":4},"end":{"line":190,"column":24}},"7":{"start":{"line":191,"column":4},"end":{"line":191,"column":22}},"8":{"start":{"line":192,"column":4},"end":{"line":192,"column":41}},"9":{"start":{"line":193,"column":4},"end":{"line":193,"column":23}},"10":{"start":{"line":194,"column":4},"end":{"line":194,"column":62}},"11":{"start":{"line":195,"column":4},"end":{"line":195,"column":25}},"12":{"start":{"line":205,"column":4},"end":{"line":205,"column":30}},"13":{"start":{"line":214,"column":4},"end":{"line":214,"column":22}},"14":{"start":{"line":233,"column":4},"end":{"line":233,"column":24}},"15":{"start":{"line":243,"column":4},"end":{"line":243,"column":23}},"16":{"start":{"line":253,"column":4},"end":{"line":253,"column":22}},"17":{"start":{"line":264,"column":4},"end":{"line":264,"column":22}},"18":{"start":{"line":273,"column":4},"end":{"line":273,"column":25}},"19":{"start":{"line":283,"column":4},"end":{"line":283,"column":36}},"20":{"start":{"line":297,"column":17},"end":{"line":297,"column":21}},"21":{"start":{"line":298,"column":16},"end":{"line":298,"column":20}},"22":{"start":{"line":300,"column":4},"end":{"line":300,"column":38}},"23":{"start":{"line":301,"column":4},"end":{"line":301,"column":33}},"24":{"start":{"line":302,"column":4},"end":{"line":302,"column":47}},"25":{"start":{"line":313,"column":4},"end":{"line":313,"column":17}},"26":{"start":{"line":402,"column":4},"end":{"line":402,"column":47}},"27":{"start":{"line":406,"column":17},"end":{"line":406,"column":21}},"28":{"start":{"line":407,"column":16},"end":{"line":407,"column":20}},"29":{"start":{"line":408,"column":4},"end":{"line":427,"column":5}},"30":{"start":{"line":409,"column":6},"end":{"line":422,"column":7}},"31":{"start":{"line":410,"column":8},"end":{"line":421,"column":9}},"32":{"start":{"line":412,"column":27},"end":{"line":412,"column":41}},"33":{"start":{"line":413,"column":25},"end":{"line":413,"column":40}},"34":{"start":{"line":414,"column":29},"end":{"line":419,"column":12}},"35":{"start":{"line":420,"column":10},"end":{"line":420,"column":53}},"36":{"start":{"line":423,"column":6},"end":{"line":423,"column":27}},"37":{"start":{"line":425,"column":6},"end":{"line":425,"column":26}},"38":{"start":{"line":426,"column":6},"end":{"line":426,"column":20}},"39":{"start":{"line":428,"column":4},"end":{"line":428,"column":47}},"40":{"start":{"line":437,"column":4},"end":{"line":437,"column":27}},"41":{"start":{"line":447,"column":4},"end":{"line":447,"column":45}},"42":{"start":{"line":448,"column":4},"end":{"line":448,"column":46}},"43":{"start":{"line":457,"column":22},"end":{"line":457,"column":66}},"44":{"start":{"line":458,"column":4},"end":{"line":462,"column":5}},"45":{"start":{"line":459,"column":6},"end":{"line":459,"column":29}},"46":{"start":{"line":461,"column":6},"end":{"line":461,"column":38}},"47":{"start":{"line":463,"column":4},"end":{"line":463,"column":46}},"48":{"start":{"line":548,"column":17},"end":{"line":548,"column":21}},"49":{"start":{"line":549,"column":16},"end":{"line":549,"column":20}},"50":{"start":{"line":550,"column":4},"end":{"line":565,"column":5}},"51":{"start":{"line":551,"column":6},"end":{"line":551,"column":25}},"52":{"start":{"line":552,"column":24},"end":{"line":552,"column":55}},"53":{"start":{"line":554,"column":6},"end":{"line":554,"column":49}},"54":{"start":{"line":557,"column":6},"end":{"line":561,"column":7}},"55":{"start":{"line":563,"column":6},"end":{"line":563,"column":26}},"56":{"start":{"line":564,"column":6},"end":{"line":564,"column":20}},"57":{"start":{"line":567,"column":4},"end":{"line":571,"column":6}},"58":{"start":{"line":573,"column":4},"end":{"line":573,"column":47}},"59":{"start":{"line":584,"column":17},"end":{"line":584,"column":21}},"60":{"start":{"line":585,"column":16},"end":{"line":585,"column":20}},"61":{"start":{"line":586,"column":4},"end":{"line":604,"column":5}},"62":{"start":{"line":587,"column":21},"end":{"line":587,"column":46}},"63":{"start":{"line":593,"column":6},"end":{"line":593,"column":27}},"64":{"start":{"line":596,"column":6},"end":{"line":600,"column":7}},"65":{"start":{"line":602,"column":6},"end":{"line":602,"column":26}},"66":{"start":{"line":603,"column":6},"end":{"line":603,"column":20}},"67":{"start":{"line":606,"column":4},"end":{"line":610,"column":6}},"68":{"start":{"line":612,"column":4},"end":{"line":612,"column":47}}},"fnMap":{"0":{"name":"(anonymous_0)","decl":{"start":{"line":178,"column":2},"end":{"line":178,"column":3}},"loc":{"start":{"line":183,"column":10},"end":{"line":196,"column":3}},"line":183},"1":{"name":"(anonymous_1)","decl":{"start":{"line":204,"column":2},"end":{"line":204,"column":3}},"loc":{"start":{"line":204,"column":22},"end":{"line":206,"column":3}},"line":204},"2":{"name":"(anonymous_2)","decl":{"start":{"line":213,"column":2},"end":{"line":213,"column":3}},"loc":{"start":{"line":213,"column":14},"end":{"line":215,"column":3}},"line":213},"3":{"name":"(anonymous_3)","decl":{"start":{"line":232,"column":2},"end":{"line":232,"column":3}},"loc":{"start":{"line":232,"column":13},"end":{"line":234,"column":3}},"line":232},"4":{"name":"(anonymous_4)","decl":{"start":{"line":242,"column":2},"end":{"line":242,"column":3}},"loc":{"start":{"line":242,"column":14},"end":{"line":244,"column":3}},"line":242},"5":{"name":"(anonymous_5)","decl":{"start":{"line":252,"column":2},"end":{"line":252,"column":3}},"loc":{"start":{"line":252,"column":14},"end":{"line":254,"column":3}},"line":252},"6":{"name":"(anonymous_6)","decl":{"start":{"line":263,"column":2},"end":{"line":263,"column":3}},"loc":{"start":{"line":263,"column":18},"end":{"line":265,"column":3}},"line":263},"7":{"name":"(anonymous_7)","decl":{"start":{"line":272,"column":2},"end":{"line":272,"column":3}},"loc":{"start":{"line":272,"column":17},"end":{"line":274,"column":3}},"line":272},"8":{"name":"(anonymous_8)","decl":{"start":{"line":282,"column":2},"end":{"line":282,"column":3}},"loc":{"start":{"line":282,"column":26},"end":{"line":284,"column":3}},"line":282},"9":{"name":"(anonymous_9)","decl":{"start":{"line":296,"column":2},"end":{"line":296,"column":3}},"loc":{"start":{"line":296,"column":51},"end":{"line":303,"column":3}},"line":296},"10":{"name":"(anonymous_10)","decl":{"start":{"line":312,"column":2},"end":{"line":312,"column":3}},"loc":{"start":{"line":312,"column":22},"end":{"line":314,"column":3}},"line":312},"11":{"name":"(anonymous_11)","decl":{"start":{"line":401,"column":2},"end":{"line":401,"column":3}},"loc":{"start":{"line":401,"column":55},"end":{"line":403,"column":3}},"line":401},"12":{"name":"(anonymous_12)","decl":{"start":{"line":436,"column":2},"end":{"line":436,"column":3}},"loc":{"start":{"line":436,"column":19},"end":{"line":438,"column":3}},"line":436},"13":{"name":"(anonymous_13)","decl":{"start":{"line":446,"column":2},"end":{"line":446,"column":3}},"loc":{"start":{"line":446,"column":24},"end":{"line":449,"column":3}},"line":446},"14":{"name":"(anonymous_14)","decl":{"start":{"line":456,"column":2},"end":{"line":456,"column":3}},"loc":{"start":{"line":456,"column":18},"end":{"line":464,"column":3}},"line":456},"15":{"name":"(anonymous_15)","decl":{"start":{"line":583,"column":2},"end":{"line":583,"column":3}},"loc":{"start":{"line":583,"column":17},"end":{"line":613,"column":3}},"line":583}},"branchMap":{"0":{"loc":{"start":{"line":178,"column":15},"end":{"line":183,"column":8}},"type":"default-arg","locations":[{"start":{"line":183,"column":6},"end":{"line":183,"column":8}}],"line":178},"1":{"loc":{"start":{"line":179,"column":4},"end":{"line":179,"column":31}},"type":"default-arg","locations":[{"start":{"line":179,"column":11},"end":{"line":179,"column":31}}],"line":179},"2":{"loc":{"start":{"line":180,"column":4},"end":{"line":180,"column":28}},"type":"default-arg","locations":[{"start":{"line":180,"column":19},"end":{"line":180,"column":28}}],"line":180},"3":{"loc":{"start":{"line":181,"column":4},"end":{"line":181,"column":21}},"type":"default-arg","locations":[{"start":{"line":181,"column":16},"end":{"line":181,"column":21}}],"line":181},"4":{"loc":{"start":{"line":182,"column":4},"end":{"line":182,"column":16}},"type":"default-arg","locations":[{"start":{"line":182,"column":14},"end":{"line":182,"column":16}}],"line":182},"5":{"loc":{"start":{"line":192,"column":23},"end":{"line":192,"column":41}},"type":"binary-expr","locations":[{"start":{"line":192,"column":23},"end":{"line":192,"column":32}},{"start":{"line":192,"column":36},"end":{"line":192,"column":41}}],"line":192},"6":{"loc":{"start":{"line":296,"column":21},"end":{"line":296,"column":32}},"type":"default-arg","locations":[{"start":{"line":296,"column":30},"end":{"line":296,"column":32}}],"line":296},"7":{"loc":{"start":{"line":296,"column":34},"end":{"line":296,"column":49}},"type":"default-arg","locations":[{"start":{"line":296,"column":47},"end":{"line":296,"column":49}}],"line":296},"8":{"loc":{"start":{"line":401,"column":21},"end":{"line":401,"column":34}},"type":"default-arg","locations":[{"start":{"line":401,"column":30},"end":{"line":401,"column":34}}],"line":401},"9":{"loc":{"start":{"line":401,"column":36},"end":{"line":401,"column":51}},"type":"default-arg","locations":[{"start":{"line":401,"column":49},"end":{"line":401,"column":51}}],"line":401},"10":{"loc":{"start":{"line":410,"column":8},"end":{"line":421,"column":9}},"type":"if","locations":[{"start":{"line":410,"column":8},"end":{"line":421,"column":9}},{"start":{"line":410,"column":8},"end":{"line":421,"column":9}}],"line":410},"11":{"loc":{"start":{"line":457,"column":22},"end":{"line":457,"column":66}},"type":"binary-expr","locations":[{"start":{"line":457,"column":22},"end":{"line":457,"column":57}},{"start":{"line":457,"column":61},"end":{"line":457,"column":66}}],"line":457},"12":{"loc":{"start":{"line":458,"column":4},"end":{"line":462,"column":5}},"type":"if","locations":[{"start":{"line":458,"column":4},"end":{"line":462,"column":5}},{"start":{"line":458,"column":4},"end":{"line":462,"column":5}}],"line":458}},"s":{"0":3,"1":3,"2":3,"3":3,"4":3,"5":3,"6":3,"7":3,"8":3,"9":3,"10":3,"11":3,"12":1,"13":16,"14":3,"15":14,"16":4,"17":1,"18":1,"19":1,"20":6,"21":6,"22":6,"23":6,"24":6,"25":10,"26":2,"27":3,"28":3,"29":3,"30":3,"31":4,"32":4,"33":4,"34":4,"35":4,"36":3,"37":0,"38":0,"39":3,"40":1,"41":3,"42":3,"43":3,"44":3,"45":0,"46":3,"47":3,"48":3,"49":3,"50":3,"51":3,"52":3,"53":3,"54":3,"55":0,"56":0,"57":3,"58":3,"59":3,"60":3,"61":3,"62":3,"63":3,"64":3,"65":0,"66":0,"67":3,"68":3},"f":{"0":3,"1":1,"2":16,"3":3,"4":14,"5":4,"6":1,"7":1,"8":1,"9":6,"10":10,"11":2,"12":1,"13":3,"14":3,"15":3},"b":{"0":[0],"1":[0],"2":[2],"3":[2],"4":[0],"5":[3,2],"6":[0],"7":[0],"8":[0],"9":[0],"10":[4,0],"11":[3,3],"12":[0,3]},"_coverageSchema":"1a1c01bbd47fc00a2c39e90264f33305004495a9","hash":"7fcb757af56eae423bedcb4a53a9257e4203c68e"}
,"/Users/admin/apps/voodux/src/LocalDatabaseTransport.js": {"path":"/Users/admin/apps/voodux/src/LocalDatabaseTransport.js","statementMap":{"0":{"start":{"line":6,"column":0},"end":{"line":6,"column":18}},"1":{"start":{"line":72,"column":4},"end":{"line":72,"column":17}},"2":{"start":{"line":73,"column":4},"end":{"line":73,"column":26}},"3":{"start":{"line":74,"column":4},"end":{"line":74,"column":28}},"4":{"start":{"line":75,"column":4},"end":{"line":75,"column":26}},"5":{"start":{"line":76,"column":4},"end":{"line":76,"column":28}},"6":{"start":{"line":77,"column":4},"end":{"line":77,"column":23}},"7":{"start":{"line":81,"column":4},"end":{"line":88,"column":5}},"8":{"start":{"line":82,"column":6},"end":{"line":87,"column":7}},"9":{"start":{"line":84,"column":8},"end":{"line":86,"column":9}},"10":{"start":{"line":111,"column":4},"end":{"line":111,"column":39}},"11":{"start":{"line":112,"column":4},"end":{"line":112,"column":37}},"12":{"start":{"line":127,"column":16},"end":{"line":127,"column":20}},"13":{"start":{"line":128,"column":15},"end":{"line":128,"column":19}},"14":{"start":{"line":129,"column":4},"end":{"line":145,"column":5}},"15":{"start":{"line":130,"column":6},"end":{"line":130,"column":24}},"16":{"start":{"line":132,"column":6},"end":{"line":134,"column":32}},"17":{"start":{"line":140,"column":19},"end":{"line":140,"column":36}},"18":{"start":{"line":141,"column":6},"end":{"line":141,"column":17}},"19":{"start":{"line":143,"column":6},"end":{"line":143,"column":15}},"20":{"start":{"line":144,"column":6},"end":{"line":144,"column":17}},"21":{"start":{"line":146,"column":4},"end":{"line":146,"column":45}}},"fnMap":{"0":{"name":"(anonymous_0)","decl":{"start":{"line":68,"column":2},"end":{"line":68,"column":3}},"loc":{"start":{"line":68,"column":75},"end":{"line":78,"column":3}},"line":68},"1":{"name":"(anonymous_1)","decl":{"start":{"line":110,"column":2},"end":{"line":110,"column":3}},"loc":{"start":{"line":110,"column":33},"end":{"line":113,"column":3}},"line":110},"2":{"name":"(anonymous_2)","decl":{"start":{"line":126,"column":2},"end":{"line":126,"column":3}},"loc":{"start":{"line":126,"column":18},"end":{"line":147,"column":3}},"line":126}},"branchMap":{"0":{"loc":{"start":{"line":68,"column":15},"end":{"line":68,"column":73}},"type":"default-arg","locations":[{"start":{"line":68,"column":71},"end":{"line":68,"column":73}}],"line":68},"1":{"loc":{"start":{"line":68,"column":17},"end":{"line":68,"column":28}},"type":"default-arg","locations":[{"start":{"line":68,"column":27},"end":{"line":68,"column":28}}],"line":68},"2":{"loc":{"start":{"line":68,"column":30},"end":{"line":68,"column":41}},"type":"default-arg","locations":[{"start":{"line":68,"column":39},"end":{"line":68,"column":41}}],"line":68},"3":{"loc":{"start":{"line":68,"column":43},"end":{"line":68,"column":66}},"type":"default-arg","locations":[{"start":{"line":68,"column":52},"end":{"line":68,"column":66}}],"line":68},"4":{"loc":{"start":{"line":82,"column":6},"end":{"line":87,"column":7}},"type":"if","locations":[{"start":{"line":82,"column":6},"end":{"line":87,"column":7}},{"start":{"line":82,"column":6},"end":{"line":87,"column":7}}],"line":82}},"s":{"0":5,"1":5,"2":5,"3":5,"4":5,"5":5,"6":5,"7":5,"8":11,"9":11,"10":12,"11":12,"12":5,"13":5,"14":5,"15":5,"16":5,"17":5,"18":5,"19":0,"20":0,"21":5},"f":{"0":5,"1":12,"2":5},"b":{"0":[3],"1":[3],"2":[3],"3":[3],"4":[11,0]},"_coverageSchema":"1a1c01bbd47fc00a2c39e90264f33305004495a9","hash":"c58145cc807023af9cf716e58d74470171408b14"}
,"/Users/admin/apps/voodux/src/utils.js": {"path":"/Users/admin/apps/voodux/src/utils.js","statementMap":{"0":{"start":{"line":21,"column":37},"end":{"line":23,"column":1}},"1":{"start":{"line":22,"column":2},"end":{"line":22,"column":24}},"2":{"start":{"line":32,"column":2},"end":{"line":36,"column":4}},"3":{"start":{"line":33,"column":14},"end":{"line":33,"column":38}},"4":{"start":{"line":34,"column":14},"end":{"line":34,"column":45}},"5":{"start":{"line":35,"column":4},"end":{"line":35,"column":25}},"6":{"start":{"line":46,"column":2},"end":{"line":48,"column":3}},"7":{"start":{"line":47,"column":4},"end":{"line":47,"column":26}},"8":{"start":{"line":49,"column":2},"end":{"line":49,"column":40}},"9":{"start":{"line":62,"column":15},"end":{"line":62,"column":17}},"10":{"start":{"line":63,"column":2},"end":{"line":87,"column":3}},"11":{"start":{"line":64,"column":4},"end":{"line":86,"column":5}},"12":{"start":{"line":65,"column":23},"end":{"line":65,"column":49}},"13":{"start":{"line":66,"column":6},"end":{"line":66,"column":29}},"14":{"start":{"line":72,"column":10},"end":{"line":72,"column":18}},"15":{"start":{"line":74,"column":6},"end":{"line":76,"column":7}},"16":{"start":{"line":75,"column":8},"end":{"line":75,"column":16}},"17":{"start":{"line":77,"column":6},"end":{"line":79,"column":7}},"18":{"start":{"line":78,"column":8},"end":{"line":78,"column":16}},"19":{"start":{"line":80,"column":6},"end":{"line":83,"column":7}},"20":{"start":{"line":81,"column":8},"end":{"line":81,"column":41}},"21":{"start":{"line":85,"column":6},"end":{"line":85,"column":29}},"22":{"start":{"line":88,"column":2},"end":{"line":88,"column":69}},"23":{"start":{"line":102,"column":16},"end":{"line":102,"column":56}},"24":{"start":{"line":102,"column":49},"end":{"line":102,"column":54}},"25":{"start":{"line":103,"column":2},"end":{"line":103,"column":14}},"26":{"start":{"line":107,"column":22},"end":{"line":107,"column":37}}},"fnMap":{"0":{"name":"(anonymous_0)","decl":{"start":{"line":21,"column":37},"end":{"line":21,"column":38}},"loc":{"start":{"line":21,"column":68},"end":{"line":23,"column":1}},"line":21},"1":{"name":"uuid","decl":{"start":{"line":31,"column":16},"end":{"line":31,"column":20}},"loc":{"start":{"line":31,"column":24},"end":{"line":37,"column":1}},"line":31},"2":{"name":"(anonymous_2)","decl":{"start":{"line":32,"column":65},"end":{"line":32,"column":66}},"loc":{"start":{"line":32,"column":78},"end":{"line":36,"column":3}},"line":32},"3":{"name":"toJSON","decl":{"start":{"line":45,"column":16},"end":{"line":45,"column":22}},"loc":{"start":{"line":45,"column":34},"end":{"line":50,"column":1}},"line":45},"4":{"name":"mongooseToDexieTableString","decl":{"start":{"line":61,"column":16},"end":{"line":61,"column":42}},"loc":{"start":{"line":61,"column":52},"end":{"line":89,"column":1}},"line":61},"5":{"name":"getSearchTokenStream","decl":{"start":{"line":97,"column":16},"end":{"line":97,"column":36}},"loc":{"start":{"line":97,"column":48},"end":{"line":105,"column":1}},"line":97},"6":{"name":"(anonymous_6)","decl":{"start":{"line":102,"column":43},"end":{"line":102,"column":44}},"loc":{"start":{"line":102,"column":49},"end":{"line":102,"column":54}},"line":102}},"branchMap":{"0":{"loc":{"start":{"line":21,"column":38},"end":{"line":21,"column":50}},"type":"default-arg","locations":[{"start":{"line":21,"column":46},"end":{"line":21,"column":50}}],"line":21},"1":{"loc":{"start":{"line":21,"column":52},"end":{"line":21,"column":63}},"type":"default-arg","locations":[{"start":{"line":21,"column":59},"end":{"line":21,"column":63}}],"line":21},"2":{"loc":{"start":{"line":34,"column":14},"end":{"line":34,"column":45}},"type":"cond-expr","locations":[{"start":{"line":34,"column":26},"end":{"line":34,"column":27}},{"start":{"line":34,"column":30},"end":{"line":34,"column":45}}],"line":34},"3":{"loc":{"start":{"line":45,"column":24},"end":{"line":45,"column":32}},"type":"default-arg","locations":[{"start":{"line":45,"column":30},"end":{"line":45,"column":32}}],"line":45},"4":{"loc":{"start":{"line":46,"column":2},"end":{"line":48,"column":3}},"type":"if","locations":[{"start":{"line":46,"column":2},"end":{"line":48,"column":3}},{"start":{"line":46,"column":2},"end":{"line":48,"column":3}}],"line":46},"5":{"loc":{"start":{"line":64,"column":4},"end":{"line":86,"column":5}},"type":"if","locations":[{"start":{"line":64,"column":4},"end":{"line":86,"column":5}},{"start":{"line":64,"column":4},"end":{"line":86,"column":5}}],"line":64},"6":{"loc":{"start":{"line":74,"column":6},"end":{"line":76,"column":7}},"type":"if","locations":[{"start":{"line":74,"column":6},"end":{"line":76,"column":7}},{"start":{"line":74,"column":6},"end":{"line":76,"column":7}}],"line":74},"7":{"loc":{"start":{"line":74,"column":10},"end":{"line":74,"column":59}},"type":"binary-expr","locations":[{"start":{"line":74,"column":10},"end":{"line":74,"column":32}},{"start":{"line":74,"column":36},"end":{"line":74,"column":59}}],"line":74},"8":{"loc":{"start":{"line":77,"column":6},"end":{"line":79,"column":7}},"type":"if","locations":[{"start":{"line":77,"column":6},"end":{"line":79,"column":7}},{"start":{"line":77,"column":6},"end":{"line":79,"column":7}}],"line":77},"9":{"loc":{"start":{"line":80,"column":6},"end":{"line":83,"column":7}},"type":"if","locations":[{"start":{"line":80,"column":6},"end":{"line":83,"column":7}},{"start":{"line":80,"column":6},"end":{"line":83,"column":7}}],"line":80},"10":{"loc":{"start":{"line":88,"column":22},"end":{"line":88,"column":67}},"type":"cond-expr","locations":[{"start":{"line":88,"column":41},"end":{"line":88,"column":61}},{"start":{"line":88,"column":65},"end":{"line":88,"column":67}}],"line":88},"11":{"loc":{"start":{"line":97,"column":37},"end":{"line":97,"column":46}},"type":"default-arg","locations":[{"start":{"line":97,"column":44},"end":{"line":97,"column":46}}],"line":97}},"s":{"0":5,"1":55,"2":10010,"3":310310,"4":310310,"5":310310,"6":11,"7":2,"8":9,"9":12,"10":12,"11":48,"12":48,"13":48,"14":48,"15":48,"16":12,"17":36,"18":8,"19":28,"20":0,"21":28,"22":12,"23":3,"24":6,"25":3,"26":5},"f":{"0":55,"1":10010,"2":310310,"3":11,"4":12,"5":3,"6":6},"b":{"0":[1],"1":[1],"2":[300300,10010],"3":[0],"4":[2,9],"5":[48,0],"6":[12,36],"7":[48,36],"8":[8,28],"9":[0,28],"10":[11,1],"11":[0]},"_coverageSchema":"1a1c01bbd47fc00a2c39e90264f33305004495a9","hash":"73b497c492f4fb9a729963553ff6d282c3d81743"}
}
