{"total": {"lines":{"total":281,"covered":263,"skipped":0,"pct":93.59},"statements":{"total":286,"covered":268,"skipped":0,"pct":93.71},"functions":{"total":48,"covered":48,"skipped":0,"pct":100},"branches":{"total":95,"covered":76,"skipped":0,"pct":80}}
,"/Users/admin/apps/voodux/src/DataEntity.js": {"lines":{"total":130,"covered":115,"skipped":0,"pct":88.46},"functions":{"total":13,"covered":13,"skipped":0,"pct":100},"statements":{"total":130,"covered":115,"skipped":0,"pct":88.46},"branches":{"total":36,"covered":28,"skipped":0,"pct":77.78}}
,"/Users/admin/apps/voodux/src/EventSystem.js": {"lines":{"total":20,"covered":20,"skipped":0,"pct":100},"functions":{"total":6,"covered":6,"skipped":0,"pct":100},"statements":{"total":21,"covered":21,"skipped":0,"pct":100},"branches":{"total":8,"covered":5,"skipped":0,"pct":62.5}}
,"/Users/admin/apps/voodux/src/Foundation.js": {"lines":{"total":57,"covered":54,"skipped":0,"pct":94.74},"functions":{"total":16,"covered":16,"skipped":0,"pct":100},"statements":{"total":57,"covered":54,"skipped":0,"pct":94.74},"branches":{"total":13,"covered":10,"skipped":0,"pct":76.92}}
,"/Users/admin/apps/voodux/src/LocalDatabaseTransport.js": {"lines":{"total":22,"covered":22,"skipped":0,"pct":100},"functions":{"total":3,"covered":3,"skipped":0,"pct":100},"statements":{"total":22,"covered":22,"skipped":0,"pct":100},"branches":{"total":4,"covered":3,"skipped":0,"pct":75}}
,"/Users/admin/apps/voodux/src/utils.js": {"lines":{"total":52,"covered":52,"skipped":0,"pct":100},"functions":{"total":10,"covered":10,"skipped":0,"pct":100},"statements":{"total":56,"covered":56,"skipped":0,"pct":100},"branches":{"total":34,"covered":30,"skipped":0,"pct":88.24}}
}
