{"/Users/admin/apps/voodux/src/DataEntity.js": {"path":"/Users/admin/apps/voodux/src/DataEntity.js","statementMap":{"0":{"start":{"line":115,"column":4},"end":{"line":115,"column":11}},"1":{"start":{"line":116,"column":4},"end":{"line":116,"column":26}},"2":{"start":{"line":133,"column":4},"end":{"line":133,"column":30}},"3":{"start":{"line":140,"column":4},"end":{"line":140,"column":26}},"4":{"start":{"line":141,"column":4},"end":{"line":141,"column":34}},"5":{"start":{"line":148,"column":4},"end":{"line":151,"column":5}},"6":{"start":{"line":152,"column":4},"end":{"line":152,"column":78}},"7":{"start":{"line":154,"column":4},"end":{"line":154,"column":84}},"8":{"start":{"line":156,"column":4},"end":{"line":156,"column":49}},"9":{"start":{"line":167,"column":4},"end":{"line":167,"column":24}},"10":{"start":{"line":178,"column":4},"end":{"line":178,"column":24}},"11":{"start":{"line":189,"column":4},"end":{"line":189,"column":26}},"12":{"start":{"line":200,"column":24},"end":{"line":200,"column":41}},"13":{"start":{"line":201,"column":4},"end":{"line":201,"column":73}},"14":{"start":{"line":202,"column":4},"end":{"line":202,"column":35}},"15":{"start":{"line":222,"column":4},"end":{"line":224,"column":5}},"16":{"start":{"line":225,"column":4},"end":{"line":227,"column":5}},"17":{"start":{"line":226,"column":6},"end":{"line":226,"column":119}},"18":{"start":{"line":228,"column":15},"end":{"line":228,"column":19}},"19":{"start":{"line":229,"column":16},"end":{"line":229,"column":20}},"20":{"start":{"line":230,"column":17},"end":{"line":230,"column":19}},"21":{"start":{"line":231,"column":4},"end":{"line":231,"column":19}},"22":{"start":{"line":232,"column":4},"end":{"line":232,"column":18}},"23":{"start":{"line":233,"column":4},"end":{"line":248,"column":5}},"24":{"start":{"line":234,"column":20},"end":{"line":234,"column":54}},"25":{"start":{"line":235,"column":22},"end":{"line":235,"column":42}},"26":{"start":{"line":236,"column":6},"end":{"line":239,"column":7}},"27":{"start":{"line":238,"column":8},"end":{"line":238,"column":51}},"28":{"start":{"line":240,"column":6},"end":{"line":240,"column":28}},"29":{"start":{"line":242,"column":19},"end":{"line":244,"column":29}},"30":{"start":{"line":245,"column":6},"end":{"line":245,"column":32}},"31":{"start":{"line":247,"column":6},"end":{"line":247,"column":15}},"32":{"start":{"line":250,"column":4},"end":{"line":250,"column":75}},"33":{"start":{"line":251,"column":4},"end":{"line":251,"column":45}},"34":{"start":{"line":264,"column":19},"end":{"line":264,"column":24}},"35":{"start":{"line":265,"column":4},"end":{"line":272,"column":6}},"36":{"start":{"line":273,"column":4},"end":{"line":280,"column":6}},"37":{"start":{"line":281,"column":18},"end":{"line":281,"column":71}},"38":{"start":{"line":282,"column":4},"end":{"line":282,"column":51}},"39":{"start":{"line":306,"column":4},"end":{"line":308,"column":5}},"40":{"start":{"line":309,"column":4},"end":{"line":311,"column":5}},"41":{"start":{"line":310,"column":6},"end":{"line":310,"column":120}},"42":{"start":{"line":312,"column":4},"end":{"line":314,"column":5}},"43":{"start":{"line":313,"column":6},"end":{"line":313,"column":124}},"44":{"start":{"line":315,"column":4},"end":{"line":317,"column":5}},"45":{"start":{"line":316,"column":6},"end":{"line":316,"column":119}},"46":{"start":{"line":318,"column":4},"end":{"line":320,"column":5}},"47":{"start":{"line":319,"column":6},"end":{"line":319,"column":119}},"48":{"start":{"line":321,"column":4},"end":{"line":321,"column":28}},"49":{"start":{"line":322,"column":15},"end":{"line":322,"column":19}},"50":{"start":{"line":323,"column":16},"end":{"line":323,"column":20}},"51":{"start":{"line":324,"column":17},"end":{"line":324,"column":19}},"52":{"start":{"line":325,"column":4},"end":{"line":349,"column":5}},"53":{"start":{"line":326,"column":20},"end":{"line":326,"column":54}},"54":{"start":{"line":327,"column":22},"end":{"line":327,"column":42}},"55":{"start":{"line":328,"column":6},"end":{"line":330,"column":7}},"56":{"start":{"line":329,"column":8},"end":{"line":329,"column":51}},"57":{"start":{"line":331,"column":6},"end":{"line":331,"column":28}},"58":{"start":{"line":332,"column":6},"end":{"line":332,"column":30}},"59":{"start":{"line":333,"column":23},"end":{"line":335,"column":27}},"60":{"start":{"line":337,"column":6},"end":{"line":337,"column":44}},"61":{"start":{"line":348,"column":6},"end":{"line":348,"column":15}},"62":{"start":{"line":350,"column":4},"end":{"line":350,"column":65}},"63":{"start":{"line":351,"column":4},"end":{"line":351,"column":45}},"64":{"start":{"line":364,"column":19},"end":{"line":364,"column":25}},"65":{"start":{"line":365,"column":4},"end":{"line":375,"column":5}},"66":{"start":{"line":376,"column":4},"end":{"line":386,"column":5}},"67":{"start":{"line":387,"column":18},"end":{"line":387,"column":71}},"68":{"start":{"line":388,"column":4},"end":{"line":388,"column":51}},"69":{"start":{"line":401,"column":4},"end":{"line":401,"column":28}},"70":{"start":{"line":402,"column":15},"end":{"line":402,"column":19}},"71":{"start":{"line":403,"column":16},"end":{"line":403,"column":20}},"72":{"start":{"line":404,"column":17},"end":{"line":404,"column":19}},"73":{"start":{"line":405,"column":4},"end":{"line":413,"column":5}},"74":{"start":{"line":406,"column":19},"end":{"line":408,"column":28}},"75":{"start":{"line":410,"column":6},"end":{"line":410,"column":33}},"76":{"start":{"line":412,"column":6},"end":{"line":412,"column":15}},"77":{"start":{"line":414,"column":4},"end":{"line":414,"column":59}},"78":{"start":{"line":415,"column":4},"end":{"line":415,"column":45}},"79":{"start":{"line":427,"column":19},"end":{"line":427,"column":27}},"80":{"start":{"line":428,"column":4},"end":{"line":437,"column":5}},"81":{"start":{"line":438,"column":4},"end":{"line":447,"column":5}},"82":{"start":{"line":448,"column":18},"end":{"line":448,"column":53}},"83":{"start":{"line":449,"column":4},"end":{"line":449,"column":51}},"84":{"start":{"line":462,"column":15},"end":{"line":462,"column":19}},"85":{"start":{"line":463,"column":16},"end":{"line":463,"column":20}},"86":{"start":{"line":464,"column":4},"end":{"line":478,"column":5}},"87":{"start":{"line":465,"column":6},"end":{"line":465,"column":39}},"88":{"start":{"line":466,"column":18},"end":{"line":468,"column":26}},"89":{"start":{"line":470,"column":6},"end":{"line":475,"column":7}},"90":{"start":{"line":472,"column":8},"end":{"line":474,"column":9}},"91":{"start":{"line":473,"column":10},"end":{"line":473,"column":45}},"92":{"start":{"line":477,"column":6},"end":{"line":477,"column":15}},"93":{"start":{"line":479,"column":4},"end":{"line":479,"column":45}},"94":{"start":{"line":492,"column":15},"end":{"line":492,"column":19}},"95":{"start":{"line":493,"column":16},"end":{"line":493,"column":20}},"96":{"start":{"line":494,"column":4},"end":{"line":503,"column":5}},"97":{"start":{"line":495,"column":24},"end":{"line":499,"column":28}},"98":{"start":{"line":500,"column":6},"end":{"line":500,"column":22}},"99":{"start":{"line":502,"column":6},"end":{"line":502,"column":15}},"100":{"start":{"line":504,"column":4},"end":{"line":504,"column":45}},"101":{"start":{"line":525,"column":28},"end":{"line":525,"column":38}},"102":{"start":{"line":526,"column":15},"end":{"line":526,"column":19}},"103":{"start":{"line":527,"column":16},"end":{"line":527,"column":20}},"104":{"start":{"line":528,"column":4},"end":{"line":540,"column":5}},"105":{"start":{"line":529,"column":24},"end":{"line":536,"column":32}},"106":{"start":{"line":537,"column":6},"end":{"line":537,"column":22}},"107":{"start":{"line":539,"column":6},"end":{"line":539,"column":15}},"108":{"start":{"line":541,"column":4},"end":{"line":541,"column":45}},"109":{"start":{"line":558,"column":15},"end":{"line":558,"column":19}},"110":{"start":{"line":559,"column":16},"end":{"line":559,"column":20}},"111":{"start":{"line":560,"column":4},"end":{"line":568,"column":5}},"112":{"start":{"line":561,"column":22},"end":{"line":564,"column":27}},"113":{"start":{"line":565,"column":6},"end":{"line":565,"column":20}},"114":{"start":{"line":567,"column":6},"end":{"line":567,"column":15}},"115":{"start":{"line":569,"column":4},"end":{"line":569,"column":45}},"116":{"start":{"line":584,"column":4},"end":{"line":606,"column":6}},"117":{"start":{"line":585,"column":6},"end":{"line":605,"column":7}},"118":{"start":{"line":587,"column":44},"end":{"line":587,"column":49}},"119":{"start":{"line":588,"column":8},"end":{"line":603,"column":9}},"120":{"start":{"line":591,"column":28},"end":{"line":591,"column":48}},"121":{"start":{"line":592,"column":68},"end":{"line":592,"column":77}},"122":{"start":{"line":594,"column":27},"end":{"line":600,"column":11}},"123":{"start":{"line":601,"column":10},"end":{"line":601,"column":98}},"124":{"start":{"line":602,"column":10},"end":{"line":602,"column":45}},"125":{"start":{"line":626,"column":4},"end":{"line":629,"column":5}},"126":{"start":{"line":630,"column":4},"end":{"line":630,"column":32}},"127":{"start":{"line":631,"column":24},"end":{"line":631,"column":45}},"128":{"start":{"line":632,"column":4},"end":{"line":632,"column":75}},"129":{"start":{"line":633,"column":4},"end":{"line":633,"column":65}}},"fnMap":{"0":{"name":"(anonymous_0)","decl":{"start":{"line":109,"column":2},"end":{"line":109,"column":3}},"loc":{"start":{"line":114,"column":10},"end":{"line":157,"column":3}},"line":114},"1":{"name":"(anonymous_1)","decl":{"start":{"line":166,"column":2},"end":{"line":166,"column":3}},"loc":{"start":{"line":166,"column":16},"end":{"line":168,"column":3}},"line":166},"2":{"name":"(anonymous_2)","decl":{"start":{"line":177,"column":2},"end":{"line":177,"column":3}},"loc":{"start":{"line":177,"column":16},"end":{"line":179,"column":3}},"line":177},"3":{"name":"(anonymous_3)","decl":{"start":{"line":188,"column":2},"end":{"line":188,"column":3}},"loc":{"start":{"line":188,"column":18},"end":{"line":190,"column":3}},"line":188},"4":{"name":"(anonymous_4)","decl":{"start":{"line":199,"column":2},"end":{"line":199,"column":3}},"loc":{"start":{"line":199,"column":21},"end":{"line":203,"column":3}},"line":199},"5":{"name":"(anonymous_5)","decl":{"start":{"line":221,"column":2},"end":{"line":221,"column":3}},"loc":{"start":{"line":221,"column":22},"end":{"line":252,"column":3}},"line":221},"6":{"name":"(anonymous_6)","decl":{"start":{"line":305,"column":2},"end":{"line":305,"column":3}},"loc":{"start":{"line":305,"column":42},"end":{"line":352,"column":3}},"line":305},"7":{"name":"(anonymous_7)","decl":{"start":{"line":400,"column":2},"end":{"line":400,"column":3}},"loc":{"start":{"line":400,"column":27},"end":{"line":416,"column":3}},"line":400},"8":{"name":"(anonymous_8)","decl":{"start":{"line":461,"column":2},"end":{"line":461,"column":3}},"loc":{"start":{"line":461,"column":30},"end":{"line":480,"column":3}},"line":461},"9":{"name":"(anonymous_9)","decl":{"start":{"line":491,"column":2},"end":{"line":491,"column":3}},"loc":{"start":{"line":491,"column":28},"end":{"line":505,"column":3}},"line":491},"10":{"name":"(anonymous_10)","decl":{"start":{"line":524,"column":2},"end":{"line":524,"column":3}},"loc":{"start":{"line":524,"column":57},"end":{"line":542,"column":3}},"line":524},"11":{"name":"(anonymous_11)","decl":{"start":{"line":557,"column":2},"end":{"line":557,"column":3}},"loc":{"start":{"line":557,"column":27},"end":{"line":570,"column":3}},"line":557},"12":{"name":"(anonymous_12)","decl":{"start":{"line":584,"column":39},"end":{"line":584,"column":40}},"loc":{"start":{"line":584,"column":50},"end":{"line":606,"column":5}},"line":584}},"branchMap":{"0":{"loc":{"start":{"line":109,"column":14},"end":{"line":114,"column":8}},"type":"default-arg","locations":[{"start":{"line":114,"column":6},"end":{"line":114,"column":8}}],"line":109},"1":{"loc":{"start":{"line":110,"column":4},"end":{"line":110,"column":19}},"type":"default-arg","locations":[{"start":{"line":110,"column":17},"end":{"line":110,"column":19}}],"line":110},"2":{"loc":{"start":{"line":111,"column":4},"end":{"line":111,"column":17}},"type":"default-arg","locations":[{"start":{"line":111,"column":13},"end":{"line":111,"column":17}}],"line":111},"3":{"loc":{"start":{"line":112,"column":4},"end":{"line":112,"column":24}},"type":"default-arg","locations":[{"start":{"line":112,"column":15},"end":{"line":112,"column":24}}],"line":112},"4":{"loc":{"start":{"line":113,"column":4},"end":{"line":113,"column":15}},"type":"default-arg","locations":[{"start":{"line":113,"column":13},"end":{"line":113,"column":15}}],"line":113},"5":{"loc":{"start":{"line":221,"column":12},"end":{"line":221,"column":20}},"type":"default-arg","locations":[{"start":{"line":221,"column":18},"end":{"line":221,"column":20}}],"line":221},"6":{"loc":{"start":{"line":222,"column":4},"end":{"line":224,"column":5}},"type":"if","locations":[{"start":{"line":222,"column":4},"end":{"line":224,"column":5}},{"start":{"line":222,"column":4},"end":{"line":224,"column":5}}],"line":222},"7":{"loc":{"start":{"line":225,"column":4},"end":{"line":227,"column":5}},"type":"if","locations":[{"start":{"line":225,"column":4},"end":{"line":227,"column":5}},{"start":{"line":225,"column":4},"end":{"line":227,"column":5}}],"line":225},"8":{"loc":{"start":{"line":236,"column":6},"end":{"line":239,"column":7}},"type":"if","locations":[{"start":{"line":236,"column":6},"end":{"line":239,"column":7}},{"start":{"line":236,"column":6},"end":{"line":239,"column":7}}],"line":236},"9":{"loc":{"start":{"line":263,"column":21},"end":{"line":263,"column":84}},"type":"default-arg","locations":[{"start":{"line":263,"column":82},"end":{"line":263,"column":84}}],"line":263},"10":{"loc":{"start":{"line":263,"column":23},"end":{"line":263,"column":34}},"type":"default-arg","locations":[{"start":{"line":263,"column":30},"end":{"line":263,"column":34}}],"line":263},"11":{"loc":{"start":{"line":263,"column":36},"end":{"line":263,"column":48}},"type":"default-arg","locations":[{"start":{"line":263,"column":44},"end":{"line":263,"column":48}}],"line":263},"12":{"loc":{"start":{"line":263,"column":50},"end":{"line":263,"column":64}},"type":"default-arg","locations":[{"start":{"line":263,"column":63},"end":{"line":263,"column":64}}],"line":263},"13":{"loc":{"start":{"line":263,"column":66},"end":{"line":263,"column":77}},"type":"default-arg","locations":[{"start":{"line":263,"column":75},"end":{"line":263,"column":77}}],"line":263},"14":{"loc":{"start":{"line":305,"column":13},"end":{"line":305,"column":30}},"type":"default-arg","locations":[{"start":{"line":305,"column":26},"end":{"line":305,"column":30}}],"line":305},"15":{"loc":{"start":{"line":305,"column":32},"end":{"line":305,"column":40}},"type":"default-arg","locations":[{"start":{"line":305,"column":38},"end":{"line":305,"column":40}}],"line":305},"16":{"loc":{"start":{"line":306,"column":4},"end":{"line":308,"column":5}},"type":"if","locations":[{"start":{"line":306,"column":4},"end":{"line":308,"column":5}},{"start":{"line":306,"column":4},"end":{"line":308,"column":5}}],"line":306},"17":{"loc":{"start":{"line":309,"column":4},"end":{"line":311,"column":5}},"type":"if","locations":[{"start":{"line":309,"column":4},"end":{"line":311,"column":5}},{"start":{"line":309,"column":4},"end":{"line":311,"column":5}}],"line":309},"18":{"loc":{"start":{"line":312,"column":4},"end":{"line":314,"column":5}},"type":"if","locations":[{"start":{"line":312,"column":4},"end":{"line":314,"column":5}},{"start":{"line":312,"column":4},"end":{"line":314,"column":5}}],"line":312},"19":{"loc":{"start":{"line":315,"column":4},"end":{"line":317,"column":5}},"type":"if","locations":[{"start":{"line":315,"column":4},"end":{"line":317,"column":5}},{"start":{"line":315,"column":4},"end":{"line":317,"column":5}}],"line":315},"20":{"loc":{"start":{"line":318,"column":4},"end":{"line":320,"column":5}},"type":"if","locations":[{"start":{"line":318,"column":4},"end":{"line":320,"column":5}},{"start":{"line":318,"column":4},"end":{"line":320,"column":5}}],"line":318},"21":{"loc":{"start":{"line":328,"column":6},"end":{"line":330,"column":7}},"type":"if","locations":[{"start":{"line":328,"column":6},"end":{"line":330,"column":7}},{"start":{"line":328,"column":6},"end":{"line":330,"column":7}}],"line":328},"22":{"loc":{"start":{"line":363,"column":22},"end":{"line":363,"column":85}},"type":"default-arg","locations":[{"start":{"line":363,"column":83},"end":{"line":363,"column":85}}],"line":363},"23":{"loc":{"start":{"line":363,"column":24},"end":{"line":363,"column":35}},"type":"default-arg","locations":[{"start":{"line":363,"column":31},"end":{"line":363,"column":35}}],"line":363},"24":{"loc":{"start":{"line":363,"column":37},"end":{"line":363,"column":49}},"type":"default-arg","locations":[{"start":{"line":363,"column":45},"end":{"line":363,"column":49}}],"line":363},"25":{"loc":{"start":{"line":363,"column":51},"end":{"line":363,"column":65}},"type":"default-arg","locations":[{"start":{"line":363,"column":64},"end":{"line":363,"column":65}}],"line":363},"26":{"loc":{"start":{"line":363,"column":67},"end":{"line":363,"column":78}},"type":"default-arg","locations":[{"start":{"line":363,"column":76},"end":{"line":363,"column":78}}],"line":363},"27":{"loc":{"start":{"line":426,"column":24},"end":{"line":426,"column":74}},"type":"default-arg","locations":[{"start":{"line":426,"column":72},"end":{"line":426,"column":74}}],"line":426},"28":{"loc":{"start":{"line":426,"column":26},"end":{"line":426,"column":37}},"type":"default-arg","locations":[{"start":{"line":426,"column":33},"end":{"line":426,"column":37}}],"line":426},"29":{"loc":{"start":{"line":426,"column":39},"end":{"line":426,"column":51}},"type":"default-arg","locations":[{"start":{"line":426,"column":47},"end":{"line":426,"column":51}}],"line":426},"30":{"loc":{"start":{"line":426,"column":53},"end":{"line":426,"column":67}},"type":"default-arg","locations":[{"start":{"line":426,"column":66},"end":{"line":426,"column":67}}],"line":426},"31":{"loc":{"start":{"line":470,"column":6},"end":{"line":475,"column":7}},"type":"if","locations":[{"start":{"line":470,"column":6},"end":{"line":475,"column":7}},{"start":{"line":470,"column":6},"end":{"line":475,"column":7}}],"line":470},"32":{"loc":{"start":{"line":472,"column":8},"end":{"line":474,"column":9}},"type":"if","locations":[{"start":{"line":472,"column":8},"end":{"line":474,"column":9}},{"start":{"line":472,"column":8},"end":{"line":474,"column":9}}],"line":472},"33":{"loc":{"start":{"line":491,"column":16},"end":{"line":491,"column":26}},"type":"default-arg","locations":[{"start":{"line":491,"column":24},"end":{"line":491,"column":26}}],"line":491},"34":{"loc":{"start":{"line":524,"column":13},"end":{"line":524,"column":23}},"type":"default-arg","locations":[{"start":{"line":524,"column":21},"end":{"line":524,"column":23}}],"line":524},"35":{"loc":{"start":{"line":524,"column":25},"end":{"line":524,"column":55}},"type":"default-arg","locations":[{"start":{"line":524,"column":38},"end":{"line":524,"column":55}}],"line":524},"36":{"loc":{"start":{"line":557,"column":15},"end":{"line":557,"column":25}},"type":"default-arg","locations":[{"start":{"line":557,"column":23},"end":{"line":557,"column":25}}],"line":557},"37":{"loc":{"start":{"line":585,"column":6},"end":{"line":605,"column":7}},"type":"if","locations":[{"start":{"line":585,"column":6},"end":{"line":605,"column":7}},{"start":{"line":585,"column":6},"end":{"line":605,"column":7}}],"line":585},"38":{"loc":{"start":{"line":588,"column":8},"end":{"line":603,"column":9}},"type":"if","locations":[{"start":{"line":588,"column":8},"end":{"line":603,"column":9}},{"start":{"line":588,"column":8},"end":{"line":603,"column":9}}],"line":588},"39":{"loc":{"start":{"line":625,"column":38},"end":{"line":625,"column":99}},"type":"default-arg","locations":[{"start":{"line":625,"column":46},"end":{"line":625,"column":99}}],"line":625}},"s":{"0":18,"1":18,"2":18,"3":18,"4":18,"5":18,"6":18,"7":18,"8":18,"9":4,"10":2,"11":4,"12":10,"13":10,"14":10,"15":8,"16":8,"17":4,"18":4,"19":4,"20":4,"21":4,"22":4,"23":4,"24":4,"25":4,"26":4,"27":0,"28":4,"29":4,"30":4,"31":0,"32":4,"33":4,"34":4,"35":4,"36":4,"37":4,"38":4,"39":9,"40":9,"41":6,"42":3,"43":0,"44":3,"45":0,"46":3,"47":0,"48":3,"49":3,"50":3,"51":3,"52":3,"53":3,"54":3,"55":3,"56":0,"57":3,"58":3,"59":3,"60":3,"61":0,"62":3,"63":3,"64":3,"65":3,"66":3,"67":3,"68":3,"69":3,"70":3,"71":3,"72":3,"73":3,"74":3,"75":3,"76":0,"77":3,"78":3,"79":3,"80":3,"81":3,"82":3,"83":3,"84":2,"85":2,"86":2,"87":2,"88":2,"89":2,"90":2,"91":2,"92":0,"93":2,"94":4,"95":4,"96":4,"97":4,"98":4,"99":0,"100":4,"101":4,"102":4,"103":4,"104":4,"105":4,"106":4,"107":0,"108":4,"109":4,"110":4,"111":4,"112":4,"113":4,"114":0,"115":4,"116":18,"117":26,"118":0,"119":0,"120":0,"121":0,"122":0,"123":0,"124":0,"125":10,"126":10,"127":10,"128":10,"129":10},"f":{"0":18,"1":4,"2":2,"3":4,"4":10,"5":8,"6":9,"7":3,"8":2,"9":4,"10":4,"11":4,"12":26},"b":{"0":[0],"1":[0],"2":[0],"3":[2],"4":[0],"5":[2],"6":[8,0],"7":[4,4],"8":[0,4],"9":[0],"10":[0],"11":[0],"12":[0],"13":[0],"14":[2],"15":[4],"16":[9,0],"17":[6,3],"18":[0,3],"19":[0,3],"20":[0,3],"21":[0,3],"22":[0],"23":[0],"24":[0],"25":[0],"26":[0],"27":[0],"28":[0],"29":[0],"30":[0],"31":[2,0],"32":[2,0],"33":[2],"34":[2],"35":[4],"36":[2],"37":[0,26],"38":[0,0],"39":[0]},"_coverageSchema":"1a1c01bbd47fc00a2c39e90264f33305004495a9","hash":"504fc4cb366647231522cd2327b572b5900433a7"}
,"/Users/admin/apps/voodux/src/EventSystem.js": {"path":"/Users/admin/apps/voodux/src/EventSystem.js","statementMap":{"0":{"start":{"line":7,"column":4},"end":{"line":7,"column":22}},"1":{"start":{"line":11,"column":15},"end":{"line":11,"column":21}},"2":{"start":{"line":12,"column":4},"end":{"line":12,"column":18}},"3":{"start":{"line":13,"column":4},"end":{"line":17,"column":6}},"4":{"start":{"line":18,"column":4},"end":{"line":18,"column":13}},"5":{"start":{"line":22,"column":4},"end":{"line":22,"column":35}},"6":{"start":{"line":24,"column":4},"end":{"line":33,"column":6}},"7":{"start":{"line":25,"column":6},"end":{"line":32,"column":7}},"8":{"start":{"line":27,"column":8},"end":{"line":27,"column":41}},"9":{"start":{"line":28,"column":8},"end":{"line":31,"column":9}},"10":{"start":{"line":29,"column":10},"end":{"line":29,"column":50}},"11":{"start":{"line":30,"column":10},"end":{"line":30,"column":36}},"12":{"start":{"line":37,"column":4},"end":{"line":37,"column":37}},"13":{"start":{"line":43,"column":18},"end":{"line":43,"column":23}},"14":{"start":{"line":44,"column":4},"end":{"line":52,"column":5}},"15":{"start":{"line":44,"column":17},"end":{"line":44,"column":18}},"16":{"start":{"line":45,"column":20},"end":{"line":45,"column":36}},"17":{"start":{"line":47,"column":6},"end":{"line":51,"column":7}},"18":{"start":{"line":49,"column":8},"end":{"line":49,"column":34}},"19":{"start":{"line":50,"column":8},"end":{"line":50,"column":22}},"20":{"start":{"line":54,"column":4},"end":{"line":54,"column":18}}},"fnMap":{"0":{"name":"(anonymous_0)","decl":{"start":{"line":6,"column":2},"end":{"line":6,"column":3}},"loc":{"start":{"line":6,"column":17},"end":{"line":8,"column":3}},"line":6},"1":{"name":"(anonymous_1)","decl":{"start":{"line":10,"column":2},"end":{"line":10,"column":3}},"loc":{"start":{"line":10,"column":21},"end":{"line":19,"column":3}},"line":10},"2":{"name":"(anonymous_2)","decl":{"start":{"line":21,"column":2},"end":{"line":21,"column":3}},"loc":{"start":{"line":21,"column":40},"end":{"line":34,"column":3}},"line":21},"3":{"name":"(anonymous_3)","decl":{"start":{"line":24,"column":26},"end":{"line":24,"column":27}},"loc":{"start":{"line":24,"column":37},"end":{"line":33,"column":5}},"line":24},"4":{"name":"(anonymous_4)","decl":{"start":{"line":36,"column":2},"end":{"line":36,"column":3}},"loc":{"start":{"line":36,"column":25},"end":{"line":38,"column":3}},"line":36},"5":{"name":"(anonymous_5)","decl":{"start":{"line":40,"column":2},"end":{"line":40,"column":3}},"loc":{"start":{"line":40,"column":25},"end":{"line":55,"column":3}},"line":40}},"branchMap":{"0":{"loc":{"start":{"line":22,"column":18},"end":{"line":22,"column":35}},"type":"binary-expr","locations":[{"start":{"line":22,"column":18},"end":{"line":22,"column":29}},{"start":{"line":22,"column":33},"end":{"line":22,"column":35}}],"line":22},"1":{"loc":{"start":{"line":25,"column":6},"end":{"line":32,"column":7}},"type":"if","locations":[{"start":{"line":25,"column":6},"end":{"line":32,"column":7}},{"start":{"line":25,"column":6},"end":{"line":32,"column":7}}],"line":25},"2":{"loc":{"start":{"line":28,"column":8},"end":{"line":31,"column":9}},"type":"if","locations":[{"start":{"line":28,"column":8},"end":{"line":31,"column":9}},{"start":{"line":28,"column":8},"end":{"line":31,"column":9}}],"line":28},"3":{"loc":{"start":{"line":47,"column":6},"end":{"line":51,"column":7}},"type":"if","locations":[{"start":{"line":47,"column":6},"end":{"line":51,"column":7}},{"start":{"line":47,"column":6},"end":{"line":51,"column":7}}],"line":47}},"s":{"0":21,"1":2,"2":2,"3":2,"4":2,"5":25,"6":25,"7":3,"8":2,"9":2,"10":2,"11":2,"12":2,"13":2,"14":2,"15":2,"16":2,"17":2,"18":2,"19":2,"20":2},"f":{"0":21,"1":2,"2":25,"3":3,"4":2,"5":2},"b":{"0":[25,0],"1":[2,1],"2":[2,0],"3":[2,0]},"_coverageSchema":"1a1c01bbd47fc00a2c39e90264f33305004495a9","hash":"d10dfea628f40758bde34510234f1c5a2b8d28c7"}
,"/Users/admin/apps/voodux/src/Foundation.js": {"path":"/Users/admin/apps/voodux/src/Foundation.js","statementMap":{"0":{"start":{"line":184,"column":4},"end":{"line":184,"column":11}},"1":{"start":{"line":185,"column":4},"end":{"line":185,"column":22}},"2":{"start":{"line":186,"column":4},"end":{"line":186,"column":38}},"3":{"start":{"line":187,"column":4},"end":{"line":187,"column":32}},"4":{"start":{"line":188,"column":4},"end":{"line":188,"column":28}},"5":{"start":{"line":189,"column":4},"end":{"line":189,"column":26}},"6":{"start":{"line":190,"column":4},"end":{"line":190,"column":24}},"7":{"start":{"line":191,"column":4},"end":{"line":191,"column":22}},"8":{"start":{"line":192,"column":4},"end":{"line":192,"column":41}},"9":{"start":{"line":193,"column":4},"end":{"line":193,"column":23}},"10":{"start":{"line":194,"column":4},"end":{"line":194,"column":62}},"11":{"start":{"line":195,"column":4},"end":{"line":195,"column":25}},"12":{"start":{"line":205,"column":4},"end":{"line":205,"column":30}},"13":{"start":{"line":214,"column":4},"end":{"line":214,"column":22}},"14":{"start":{"line":233,"column":4},"end":{"line":233,"column":24}},"15":{"start":{"line":243,"column":4},"end":{"line":243,"column":23}},"16":{"start":{"line":253,"column":4},"end":{"line":253,"column":22}},"17":{"start":{"line":264,"column":4},"end":{"line":264,"column":22}},"18":{"start":{"line":273,"column":4},"end":{"line":273,"column":25}},"19":{"start":{"line":283,"column":4},"end":{"line":283,"column":36}},"20":{"start":{"line":297,"column":17},"end":{"line":297,"column":21}},"21":{"start":{"line":298,"column":16},"end":{"line":298,"column":20}},"22":{"start":{"line":300,"column":4},"end":{"line":300,"column":38}},"23":{"start":{"line":301,"column":4},"end":{"line":301,"column":33}},"24":{"start":{"line":302,"column":4},"end":{"line":302,"column":47}},"25":{"start":{"line":313,"column":4},"end":{"line":313,"column":17}},"26":{"start":{"line":402,"column":4},"end":{"line":402,"column":47}},"27":{"start":{"line":406,"column":17},"end":{"line":406,"column":21}},"28":{"start":{"line":407,"column":16},"end":{"line":407,"column":20}},"29":{"start":{"line":408,"column":4},"end":{"line":427,"column":5}},"30":{"start":{"line":409,"column":6},"end":{"line":422,"column":7}},"31":{"start":{"line":410,"column":8},"end":{"line":421,"column":9}},"32":{"start":{"line":412,"column":27},"end":{"line":412,"column":41}},"33":{"start":{"line":413,"column":25},"end":{"line":413,"column":40}},"34":{"start":{"line":414,"column":29},"end":{"line":419,"column":12}},"35":{"start":{"line":420,"column":10},"end":{"line":420,"column":53}},"36":{"start":{"line":423,"column":6},"end":{"line":423,"column":27}},"37":{"start":{"line":425,"column":6},"end":{"line":425,"column":26}},"38":{"start":{"line":426,"column":6},"end":{"line":426,"column":20}},"39":{"start":{"line":428,"column":4},"end":{"line":428,"column":47}},"40":{"start":{"line":437,"column":4},"end":{"line":437,"column":27}},"41":{"start":{"line":447,"column":4},"end":{"line":447,"column":45}},"42":{"start":{"line":448,"column":4},"end":{"line":448,"column":46}},"43":{"start":{"line":457,"column":22},"end":{"line":457,"column":66}},"44":{"start":{"line":458,"column":4},"end":{"line":462,"column":5}},"45":{"start":{"line":459,"column":6},"end":{"line":459,"column":29}},"46":{"start":{"line":461,"column":6},"end":{"line":461,"column":38}},"47":{"start":{"line":463,"column":4},"end":{"line":463,"column":46}},"48":{"start":{"line":550,"column":17},"end":{"line":550,"column":21}},"49":{"start":{"line":551,"column":16},"end":{"line":551,"column":20}},"50":{"start":{"line":552,"column":4},"end":{"line":574,"column":5}},"51":{"start":{"line":553,"column":6},"end":{"line":553,"column":25}},"52":{"start":{"line":554,"column":24},"end":{"line":554,"column":55}},"53":{"start":{"line":556,"column":25},"end":{"line":556,"column":68}},"54":{"start":{"line":558,"column":6},"end":{"line":569,"column":7}},"55":{"start":{"line":559,"column":8},"end":{"line":559,"column":33}},"56":{"start":{"line":561,"column":8},"end":{"line":561,"column":29}},"57":{"start":{"line":562,"column":8},"end":{"line":568,"column":9}},"58":{"start":{"line":572,"column":6},"end":{"line":572,"column":20}},"59":{"start":{"line":573,"column":6},"end":{"line":573,"column":18}},"60":{"start":{"line":576,"column":4},"end":{"line":580,"column":6}},"61":{"start":{"line":582,"column":4},"end":{"line":582,"column":47}}},"fnMap":{"0":{"name":"(anonymous_0)","decl":{"start":{"line":178,"column":2},"end":{"line":178,"column":3}},"loc":{"start":{"line":183,"column":10},"end":{"line":196,"column":3}},"line":183},"1":{"name":"(anonymous_1)","decl":{"start":{"line":204,"column":2},"end":{"line":204,"column":3}},"loc":{"start":{"line":204,"column":22},"end":{"line":206,"column":3}},"line":204},"2":{"name":"(anonymous_2)","decl":{"start":{"line":213,"column":2},"end":{"line":213,"column":3}},"loc":{"start":{"line":213,"column":14},"end":{"line":215,"column":3}},"line":213},"3":{"name":"(anonymous_3)","decl":{"start":{"line":232,"column":2},"end":{"line":232,"column":3}},"loc":{"start":{"line":232,"column":13},"end":{"line":234,"column":3}},"line":232},"4":{"name":"(anonymous_4)","decl":{"start":{"line":242,"column":2},"end":{"line":242,"column":3}},"loc":{"start":{"line":242,"column":14},"end":{"line":244,"column":3}},"line":242},"5":{"name":"(anonymous_5)","decl":{"start":{"line":252,"column":2},"end":{"line":252,"column":3}},"loc":{"start":{"line":252,"column":14},"end":{"line":254,"column":3}},"line":252},"6":{"name":"(anonymous_6)","decl":{"start":{"line":263,"column":2},"end":{"line":263,"column":3}},"loc":{"start":{"line":263,"column":18},"end":{"line":265,"column":3}},"line":263},"7":{"name":"(anonymous_7)","decl":{"start":{"line":272,"column":2},"end":{"line":272,"column":3}},"loc":{"start":{"line":272,"column":17},"end":{"line":274,"column":3}},"line":272},"8":{"name":"(anonymous_8)","decl":{"start":{"line":282,"column":2},"end":{"line":282,"column":3}},"loc":{"start":{"line":282,"column":26},"end":{"line":284,"column":3}},"line":282},"9":{"name":"(anonymous_9)","decl":{"start":{"line":296,"column":2},"end":{"line":296,"column":3}},"loc":{"start":{"line":296,"column":51},"end":{"line":303,"column":3}},"line":296},"10":{"name":"(anonymous_10)","decl":{"start":{"line":312,"column":2},"end":{"line":312,"column":3}},"loc":{"start":{"line":312,"column":22},"end":{"line":314,"column":3}},"line":312},"11":{"name":"(anonymous_11)","decl":{"start":{"line":401,"column":2},"end":{"line":401,"column":3}},"loc":{"start":{"line":401,"column":55},"end":{"line":403,"column":3}},"line":401},"12":{"name":"(anonymous_12)","decl":{"start":{"line":436,"column":2},"end":{"line":436,"column":3}},"loc":{"start":{"line":436,"column":19},"end":{"line":438,"column":3}},"line":436},"13":{"name":"(anonymous_13)","decl":{"start":{"line":446,"column":2},"end":{"line":446,"column":3}},"loc":{"start":{"line":446,"column":24},"end":{"line":449,"column":3}},"line":446},"14":{"name":"(anonymous_14)","decl":{"start":{"line":456,"column":2},"end":{"line":456,"column":3}},"loc":{"start":{"line":456,"column":18},"end":{"line":464,"column":3}},"line":456},"15":{"name":"(anonymous_15)","decl":{"start":{"line":549,"column":2},"end":{"line":549,"column":3}},"loc":{"start":{"line":549,"column":17},"end":{"line":583,"column":3}},"line":549}},"branchMap":{"0":{"loc":{"start":{"line":178,"column":15},"end":{"line":183,"column":8}},"type":"default-arg","locations":[{"start":{"line":183,"column":6},"end":{"line":183,"column":8}}],"line":178},"1":{"loc":{"start":{"line":179,"column":4},"end":{"line":179,"column":31}},"type":"default-arg","locations":[{"start":{"line":179,"column":11},"end":{"line":179,"column":31}}],"line":179},"2":{"loc":{"start":{"line":180,"column":4},"end":{"line":180,"column":28}},"type":"default-arg","locations":[{"start":{"line":180,"column":19},"end":{"line":180,"column":28}}],"line":180},"3":{"loc":{"start":{"line":181,"column":4},"end":{"line":181,"column":21}},"type":"default-arg","locations":[{"start":{"line":181,"column":16},"end":{"line":181,"column":21}}],"line":181},"4":{"loc":{"start":{"line":182,"column":4},"end":{"line":182,"column":16}},"type":"default-arg","locations":[{"start":{"line":182,"column":14},"end":{"line":182,"column":16}}],"line":182},"5":{"loc":{"start":{"line":192,"column":23},"end":{"line":192,"column":41}},"type":"binary-expr","locations":[{"start":{"line":192,"column":23},"end":{"line":192,"column":32}},{"start":{"line":192,"column":36},"end":{"line":192,"column":41}}],"line":192},"6":{"loc":{"start":{"line":296,"column":21},"end":{"line":296,"column":32}},"type":"default-arg","locations":[{"start":{"line":296,"column":30},"end":{"line":296,"column":32}}],"line":296},"7":{"loc":{"start":{"line":296,"column":34},"end":{"line":296,"column":49}},"type":"default-arg","locations":[{"start":{"line":296,"column":47},"end":{"line":296,"column":49}}],"line":296},"8":{"loc":{"start":{"line":401,"column":21},"end":{"line":401,"column":34}},"type":"default-arg","locations":[{"start":{"line":401,"column":30},"end":{"line":401,"column":34}}],"line":401},"9":{"loc":{"start":{"line":401,"column":36},"end":{"line":401,"column":51}},"type":"default-arg","locations":[{"start":{"line":401,"column":49},"end":{"line":401,"column":51}}],"line":401},"10":{"loc":{"start":{"line":410,"column":8},"end":{"line":421,"column":9}},"type":"if","locations":[{"start":{"line":410,"column":8},"end":{"line":421,"column":9}},{"start":{"line":410,"column":8},"end":{"line":421,"column":9}}],"line":410},"11":{"loc":{"start":{"line":457,"column":22},"end":{"line":457,"column":66}},"type":"binary-expr","locations":[{"start":{"line":457,"column":22},"end":{"line":457,"column":57}},{"start":{"line":457,"column":61},"end":{"line":457,"column":66}}],"line":457},"12":{"loc":{"start":{"line":458,"column":4},"end":{"line":462,"column":5}},"type":"if","locations":[{"start":{"line":458,"column":4},"end":{"line":462,"column":5}},{"start":{"line":458,"column":4},"end":{"line":462,"column":5}}],"line":458},"13":{"loc":{"start":{"line":558,"column":6},"end":{"line":569,"column":7}},"type":"if","locations":[{"start":{"line":558,"column":6},"end":{"line":569,"column":7}},{"start":{"line":558,"column":6},"end":{"line":569,"column":7}}],"line":558}},"s":{"0":3,"1":3,"2":3,"3":3,"4":3,"5":3,"6":3,"7":3,"8":3,"9":3,"10":3,"11":3,"12":2,"13":18,"14":3,"15":14,"16":8,"17":2,"18":2,"19":2,"20":17,"21":17,"22":17,"23":17,"24":17,"25":16,"26":1,"27":5,"28":5,"29":5,"30":10,"31":16,"32":16,"33":16,"34":16,"35":9,"36":5,"37":3,"38":3,"39":5,"40":1,"41":5,"42":5,"43":5,"44":5,"45":3,"46":5,"47":5,"48":5,"49":5,"50":3,"51":4,"52":4,"53":2,"54":2,"55":4,"56":4,"57":1,"58":0,"59":0,"60":2,"61":2},"f":{"0":3,"1":2,"2":18,"3":3,"4":14,"5":8,"6":2,"7":2,"8":2,"9":17,"10":16,"11":1,"12":2,"13":5,"14":5,"15":5},"b":{"0":[0],"1":[0],"2":[3],"3":[3],"4":[0],"5":[3,3],"6":[0],"7":[0],"8":[0],"9":[0],"10":[16,0],"11":[5,5],"12":[0,5],"13":[2,3]},"_coverageSchema":"1a1c01bbd47fc00a2c39e90264f33305004495a9","hash":"9b28d89570e933ab98b7232c46a7eea07e7845d7"}
,"/Users/admin/apps/voodux/src/LocalDatabaseTransport.js": {"path":"/Users/admin/apps/voodux/src/LocalDatabaseTransport.js","statementMap":{"0":{"start":{"line":6,"column":0},"end":{"line":6,"column":19}},"1":{"start":{"line":72,"column":4},"end":{"line":72,"column":17}},"2":{"start":{"line":73,"column":4},"end":{"line":73,"column":26}},"3":{"start":{"line":74,"column":4},"end":{"line":74,"column":28}},"4":{"start":{"line":75,"column":4},"end":{"line":75,"column":26}},"5":{"start":{"line":76,"column":4},"end":{"line":76,"column":28}},"6":{"start":{"line":77,"column":4},"end":{"line":77,"column":23}},"7":{"start":{"line":81,"column":4},"end":{"line":88,"column":5}},"8":{"start":{"line":82,"column":6},"end":{"line":87,"column":7}},"9":{"start":{"line":84,"column":8},"end":{"line":86,"column":9}},"10":{"start":{"line":111,"column":4},"end":{"line":111,"column":39}},"11":{"start":{"line":112,"column":4},"end":{"line":112,"column":37}},"12":{"start":{"line":127,"column":16},"end":{"line":127,"column":20}},"13":{"start":{"line":128,"column":15},"end":{"line":128,"column":19}},"14":{"start":{"line":129,"column":4},"end":{"line":145,"column":5}},"15":{"start":{"line":130,"column":6},"end":{"line":130,"column":24}},"16":{"start":{"line":132,"column":6},"end":{"line":134,"column":32}},"17":{"start":{"line":140,"column":19},"end":{"line":140,"column":36}},"18":{"start":{"line":141,"column":6},"end":{"line":141,"column":17}},"19":{"start":{"line":143,"column":6},"end":{"line":143,"column":15}},"20":{"start":{"line":144,"column":6},"end":{"line":144,"column":17}},"21":{"start":{"line":146,"column":4},"end":{"line":146,"column":45}}},"fnMap":{"0":{"name":"(anonymous_0)","decl":{"start":{"line":68,"column":2},"end":{"line":68,"column":3}},"loc":{"start":{"line":68,"column":75},"end":{"line":78,"column":3}},"line":68},"1":{"name":"(anonymous_1)","decl":{"start":{"line":110,"column":2},"end":{"line":110,"column":3}},"loc":{"start":{"line":110,"column":33},"end":{"line":113,"column":3}},"line":110},"2":{"name":"(anonymous_2)","decl":{"start":{"line":126,"column":2},"end":{"line":126,"column":3}},"loc":{"start":{"line":126,"column":18},"end":{"line":147,"column":3}},"line":126}},"branchMap":{"0":{"loc":{"start":{"line":68,"column":15},"end":{"line":68,"column":73}},"type":"default-arg","locations":[{"start":{"line":68,"column":71},"end":{"line":68,"column":73}}],"line":68},"1":{"loc":{"start":{"line":68,"column":17},"end":{"line":68,"column":28}},"type":"default-arg","locations":[{"start":{"line":68,"column":27},"end":{"line":68,"column":28}}],"line":68},"2":{"loc":{"start":{"line":68,"column":30},"end":{"line":68,"column":41}},"type":"default-arg","locations":[{"start":{"line":68,"column":39},"end":{"line":68,"column":41}}],"line":68},"3":{"loc":{"start":{"line":68,"column":43},"end":{"line":68,"column":66}},"type":"default-arg","locations":[{"start":{"line":68,"column":52},"end":{"line":68,"column":66}}],"line":68},"4":{"loc":{"start":{"line":82,"column":6},"end":{"line":87,"column":7}},"type":"if","locations":[{"start":{"line":82,"column":6},"end":{"line":87,"column":7}},{"start":{"line":82,"column":6},"end":{"line":87,"column":7}}],"line":82}},"s":{"0":5,"1":5,"2":5,"3":5,"4":5,"5":5,"6":5,"7":8,"8":22,"9":22,"10":22,"11":22,"12":8,"13":8,"14":8,"15":8,"16":8,"17":5,"18":5,"19":3,"20":3,"21":8},"f":{"0":5,"1":22,"2":8},"b":{"0":[3],"1":[3],"2":[3],"3":[3],"4":[22,0]},"_coverageSchema":"1a1c01bbd47fc00a2c39e90264f33305004495a9","hash":"371c399cac37bf21ff68404a7904885aa443bc64"}
,"/Users/admin/apps/voodux/src/utils.js": {"path":"/Users/admin/apps/voodux/src/utils.js","statementMap":{"0":{"start":{"line":21,"column":37},"end":{"line":23,"column":1}},"1":{"start":{"line":22,"column":2},"end":{"line":22,"column":24}},"2":{"start":{"line":32,"column":2},"end":{"line":36,"column":4}},"3":{"start":{"line":33,"column":14},"end":{"line":33,"column":38}},"4":{"start":{"line":34,"column":14},"end":{"line":34,"column":45}},"5":{"start":{"line":35,"column":4},"end":{"line":35,"column":25}},"6":{"start":{"line":46,"column":2},"end":{"line":48,"column":3}},"7":{"start":{"line":47,"column":4},"end":{"line":47,"column":26}},"8":{"start":{"line":49,"column":2},"end":{"line":49,"column":40}},"9":{"start":{"line":62,"column":15},"end":{"line":62,"column":17}},"10":{"start":{"line":63,"column":2},"end":{"line":87,"column":3}},"11":{"start":{"line":64,"column":4},"end":{"line":86,"column":5}},"12":{"start":{"line":65,"column":23},"end":{"line":65,"column":49}},"13":{"start":{"line":66,"column":6},"end":{"line":66,"column":29}},"14":{"start":{"line":72,"column":10},"end":{"line":72,"column":18}},"15":{"start":{"line":74,"column":6},"end":{"line":76,"column":7}},"16":{"start":{"line":75,"column":8},"end":{"line":75,"column":16}},"17":{"start":{"line":77,"column":6},"end":{"line":79,"column":7}},"18":{"start":{"line":78,"column":8},"end":{"line":78,"column":16}},"19":{"start":{"line":80,"column":6},"end":{"line":83,"column":7}},"20":{"start":{"line":81,"column":8},"end":{"line":81,"column":41}},"21":{"start":{"line":85,"column":6},"end":{"line":85,"column":29}},"22":{"start":{"line":88,"column":2},"end":{"line":88,"column":69}},"23":{"start":{"line":102,"column":16},"end":{"line":102,"column":56}},"24":{"start":{"line":102,"column":49},"end":{"line":102,"column":54}},"25":{"start":{"line":103,"column":2},"end":{"line":103,"column":14}},"26":{"start":{"line":107,"column":22},"end":{"line":107,"column":37}}},"fnMap":{"0":{"name":"(anonymous_0)","decl":{"start":{"line":21,"column":37},"end":{"line":21,"column":38}},"loc":{"start":{"line":21,"column":68},"end":{"line":23,"column":1}},"line":21},"1":{"name":"uuid","decl":{"start":{"line":31,"column":16},"end":{"line":31,"column":20}},"loc":{"start":{"line":31,"column":24},"end":{"line":37,"column":1}},"line":31},"2":{"name":"(anonymous_2)","decl":{"start":{"line":32,"column":65},"end":{"line":32,"column":66}},"loc":{"start":{"line":32,"column":78},"end":{"line":36,"column":3}},"line":32},"3":{"name":"toJSON","decl":{"start":{"line":45,"column":16},"end":{"line":45,"column":22}},"loc":{"start":{"line":45,"column":34},"end":{"line":50,"column":1}},"line":45},"4":{"name":"mongooseToDexieTableString","decl":{"start":{"line":61,"column":16},"end":{"line":61,"column":42}},"loc":{"start":{"line":61,"column":52},"end":{"line":89,"column":1}},"line":61},"5":{"name":"getSearchTokenStream","decl":{"start":{"line":97,"column":16},"end":{"line":97,"column":36}},"loc":{"start":{"line":97,"column":48},"end":{"line":105,"column":1}},"line":97},"6":{"name":"(anonymous_6)","decl":{"start":{"line":102,"column":43},"end":{"line":102,"column":44}},"loc":{"start":{"line":102,"column":49},"end":{"line":102,"column":54}},"line":102}},"branchMap":{"0":{"loc":{"start":{"line":21,"column":38},"end":{"line":21,"column":50}},"type":"default-arg","locations":[{"start":{"line":21,"column":46},"end":{"line":21,"column":50}}],"line":21},"1":{"loc":{"start":{"line":21,"column":52},"end":{"line":21,"column":63}},"type":"default-arg","locations":[{"start":{"line":21,"column":59},"end":{"line":21,"column":63}}],"line":21},"2":{"loc":{"start":{"line":34,"column":14},"end":{"line":34,"column":45}},"type":"cond-expr","locations":[{"start":{"line":34,"column":26},"end":{"line":34,"column":27}},{"start":{"line":34,"column":30},"end":{"line":34,"column":45}}],"line":34},"3":{"loc":{"start":{"line":45,"column":24},"end":{"line":45,"column":32}},"type":"default-arg","locations":[{"start":{"line":45,"column":30},"end":{"line":45,"column":32}}],"line":45},"4":{"loc":{"start":{"line":46,"column":2},"end":{"line":48,"column":3}},"type":"if","locations":[{"start":{"line":46,"column":2},"end":{"line":48,"column":3}},{"start":{"line":46,"column":2},"end":{"line":48,"column":3}}],"line":46},"5":{"loc":{"start":{"line":64,"column":4},"end":{"line":86,"column":5}},"type":"if","locations":[{"start":{"line":64,"column":4},"end":{"line":86,"column":5}},{"start":{"line":64,"column":4},"end":{"line":86,"column":5}}],"line":64},"6":{"loc":{"start":{"line":74,"column":6},"end":{"line":76,"column":7}},"type":"if","locations":[{"start":{"line":74,"column":6},"end":{"line":76,"column":7}},{"start":{"line":74,"column":6},"end":{"line":76,"column":7}}],"line":74},"7":{"loc":{"start":{"line":74,"column":10},"end":{"line":74,"column":59}},"type":"binary-expr","locations":[{"start":{"line":74,"column":10},"end":{"line":74,"column":32}},{"start":{"line":74,"column":36},"end":{"line":74,"column":59}}],"line":74},"8":{"loc":{"start":{"line":77,"column":6},"end":{"line":79,"column":7}},"type":"if","locations":[{"start":{"line":77,"column":6},"end":{"line":79,"column":7}},{"start":{"line":77,"column":6},"end":{"line":79,"column":7}}],"line":77},"9":{"loc":{"start":{"line":80,"column":6},"end":{"line":83,"column":7}},"type":"if","locations":[{"start":{"line":80,"column":6},"end":{"line":83,"column":7}},{"start":{"line":80,"column":6},"end":{"line":83,"column":7}}],"line":80},"10":{"loc":{"start":{"line":88,"column":22},"end":{"line":88,"column":67}},"type":"cond-expr","locations":[{"start":{"line":88,"column":41},"end":{"line":88,"column":61}},{"start":{"line":88,"column":65},"end":{"line":88,"column":67}}],"line":88},"11":{"loc":{"start":{"line":97,"column":37},"end":{"line":97,"column":46}},"type":"default-arg","locations":[{"start":{"line":97,"column":44},"end":{"line":97,"column":46}}],"line":97}},"s":{"0":5,"1":69,"2":10012,"3":310372,"4":310372,"5":310372,"6":10,"7":2,"8":8,"9":23,"10":23,"11":98,"12":98,"13":98,"14":98,"15":98,"16":23,"17":75,"18":18,"19":57,"20":1,"21":57,"22":23,"23":3,"24":6,"25":3,"26":5},"f":{"0":69,"1":10012,"2":310372,"3":10,"4":23,"5":3,"6":6},"b":{"0":[1],"1":[1],"2":[300360,10012],"3":[0],"4":[2,8],"5":[98,0],"6":[23,75],"7":[98,75],"8":[18,57],"9":[1,56],"10":[19,4],"11":[0]},"_coverageSchema":"1a1c01bbd47fc00a2c39e90264f33305004495a9","hash":"73b497c492f4fb9a729963553ff6d282c3d81743"}
}
