{"total": {"lines":{"total":268,"covered":242,"skipped":0,"pct":90.3},"statements":{"total":270,"covered":244,"skipped":0,"pct":90.37},"functions":{"total":45,"covered":45,"skipped":0,"pct":100},"branches":{"total":106,"covered":60,"skipped":0,"pct":56.6}}
,"/Users/admin/apps/voodux/src/DataEntity.js": {"lines":{"total":130,"covered":111,"skipped":0,"pct":85.38},"functions":{"total":13,"covered":13,"skipped":0,"pct":100},"statements":{"total":130,"covered":111,"skipped":0,"pct":85.38},"branches":{"total":53,"covered":22,"skipped":0,"pct":41.51}}
,"/Users/admin/apps/voodux/src/EventSystem.js": {"lines":{"total":21,"covered":21,"skipped":0,"pct":100},"functions":{"total":6,"covered":6,"skipped":0,"pct":100},"statements":{"total":22,"covered":22,"skipped":0,"pct":100},"branches":{"total":10,"covered":8,"skipped":0,"pct":80}}
,"/Users/admin/apps/voodux/src/Foundation.js": {"lines":{"total":69,"covered":62,"skipped":0,"pct":89.86},"functions":{"total":16,"covered":16,"skipped":0,"pct":100},"statements":{"total":69,"covered":62,"skipped":0,"pct":89.86},"branches":{"total":17,"covered":8,"skipped":0,"pct":47.06}}
,"/Users/admin/apps/voodux/src/LocalDatabaseTransport.js": {"lines":{"total":22,"covered":22,"skipped":0,"pct":100},"functions":{"total":3,"covered":3,"skipped":0,"pct":100},"statements":{"total":22,"covered":22,"skipped":0,"pct":100},"branches":{"total":6,"covered":5,"skipped":0,"pct":83.33}}
,"/Users/admin/apps/voodux/src/utils.js": {"lines":{"total":26,"covered":26,"skipped":0,"pct":100},"functions":{"total":7,"covered":7,"skipped":0,"pct":100},"statements":{"total":27,"covered":27,"skipped":0,"pct":100},"branches":{"total":20,"covered":17,"skipped":0,"pct":85}}
}
