TN:
SF:index.js
FNF:0
FNH:0
DA:7,1
DA:8,1
DA:9,1
DA:10,1
DA:11,1
DA:14,1
LF:6
LH:6
BRDA:7,0,0,1
BRDA:7,0,1,0
BRF:2
BRH:1
end_of_record
TN:
SF:dist/main.js
FN:1,(anonymous_0)
FN:8,(anonymous_1)
FN:10,_assertThisInitialized
FN:26,(anonymous_3)
FN:28,asyncGeneratorStep
FN:44,_asyncToGenerator
FN:45,(anonymous_6)
FN:48,(anonymous_7)
FN:51,_next
FN:55,_throw
FN:72,(anonymous_10)
FN:74,_classCallCheck
FN:88,(anonymous_12)
FN:90,_classPrivateFieldGet
FN:112,(anonymous_14)
FN:114,_classPrivateFieldSet
FN:142,(anonymous_16)
FN:144,_defineProperties
FN:154,_createClass
FN:168,(anonymous_19)
FN:170,_defineProperty
FN:193,(anonymous_21)
FN:195,_getPrototypeOf
FN:196,_getPrototypeOf
FN:210,(anonymous_24)
FN:214,_inherits
FN:237,(anonymous_26)
FN:243,_possibleConstructorReturn
FN:259,(anonymous_28)
FN:261,_setPrototypeOf
FN:262,_setPrototypeOf
FN:278,(anonymous_31)
FN:280,_typeof
FN:284,_typeof
FN:288,_typeof
FN:304,(anonymous_35)
FN:315,(anonymous_36)
FN:346,last
FN:357,(anonymous_38)
FN:365,cov_7ximpzrxj
FN:493,(anonymous_40)
FN:535,(anonymous_41)
FN:540,(anonymous_42)
FN:580,cov_1wly7kbuqz
FN:3031,(anonymous_44)
FN:3040,ownKeys
FN:3040,(anonymous_46)
FN:3042,_objectSpread
FN:3042,(anonymous_48)
FN:3042,(anonymous_49)
FN:3044,_createSuper
FN:3044,_createSuperInternal
FN:3046,_isNativeReflectConstruct
FN:3046,(anonymous_53)
FN:3048,_classPrivateMethodGet
FN:3076,(anonymous_55)
FN:3081,DataEntity
FN:3176,get
FN:3183,get
FN:3190,get
FN:3197,Model
FN:3202,(anonymous_61)
FN:3213,(anonymous_62)
FN:3214,_callee
FN:3224,_callee$
FN:3294,add
FN:3302,(anonymous_66)
FN:3303,_callee2
FN:3305,_callee2$
FN:3387,edit
FN:3395,(anonymous_70)
FN:3396,_callee3
FN:3399,_callee3$
FN:3450,_delete
FN:3458,(anonymous_74)
FN:3459,_callee4
FN:3461,_callee4$
FN:3520,findById
FN:3528,(anonymous_78)
FN:3529,_callee5
FN:3535,_callee5$
FN:3574,findAll
FN:3582,(anonymous_82)
FN:3583,_callee6
FN:3594,_callee6$
FN:3635,find
FN:3643,(anonymous_86)
FN:3644,_callee7
FN:3650,_callee7$
FN:3689,count
FN:3700,_triggerAddEvents2
FN:3744,_triggerEditEvents2
FN:3788,_triggerDeleteEvents2
FN:3827,_listenToAllOtherSessionsStateChanges2
FN:3831,(anonymous_94)
FN:3881,_sendStateChangeToAllOtherSessions2
FN:3910,(anonymous_96)
FN:3915,(anonymous_97)
FN:3927,cov_2ci7ql6ep5
FN:4519,(anonymous_99)
FN:4529,(anonymous_100)
FN:4530,EventSystem
FN:4540,on
FN:4564,triggerEvent
FN:4571,(anonymous_104)
FN:4597,stopListenTo
FN:4604,destroyEvent
FN:4640,(anonymous_107)
FN:4645,(anonymous_108)
FN:4685,cov_106po7lq8f
FN:6124,(anonymous_110)
FN:6133,ownKeys
FN:6133,(anonymous_112)
FN:6135,_objectSpread
FN:6135,(anonymous_114)
FN:6135,(anonymous_115)
FN:6137,_createSuper
FN:6137,_createSuperInternal
FN:6139,_isNativeReflectConstruct
FN:6139,(anonymous_119)
FN:6141,_classPrivateMethodGet
FN:6172,(anonymous_121)
FN:6177,Foundation
FN:6294,get
FN:6301,get
FN:6308,get
FN:6315,get
FN:6322,get
FN:6327,set
FN:6335,get
FN:6342,get
FN:6349,get
FN:6356,setGuidStorage
FN:6365,setupAppGuid
FN:6386,(anonymous_134)
FN:6387,_callee
FN:6390,_callee$
FN:6442,start
FN:6450,get
FN:6460,_setModel2
FN:6476,_mapModels2
FN:6520,(anonymous_141)
FN:6521,_callee2
FN:6524,_callee2$
FN:6575,_startVitals2
FN:6590,(anonymous_145)
FN:6595,(anonymous_146)
FN:6632,cov_1j6dvs0c9r
FN:7113,(anonymous_148)
FN:7122,_createSuper
FN:7122,_createSuperInternal
FN:7124,_isNativeReflectConstruct
FN:7124,(anonymous_152)
FN:7126,_classPrivateMethodGet
FN:7146,(anonymous_154)
FN:7151,LocalDatabaseTransport
FN:7220,addSchema
FN:7229,(anonymous_157)
FN:7230,_callee
FN:7232,_callee$
FN:7278,connect
FN:7289,_setTables2
FN:7313,(anonymous_162)
FN:7318,(anonymous_163)
FN:7319,(anonymous_164)
FN:7320,(anonymous_165)
FN:7321,(anonymous_166)
FN:7322,(anonymous_167)
FN:7323,(anonymous_168)
FN:7324,(anonymous_169)
FN:7330,cov_1q0r7qyu1f
FN:8123,(anonymous_171)
FN:8134,createMethodSignature
FN:8145,GUID
FN:8150,uuid
FN:8153,(anonymous_175)
FN:8161,toJSON
FN:8176,mongooseToDexieTableString
FN:8221,getSearchTokenStream
FN:8236,(anonymous_179)
FN:8260,curry2
FN:8261,(anonymous_181)
FN:8267,uncurry
FN:8281,(anonymous_183)
FN:8298,(anonymous_184)
FN:8299,(anonymous_185)
FN:8304,(anonymous_186)
FN:8305,(anonymous_187)
FN:8310,(anonymous_188)
FN:8311,(anonymous_189)
FN:8316,(anonymous_190)
FN:8317,(anonymous_191)
FN:8322,(anonymous_192)
FN:8323,(anonymous_193)
FN:8328,(anonymous_194)
FN:8329,(anonymous_195)
FN:8334,(anonymous_196)
FN:8335,(anonymous_197)
FN:8340,(anonymous_198)
FN:8341,(anonymous_199)
FN:8346,(anonymous_200)
FN:8347,(anonymous_201)
FN:8352,(anonymous_202)
FN:8353,(anonymous_203)
FN:8354,(anonymous_204)
FN:8360,(anonymous_205)
FN:8361,(anonymous_206)
FN:8366,(anonymous_207)
FN:8368,(anonymous_208)
FN:8369,(anonymous_209)
FN:8372,(anonymous_210)
FN:8379,(anonymous_211)
FN:8382,(anonymous_212)
FN:8383,(anonymous_213)
FN:8393,(anonymous_214)
FN:8396,(anonymous_215)
FN:8397,(anonymous_216)
FN:8403,(anonymous_217)
FN:8406,(anonymous_218)
FN:8407,(anonymous_219)
FN:8408,(anonymous_220)
FN:8416,(anonymous_221)
FN:8418,(anonymous_222)
FN:8427,(anonymous_223)
FN:8428,(anonymous_224)
FN:8435,(anonymous_225)
FN:8436,(anonymous_226)
FN:8443,(anonymous_227)
FN:8444,(anonymous_228)
FN:8451,(anonymous_229)
FN:8452,(anonymous_230)
FN:8457,(anonymous_231)
FN:8458,(anonymous_232)
FN:8463,(anonymous_233)
FN:8464,(anonymous_234)
FN:8469,(anonymous_235)
FN:8470,(anonymous_236)
FN:8475,(anonymous_237)
FN:8476,(anonymous_238)
FN:8485,(anonymous_239)
FN:8486,(anonymous_240)
FN:8496,(anonymous_241)
FN:8497,(anonymous_242)
FN:8506,(anonymous_243)
FN:8507,(anonymous_244)
FN:8510,(anonymous_245)
FN:8516,(anonymous_246)
FN:8517,(anonymous_247)
FN:8522,(anonymous_248)
FN:8527,(anonymous_249)
FN:8530,(anonymous_250)
FN:8540,(anonymous_251)
FN:8541,(anonymous_252)
FN:8548,(anonymous_253)
FN:8549,(anonymous_254)
FN:8558,(anonymous_255)
FN:8559,(anonymous_256)
FN:8565,(anonymous_257)
FN:8570,(anonymous_258)
FN:8572,(anonymous_259)
FN:8593,(anonymous_260)
FN:8594,(anonymous_261)
FN:8599,(anonymous_262)
FN:8600,(anonymous_263)
FN:8609,(anonymous_264)
FN:8611,(anonymous_265)
FN:8612,(anonymous_266)
FN:8618,(anonymous_267)
FN:8620,(anonymous_268)
FN:8621,(anonymous_269)
FN:8629,(anonymous_270)
FN:8631,(anonymous_271)
FN:8632,(anonymous_272)
FN:8638,(anonymous_273)
FN:8639,(anonymous_274)
FN:8647,(anonymous_275)
FN:8655,(anonymous_276)
FN:8660,(anonymous_277)
FN:8681,(anonymous_278)
FN:8682,(anonymous_279)
FN:8684,(anonymous_280)
FN:8695,(anonymous_281)
FN:8696,(anonymous_282)
FN:8705,(anonymous_283)
FN:8707,(anonymous_284)
FN:8708,(anonymous_285)
FN:8714,(anonymous_286)
FN:8716,(anonymous_287)
FN:8717,(anonymous_288)
FN:8723,(anonymous_289)
FN:8724,(anonymous_290)
FN:8731,(anonymous_291)
FN:8751,(anonymous_292)
FN:8773,(anonymous_293)
FN:8791,(anonymous_294)
FN:8809,(anonymous_295)
FN:8821,(anonymous_296)
FN:8838,(anonymous_297)
FN:8849,(anonymous_298)
FN:8850,(anonymous_299)
FN:8851,(anonymous_300)
FN:8857,(anonymous_301)
FN:8870,(anonymous_302)
FN:8873,(anonymous_303)
FN:8878,(anonymous_304)
FN:8891,(anonymous_305)
FN:8898,(anonymous_306)
FN:8899,(anonymous_307)
FN:8929,(anonymous_308)
FN:8940,(anonymous_309)
FN:8941,(anonymous_310)
FN:8967,(anonymous_311)
FN:8971,(anonymous_312)
FN:8975,(anonymous_313)
FN:8983,(anonymous_314)
FN:8984,(anonymous_315)
FN:8986,(anonymous_316)
FN:8997,(anonymous_317)
FN:9008,(anonymous_318)
FN:9017,(anonymous_319)
FN:9025,(anonymous_320)
FN:9044,(anonymous_321)
FN:9049,(anonymous_322)
FN:9055,(anonymous_323)
FN:9057,(anonymous_324)
FN:9068,(anonymous_325)
FN:9072,(anonymous_326)
FN:9078,(anonymous_327)
FN:9080,collection
FN:9084,count
FN:9090,find
FN:9094,findOne
FN:9098,insert
FN:9102,remove
FN:9106,drop
FN:9117,update
FN:9130,(anonymous_336)
FN:9134,arraySlice
FN:9149,(anonymous_338)
FN:9153,has
FN:9164,(anonymous_340)
FN:9169,isArrayField
FN:9186,(anonymous_342)
FN:9188,isEmptyValue
FN:9201,(anonymous_344)
FN:9205,(anonymous_345)
FN:9217,(anonymous_346)
FN:9219,noop
FN:9228,(anonymous_348)
FN:9232,valueComparator
FN:9243,(anonymous_350)
FN:9248,(anonymous_351)
FN:9249,(anonymous_352)
FN:9264,(anonymous_353)
FN:9265,__assign
FN:9284,__spreadArrays
FN:9300,extend
FN:9303,(anonymous_357)
FN:9310,hasOwn
FN:9313,props
FN:9316,(anonymous_360)
FN:9321,setProp
FN:9326,derive
FN:9328,(anonymous_363)
FN:9338,getPropertyDescriptor
FN:9344,slice
FN:9347,override
FN:9350,assert
FN:9354,asap
FN:9361,arrayToObject
FN:9362,(anonymous_370)
FN:9370,tryCatch
FN:9378,getByKeyPath
FN:9398,setByKeyPath
FN:9442,delByKeyPath
FN:9446,(anonymous_375)
FN:9450,shallowClone
FN:9459,flatten
FN:9463,(anonymous_378)
FN:9463,(anonymous_379)
FN:9463,(anonymous_380)
FN:9464,(anonymous_381)
FN:9465,(anonymous_382)
FN:9466,deepClone
FN:9490,toStringTag
FN:9493,(anonymous_385)
FN:9494,(anonymous_386)
FN:9500,getObjectDiff
FN:9503,(anonymous_388)
FN:9529,(anonymous_389)
FN:9537,(anonymous_390)
FN:9540,(anonymous_391)
FN:9542,getArrayOf
FN:9573,(anonymous_393)
FN:9574,(anonymous_394)
FN:9578,setDebug
FN:9582,(anonymous_396)
FN:9584,getErrorWithStack
FN:9594,prettyStack
FN:9604,(anonymous_399)
FN:9649,DexieError
FN:9656,(anonymous_401)
FN:9661,(anonymous_402)
FN:9663,getMultiErrorMessage
FN:9665,(anonymous_404)
FN:9666,(anonymous_405)
FN:9669,ModifyError
FN:9677,BulkError
FN:9684,(anonymous_408)
FN:9686,(anonymous_409)
FN:9688,DexieError
FN:9711,(anonymous_411)
FN:9715,mapError
FN:9720,(anonymous_413)
FN:9726,(anonymous_414)
FN:9735,nop
FN:9736,mirror
FN:9737,pureFunctionChain
FN:9740,(anonymous_418)
FN:9744,callBoth
FN:9745,(anonymous_420)
FN:9750,hookCreatingChain
FN:9753,(anonymous_422)
FN:9769,hookDeletingChain
FN:9772,(anonymous_424)
FN:9784,hookUpdatingChain
FN:9787,(anonymous_426)
FN:9804,reverseStoppableEventChain
FN:9807,(anonymous_428)
FN:9814,promisableChain
FN:9817,(anonymous_430)
FN:9823,(anonymous_431)
FN:9837,(anonymous_432)
FN:9856,(anonymous_433)
FN:9861,(anonymous_434)
FN:9863,(anonymous_435)
FN:9869,(anonymous_436)
FN:9870,(anonymous_437)
FN:9891,(anonymous_438)
FN:9892,(anonymous_439)
FN:9904,DexiePromise
FN:9931,(anonymous_441)
FN:9933,then
FN:9937,(anonymous_443)
FN:9946,(anonymous_444)
FN:9950,(anonymous_445)
FN:9959,(anonymous_446)
FN:9962,(anonymous_447)
FN:9966,(anonymous_448)
FN:9969,(anonymous_449)
FN:9973,(anonymous_450)
FN:9974,(anonymous_451)
FN:9977,(anonymous_452)
FN:9983,(anonymous_453)
FN:9999,(anonymous_454)
FN:10002,(anonymous_455)
FN:10003,(anonymous_456)
FN:10011,Listener
FN:10019,(anonymous_458)
FN:10022,(anonymous_459)
FN:10026,(anonymous_460)
FN:10026,(anonymous_461)
FN:10033,(anonymous_462)
FN:10037,(anonymous_463)
FN:10045,(anonymous_464)
FN:10047,(anonymous_465)
FN:10048,(anonymous_466)
FN:10052,(anonymous_467)
FN:10053,(anonymous_468)
FN:10055,(anonymous_469)
FN:10059,(anonymous_470)
FN:10060,(anonymous_471)
FN:10063,(anonymous_472)
FN:10064,(anonymous_473)
FN:10066,(anonymous_474)
FN:10067,(anonymous_475)
FN:10068,(anonymous_476)
FN:10072,(anonymous_477)
FN:10074,(anonymous_478)
FN:10085,(anonymous_479)
FN:10087,(anonymous_480)
FN:10092,(anonymous_481)
FN:10092,(anonymous_482)
FN:10092,(anonymous_483)
FN:10093,(anonymous_484)
FN:10097,(anonymous_485)
FN:10099,(anonymous_486)
FN:10104,(anonymous_487)
FN:10104,(anonymous_488)
FN:10104,(anonymous_489)
FN:10112,executePromiseTask
FN:10114,(anonymous_491)
FN:10121,(anonymous_492)
FN:10140,handleRejection
FN:10148,(anonymous_494)
FN:10152,(anonymous_495)
FN:10166,propagateAllListeners
FN:10176,(anonymous_497)
FN:10182,propagateToListener
FN:10195,callListener
FN:10221,getStack
FN:10247,linkToPreviousPromise
FN:10254,physicalTick
FN:10257,beginMicroTickScope
FN:10263,endMicroTickScope
FN:10279,finalizePhysicalTick
FN:10282,(anonymous_506)
FN:10290,run_at_end_of_this_or_next_physical_tick
FN:10291,finalizer
FN:10297,(anonymous_509)
FN:10302,addPossiblyUnhandledError
FN:10303,(anonymous_511)
FN:10306,markErrorAsHandled
FN:10314,PromiseReject
FN:10317,wrap
FN:10319,(anonymous_515)
FN:10341,newScope
FN:10363,(anonymous_517)
FN:10371,incrementExpectedAwaits
FN:10378,decrementExpectedAwaits
FN:10389,onPossibleParallellAsync
FN:10392,(anonymous_521)
FN:10395,(anonymous_522)
FN:10402,zoneEnterEcho
FN:10410,zoneLeaveEcho
FN:10415,switchToZone
FN:10443,snapShot
FN:10458,usePSD
FN:10468,enqueueNativeMicroTask
FN:10471,nativeAwaitCompatibleWrap
FN:10472,(anonymous_530)
FN:10487,getPatchedPromiseThen
FN:10488,(anonymous_532)
FN:10493,globalError
FN:10527,tempTransaction
FN:10534,(anonymous_535)
FN:10544,(anonymous_536)
FN:10545,(anonymous_537)
FN:10549,(anonymous_538)
FN:10550,(anonymous_539)
FN:10564,(anonymous_540)
FN:10569,combine
FN:10572,(anonymous_542)
FN:10585,workaroundForUndefinedPrimKey
FN:10586,(anonymous_544)
FN:10595,(anonymous_545)
FN:10596,Table
FN:10598,(anonymous_547)
FN:10601,checkTableInTransaction
FN:10611,(anonymous_549)
FN:10619,(anonymous_550)
FN:10623,(anonymous_551)
FN:10625,(anonymous_552)
FN:10628,(anonymous_553)
FN:10638,(anonymous_554)
FN:10640,(anonymous_555)
FN:10641,(anonymous_556)
FN:10646,(anonymous_557)
FN:10652,equals
FN:10660,(anonymous_559)
FN:10668,(anonymous_560)
FN:10670,(anonymous_561)
FN:10671,(anonymous_562)
FN:10682,(anonymous_563)
FN:10685,(anonymous_564)
FN:10688,(anonymous_565)
FN:10691,(anonymous_566)
FN:10694,(anonymous_567)
FN:10697,(anonymous_568)
FN:10700,(anonymous_569)
FN:10703,(anonymous_570)
FN:10708,(anonymous_571)
FN:10711,(anonymous_572)
FN:10713,(anonymous_573)
FN:10732,(anonymous_574)
FN:10733,Class
FN:10739,(anonymous_576)
FN:10746,(anonymous_577)
FN:10748,(anonymous_578)
FN:10749,(anonymous_579)
FN:10760,(anonymous_580)
FN:10764,(anonymous_581)
FN:10776,(anonymous_582)
FN:10783,(anonymous_583)
FN:10784,(anonymous_584)
FN:10785,(anonymous_585)
FN:10796,(anonymous_586)
FN:10798,(anonymous_587)
FN:10799,(anonymous_588)
FN:10801,(anonymous_589)
FN:10803,(anonymous_590)
FN:10804,(anonymous_591)
FN:10806,(anonymous_592)
FN:10808,(anonymous_593)
FN:10812,(anonymous_594)
FN:10812,(anonymous_595)
FN:10815,(anonymous_596)
FN:10820,(anonymous_597)
FN:10831,(anonymous_598)
FN:10836,(anonymous_599)
FN:10840,(anonymous_600)
FN:10845,(anonymous_601)
FN:10856,(anonymous_602)
FN:10861,(anonymous_603)
FN:10865,(anonymous_604)
FN:10868,(anonymous_605)
FN:10870,(anonymous_606)
FN:10880,Events
FN:10882,(anonymous_608)
FN:10899,add
FN:10909,(anonymous_610)
FN:10915,(anonymous_611)
FN:10916,(anonymous_612)
FN:10923,addConfiguredEvents
FN:10924,(anonymous_614)
FN:10930,fire
FN:10934,(anonymous_616)
FN:10935,fireEvent
FN:10947,makeClassConstructor
FN:10952,createTableConstructor
FN:10953,Table$$1
FN:10967,isPlainKeyRange
FN:10971,addFilter
FN:10974,addReplayFilter
FN:10976,(anonymous_624)
FN:10979,addMatchFilter
FN:10982,getIndexOrStore
FN:10990,openCursor
FN:11003,iter
FN:11010,(anonymous_629)
FN:11011,(anonymous_630)
FN:11011,(anonymous_631)
FN:11028,iterate
FN:11029,(anonymous_633)
FN:11031,(anonymous_634)
FN:11033,(anonymous_635)
FN:11034,(anonymous_636)
FN:11035,(anonymous_637)
FN:11035,(anonymous_638)
FN:11035,(anonymous_639)
FN:11036,(anonymous_640)
FN:11043,(anonymous_641)
FN:11044,Collection
FN:11046,(anonymous_643)
FN:11052,(anonymous_644)
FN:11058,(anonymous_645)
FN:11062,(anonymous_646)
FN:11065,(anonymous_647)
FN:11072,(anonymous_648)
FN:11076,(anonymous_649)
FN:11078,(anonymous_650)
FN:11080,(anonymous_651)
FN:11082,(anonymous_652)
FN:11092,(anonymous_653)
FN:11096,(anonymous_654)
FN:11097,(anonymous_655)
FN:11101,(anonymous_656)
FN:11103,getval
FN:11109,sorter
FN:11113,(anonymous_659)
FN:11117,(anonymous_660)
FN:11119,(anonymous_661)
FN:11132,(anonymous_662)
FN:11139,(anonymous_663)
FN:11139,(anonymous_664)
FN:11143,(anonymous_665)
FN:11149,(anonymous_666)
FN:11151,(anonymous_667)
FN:11158,(anonymous_668)
FN:11167,(anonymous_669)
FN:11169,(anonymous_670)
FN:11174,(anonymous_671)
FN:11176,(anonymous_672)
FN:11178,(anonymous_673)
FN:11186,(anonymous_674)
FN:11187,(anonymous_675)
FN:11198,(anonymous_676)
FN:11199,(anonymous_677)
FN:11201,(anonymous_678)
FN:11204,(anonymous_679)
FN:11205,(anonymous_680)
FN:11211,(anonymous_681)
FN:11214,(anonymous_682)
FN:11217,(anonymous_683)
FN:11223,(anonymous_684)
FN:11226,(anonymous_685)
FN:11229,(anonymous_686)
FN:11231,(anonymous_687)
FN:11235,(anonymous_688)
FN:11238,(anonymous_689)
FN:11240,(anonymous_690)
FN:11244,(anonymous_691)
FN:11246,(anonymous_692)
FN:11250,(anonymous_693)
FN:11253,(anonymous_694)
FN:11264,(anonymous_695)
FN:11271,(anonymous_696)
FN:11273,(anonymous_697)
FN:11277,(anonymous_698)
FN:11281,(anonymous_699)
FN:11282,(anonymous_700)
FN:11284,(anonymous_701)
FN:11287,(anonymous_702)
FN:11292,(anonymous_703)
FN:11300,(anonymous_704)
FN:11303,(anonymous_705)
FN:11311,(anonymous_706)
FN:11330,(anonymous_707)
FN:11338,(anonymous_708)
FN:11339,(anonymous_709)
FN:11341,(anonymous_710)
FN:11369,(anonymous_711)
FN:11374,(anonymous_712)
FN:11376,(anonymous_713)
FN:11376,(anonymous_714)
FN:11378,(anonymous_715)
FN:11378,(anonymous_716)
FN:11383,(anonymous_717)
FN:11391,(anonymous_718)
FN:11396,(anonymous_719)
FN:11399,(anonymous_720)
FN:11401,(anonymous_721)
FN:11404,(anonymous_722)
FN:11410,(anonymous_723)
FN:11415,createCollectionConstructor
FN:11416,Collection$$1
FN:11451,simpleCompare
FN:11454,simpleCompareReverse
FN:11458,fail
FN:11465,emptyCollection
FN:11466,(anonymous_730)
FN:11468,upperFactory
FN:11470,(anonymous_732)
FN:11471,(anonymous_733)
FN:11473,lowerFactory
FN:11475,(anonymous_735)
FN:11476,(anonymous_736)
FN:11478,nextCasing
FN:11501,addIgnoreCaseAlgorithm
FN:11503,(anonymous_739)
FN:11506,initDirection
FN:11510,(anonymous_741)
FN:11512,(anonymous_742)
FN:11515,(anonymous_743)
FN:11516,(anonymous_744)
FN:11521,(anonymous_745)
FN:11522,(anonymous_746)
FN:11526,(anonymous_747)
FN:11545,(anonymous_748)
FN:11555,createRange
FN:11564,rangeEqual
FN:11572,(anonymous_751)
FN:11573,WhereClause
FN:11576,(anonymous_753)
FN:11582,(anonymous_754)
FN:11589,(anonymous_755)
FN:11595,(anonymous_756)
FN:11598,(anonymous_757)
FN:11600,(anonymous_758)
FN:11603,(anonymous_759)
FN:11605,(anonymous_760)
FN:11608,(anonymous_761)
FN:11610,(anonymous_762)
FN:11613,(anonymous_763)
FN:11615,(anonymous_764)
FN:11618,(anonymous_765)
FN:11620,(anonymous_766)
FN:11625,(anonymous_767)
FN:11628,(anonymous_768)
FN:11630,(anonymous_769)
FN:11631,(anonymous_770)
FN:11633,(anonymous_771)
FN:11637,(anonymous_772)
FN:11639,(anonymous_773)
FN:11643,(anonymous_774)
FN:11643,(anonymous_775)
FN:11645,(anonymous_776)
FN:11657,(anonymous_777)
FN:11658,(anonymous_778)
FN:11665,(anonymous_779)
FN:11678,(anonymous_780)
FN:11684,(anonymous_781)
FN:11687,(anonymous_782)
FN:11697,(anonymous_783)
FN:11703,(anonymous_784)
FN:11708,(anonymous_785)
FN:11717,addRange
FN:11732,rangeSorter
FN:11743,(anonymous_788)
FN:11744,(anonymous_789)
FN:11746,(anonymous_790)
FN:11747,(anonymous_791)
FN:11748,keyWithinCurrentRange
FN:11752,(anonymous_793)
FN:11753,(anonymous_794)
FN:11764,(anonymous_795)
FN:11780,(anonymous_796)
FN:11791,(anonymous_797)
FN:11793,(anonymous_798)
FN:11798,(anonymous_799)
FN:11803,createWhereClauseConstructor
FN:11804,WhereClause$$1
FN:11815,(anonymous_802)
FN:11816,(anonymous_803)
FN:11817,(anonymous_804)
FN:11822,safariMultiStoreFix
FN:11826,getMaxKey
FN:11836,eventRejectHandler
FN:11837,(anonymous_808)
FN:11846,preventDefault
FN:11853,(anonymous_810)
FN:11854,Transaction
FN:11856,(anonymous_812)
FN:11863,(anonymous_813)
FN:11878,(anonymous_814)
FN:11881,(anonymous_815)
FN:11902,(anonymous_816)
FN:11906,(anonymous_817)
FN:11912,(anonymous_818)
FN:11918,(anonymous_819)
FN:11925,(anonymous_820)
FN:11926,(anonymous_821)
FN:11932,(anonymous_822)
FN:11933,(anonymous_823)
FN:11939,(anonymous_824)
FN:11945,(anonymous_825)
FN:11954,(anonymous_826)
FN:11957,(anonymous_827)
FN:11961,(anonymous_828)
FN:11967,spin
FN:11976,(anonymous_830)
FN:11977,(anonymous_831)
FN:11977,(anonymous_832)
FN:11977,(anonymous_833)
FN:11984,(anonymous_834)
FN:11988,(anonymous_835)
FN:12004,createTransactionConstructor
FN:12005,Transaction$$1
FN:12022,(anonymous_838)
FN:12026,(anonymous_839)
FN:12029,(anonymous_840)
FN:12041,createIndexSpec
FN:12052,nameFromKeyPath
FN:12058,createTableSchema
FN:12064,(anonymous_844)
FN:12068,getKeyExtractor
FN:12070,(anonymous_846)
FN:12076,(anonymous_847)
FN:12079,getSinglePathKeyExtractor
FN:12082,(anonymous_849)
FN:12085,(anonymous_850)
FN:12089,getEffectiveKeys
FN:12094,getExistingValues
FN:12099,arrayify
FN:12104,getKeyPathAlias
FN:12111,createDBCore
FN:12113,extractSchema
FN:12118,(anonymous_857)
FN:12118,(anonymous_858)
FN:12135,(anonymous_859)
FN:12136,(anonymous_860)
FN:12150,(anonymous_861)
FN:12165,makeIDBKeyRange
FN:12180,createDbCoreTable
FN:12182,mutate
FN:12184,(anonymous_865)
FN:12203,(anonymous_866)
FN:12210,(anonymous_867)
FN:12248,(anonymous_868)
FN:12259,(anonymous_869)
FN:12266,openCursor
FN:12268,(anonymous_871)
FN:12286,(anonymous_872)
FN:12299,(anonymous_873)
FN:12300,(anonymous_874)
FN:12304,(anonymous_875)
FN:12307,(anonymous_876)
FN:12307,(anonymous_877)
FN:12309,(anonymous_878)
FN:12310,(anonymous_879)
FN:12314,(anonymous_880)
FN:12319,(anonymous_881)
FN:12330,(anonymous_882)
FN:12334,(anonymous_883)
FN:12348,query
FN:12349,(anonymous_885)
FN:12350,(anonymous_886)
FN:12364,(anonymous_887)
FN:12373,(anonymous_888)
FN:12391,(anonymous_889)
FN:12393,(anonymous_890)
FN:12402,(anonymous_891)
FN:12424,(anonymous_892)
FN:12426,(anonymous_893)
FN:12430,(anonymous_894)
FN:12436,(anonymous_895)
FN:12439,(anonymous_896)
FN:12444,(anonymous_897)
FN:12451,(anonymous_898)
FN:12453,(anonymous_899)
FN:12457,(anonymous_900)
FN:12470,createMiddlewareStack
FN:12471,(anonymous_902)
FN:12476,createMiddlewareStacks
FN:12483,generateMiddlewareStacks
FN:12487,(anonymous_905)
FN:12489,(anonymous_906)
FN:12498,setApiOnPlace
FN:12499,(anonymous_908)
FN:12501,(anonymous_909)
FN:12506,(anonymous_910)
FN:12507,(anonymous_911)
FN:12519,removeTablesApi
FN:12520,(anonymous_913)
FN:12527,lowerVersionFirst
FN:12530,runUpgraders
FN:12537,(anonymous_916)
FN:12541,(anonymous_917)
FN:12545,(anonymous_918)
FN:12551,updateTablesAndIndexes
FN:12556,(anonymous_920)
FN:12557,(anonymous_921)
FN:12558,(anonymous_922)
FN:12565,(anonymous_923)
FN:12568,(anonymous_924)
FN:12574,(anonymous_925)
FN:12575,(anonymous_926)
FN:12579,(anonymous_927)
FN:12588,(anonymous_928)
FN:12599,(anonymous_929)
FN:12609,(anonymous_930)
FN:12612,(anonymous_931)
FN:12622,runQueue
FN:12626,(anonymous_933)
FN:12630,getSchemaDiff
FN:12685,createTable
FN:12689,(anonymous_936)
FN:12692,createMissingTables
FN:12693,(anonymous_938)
FN:12699,deleteRemovedTables
FN:12707,addIndex
FN:12710,buildGlobalSchema
FN:12713,(anonymous_942)
FN:12728,readGlobalSchema
FN:12734,verifyInstalledSchema
FN:12737,(anonymous_945)
FN:12739,adjustToExistingIndexNames
FN:12766,parseIndexSyntax
FN:12767,(anonymous_948)
FN:12775,(anonymous_949)
FN:12776,Version
FN:12778,(anonymous_951)
FN:12779,(anonymous_952)
FN:12785,(anonymous_953)
FN:12795,(anonymous_954)
FN:12803,(anonymous_955)
FN:12814,(anonymous_956)
FN:12821,createVersionConstructor
FN:12822,Version$$1
FN:12835,DatabaseEnumerator
FN:12844,(anonymous_960)
FN:12847,(anonymous_961)
FN:12848,(anonymous_962)
FN:12849,(anonymous_963)
FN:12853,(anonymous_964)
FN:12856,(anonymous_965)
FN:12861,initDatabaseEnumerator
FN:12868,vip
FN:12869,(anonymous_968)
FN:12875,dexieOpen
FN:12879,(anonymous_970)
FN:12888,(anonymous_971)
FN:12900,(anonymous_972)
FN:12907,(anonymous_973)
FN:12918,(anonymous_974)
FN:12938,(anonymous_975)
FN:12945,(anonymous_976)
FN:12947,fireRemainders
FN:12954,(anonymous_978)
FN:12956,(anonymous_979)
FN:12959,(anonymous_980)
FN:12968,(anonymous_981)
FN:12974,awaitIterator
FN:12975,(anonymous_983)
FN:12975,(anonymous_984)
FN:12976,step
FN:12977,(anonymous_986)
FN:12988,extractTransactionArgs
FN:12999,enterTransactionScope
FN:13000,(anonymous_989)
FN:13018,(anonymous_990)
FN:13031,(anonymous_991)
FN:13034,(anonymous_992)
FN:13034,(anonymous_993)
FN:13037,(anonymous_994)
FN:13038,(anonymous_995)
FN:13045,pad
FN:13051,createVirtualIndexMiddleware
FN:13052,(anonymous_998)
FN:13057,addVirtualIndexes
FN:13074,(anonymous_1000)
FN:13083,findBestIndex
FN:13087,translateRange
FN:13098,translateRequest
FN:13105,(anonymous_1004)
FN:13108,(anonymous_1005)
FN:13111,(anonymous_1006)
FN:13115,createVirtualCursor
FN:13116,_continue
FN:13126,(anonymous_1009)
FN:13131,(anonymous_1010)
FN:13139,(anonymous_1011)
FN:13147,(anonymous_1012)
FN:13163,(anonymous_1013)
FN:13163,(anonymous_1014)
FN:13166,(anonymous_1015)
FN:13173,(anonymous_1016)
FN:13177,(anonymous_1017)
FN:13181,(anonymous_1018)
FN:13185,(anonymous_1019)
FN:13188,addPutOrDelete
FN:13199,(anonymous_1021)
FN:13200,(anonymous_1022)
FN:13221,(anonymous_1023)
FN:13233,(anonymous_1024)
FN:13249,(anonymous_1025)
FN:13250,(anonymous_1026)
FN:13255,deleteRange
FN:13258,deleteNextChunk
FN:13260,(anonymous_1029)
FN:13262,(anonymous_1030)
FN:13279,(anonymous_1031)
FN:13280,Dexie
FN:13309,(anonymous_1033)
FN:13312,(anonymous_1034)
FN:13318,(anonymous_1035)
FN:13319,(anonymous_1036)
FN:13320,(anonymous_1037)
FN:13337,unsubscribe
FN:13350,(anonymous_1039)
FN:13357,(anonymous_1040)
FN:13364,(anonymous_1041)
FN:13365,(anonymous_1042)
FN:13368,(anonymous_1043)
FN:13369,(anonymous_1044)
FN:13373,(anonymous_1045)
FN:13375,(anonymous_1046)
FN:13383,(anonymous_1047)
FN:13393,(anonymous_1048)
FN:13395,(anonymous_1049)
FN:13406,(anonymous_1050)
FN:13412,(anonymous_1051)
FN:13415,(anonymous_1052)
FN:13418,(anonymous_1053)
FN:13426,(anonymous_1054)
FN:13429,(anonymous_1055)
FN:13444,(anonymous_1056)
FN:13447,(anonymous_1057)
FN:13451,(anonymous_1058)
FN:13455,(anonymous_1059)
FN:13456,(anonymous_1060)
FN:13459,(anonymous_1061)
FN:13476,(anonymous_1062)
FN:13479,(anonymous_1063)
FN:13482,(anonymous_1064)
FN:13486,(anonymous_1065)
FN:13489,(anonymous_1066)
FN:13493,(anonymous_1067)
FN:13495,(anonymous_1068)
FN:13500,(anonymous_1069)
FN:13504,(anonymous_1070)
FN:13513,(anonymous_1071)
FN:13534,(anonymous_1072)
FN:13552,(anonymous_1073)
FN:13559,(anonymous_1074)
FN:13562,(anonymous_1075)
FN:13573,(anonymous_1076)
FN:13577,(anonymous_1077)
FN:13578,(anonymous_1078)
FN:13581,(anonymous_1079)
FN:13583,(anonymous_1080)
FN:13588,(anonymous_1081)
FN:13589,Class
FN:13594,(anonymous_1083)
FN:13599,(anonymous_1084)
FN:13600,(anonymous_1085)
FN:13611,(anonymous_1086)
FN:13623,(anonymous_1087)
FN:13624,(anonymous_1088)
FN:13635,(anonymous_1089)
FN:13636,(anonymous_1090)
FN:13637,(anonymous_1091)
FN:13647,(anonymous_1092)
FN:13659,(anonymous_1093)
FN:13660,(anonymous_1094)
FN:13680,(anonymous_1095)
FN:13688,(anonymous_1096)
FN:13721,(anonymous_1097)
FN:13757,(anonymous_1098)
FN:13759,(anonymous_1099)
FN:13778,(anonymous_1100)
FN:13802,(anonymous_1101)
FN:13831,(anonymous_1102)
FN:13839,(anonymous_1103)
FN:13852,(anonymous_1104)
FN:13869,(anonymous_1105)
FN:13891,(anonymous_1106)
FN:13895,(anonymous_1107)
FN:13899,(anonymous_1108)
FN:13912,(anonymous_1109)
FN:13916,(anonymous_1110)
FN:13920,(anonymous_1111)
FN:13931,(anonymous_1112)
FN:13943,(anonymous_1113)
FN:13981,(anonymous_1114)
FN:14000,(anonymous_1115)
FN:14021,(anonymous_1116)
FN:14031,(anonymous_1117)
FN:14055,(anonymous_1118)
FN:14067,(anonymous_1119)
FN:14068,(anonymous_1120)
FN:14094,(anonymous_1121)
FN:14100,(anonymous_1122)
FN:14181,(anonymous_1123)
FN:14220,(anonymous_1124)
FN:14235,(anonymous_1125)
FN:14253,(anonymous_1126)
FN:14256,(anonymous_1127)
FN:14276,(anonymous_1128)
FN:14279,(anonymous_1129)
FN:14294,(anonymous_1130)
FN:14315,(anonymous_1131)
FN:14331,(anonymous_1132)
FN:14347,(anonymous_1133)
FN:14384,(anonymous_1134)
FN:14387,(anonymous_1135)
FN:14396,(anonymous_1136)
FN:14407,(anonymous_1137)
FN:14408,(anonymous_1138)
FN:14435,(anonymous_1139)
FN:14451,(anonymous_1140)
FN:14503,(anonymous_1141)
FN:14504,(anonymous_1142)
FN:14517,(anonymous_1143)
FN:14533,(anonymous_1144)
FN:14553,(anonymous_1145)
FN:14583,(anonymous_1146)
FN:14592,(anonymous_1147)
FN:14607,(anonymous_1148)
FN:14628,(anonymous_1149)
FN:14699,porterStemmer
FN:14827,(anonymous_1151)
FN:14851,(anonymous_1152)
FN:14852,(anonymous_1153)
FN:14857,(anonymous_1154)
FN:15018,(anonymous_1155)
FN:15019,(anonymous_1156)
FN:15051,(anonymous_1157)
FN:15075,(anonymous_1158)
FN:15095,(anonymous_1159)
FN:15118,(anonymous_1160)
FN:15254,(anonymous_1161)
FN:15296,(anonymous_1162)
FN:15341,(anonymous_1163)
FN:15378,(anonymous_1164)
FN:15440,(anonymous_1165)
FN:15447,(anonymous_1166)
FN:15487,(anonymous_1167)
FN:15491,(anonymous_1168)
FN:15530,(anonymous_1169)
FN:15609,(anonymous_1170)
FN:15610,(anonymous_1171)
FN:15641,(anonymous_1172)
FN:15786,(anonymous_1173)
FN:15920,(anonymous_1174)
FN:15933,(anonymous_1175)
FN:15936,(anonymous_1176)
FN:15941,(anonymous_1177)
FN:15960,(anonymous_1178)
FN:16030,(anonymous_1179)
FN:16059,(anonymous_1180)
FN:16095,(anonymous_1181)
FN:16111,(anonymous_1182)
FN:16128,(anonymous_1183)
FN:16149,(anonymous_1184)
FN:16224,(anonymous_1185)
FN:16257,(anonymous_1186)
FN:16314,(anonymous_1187)
FN:16328,(anonymous_1188)
FN:16356,(anonymous_1189)
FN:16373,(anonymous_1190)
FN:16404,(anonymous_1191)
FN:16444,(anonymous_1192)
FN:16479,(anonymous_1193)
FN:16566,(anonymous_1194)
FN:16607,(anonymous_1195)
FN:16643,(anonymous_1196)
FN:16645,(anonymous_1197)
FN:16656,(anonymous_1198)
FN:16664,(anonymous_1199)
FN:16673,(anonymous_1200)
FN:16681,(anonymous_1201)
FN:16698,(anonymous_1202)
FN:16709,(anonymous_1203)
FN:16714,(anonymous_1204)
FN:16724,(anonymous_1205)
FN:16728,(anonymous_1206)
FN:16736,(anonymous_1207)
FN:16740,(anonymous_1208)
FN:16753,(anonymous_1209)
FN:16764,(anonymous_1210)
FN:16771,(anonymous_1211)
FN:16784,(anonymous_1212)
FN:16791,(anonymous_1213)
FN:16798,(anonymous_1214)
FN:16817,(anonymous_1215)
FN:16873,(anonymous_1216)
FN:16880,(anonymous_1217)
FN:16893,(anonymous_1218)
FN:16897,(anonymous_1219)
FN:16903,(anonymous_1220)
FN:16909,(anonymous_1221)
FN:16934,(anonymous_1222)
FN:16971,(anonymous_1223)
FN:16979,(anonymous_1224)
FN:17003,(anonymous_1225)
FN:17043,(anonymous_1226)
FN:17086,(anonymous_1227)
FN:17133,(anonymous_1228)
FN:17142,(anonymous_1229)
FN:17159,(anonymous_1230)
FN:17161,(anonymous_1231)
FN:17161,(anonymous_1232)
FN:17161,(anonymous_1233)
FN:17161,r
FN:17161,(anonymous_1235)
FN:17161,(anonymous_1236)
FN:17161,(anonymous_1237)
FN:17161,(anonymous_1238)
FN:17161,(anonymous_1239)
FN:17161,(anonymous_1240)
FN:17161,(anonymous_1241)
FN:17161,(anonymous_1242)
FN:17161,(anonymous_1243)
FN:17161,(anonymous_1244)
FN:17161,(anonymous_1245)
FN:17165,n
FN:17165,(anonymous_1247)
FN:17165,(anonymous_1248)
FN:17165,(anonymous_1249)
FN:17165,(anonymous_1250)
FN:17165,(anonymous_1251)
FN:17165,(anonymous_1252)
FN:17165,(anonymous_1253)
FN:17165,(anonymous_1254)
FN:17165,i
FN:17165,o
FN:17165,(anonymous_1257)
FN:17165,(anonymous_1258)
FN:17165,w
FN:17165,(anonymous_1260)
FN:17165,(anonymous_1261)
FN:17181,(anonymous_1262)
FN:17192,t
FN:17196,(anonymous_1264)
FN:17204,(anonymous_1265)
FN:17213,(anonymous_1266)
FN:17219,(anonymous_1267)
FN:17227,t
FN:17235,t
FN:17247,(anonymous_1270)
FN:17252,(anonymous_1271)
FN:17256,(anonymous_1272)
FN:17261,(anonymous_1273)
FN:17277,(anonymous_1274)
FN:17277,(anonymous_1275)
FN:17277,(anonymous_1276)
FN:17282,(anonymous_1277)
FN:17289,(anonymous_1278)
FN:17293,(anonymous_1279)
FN:17293,(anonymous_1280)
FN:17293,p
FN:17293,(anonymous_1282)
FN:17293,(anonymous_1283)
FN:17293,(anonymous_1284)
FN:17301,(anonymous_1285)
FN:17309,(anonymous_1286)
FN:17320,(anonymous_1287)
FN:17326,(anonymous_1288)
FN:17341,t
FN:17341,(anonymous_1290)
FN:17345,(anonymous_1291)
FN:17349,(anonymous_1292)
FN:17361,(anonymous_1293)
FN:17368,(anonymous_1294)
FN:17372,(anonymous_1295)
FN:17372,(anonymous_1296)
FN:17372,(anonymous_1297)
FN:17376,(anonymous_1298)
FN:17380,(anonymous_1299)
FN:17380,(anonymous_1300)
FN:17380,(anonymous_1301)
FN:17387,s
FN:17387,a
FN:17387,u
FN:17387,c
FN:17387,(anonymous_1306)
FN:17387,(anonymous_1307)
FN:17387,(anonymous_1308)
FN:17387,l
FN:17387,f
FN:17387,p
FN:17387,h
FN:17387,y
FN:17387,d
FN:17387,v
FN:17387,m
FN:17387,_
FN:17387,c
FN:17387,g
FN:17387,b
FN:17387,w
FN:17387,(anonymous_1322)
FN:17387,O
FN:17387,S
FN:17387,A
FN:17387,(anonymous_1326)
FN:17387,E
FN:17387,j
FN:17387,(anonymous_1329)
FN:17387,(anonymous_1330)
FN:17387,(anonymous_1331)
FN:17387,(anonymous_1332)
FN:17387,(anonymous_1333)
FN:17387,(anonymous_1334)
FN:17387,(anonymous_1335)
FN:17387,(anonymous_1336)
FN:17387,(anonymous_1337)
FN:17387,(anonymous_1338)
FN:17387,(anonymous_1339)
FN:17387,(anonymous_1340)
FN:17387,(anonymous_1341)
FN:17387,(anonymous_1342)
FN:17387,(anonymous_1343)
FN:17387,(anonymous_1344)
FN:17387,(anonymous_1345)
FN:17387,(anonymous_1346)
FN:17387,(anonymous_1347)
FN:17387,(anonymous_1348)
FN:17387,(anonymous_1349)
FN:17387,(anonymous_1350)
FN:17387,(anonymous_1351)
FN:17387,(anonymous_1352)
FN:17387,(anonymous_1353)
FN:17387,(anonymous_1354)
FN:17387,$
FN:17387,N
FN:17387,P
FN:17387,T
FN:17387,B
FN:17387,x
FN:17387,k
FN:17387,D
FN:17387,R
FN:17387,C
FN:17387,I
FN:17387,(anonymous_1366)
FN:17387,(anonymous_1367)
FN:17387,(anonymous_1368)
FN:17387,(anonymous_1369)
FN:17387,(anonymous_1370)
FN:17387,(anonymous_1371)
FN:17387,(anonymous_1372)
FN:17387,(anonymous_1373)
FN:17387,(anonymous_1374)
FN:17387,(anonymous_1375)
FN:17387,(anonymous_1376)
FN:17387,(anonymous_1377)
FN:17387,(anonymous_1378)
FN:17387,(anonymous_1379)
FN:17387,(anonymous_1380)
FN:17387,(anonymous_1381)
FN:17387,(anonymous_1382)
FN:17387,(anonymous_1383)
FN:17387,(anonymous_1384)
FN:17387,(anonymous_1385)
FN:17387,(anonymous_1386)
FN:17387,(anonymous_1387)
FN:17387,(anonymous_1388)
FN:17387,(anonymous_1389)
FN:17387,(anonymous_1390)
FN:17387,(anonymous_1391)
FN:17387,(anonymous_1392)
FN:17387,(anonymous_1393)
FN:17387,(anonymous_1394)
FN:17387,(anonymous_1395)
FN:17387,(anonymous_1396)
FN:17387,(anonymous_1397)
FN:17387,(anonymous_1398)
FN:17387,(anonymous_1399)
FN:17387,(anonymous_1400)
FN:17387,(anonymous_1401)
FN:17387,(anonymous_1402)
FN:17387,(anonymous_1403)
FN:17387,(anonymous_1404)
FN:17387,F
FN:17387,U
FN:17387,L
FN:17387,(anonymous_1408)
FN:17387,(anonymous_1409)
FN:17387,V
FN:17387,(anonymous_1411)
FN:17391,n
FN:17391,(anonymous_1413)
FN:17391,(anonymous_1414)
FN:17391,(anonymous_1415)
FN:17391,(anonymous_1416)
FN:17391,(anonymous_1417)
FN:17391,(anonymous_1418)
FN:17391,(anonymous_1419)
FN:17391,(anonymous_1420)
FN:17391,i
FN:17391,o
FN:17391,(anonymous_1423)
FN:17391,(anonymous_1424)
FN:17394,(anonymous_1425)
FN:17394,(anonymous_1426)
FN:17394,n
FN:17394,(anonymous_1428)
FN:17394,(anonymous_1429)
FN:17394,(anonymous_1430)
FN:17394,(anonymous_1431)
FN:17394,(anonymous_1432)
FN:17394,(anonymous_1433)
FN:17394,(anonymous_1434)
FN:17394,(anonymous_1435)
FN:17394,u
FN:17394,c
FN:17394,l
FN:17394,f
FN:17394,(anonymous_1440)
FN:17394,(anonymous_1441)
FN:17394,(anonymous_1442)
FN:17394,(anonymous_1443)
FN:17394,(anonymous_1444)
FN:17394,(anonymous_1445)
FN:17394,(anonymous_1446)
FN:17394,(anonymous_1447)
FN:17394,p
FN:17394,h
FN:17394,(anonymous_1450)
FN:17394,(anonymous_1451)
FN:17394,y
FN:17394,d
FN:17394,v
FN:17394,m
FN:17394,_
FN:17394,g
FN:17394,b
FN:17394,w
FN:17394,O
FN:17394,S
FN:17394,A
FN:17394,E
FN:17394,j
FN:17394,(anonymous_1465)
FN:17394,(anonymous_1466)
FN:17394,(anonymous_1467)
FN:17394,(anonymous_1468)
FN:17394,(anonymous_1469)
FN:17394,(anonymous_1470)
FN:17394,N
FN:17394,P
FN:17394,(anonymous_1473)
FN:17394,(anonymous_1474)
FN:17394,B
FN:17394,(anonymous_1476)
FN:17394,e
FN:17394,(anonymous_1478)
FN:17394,(anonymous_1479)
FN:17394,(anonymous_1480)
FN:17394,r
FN:17394,(anonymous_1482)
FN:17394,(anonymous_1483)
FN:17394,(anonymous_1484)
FN:17394,(anonymous_1485)
FN:17394,(anonymous_1486)
FN:17398,i
FN:17398,o
FN:17398,(anonymous_1489)
FN:17398,(anonymous_1490)
FN:17398,(anonymous_1491)
FN:17398,(anonymous_1492)
FN:17398,(anonymous_1493)
FN:17398,(anonymous_1494)
FN:17398,(anonymous_1495)
FN:17398,(anonymous_1496)
FN:17398,s
FN:17398,a
FN:17398,(anonymous_1499)
FN:17398,(anonymous_1500)
FN:17398,Z
FN:17398,(anonymous_1502)
FN:17398,(anonymous_1503)
FN:17402,(anonymous_1504)
FN:17402,(anonymous_1505)
FN:17406,et
FN:17409,rt
FN:17409,nt
FN:17413,it
FN:17417,(anonymous_1510)
FN:17417,(anonymous_1511)
FN:17417,(anonymous_1512)
FN:17417,n
FN:17417,m
FN:17424,ot
FN:17428,st
FN:17435,at
FN:17442,ut
FN:17445,(anonymous_1519)
FN:17445,(anonymous_1520)
FN:17449,(anonymous_1521)
FN:17449,(anonymous_1522)
FN:17453,(anonymous_1523)
FN:17462,t
FN:17462,p
FN:17471,(anonymous_1526)
FN:17471,(anonymous_1527)
FN:17471,(anonymous_1528)
FN:17471,(anonymous_1529)
FN:17471,(anonymous_1530)
FN:17471,(anonymous_1531)
FN:17471,(anonymous_1532)
FN:17471,(anonymous_1533)
FN:17471,(anonymous_1534)
FN:17475,(anonymous_1535)
FN:17478,(anonymous_1536)
FN:17482,(anonymous_1537)
FN:17482,(anonymous_1538)
FN:17482,(anonymous_1539)
FN:17482,(anonymous_1540)
FN:17482,(anonymous_1541)
FN:17482,(anonymous_1542)
FN:17482,(anonymous_1543)
FN:17482,(anonymous_1544)
FN:17482,(anonymous_1545)
FN:17482,(anonymous_1546)
FN:17482,(anonymous_1547)
FN:17482,(anonymous_1548)
FN:17482,(anonymous_1549)
FN:17486,(anonymous_1550)
FN:17486,(anonymous_1551)
FN:17486,(anonymous_1552)
FN:17486,(anonymous_1553)
FN:17486,(anonymous_1554)
FN:17486,(anonymous_1555)
FN:17486,(anonymous_1556)
FN:17486,(anonymous_1557)
FN:17486,(anonymous_1558)
FN:17486,(anonymous_1559)
FN:17486,(anonymous_1560)
FN:17486,(anonymous_1561)
FN:17486,(anonymous_1562)
FN:17486,(anonymous_1563)
FN:17486,(anonymous_1564)
FN:17486,(anonymous_1565)
FN:17486,(anonymous_1566)
FN:17486,(anonymous_1567)
FN:17486,(anonymous_1568)
FN:17486,(anonymous_1569)
FN:17486,(anonymous_1570)
FN:17486,(anonymous_1571)
FN:17486,(anonymous_1572)
FN:17486,(anonymous_1573)
FN:17486,(anonymous_1574)
FN:17486,(anonymous_1575)
FN:17486,(anonymous_1576)
FN:17486,(anonymous_1577)
FN:17486,(anonymous_1578)
FN:17486,(anonymous_1579)
FN:17486,(anonymous_1580)
FN:17486,(anonymous_1581)
FN:17486,(anonymous_1582)
FN:17486,(anonymous_1583)
FN:17486,(anonymous_1584)
FN:17486,(anonymous_1585)
FN:17486,(anonymous_1586)
FN:17486,(anonymous_1587)
FN:17486,(anonymous_1588)
FN:17486,(anonymous_1589)
FN:17486,(anonymous_1590)
FN:17486,(anonymous_1591)
FN:17486,(anonymous_1592)
FN:17486,(anonymous_1593)
FN:17486,(anonymous_1594)
FN:17486,(anonymous_1595)
FN:17486,(anonymous_1596)
FN:17486,(anonymous_1597)
FN:17486,(anonymous_1598)
FN:17486,(anonymous_1599)
FN:17486,(anonymous_1600)
FN:17486,(anonymous_1601)
FN:17486,(anonymous_1602)
FN:17486,(anonymous_1603)
FN:17486,(anonymous_1604)
FN:17486,(anonymous_1605)
FN:17490,(anonymous_1606)
FN:17490,(anonymous_1607)
FN:17490,(anonymous_1608)
FN:17490,(anonymous_1609)
FN:17490,(anonymous_1610)
FN:17490,(anonymous_1611)
FN:17490,(anonymous_1612)
FN:17490,(anonymous_1613)
FN:17490,(anonymous_1614)
FN:17490,(anonymous_1615)
FN:17490,(anonymous_1616)
FN:17490,(anonymous_1617)
FN:17490,(anonymous_1618)
FN:17490,(anonymous_1619)
FN:17490,t
FN:17490,(anonymous_1621)
FN:17490,(anonymous_1622)
FN:17490,(anonymous_1623)
FN:17490,(anonymous_1624)
FN:17490,(anonymous_1625)
FN:17490,(anonymous_1626)
FN:17490,(anonymous_1627)
FN:17490,(anonymous_1628)
FN:17504,t
FN:17504,(anonymous_1630)
FN:17504,(anonymous_1631)
FN:17504,(anonymous_1632)
FN:17504,(anonymous_1633)
FN:17504,(anonymous_1634)
FN:17504,(anonymous_1635)
FN:17508,(anonymous_1636)
FN:17508,(anonymous_1637)
FN:17508,(anonymous_1638)
FN:17508,(anonymous_1639)
FN:17508,(anonymous_1640)
FN:17508,(anonymous_1641)
FN:17508,(anonymous_1642)
FN:17508,(anonymous_1643)
FN:17508,(anonymous_1644)
FN:17508,(anonymous_1645)
FN:17508,(anonymous_1646)
FN:17512,(anonymous_1647)
FN:17512,(anonymous_1648)
FN:17516,i
FN:17516,(anonymous_1650)
FN:17516,(anonymous_1651)
FN:17516,(anonymous_1652)
FN:17516,(anonymous_1653)
FN:17516,(anonymous_1654)
FN:17516,(anonymous_1655)
FN:17516,(anonymous_1656)
FN:17516,(anonymous_1657)
FN:17516,o
FN:17516,s
FN:17516,(anonymous_1660)
FN:17516,(anonymous_1661)
FN:17516,w
FN:17519,(anonymous_1663)
FN:17519,(anonymous_1664)
FN:17519,(anonymous_1665)
FN:17519,(anonymous_1666)
FN:17519,(anonymous_1667)
FN:17519,(anonymous_1668)
FN:17519,(anonymous_1669)
FN:17519,(anonymous_1670)
FN:17519,(anonymous_1671)
FN:17519,(anonymous_1672)
FN:17519,(anonymous_1673)
FN:17519,(anonymous_1674)
FN:17519,(anonymous_1675)
FN:17519,(anonymous_1676)
FN:17519,(anonymous_1677)
FN:17519,(anonymous_1678)
FN:17523,(anonymous_1679)
FN:17527,S
FN:17535,A
FN:17535,(anonymous_1682)
FN:17538,(anonymous_1683)
FN:17538,(anonymous_1684)
FN:17538,(anonymous_1685)
FN:17538,(anonymous_1686)
FN:17538,(anonymous_1687)
FN:17538,(anonymous_1688)
FN:17544,(anonymous_1689)
FN:17548,(anonymous_1690)
FN:17548,(anonymous_1691)
FN:17548,(anonymous_1692)
FN:17548,(anonymous_1693)
FN:17548,(anonymous_1694)
FN:17548,(anonymous_1695)
FN:17548,l
FN:17548,(anonymous_1697)
FN:17548,(anonymous_1698)
FN:17548,(anonymous_1699)
FN:17552,(anonymous_1700)
FN:17552,(anonymous_1701)
FN:17552,(anonymous_1702)
FN:17552,(anonymous_1703)
FN:17552,(anonymous_1704)
FN:17552,(anonymous_1705)
FN:17552,(anonymous_1706)
FN:17552,(anonymous_1707)
FN:17552,a
FN:17552,(anonymous_1709)
FN:17552,(anonymous_1710)
FN:17552,(anonymous_1711)
FN:17556,(anonymous_1712)
FN:17556,(anonymous_1713)
FN:17562,(anonymous_1714)
FN:17562,(anonymous_1715)
FN:17562,(anonymous_1716)
FN:17566,(anonymous_1717)
FN:17570,(anonymous_1718)
FN:17570,o
FN:17570,s
FN:17570,a
FN:17570,(anonymous_1722)
FN:17570,p
FN:17570,h
FN:17570,(anonymous_1725)
FN:17570,y
FN:17570,d
FN:17570,(anonymous_1728)
FN:17570,(anonymous_1729)
FN:17570,(anonymous_1730)
FN:17570,(anonymous_1731)
FN:17570,(anonymous_1732)
FN:17570,(anonymous_1733)
FN:17570,(anonymous_1734)
FN:17570,(anonymous_1735)
FN:17570,t
FN:17570,(anonymous_1737)
FN:17570,(anonymous_1738)
FN:17570,(anonymous_1739)
FN:17570,r
FN:17570,(anonymous_1741)
FN:17570,(anonymous_1742)
FN:17570,(anonymous_1743)
FN:17570,(anonymous_1744)
FN:17573,n
FN:17573,(anonymous_1746)
FN:17573,(anonymous_1747)
FN:17573,i
FN:17573,o
FN:17573,s
FN:17573,(anonymous_1751)
FN:17573,a
FN:17573,(anonymous_1753)
FN:17573,(anonymous_1754)
FN:17573,(anonymous_1755)
FN:17573,u
FN:17573,(anonymous_1757)
FN:17573,c
FN:17573,(anonymous_1759)
FN:17573,(anonymous_1760)
FN:17573,(anonymous_1761)
FN:17573,l
FN:17576,(anonymous_1763)
FN:17580,(anonymous_1764)
FN:17583,(anonymous_1765)
FN:17583,y
FN:17583,d
FN:17586,v
FN:17589,(anonymous_1769)
FN:17593,(anonymous_1770)
FN:17593,(anonymous_1771)
FN:17596,n
FN:17596,(anonymous_1773)
FN:17596,(anonymous_1774)
FN:17596,i
FN:17596,o
FN:17596,(anonymous_1777)
FN:17596,s
FN:17596,(anonymous_1779)
FN:17596,n
FN:17596,a
FN:17596,(anonymous_1782)
FN:17596,u
FN:17596,(anonymous_1784)
FN:17596,c
FN:17596,(anonymous_1786)
FN:17596,l
FN:17596,(anonymous_1788)
FN:17596,(anonymous_1789)
FN:17596,(anonymous_1790)
FN:17596,(anonymous_1791)
FN:17596,s
FN:17596,(anonymous_1793)
FN:17599,(anonymous_1794)
FN:17599,(anonymous_1795)
FN:17599,(anonymous_1796)
FN:17602,(anonymous_1797)
FN:17602,(anonymous_1798)
FN:17606,n
FN:17606,(anonymous_1800)
FN:17606,(anonymous_1801)
FN:17606,i
FN:17606,(anonymous_1803)
FN:17606,(anonymous_1804)
FN:17606,(anonymous_1805)
FN:17606,(anonymous_1806)
FN:17606,(anonymous_1807)
FN:17606,(anonymous_1808)
FN:17606,(anonymous_1809)
FN:17606,(anonymous_1810)
FN:17606,o
FN:17606,s
FN:17606,a
FN:17606,u
FN:17606,(anonymous_1815)
FN:17606,(anonymous_1816)
FN:17606,c
FN:17606,(anonymous_1818)
FN:17606,l
FN:17606,(anonymous_1820)
FN:17606,(anonymous_1821)
FN:17606,(anonymous_1822)
FN:17606,f
FN:17606,(anonymous_1824)
FN:17606,p
FN:17606,(anonymous_1826)
FN:17606,(anonymous_1827)
FN:17606,(anonymous_1828)
FN:17606,n
FN:17606,(anonymous_1830)
FN:17610,(anonymous_1831)
FN:17613,(anonymous_1832)
FN:17613,(anonymous_1833)
FN:17613,(anonymous_1834)
FN:17613,(anonymous_1835)
FN:17613,(anonymous_1836)
FN:17613,(anonymous_1837)
FN:17613,(anonymous_1838)
FN:17613,(anonymous_1839)
FN:17613,(anonymous_1840)
FN:17613,(anonymous_1841)
FN:17613,(anonymous_1842)
FN:17613,(anonymous_1843)
FN:17616,(anonymous_1844)
FN:17616,r
FN:17616,(anonymous_1846)
FN:17622,N
FN:17622,(anonymous_1848)
FN:17622,(anonymous_1849)
FN:17622,(anonymous_1850)
FN:17626,(anonymous_1851)
FN:17626,(anonymous_1852)
FN:17626,(anonymous_1853)
FN:17626,n
FN:17626,(anonymous_1855)
FN:17626,(anonymous_1856)
FN:17626,(anonymous_1857)
FN:17626,(anonymous_1858)
FN:17626,(anonymous_1859)
FN:17626,(anonymous_1860)
FN:17626,u
FN:17626,(anonymous_1862)
FN:17626,(anonymous_1863)
FN:17626,i
FN:17626,(anonymous_1865)
FN:17626,l
FN:17626,f
FN:17626,p
FN:17626,h
FN:17626,y
FN:17626,d
FN:17626,(anonymous_1872)
FN:17626,v
FN:17626,m
FN:17626,(anonymous_1875)
FN:17626,(anonymous_1876)
FN:17626,(anonymous_1877)
FN:17626,(anonymous_1878)
FN:17626,(anonymous_1879)
FN:17626,(anonymous_1880)
FN:17626,(anonymous_1881)
FN:17626,(anonymous_1882)
FN:17626,(anonymous_1883)
FN:17626,(anonymous_1884)
FN:17626,(anonymous_1885)
FN:17626,(anonymous_1886)
FN:17626,(anonymous_1887)
FN:17626,(anonymous_1888)
FN:17626,(anonymous_1889)
FN:17626,(anonymous_1890)
FN:17626,(anonymous_1891)
FN:17626,(anonymous_1892)
FN:17626,(anonymous_1893)
FN:17626,(anonymous_1894)
FN:17634,(anonymous_1895)
FN:17634,(anonymous_1896)
FN:17634,(anonymous_1897)
FN:17634,n
FN:17634,(anonymous_1899)
FN:17634,(anonymous_1900)
FN:17640,o
FN:17640,s
FN:17640,(anonymous_1903)
FN:17640,f
FN:17640,p
FN:17640,d
FN:17640,v
FN:17640,m
FN:17640,_
FN:17640,g
FN:17640,b
FN:17640,(anonymous_1912)
FN:17640,w
FN:17640,O
FN:17640,S
FN:17640,(anonymous_1916)
FN:17640,(anonymous_1917)
FN:17640,(anonymous_1918)
FN:17640,(anonymous_1919)
FN:17640,(anonymous_1920)
FN:17640,(anonymous_1921)
FN:17640,(anonymous_1922)
FN:17640,(anonymous_1923)
FN:17640,t
FN:17640,(anonymous_1925)
FN:17640,(anonymous_1926)
FN:17640,(anonymous_1927)
FN:17640,(anonymous_1928)
FN:17640,(anonymous_1929)
FN:17640,t
FN:17640,(anonymous_1931)
FN:17640,(anonymous_1932)
FN:17640,(anonymous_1933)
FN:17640,(anonymous_1934)
FN:17640,(anonymous_1935)
FN:17640,(anonymous_1936)
FN:17640,(anonymous_1937)
FN:17640,(anonymous_1938)
FN:17640,(anonymous_1939)
FN:17643,s
FN:17643,(anonymous_1941)
FN:17647,(anonymous_1942)
FN:17647,(anonymous_1943)
FN:17651,(anonymous_1944)
FN:17654,h
FN:17654,(anonymous_1946)
FN:17654,(anonymous_1947)
FN:17657,(anonymous_1948)
FN:17661,(anonymous_1949)
FN:17661,(anonymous_1950)
FN:17665,(anonymous_1951)
FN:17665,(anonymous_1952)
FN:17665,(anonymous_1953)
FN:17665,(anonymous_1954)
FN:17665,(anonymous_1955)
FN:17669,(anonymous_1956)
FN:17669,(anonymous_1957)
FN:17677,(anonymous_1958)
FN:17677,r
FN:17677,(anonymous_1960)
FN:17677,(anonymous_1961)
FN:17681,(anonymous_1962)
FN:17681,(anonymous_1963)
FN:17685,(anonymous_1964)
FN:17685,(anonymous_1965)
FN:17685,(anonymous_1966)
FN:17685,(anonymous_1967)
FN:17685,(anonymous_1968)
FN:17685,(anonymous_1969)
FN:17689,(anonymous_1970)
FN:17689,n
FN:17689,(anonymous_1972)
FN:17689,(anonymous_1973)
FN:17689,(anonymous_1974)
FN:17689,(anonymous_1975)
FN:17689,(anonymous_1976)
FN:17689,(anonymous_1977)
FN:17689,(anonymous_1978)
FN:17689,(anonymous_1979)
FN:17689,i
FN:17703,d
FN:17703,(anonymous_1982)
FN:17707,v
FN:17707,(anonymous_1984)
FN:17715,(anonymous_1985)
FN:17715,(anonymous_1986)
FN:17715,i
FN:17715,u
FN:17715,(anonymous_1989)
FN:17715,(anonymous_1990)
FN:17718,n
FN:17718,(anonymous_1992)
FN:17718,(anonymous_1993)
FN:17718,i
FN:17718,o
FN:17718,(anonymous_1996)
FN:17718,s
FN:17718,(anonymous_1998)
FN:17718,(anonymous_1999)
FN:17718,(anonymous_2000)
FN:17718,a
FN:17718,(anonymous_2002)
FN:17718,u
FN:17718,(anonymous_2004)
FN:17718,(anonymous_2005)
FN:17718,(anonymous_2006)
FN:17718,u
FN:17718,(anonymous_2008)
FN:17718,(anonymous_2009)
FN:17721,(anonymous_2010)
FN:17724,(anonymous_2011)
FN:17728,p
FN:17739,(anonymous_2013)
FN:17739,(anonymous_2014)
FN:17742,n
FN:17742,(anonymous_2016)
FN:17742,(anonymous_2017)
FN:17742,i
FN:17742,(anonymous_2019)
FN:17742,o
FN:17742,(anonymous_2021)
FN:17742,(anonymous_2022)
FN:17742,(anonymous_2023)
FN:17742,s
FN:17742,(anonymous_2025)
FN:17742,a
FN:17742,(anonymous_2027)
FN:17742,(anonymous_2028)
FN:17742,(anonymous_2029)
FN:17742,r
FN:17742,(anonymous_2031)
FN:17742,(anonymous_2032)
FN:17752,i
FN:17752,t
FN:17752,(anonymous_2035)
FN:17752,(anonymous_2036)
FN:17758,(anonymous_2037)
FN:17758,(anonymous_2038)
FN:17758,(anonymous_2039)
FN:17758,i
FN:17758,(anonymous_2041)
FN:17758,o
FN:17758,(anonymous_2043)
FN:17758,(anonymous_2044)
FN:17758,(anonymous_2045)
FN:17758,s
FN:17758,a
FN:17758,u
FN:17758,(anonymous_2049)
FN:17758,c
FN:17758,l
FN:17758,f
FN:17758,p
FN:17758,(anonymous_2054)
FN:17758,(anonymous_2055)
FN:17758,(anonymous_2056)
FN:17758,(anonymous_2057)
FN:17758,(anonymous_2058)
FN:17758,(anonymous_2059)
FN:17758,(anonymous_2060)
FN:17758,(anonymous_2061)
FN:17758,(anonymous_2062)
FN:17758,(anonymous_2063)
FN:17758,(anonymous_2064)
FN:17758,(anonymous_2065)
FN:17758,(anonymous_2066)
FN:17758,(anonymous_2067)
FN:17758,(anonymous_2068)
FN:17758,(anonymous_2069)
FN:17758,(anonymous_2070)
FN:17758,(anonymous_2071)
FN:17758,(anonymous_2072)
FN:17758,(anonymous_2073)
FN:17758,(anonymous_2074)
FN:17758,(anonymous_2075)
FN:17758,(anonymous_2076)
FN:17758,(anonymous_2077)
FN:17758,(anonymous_2078)
FN:17758,(anonymous_2079)
FN:17758,(anonymous_2080)
FN:17758,(anonymous_2081)
FN:17758,(anonymous_2082)
FN:17758,(anonymous_2083)
FN:17758,(anonymous_2084)
FN:17758,(anonymous_2085)
FN:17758,(anonymous_2086)
FN:17758,(anonymous_2087)
FN:17758,(anonymous_2088)
FN:17758,(anonymous_2089)
FN:17758,(anonymous_2090)
FN:17758,(anonymous_2091)
FN:17758,(anonymous_2092)
FN:17758,(anonymous_2093)
FN:17758,(anonymous_2094)
FN:17758,(anonymous_2095)
FN:17758,(anonymous_2096)
FN:17758,(anonymous_2097)
FN:17758,(anonymous_2098)
FN:17758,(anonymous_2099)
FN:17758,(anonymous_2100)
FN:17758,(anonymous_2101)
FN:17758,(anonymous_2102)
FN:17758,(anonymous_2103)
FN:17758,(anonymous_2104)
FN:17758,(anonymous_2105)
FN:17758,(anonymous_2106)
FN:17758,(anonymous_2107)
FN:17758,(anonymous_2108)
FN:17758,(anonymous_2109)
FN:17758,(anonymous_2110)
FN:17758,y
FN:17758,d
FN:17758,(anonymous_2113)
FN:17758,(anonymous_2114)
FN:17758,(anonymous_2115)
FN:17758,(anonymous_2116)
FN:17758,E
FN:17758,j
FN:17758,(anonymous_2119)
FN:17758,(anonymous_2120)
FN:17758,(anonymous_2121)
FN:17758,(anonymous_2122)
FN:17758,n
FN:17758,i
FN:17758,o
FN:17758,(anonymous_2126)
FN:17758,(anonymous_2127)
FN:17758,s
FN:17758,a
FN:17758,u
FN:17758,c
FN:17758,l
FN:17758,f
FN:17758,p
FN:17758,h
FN:17758,y
FN:17758,d
FN:17758,c
FN:17758,v
FN:17758,m
FN:17758,_
FN:17758,(anonymous_2142)
FN:17758,g
FN:17758,b
FN:17758,w
FN:17758,(anonymous_2146)
FN:17758,O
FN:17758,S
FN:17758,(anonymous_2149)
FN:17758,(anonymous_2150)
FN:17758,(anonymous_2151)
FN:17758,(anonymous_2152)
FN:17758,(anonymous_2153)
FN:17758,(anonymous_2154)
FN:17758,(anonymous_2155)
FN:17758,(anonymous_2156)
FN:17758,(anonymous_2157)
FN:17758,(anonymous_2158)
FN:17758,(anonymous_2159)
FN:17758,(anonymous_2160)
FN:17758,(anonymous_2161)
FN:17758,(anonymous_2162)
FN:17758,(anonymous_2163)
FN:17758,(anonymous_2164)
FN:17758,(anonymous_2165)
FN:17758,(anonymous_2166)
FN:17758,(anonymous_2167)
FN:17758,(anonymous_2168)
FN:17758,(anonymous_2169)
FN:17758,(anonymous_2170)
FN:17758,(anonymous_2171)
FN:17758,(anonymous_2172)
FN:17758,(anonymous_2173)
FN:17758,(anonymous_2174)
FN:17758,A
FN:17758,E
FN:17758,j
FN:17758,T
FN:17758,B
FN:17758,x
FN:17758,k
FN:17758,D
FN:17758,R
FN:17758,(anonymous_2184)
FN:17758,(anonymous_2185)
FN:17758,(anonymous_2186)
FN:17758,(anonymous_2187)
FN:17758,(anonymous_2188)
FN:17758,(anonymous_2189)
FN:17758,(anonymous_2190)
FN:17758,(anonymous_2191)
FN:17758,(anonymous_2192)
FN:17758,(anonymous_2193)
FN:17758,(anonymous_2194)
FN:17758,(anonymous_2195)
FN:17758,(anonymous_2196)
FN:17758,(anonymous_2197)
FN:17758,(anonymous_2198)
FN:17758,(anonymous_2199)
FN:17758,(anonymous_2200)
FN:17758,(anonymous_2201)
FN:17758,(anonymous_2202)
FN:17758,(anonymous_2203)
FN:17758,(anonymous_2204)
FN:17758,(anonymous_2205)
FN:17758,(anonymous_2206)
FN:17758,(anonymous_2207)
FN:17758,(anonymous_2208)
FN:17758,(anonymous_2209)
FN:17758,(anonymous_2210)
FN:17758,(anonymous_2211)
FN:17758,(anonymous_2212)
FN:17758,(anonymous_2213)
FN:17758,(anonymous_2214)
FN:17758,(anonymous_2215)
FN:17758,(anonymous_2216)
FN:17758,(anonymous_2217)
FN:17758,(anonymous_2218)
FN:17758,(anonymous_2219)
FN:17758,(anonymous_2220)
FN:17758,(anonymous_2221)
FN:17758,(anonymous_2222)
FN:17758,I
FN:17758,M
FN:17758,(anonymous_2225)
FN:17758,F
FN:17758,U
FN:17758,L
FN:17758,(anonymous_2229)
FN:17758,(anonymous_2230)
FN:17758,(anonymous_2231)
FN:17758,(anonymous_2232)
FN:17758,D
FN:17758,(anonymous_2234)
FN:17758,I
FN:17758,M
FN:17758,F
FN:17758,U
FN:17758,(anonymous_2239)
FN:17758,(anonymous_2240)
FN:17758,(anonymous_2241)
FN:17758,(anonymous_2242)
FN:17758,(anonymous_2243)
FN:17758,(anonymous_2244)
FN:17758,(anonymous_2245)
FN:17758,(anonymous_2246)
FN:17758,L
FN:17758,V
FN:17758,(anonymous_2249)
FN:17758,(anonymous_2250)
FN:17758,q
FN:17758,Y
FN:17758,z
FN:17758,K
FN:17758,H
FN:17758,J
FN:17758,W
FN:17758,Q
FN:17758,G
FN:17758,X
FN:17758,Z
FN:17758,tt
FN:17758,et
FN:17758,nt
FN:17758,it
FN:17758,ot
FN:17758,(anonymous_2267)
FN:17758,(anonymous_2268)
FN:17758,(anonymous_2269)
FN:17758,(anonymous_2270)
FN:17758,(anonymous_2271)
FN:17758,e
FN:17758,(anonymous_2273)
FN:17758,(anonymous_2274)
FN:17758,(anonymous_2275)
FN:17758,(anonymous_2276)
FN:17758,(anonymous_2277)
FN:17758,(anonymous_2278)
FN:17758,r
FN:17758,(anonymous_2280)
FN:17758,(anonymous_2281)
FN:17758,n
FN:17758,(anonymous_2283)
FN:17758,(anonymous_2284)
FN:17758,(anonymous_2285)
FN:17758,(anonymous_2286)
FN:17758,(anonymous_2287)
FN:17758,(anonymous_2288)
FN:17758,(anonymous_2289)
FN:17758,(anonymous_2290)
FN:17758,(anonymous_2291)
FN:17758,(anonymous_2292)
FN:17758,(anonymous_2293)
FN:17758,(anonymous_2294)
FN:17758,(anonymous_2295)
FN:17758,(anonymous_2296)
FN:17758,t
FN:17758,(anonymous_2298)
FN:17758,(anonymous_2299)
FN:17758,(anonymous_2300)
FN:17758,(anonymous_2301)
FN:17758,(anonymous_2302)
FN:17758,(anonymous_2303)
FN:17758,(anonymous_2304)
FN:17758,(anonymous_2305)
FN:17758,(anonymous_2306)
FN:17758,(anonymous_2307)
FN:17758,(anonymous_2308)
FN:17758,(anonymous_2309)
FN:17758,(anonymous_2310)
FN:17758,t
FN:17758,(anonymous_2312)
FN:17758,(anonymous_2313)
FN:17758,(anonymous_2314)
FN:17758,(anonymous_2315)
FN:17758,(anonymous_2316)
FN:17758,(anonymous_2317)
FN:17758,(anonymous_2318)
FN:17758,(anonymous_2319)
FN:17758,t
FN:17758,(anonymous_2321)
FN:17758,(anonymous_2322)
FN:17758,(anonymous_2323)
FN:17758,(anonymous_2324)
FN:17758,(anonymous_2325)
FN:17758,(anonymous_2326)
FN:17758,(anonymous_2327)
FN:17758,(anonymous_2328)
FN:17758,(anonymous_2329)
FN:17758,t
FN:17758,(anonymous_2331)
FN:17758,(anonymous_2332)
FN:17758,(anonymous_2333)
FN:17758,(anonymous_2334)
FN:17758,(anonymous_2335)
FN:17758,(anonymous_2336)
FN:17758,(anonymous_2337)
FN:17758,(anonymous_2338)
FN:17758,(anonymous_2339)
FN:17758,(anonymous_2340)
FN:17758,(anonymous_2341)
FN:17758,(anonymous_2342)
FN:17758,(anonymous_2343)
FN:17758,(anonymous_2344)
FN:17758,(anonymous_2345)
FN:17758,(anonymous_2346)
FN:17758,(anonymous_2347)
FN:17758,(anonymous_2348)
FN:17758,(anonymous_2349)
FN:17758,(anonymous_2350)
FN:17758,(anonymous_2351)
FN:17758,(anonymous_2352)
FN:17758,(anonymous_2353)
FN:17758,(anonymous_2354)
FN:17758,(anonymous_2355)
FN:17758,(anonymous_2356)
FN:17758,(anonymous_2357)
FN:17758,(anonymous_2358)
FN:17758,(anonymous_2359)
FN:17758,(anonymous_2360)
FN:17758,(anonymous_2361)
FN:17758,(anonymous_2362)
FN:17758,(anonymous_2363)
FN:17758,(anonymous_2364)
FN:17758,(anonymous_2365)
FN:17758,(anonymous_2366)
FN:17758,(anonymous_2367)
FN:17758,(anonymous_2368)
FN:17758,(anonymous_2369)
FN:17758,(anonymous_2370)
FN:17758,(anonymous_2371)
FN:17758,(anonymous_2372)
FN:17758,(anonymous_2373)
FN:17758,(anonymous_2374)
FN:17758,(anonymous_2375)
FN:17758,(anonymous_2376)
FN:17758,(anonymous_2377)
FN:17758,(anonymous_2378)
FN:17758,(anonymous_2379)
FN:17758,(anonymous_2380)
FN:17758,(anonymous_2381)
FN:17758,(anonymous_2382)
FN:17758,(anonymous_2383)
FN:17758,(anonymous_2384)
FN:17758,(anonymous_2385)
FN:17758,(anonymous_2386)
FN:17758,(anonymous_2387)
FN:17758,(anonymous_2388)
FN:17758,(anonymous_2389)
FN:17758,(anonymous_2390)
FN:17758,(anonymous_2391)
FN:17758,(anonymous_2392)
FN:17758,(anonymous_2393)
FN:17758,(anonymous_2394)
FN:17758,(anonymous_2395)
FN:17758,(anonymous_2396)
FN:17758,(anonymous_2397)
FN:17758,(anonymous_2398)
FN:17758,(anonymous_2399)
FN:17758,(anonymous_2400)
FN:17758,(anonymous_2401)
FN:17758,(anonymous_2402)
FN:17758,(anonymous_2403)
FN:17758,(anonymous_2404)
FN:17758,(anonymous_2405)
FN:17758,l
FN:17758,p
FN:17758,h
FN:17758,(anonymous_2409)
FN:17758,t
FN:17758,(anonymous_2411)
FN:17758,(anonymous_2412)
FN:17758,(anonymous_2413)
FN:17758,(anonymous_2414)
FN:17758,(anonymous_2415)
FN:17758,(anonymous_2416)
FN:17758,(anonymous_2417)
FN:17758,(anonymous_2418)
FN:17758,(anonymous_2419)
FN:17758,(anonymous_2420)
FN:17758,t
FN:17758,(anonymous_2422)
FN:17758,(anonymous_2423)
FN:17758,(anonymous_2424)
FN:17758,(anonymous_2425)
FN:17758,(anonymous_2426)
FN:17758,(anonymous_2427)
FN:17758,(anonymous_2428)
FN:17758,(anonymous_2429)
FN:17758,t
FN:17758,(anonymous_2431)
FN:17758,(anonymous_2432)
FN:17758,(anonymous_2433)
FN:17758,(anonymous_2434)
FN:17758,(anonymous_2435)
FN:17758,(anonymous_2436)
FN:17758,(anonymous_2437)
FN:17758,(anonymous_2438)
FN:17758,t
FN:17758,(anonymous_2440)
FN:17758,(anonymous_2441)
FN:17758,(anonymous_2442)
FN:17758,(anonymous_2443)
FN:17758,(anonymous_2444)
FN:17758,(anonymous_2445)
FN:17758,t
FN:17758,(anonymous_2447)
FN:17758,(anonymous_2448)
FN:17758,(anonymous_2449)
FN:17758,(anonymous_2450)
FN:17758,(anonymous_2451)
FN:17758,(anonymous_2452)
FN:17758,t
FN:17758,(anonymous_2454)
FN:17758,(anonymous_2455)
FN:17758,(anonymous_2456)
FN:17758,(anonymous_2457)
FN:17758,(anonymous_2458)
FN:17758,(anonymous_2459)
FN:17758,(anonymous_2460)
FN:17758,(anonymous_2461)
FN:17758,(anonymous_2462)
FN:17758,(anonymous_2463)
FN:17758,(anonymous_2464)
FN:17758,(anonymous_2465)
FN:17758,(anonymous_2466)
FN:17758,(anonymous_2467)
FN:17758,(anonymous_2468)
FN:17758,(anonymous_2469)
FN:17758,(anonymous_2470)
FN:17758,(anonymous_2471)
FN:17758,(anonymous_2472)
FN:17758,(anonymous_2473)
FN:17758,(anonymous_2474)
FN:17758,(anonymous_2475)
FN:17758,(anonymous_2476)
FN:17758,(anonymous_2477)
FN:17758,(anonymous_2478)
FN:17758,t
FN:17758,(anonymous_2480)
FN:17758,(anonymous_2481)
FN:17758,(anonymous_2482)
FN:17758,(anonymous_2483)
FN:17758,(anonymous_2484)
FN:17758,t
FN:17758,(anonymous_2486)
FN:17758,(anonymous_2487)
FN:17758,(anonymous_2488)
FN:17758,(anonymous_2489)
FN:17758,(anonymous_2490)
FN:17758,(anonymous_2491)
FN:17758,(anonymous_2492)
FN:17758,(anonymous_2493)
FN:17758,(anonymous_2494)
FN:17758,(anonymous_2495)
FN:17758,r
FN:17758,(anonymous_2497)
FN:17758,(anonymous_2498)
FN:17758,(anonymous_2499)
FN:17758,(anonymous_2500)
FN:17758,(anonymous_2501)
FN:17758,(anonymous_2502)
FN:17758,(anonymous_2503)
FN:17758,(anonymous_2504)
FN:17758,(anonymous_2505)
FN:17758,(anonymous_2506)
FN:17758,r
FN:17758,i
FN:17758,o
FN:17758,(anonymous_2510)
FN:17758,(anonymous_2511)
FN:17758,(anonymous_2512)
FN:17758,(anonymous_2513)
FN:17758,(anonymous_2514)
FN:17758,(anonymous_2515)
FN:17758,(anonymous_2516)
FN:17758,(anonymous_2517)
FN:17758,(anonymous_2518)
FN:17758,(anonymous_2519)
FN:17758,(anonymous_2520)
FN:17758,(anonymous_2521)
FN:17758,(anonymous_2522)
FN:17758,(anonymous_2523)
FN:17758,(anonymous_2524)
FN:17758,(anonymous_2525)
FN:17758,(anonymous_2526)
FN:17758,(anonymous_2527)
FN:17758,e
FN:17758,(anonymous_2529)
FN:17758,t
FN:17758,(anonymous_2531)
FN:17758,(anonymous_2532)
FN:17758,(anonymous_2533)
FN:17758,r
FN:17758,(anonymous_2535)
FN:17758,(anonymous_2536)
FN:17758,(anonymous_2537)
FN:17758,(anonymous_2538)
FN:17758,(anonymous_2539)
FN:17758,t
FN:17758,(anonymous_2541)
FN:17758,(anonymous_2542)
FN:17758,(anonymous_2543)
FN:17758,(anonymous_2544)
FN:17758,(anonymous_2545)
FN:17758,(anonymous_2546)
FN:17758,(anonymous_2547)
FN:17758,(anonymous_2548)
FN:17758,(anonymous_2549)
FN:17758,(anonymous_2550)
FN:17758,(anonymous_2551)
FN:17758,(anonymous_2552)
FN:17758,(anonymous_2553)
FN:17758,(anonymous_2554)
FN:17758,(anonymous_2555)
FN:17758,r
FN:17758,n
FN:17758,(anonymous_2558)
FN:17758,(anonymous_2559)
FN:17758,(anonymous_2560)
FN:17758,o
FN:17758,(anonymous_2562)
FN:17758,(anonymous_2563)
FN:17758,s
FN:17758,(anonymous_2565)
FN:17758,(anonymous_2566)
FN:17758,(anonymous_2567)
FN:17758,(anonymous_2568)
FN:17758,(anonymous_2569)
FN:17758,i
FN:17758,o
FN:17758,s
FN:17758,a
FN:17758,u
FN:17758,c
FN:17758,l
FN:17758,f
FN:17758,h
FN:17758,y
FN:17758,d
FN:17758,v
FN:17758,m
FN:17758,_
FN:17758,g
FN:17758,b
FN:17758,w
FN:17758,O
FN:17758,S
FN:17758,A
FN:17758,E
FN:17758,j
FN:17758,(anonymous_2592)
FN:17758,(anonymous_2593)
FN:17758,(anonymous_2594)
FN:17758,(anonymous_2595)
FN:17758,(anonymous_2596)
FN:17758,(anonymous_2597)
FN:17758,(anonymous_2598)
FN:17758,(anonymous_2599)
FN:17758,(anonymous_2600)
FN:17758,(anonymous_2601)
FN:17758,(anonymous_2602)
FN:17758,(anonymous_2603)
FN:17758,(anonymous_2604)
FN:17758,(anonymous_2605)
FN:17758,(anonymous_2606)
FN:17758,(anonymous_2607)
FN:17758,(anonymous_2608)
FN:17758,(anonymous_2609)
FN:17758,(anonymous_2610)
FN:17758,(anonymous_2611)
FN:17758,(anonymous_2612)
FN:17758,(anonymous_2613)
FN:17758,(anonymous_2614)
FN:17758,(anonymous_2615)
FN:17758,(anonymous_2616)
FN:17758,(anonymous_2617)
FN:17758,(anonymous_2618)
FN:17758,(anonymous_2619)
FN:17758,(anonymous_2620)
FN:17758,(anonymous_2621)
FN:17758,(anonymous_2622)
FN:17758,(anonymous_2623)
FN:17758,(anonymous_2624)
FN:17758,(anonymous_2625)
FN:17758,(anonymous_2626)
FN:17758,(anonymous_2627)
FN:17758,(anonymous_2628)
FN:17758,(anonymous_2629)
FN:17758,(anonymous_2630)
FN:17758,(anonymous_2631)
FN:17758,(anonymous_2632)
FN:17758,(anonymous_2633)
FN:17758,(anonymous_2634)
FN:17758,(anonymous_2635)
FN:17758,(anonymous_2636)
FN:17758,(anonymous_2637)
FN:17758,(anonymous_2638)
FN:17758,(anonymous_2639)
FN:17758,(anonymous_2640)
FN:17758,(anonymous_2641)
FN:17758,o
FN:17758,s
FN:17758,a
FN:17758,u
FN:17758,c
FN:17758,l
FN:17758,(anonymous_2648)
FN:17758,(anonymous_2649)
FN:17758,(anonymous_2650)
FN:17761,(anonymous_2651)
FN:17761,(anonymous_2652)
FN:17771,(anonymous_2653)
FN:17771,(anonymous_2654)
FN:17771,(anonymous_2655)
FN:17778,(anonymous_2656)
FN:17778,(anonymous_2657)
FN:17778,(anonymous_2658)
FN:17778,(anonymous_2659)
FN:17782,i
FN:17782,o
FN:17782,(anonymous_2662)
FN:17782,(anonymous_2663)
FN:17782,s
FN:17782,(anonymous_2665)
FN:17782,(anonymous_2666)
FN:17782,(anonymous_2667)
FN:17782,(anonymous_2668)
FN:17782,(anonymous_2669)
FN:17782,(anonymous_2670)
FN:17782,(anonymous_2671)
FN:17782,(anonymous_2672)
FN:17782,a
FN:17782,(anonymous_2674)
FN:17782,B
FN:17793,(anonymous_2676)
FN:17793,(anonymous_2677)
FN:17797,(anonymous_2678)
FN:17800,(anonymous_2679)
FN:17800,(anonymous_2680)
FN:17800,(anonymous_2681)
FN:17800,(anonymous_2682)
FN:17800,(anonymous_2683)
FN:17800,(anonymous_2684)
FN:17800,(anonymous_2685)
FN:17800,(anonymous_2686)
FN:17800,(anonymous_2687)
FN:17800,(anonymous_2688)
FN:17804,k
FN:17807,D
FN:17811,R
FN:17814,(anonymous_2692)
FN:17814,(anonymous_2693)
FN:17814,(anonymous_2694)
FN:17814,(anonymous_2695)
FN:17814,(anonymous_2696)
FN:17814,(anonymous_2697)
FN:17814,(anonymous_2698)
FN:17814,(anonymous_2699)
FN:17814,(anonymous_2700)
FN:17814,(anonymous_2701)
FN:17814,(anonymous_2702)
FN:17814,(anonymous_2703)
FN:17814,(anonymous_2704)
FN:17814,(anonymous_2705)
FN:17814,(anonymous_2706)
FN:17814,(anonymous_2707)
FN:17814,(anonymous_2708)
FN:17814,(anonymous_2709)
FN:17818,(anonymous_2710)
FN:17818,(anonymous_2711)
FN:17822,M
FN:17826,F
FN:17829,(anonymous_2714)
FN:17829,(anonymous_2715)
FN:17829,(anonymous_2716)
FN:17829,(anonymous_2717)
FN:17829,(anonymous_2718)
FN:17829,(anonymous_2719)
FN:17829,(anonymous_2720)
FN:17829,(anonymous_2721)
FN:17829,(anonymous_2722)
FN:17829,(anonymous_2723)
FN:17829,(anonymous_2724)
FN:17829,(anonymous_2725)
FN:17829,(anonymous_2726)
FN:17829,(anonymous_2727)
FN:17829,(anonymous_2728)
FN:17829,(anonymous_2729)
FN:17833,(anonymous_2730)
FN:17833,t
FN:17837,(anonymous_2732)
FN:17837,t
FN:17841,(anonymous_2734)
FN:17841,i
FN:17841,(anonymous_2736)
FN:17841,(anonymous_2737)
FN:17841,(anonymous_2738)
FN:17845,(anonymous_2739)
FN:17845,(anonymous_2740)
FN:17845,(anonymous_2741)
FN:17845,(anonymous_2742)
FN:17845,(anonymous_2743)
FN:17849,(anonymous_2744)
FN:17852,(anonymous_2745)
FN:17855,n
FN:17855,(anonymous_2747)
FN:17855,(anonymous_2748)
FN:17855,(anonymous_2749)
FN:17855,(anonymous_2750)
FN:17855,(anonymous_2751)
FN:17855,(anonymous_2752)
FN:17855,(anonymous_2753)
FN:17855,(anonymous_2754)
FN:17855,i
FN:17855,A
FN:17855,(anonymous_2757)
FN:17863,(anonymous_2758)
FN:17863,(anonymous_2759)
FN:17863,(anonymous_2760)
FN:17863,(anonymous_2761)
FN:17863,(anonymous_2762)
FN:17867,(anonymous_2763)
FN:17871,(anonymous_2764)
FN:17871,(anonymous_2765)
FN:17871,(anonymous_2766)
FN:17871,(anonymous_2767)
FN:17871,j
FN:17871,(anonymous_2769)
FN:17871,(anonymous_2770)
FN:17871,(anonymous_2771)
FN:17871,(anonymous_2772)
FN:17875,(anonymous_2773)
FN:17878,(anonymous_2774)
FN:17882,l
FN:17885,f
FN:17885,(anonymous_2777)
FN:17885,(anonymous_2778)
FN:17885,(anonymous_2779)
FN:17885,(anonymous_2780)
FN:17885,(anonymous_2781)
FN:17885,(anonymous_2782)
FN:17885,(anonymous_2783)
FN:17885,(anonymous_2784)
FN:17885,(anonymous_2785)
FN:17889,(anonymous_2786)
FN:17892,n
FN:17892,(anonymous_2788)
FN:17892,(anonymous_2789)
FN:17892,(anonymous_2790)
FN:17892,(anonymous_2791)
FN:17895,(anonymous_2792)
FN:17899,(anonymous_2793)
FN:17899,(anonymous_2794)
FN:17899,(anonymous_2795)
FN:17899,(anonymous_2796)
FN:17901,o
FN:17901,s
FN:17901,(anonymous_2799)
FN:17901,(anonymous_2800)
FN:17901,(anonymous_2801)
FN:17901,(anonymous_2802)
FN:17901,(anonymous_2803)
FN:17901,r
FN:17901,(anonymous_2805)
FN:17901,(anonymous_2806)
FN:17901,(anonymous_2807)
FN:17901,(anonymous_2808)
FN:17901,(anonymous_2809)
FN:17901,(anonymous_2810)
FN:17904,(anonymous_2811)
FN:17904,(anonymous_2812)
FN:17904,(anonymous_2813)
FN:17908,(anonymous_2814)
FN:17908,(anonymous_2815)
FN:17912,(anonymous_2816)
FN:17912,(anonymous_2817)
FN:17916,i
FN:17916,(anonymous_2819)
FN:17916,(anonymous_2820)
FN:17916,t
FN:17920,(anonymous_2822)
FN:17920,(anonymous_2823)
FN:17920,(anonymous_2824)
FN:17920,(anonymous_2825)
FN:17920,(anonymous_2826)
FN:17920,t
FN:17920,t
FN:17920,(anonymous_2829)
FN:17920,(anonymous_2830)
FN:17920,(anonymous_2831)
FN:17920,(anonymous_2832)
FN:17920,(anonymous_2833)
FN:17920,(anonymous_2834)
FN:17920,(anonymous_2835)
FN:17920,e
FN:17920,(anonymous_2837)
FN:17920,(anonymous_2838)
FN:17920,(anonymous_2839)
FN:17920,(anonymous_2840)
FN:17920,(anonymous_2841)
FN:17920,o
FN:17920,(anonymous_2843)
FN:17920,(anonymous_2844)
FN:17920,(anonymous_2845)
FN:17920,(anonymous_2846)
FN:17920,(anonymous_2847)
FN:17920,(anonymous_2848)
FN:17920,(anonymous_2849)
FN:17920,(anonymous_2850)
FN:17920,(anonymous_2851)
FN:17920,(anonymous_2852)
FN:17920,(anonymous_2853)
FN:17920,o
FN:17920,(anonymous_2855)
FN:17920,(anonymous_2856)
FN:17920,(anonymous_2857)
FN:17923,n
FN:17923,(anonymous_2859)
FN:17923,(anonymous_2860)
FN:17923,i
FN:17923,o
FN:17923,(anonymous_2863)
FN:17923,s
FN:17923,(anonymous_2865)
FN:17923,(anonymous_2866)
FN:17923,(anonymous_2867)
FN:17923,a
FN:17923,(anonymous_2869)
FN:17923,u
FN:17923,(anonymous_2871)
FN:17923,(anonymous_2872)
FN:17923,(anonymous_2873)
FN:17923,u
FN:17923,(anonymous_2875)
FN:17927,(anonymous_2876)
FN:17930,(anonymous_2877)
FN:17934,f
FN:17942,(anonymous_2879)
FN:17945,(anonymous_2880)
FN:17945,(anonymous_2881)
FN:17945,(anonymous_2882)
FN:17948,n
FN:17948,(anonymous_2884)
FN:17948,(anonymous_2885)
FN:17948,i
FN:17948,(anonymous_2887)
FN:17948,o
FN:17948,(anonymous_2889)
FN:17948,(anonymous_2890)
FN:17948,(anonymous_2891)
FN:17948,s
FN:17948,(anonymous_2893)
FN:17948,a
FN:17948,(anonymous_2895)
FN:17948,(anonymous_2896)
FN:17948,(anonymous_2897)
FN:17948,r
FN:17948,(anonymous_2899)
FN:17948,(anonymous_2900)
FN:17948,(anonymous_2901)
FN:17948,(anonymous_2902)
FN:17952,(anonymous_2903)
FN:17952,(anonymous_2904)
FN:17959,o
FN:17959,(anonymous_2906)
FN:17959,(anonymous_2907)
FN:17959,(anonymous_2908)
FN:17959,(anonymous_2909)
FN:17959,(anonymous_2910)
FN:17967,(anonymous_2911)
FN:17977,(anonymous_2912)
FN:17977,(anonymous_2913)
FN:17977,(anonymous_2914)
FN:17981,p
FN:17985,h
FN:17989,(anonymous_2917)
FN:17993,(anonymous_2918)
FN:18001,(anonymous_2919)
FN:18001,(anonymous_2920)
FN:18001,(anonymous_2921)
FN:18001,(anonymous_2922)
FN:18001,(anonymous_2923)
FN:18001,(anonymous_2924)
FN:18001,(anonymous_2925)
FN:18001,(anonymous_2926)
FN:18001,(anonymous_2927)
FN:18001,(anonymous_2928)
FN:18001,(anonymous_2929)
FN:18001,(anonymous_2930)
FN:18001,(anonymous_2931)
FN:18001,(anonymous_2932)
FN:18001,(anonymous_2933)
FN:18005,(anonymous_2934)
FN:18005,(anonymous_2935)
FN:18016,i
FN:18016,(anonymous_2937)
FN:18016,(anonymous_2938)
FN:18016,(anonymous_2939)
FN:18016,(anonymous_2940)
FN:18016,(anonymous_2941)
FN:18019,o
FN:18019,s
FN:18023,(anonymous_2944)
FN:18023,(anonymous_2945)
FN:18023,(anonymous_2946)
FN:18023,(anonymous_2947)
FN:18023,(anonymous_2948)
FN:18023,(anonymous_2949)
FN:18023,(anonymous_2950)
FN:18023,(anonymous_2951)
FN:18030,(anonymous_2952)
FN:18030,(anonymous_2953)
FN:18030,(anonymous_2954)
FN:18030,n
FN:18030,(anonymous_2956)
FN:18030,(anonymous_2957)
FN:18030,i
FN:18030,(anonymous_2959)
FN:18030,(anonymous_2960)
FN:18030,(anonymous_2961)
FN:18030,(anonymous_2962)
FN:18030,(anonymous_2963)
FN:18030,(anonymous_2964)
FN:18030,(anonymous_2965)
FN:18030,(anonymous_2966)
FN:18030,o
FN:18030,s
FN:18030,a
FN:18030,u
FN:18030,(anonymous_2971)
FN:18030,(anonymous_2972)
FN:18030,c
FN:18030,(anonymous_2974)
FN:18030,l
FN:18030,(anonymous_2976)
FN:18030,n
FN:18030,f
FN:18030,(anonymous_2979)
FN:18030,p
FN:18030,(anonymous_2981)
FN:18030,h
FN:18030,(anonymous_2983)
FN:18030,y
FN:18030,(anonymous_2985)
FN:18030,(anonymous_2986)
FN:18030,(anonymous_2987)
FN:18030,(anonymous_2988)
FN:18030,S
FN:18030,(anonymous_2990)
FN:18033,(anonymous_2991)
FN:18036,(anonymous_2992)
FN:18039,(anonymous_2993)
FN:18039,(anonymous_2994)
FN:18039,(anonymous_2995)
FN:18042,(anonymous_2996)
FN:18042,(anonymous_2997)
FN:18042,(anonymous_2998)
FN:18042,(anonymous_2999)
FN:18042,(anonymous_3000)
FN:18042,(anonymous_3001)
FN:18042,(anonymous_3002)
FN:18042,(anonymous_3003)
FN:18042,(anonymous_3004)
FN:18042,(anonymous_3005)
FN:18042,(anonymous_3006)
FN:18042,(anonymous_3007)
FN:18042,(anonymous_3008)
FN:18042,(anonymous_3009)
FN:18042,(anonymous_3010)
FN:18042,(anonymous_3011)
FN:18042,(anonymous_3012)
FN:18042,(anonymous_3013)
FN:18042,(anonymous_3014)
FN:18042,(anonymous_3015)
FN:18042,(anonymous_3016)
FN:18042,(anonymous_3017)
FN:18042,(anonymous_3018)
FN:18042,(anonymous_3019)
FN:18042,(anonymous_3020)
FN:18042,(anonymous_3021)
FN:18045,(anonymous_3022)
FN:18048,(anonymous_3023)
FN:18051,(anonymous_3024)
FN:18051,(anonymous_3025)
FN:18051,(anonymous_3026)
FN:18051,(anonymous_3027)
FN:18051,(anonymous_3028)
FN:18051,(anonymous_3029)
FN:18051,(anonymous_3030)
FN:18055,k
FN:18059,(anonymous_3032)
FN:18059,(anonymous_3033)
FN:18062,(anonymous_3034)
FN:18062,(anonymous_3035)
FN:18065,s
FN:18069,(anonymous_3037)
FN:18069,(anonymous_3038)
FN:18069,(anonymous_3039)
FN:18073,(anonymous_3040)
FN:18073,(anonymous_3041)
FN:18073,(anonymous_3042)
FN:18073,(anonymous_3043)
FN:18073,(anonymous_3044)
FN:18073,(anonymous_3045)
FN:18077,(anonymous_3046)
FN:18077,(anonymous_3047)
FN:18077,(anonymous_3048)
FN:18077,n
FN:18077,(anonymous_3050)
FN:18077,(anonymous_3051)
FN:18077,i
FN:18077,(anonymous_3053)
FN:18077,(anonymous_3054)
FN:18077,(anonymous_3055)
FN:18077,(anonymous_3056)
FN:18077,(anonymous_3057)
FN:18077,(anonymous_3058)
FN:18077,(anonymous_3059)
FN:18077,(anonymous_3060)
FN:18077,o
FN:18077,s
FN:18077,a
FN:18077,(anonymous_3064)
FN:18077,(anonymous_3065)
FN:18077,u
FN:18077,(anonymous_3067)
FN:18077,c
FN:18077,(anonymous_3069)
FN:18077,n
FN:18077,l
FN:18077,(anonymous_3072)
FN:18077,f
FN:18077,(anonymous_3074)
FN:18077,p
FN:18077,(anonymous_3076)
FN:18077,h
FN:18077,(anonymous_3078)
FN:18077,(anonymous_3079)
FN:18077,(anonymous_3080)
FN:18077,(anonymous_3081)
FN:18077,_
FN:18077,(anonymous_3083)
FN:18077,(anonymous_3084)
FN:18077,(anonymous_3085)
FN:18077,(anonymous_3086)
FN:18077,(anonymous_3087)
FN:18077,(anonymous_3088)
FN:18077,(anonymous_3089)
FN:18077,(anonymous_3090)
FN:18077,(anonymous_3091)
FN:18077,(anonymous_3092)
FN:18077,(anonymous_3093)
FN:18077,(anonymous_3094)
FN:18077,(anonymous_3095)
FN:18082,O
FN:18082,(anonymous_3097)
FN:18082,(anonymous_3098)
FN:18082,(anonymous_3099)
FN:18082,n
FN:18082,(anonymous_3101)
FN:18082,(anonymous_3102)
FN:18082,(anonymous_3103)
FN:18082,(anonymous_3104)
FN:18082,(anonymous_3105)
FN:18082,(anonymous_3106)
FN:18082,(anonymous_3107)
FN:18082,(anonymous_3108)
FN:18082,i
FN:18082,l
FN:18082,(anonymous_3111)
FN:18082,(anonymous_3112)
FN:18082,(anonymous_3113)
FN:18082,(anonymous_3114)
FN:18082,(anonymous_3115)
FN:18082,(anonymous_3116)
FN:18082,(anonymous_3117)
FN:18082,(anonymous_3118)
FN:18082,(anonymous_3119)
FN:18082,(anonymous_3120)
FN:18082,(anonymous_3121)
FN:18086,(anonymous_3122)
FN:18090,(anonymous_3123)
FN:18090,(anonymous_3124)
FN:18090,(anonymous_3125)
FN:18094,(anonymous_3126)
FN:18094,(anonymous_3127)
FN:18102,(anonymous_3128)
FN:18102,r
FN:18106,(anonymous_3130)
FN:18106,(anonymous_3131)
FN:18106,n
FN:18106,(anonymous_3133)
FN:18106,(anonymous_3134)
FN:18106,(anonymous_3135)
FN:18106,(anonymous_3136)
FN:18106,(anonymous_3137)
FN:18106,(anonymous_3138)
FN:18106,(anonymous_3139)
FN:18106,(anonymous_3140)
FN:18106,i
FN:18110,(anonymous_3142)
FN:18110,(anonymous_3143)
FN:18110,(anonymous_3144)
FN:18110,(anonymous_3145)
FN:18110,(anonymous_3146)
FN:18110,(anonymous_3147)
FN:18110,(anonymous_3148)
FN:18110,(anonymous_3149)
FN:18113,(anonymous_3150)
FN:18113,(anonymous_3151)
FN:18113,(anonymous_3152)
FN:18113,(anonymous_3153)
FN:18113,i
FN:18113,(anonymous_3155)
FN:18113,(anonymous_3156)
FN:18113,o
FN:18113,(anonymous_3158)
FN:18113,s
FN:18113,(anonymous_3160)
FN:18113,(anonymous_3161)
FN:18113,(anonymous_3162)
FN:18113,a
FN:18113,(anonymous_3164)
FN:18113,u
FN:18113,(anonymous_3166)
FN:18113,(anonymous_3167)
FN:18113,(anonymous_3168)
FN:18113,(anonymous_3169)
FN:18113,(anonymous_3170)
FN:18113,(anonymous_3171)
FN:18113,n
FN:18113,(anonymous_3173)
FN:18117,(anonymous_3174)
FN:18117,(anonymous_3175)
FN:18117,(anonymous_3176)
FN:18117,(anonymous_3177)
FN:18117,(anonymous_3178)
FN:18117,c
FN:18117,l
FN:18117,(anonymous_3181)
FN:18119,(anonymous_3182)
FN:18119,(anonymous_3183)
FN:18119,(anonymous_3184)
FN:18119,(anonymous_3185)
FN:18119,(anonymous_3186)
FN:18122,(anonymous_3187)
FN:18122,(anonymous_3188)
FN:18128,(anonymous_3189)
FN:18131,(anonymous_3190)
FN:18139,(anonymous_3191)
FN:18143,(anonymous_3192)
FN:18146,(anonymous_3193)
FN:18146,(anonymous_3194)
FN:18149,(anonymous_3195)
FN:18149,(anonymous_3196)
FN:18152,(anonymous_3197)
FN:18172,(anonymous_3198)
FN:18172,(anonymous_3199)
FN:18172,(anonymous_3200)
FN:18172,(anonymous_3201)
FN:18182,(anonymous_3202)
FN:18186,(anonymous_3203)
FN:18194,(anonymous_3204)
FN:18194,(anonymous_3205)
FN:18203,(anonymous_3206)
FN:18203,(anonymous_3207)
FN:18203,(anonymous_3208)
FN:18203,(anonymous_3209)
FN:18217,(anonymous_3210)
FN:18232,(anonymous_3211)
FN:18232,(anonymous_3212)
FN:18232,r
FN:18232,(anonymous_3214)
FN:18232,(anonymous_3215)
FN:18232,a
FN:18232,(anonymous_3217)
FN:18232,(anonymous_3218)
FN:18232,(anonymous_3219)
FN:18232,(anonymous_3220)
FN:18232,(anonymous_3221)
FN:18232,n
FN:18232,(anonymous_3223)
FN:18232,(anonymous_3224)
FN:18236,s
FN:18236,(anonymous_3226)
FN:18236,(anonymous_3227)
FN:18236,(anonymous_3228)
FN:18236,(anonymous_3229)
FN:18236,(anonymous_3230)
FN:18240,t
FN:18240,(anonymous_3232)
FN:18240,(anonymous_3233)
FN:18240,(anonymous_3234)
FN:18240,n
FN:18240,(anonymous_3236)
FN:18240,(anonymous_3237)
FN:18240,t
FN:18240,(anonymous_3239)
FN:18240,(anonymous_3240)
FN:18245,s
FN:18245,(anonymous_3242)
FN:18245,(anonymous_3243)
FN:18245,(anonymous_3244)
FN:18245,(anonymous_3245)
FN:18245,(anonymous_3246)
FN:18245,r
FN:18245,(anonymous_3248)
FN:18245,(anonymous_3249)
FN:18245,(anonymous_3250)
FN:18245,(anonymous_3251)
FN:18245,(anonymous_3252)
FN:18245,(anonymous_3253)
FN:18245,(anonymous_3254)
FN:18245,(anonymous_3255)
FN:18245,n
FN:18245,(anonymous_3257)
FN:18245,(anonymous_3258)
FN:18245,c
FN:18245,(anonymous_3260)
FN:18245,(anonymous_3261)
FN:18245,(anonymous_3262)
FN:18245,t
FN:18245,(anonymous_3264)
FN:18245,(anonymous_3265)
FN:18245,(anonymous_3266)
FN:18245,(anonymous_3267)
FN:18245,(anonymous_3268)
FN:18245,(anonymous_3269)
FN:18245,(anonymous_3270)
FN:18245,(anonymous_3271)
FN:18245,(anonymous_3272)
FN:18245,(anonymous_3273)
FN:18251,(anonymous_3274)
FN:18251,(anonymous_3275)
FN:18251,(anonymous_3276)
FN:18251,(anonymous_3277)
FN:18251,(anonymous_3278)
FN:18251,(anonymous_3279)
FN:18251,(anonymous_3280)
FN:18251,(anonymous_3281)
FN:18251,(anonymous_3282)
FN:18251,(anonymous_3283)
FN:18251,(anonymous_3284)
FN:18251,(anonymous_3285)
FN:18251,(anonymous_3286)
FN:18251,(anonymous_3287)
FN:18251,(anonymous_3288)
FN:18255,p
FN:18255,h
FN:18255,y
FN:18255,(anonymous_3292)
FN:18266,d
FN:18266,(anonymous_3294)
FN:18266,(anonymous_3295)
FN:18266,(anonymous_3296)
FN:18266,(anonymous_3297)
FN:18266,(anonymous_3298)
FN:18266,(anonymous_3299)
FN:18266,(anonymous_3300)
FN:18266,(anonymous_3301)
FN:18266,(anonymous_3302)
FN:18266,(anonymous_3303)
FN:18266,(anonymous_3304)
FN:18266,(anonymous_3305)
FN:18266,(anonymous_3306)
FN:18266,(anonymous_3307)
FN:18266,(anonymous_3308)
FN:18266,(anonymous_3309)
FN:18266,(anonymous_3310)
FN:18266,(anonymous_3311)
FN:18266,(anonymous_3312)
FN:18266,(anonymous_3313)
FN:18266,(anonymous_3314)
FN:18266,(anonymous_3315)
FN:18266,(anonymous_3316)
FN:18266,(anonymous_3317)
FN:18266,(anonymous_3318)
FN:18266,(anonymous_3319)
FN:18266,(anonymous_3320)
FN:18266,(anonymous_3321)
FN:18266,(anonymous_3322)
FN:18266,(anonymous_3323)
FN:18266,(anonymous_3324)
FN:18266,(anonymous_3325)
FN:18266,(anonymous_3326)
FN:18266,(anonymous_3327)
FN:18266,(anonymous_3328)
FN:18266,(anonymous_3329)
FN:18266,(anonymous_3330)
FN:18266,(anonymous_3331)
FN:18266,(anonymous_3332)
FN:18266,(anonymous_3333)
FN:18266,(anonymous_3334)
FN:18266,(anonymous_3335)
FN:18266,(anonymous_3336)
FN:18266,(anonymous_3337)
FN:18266,(anonymous_3338)
FN:18266,(anonymous_3339)
FN:18266,(anonymous_3340)
FN:18266,(anonymous_3341)
FN:18270,(anonymous_3342)
FN:18270,(anonymous_3343)
FN:18270,(anonymous_3344)
FN:18270,(anonymous_3345)
FN:18274,(anonymous_3346)
FN:18274,(anonymous_3347)
FN:18274,(anonymous_3348)
FN:18274,(anonymous_3349)
FN:18274,(anonymous_3350)
FN:18274,(anonymous_3351)
FN:18274,(anonymous_3352)
FN:18274,(anonymous_3353)
FN:18274,(anonymous_3354)
FN:18274,(anonymous_3355)
FN:18274,(anonymous_3356)
FN:18274,(anonymous_3357)
FN:18274,(anonymous_3358)
FN:18274,(anonymous_3359)
FN:18274,(anonymous_3360)
FN:18274,h
FN:18274,y
FN:18274,(anonymous_3363)
FN:18274,(anonymous_3364)
FN:18274,o
FN:18274,s
FN:18274,(anonymous_3367)
FN:18274,(anonymous_3368)
FN:18274,(anonymous_3369)
FN:18274,(anonymous_3370)
FN:18274,(anonymous_3371)
FN:18274,(anonymous_3372)
FN:18274,i
FN:18274,(anonymous_3374)
FN:18274,(anonymous_3375)
FN:18274,o
FN:18274,(anonymous_3377)
FN:18274,(anonymous_3378)
FN:18274,(anonymous_3379)
FN:18274,(anonymous_3380)
FN:18274,(anonymous_3381)
FN:18274,(anonymous_3382)
FN:18274,(anonymous_3383)
FN:18274,(anonymous_3384)
FN:18274,n
FN:18274,n
FN:18274,(anonymous_3387)
FN:18274,(anonymous_3388)
FN:18274,i
FN:18274,(anonymous_3390)
FN:18274,(anonymous_3391)
FN:18274,(anonymous_3392)
FN:18274,(anonymous_3393)
FN:18274,(anonymous_3394)
FN:18274,r
FN:18274,(anonymous_3396)
FN:18274,(anonymous_3397)
FN:18274,a
FN:18274,(anonymous_3399)
FN:18274,(anonymous_3400)
FN:18274,(anonymous_3401)
FN:18274,(anonymous_3402)
FN:18274,(anonymous_3403)
FN:18274,(anonymous_3404)
FN:18274,(anonymous_3405)
FN:18274,(anonymous_3406)
FN:18274,(anonymous_3407)
FN:18274,(anonymous_3408)
FN:18274,(anonymous_3409)
FN:18274,(anonymous_3410)
FN:18274,(anonymous_3411)
FN:18274,(anonymous_3412)
FN:18274,(anonymous_3413)
FN:18274,(anonymous_3414)
FN:18274,(anonymous_3415)
FN:18274,i
FN:18274,(anonymous_3417)
FN:18274,(anonymous_3418)
FN:18274,(anonymous_3419)
[...]
BRDA:18676,7415,1,0
BRDA:18676,7416,0,0
BRDA:18676,7416,1,0
BRDA:18676,7417,0,0
BRDA:18676,7417,1,0
BRDA:18676,7418,0,0
BRDA:18676,7418,1,0
BRDA:18676,7419,0,0
BRDA:18676,7419,1,0
BRDA:18676,7420,0,0
BRDA:18676,7420,1,0
BRDA:18676,7421,0,0
BRDA:18676,7421,1,0
BRDA:18676,7422,0,0
BRDA:18676,7422,1,0
BRDA:18676,7423,0,0
BRDA:18676,7423,1,0
BRDA:18676,7424,0,0
BRDA:18676,7424,1,0
BRDA:18676,7424,2,0
BRDA:18676,7424,3,0
BRDA:18676,7424,4,0
BRDA:18676,7424,5,0
BRDA:18676,7425,0,0
BRDA:18676,7425,1,0
BRDA:18676,7426,0,0
BRDA:18676,7426,1,0
BRDA:18680,7427,0,0
BRDA:18680,7427,1,0
BRDA:18680,7428,0,0
BRDA:18680,7428,1,0
BRDA:18680,7429,0,0
BRDA:18680,7429,1,0
BRDA:18680,7430,0,0
BRDA:18680,7430,1,0
BRDA:18680,7430,2,0
BRDA:18680,7430,3,0
BRDA:18680,7431,0,0
BRDA:18680,7431,1,0
BRDA:18680,7432,0,0
BRDA:18680,7432,1,0
BRDA:18680,7433,0,0
BRDA:18680,7433,1,0
BRDA:18680,7434,0,0
BRDA:18680,7434,1,0
BRDA:18680,7435,0,0
BRDA:18680,7435,1,0
BRDA:18680,7436,0,0
BRDA:18680,7436,1,0
BRDA:18680,7437,0,0
BRDA:18680,7437,1,0
BRDA:18680,7438,0,0
BRDA:18680,7438,1,0
BRDA:18680,7439,0,0
BRDA:18680,7439,1,0
BRDA:18684,7440,0,0
BRDA:18684,7440,1,0
BRDA:18684,7441,0,0
BRDA:18684,7441,1,0
BRDA:18684,7442,0,0
BRDA:18684,7442,1,0
BRDA:18684,7443,0,0
BRDA:18684,7443,1,0
BRDA:18684,7443,2,0
BRDA:18684,7443,3,0
BRDA:18684,7444,0,0
BRDA:18684,7444,1,0
BRDA:18684,7445,0,0
BRDA:18684,7445,1,0
BRDA:18684,7446,0,0
BRDA:18684,7446,1,0
BRDA:18684,7447,0,0
BRDA:18684,7447,1,0
BRDA:18684,7447,2,0
BRDA:18684,7447,3,0
BRDA:18684,7447,4,0
BRDA:18684,7448,0,0
BRDA:18684,7448,1,0
BRDA:18684,7449,0,0
BRDA:18684,7449,1,0
BRDA:18684,7450,0,0
BRDA:18684,7450,1,0
BRDA:18684,7450,2,0
BRDA:18684,7451,0,0
BRDA:18684,7451,1,0
BRDA:18684,7452,0,0
BRDA:18684,7452,1,0
BRDA:18684,7453,0,0
BRDA:18684,7453,1,0
BRDA:18684,7454,0,0
BRDA:18684,7454,1,0
BRDA:18684,7455,0,0
BRDA:18684,7455,1,0
BRDA:18684,7456,0,0
BRDA:18684,7456,1,0
BRDA:18684,7457,0,0
BRDA:18684,7457,1,0
BRDA:18684,7457,2,0
BRDA:18684,7458,0,0
BRDA:18684,7458,1,0
BRDA:18684,7459,0,0
BRDA:18684,7459,1,0
BRDA:18684,7459,2,0
BRDA:18684,7460,0,3
BRDA:18684,7460,1,3
BRDA:18684,7461,0,3
BRDA:18684,7461,1,3
BRDA:18684,7462,0,0
BRDA:18684,7462,1,0
BRDA:18684,7463,0,0
BRDA:18684,7463,1,0
BRDA:18684,7464,0,0
BRDA:18684,7464,1,0
BRDA:18684,7465,0,0
BRDA:18684,7465,1,0
BRDA:18684,7466,0,0
BRDA:18684,7466,1,0
BRDA:18684,7467,0,0
BRDA:18684,7467,1,0
BRDA:18684,7468,0,1
BRDA:18684,7468,1,0
BRDA:18684,7469,0,0
BRDA:18684,7469,1,1
BRDA:18684,7470,0,1
BRDA:18684,7470,1,1
BRDA:18684,7471,0,0
BRDA:18684,7471,1,1
BRDA:18684,7472,0,1
BRDA:18684,7472,1,0
BRDA:18684,7473,0,0
BRDA:18684,7473,1,0
BRDA:18684,7474,0,0
BRDA:18684,7474,1,0
BRDA:18684,7475,0,0
BRDA:18684,7475,1,0
BRDA:18684,7475,2,0
BRDA:18684,7476,0,0
BRDA:18684,7476,1,0
BRDA:18684,7477,0,0
BRDA:18684,7477,1,0
BRDA:18684,7478,0,0
BRDA:18684,7478,1,0
BRDA:18684,7479,0,0
BRDA:18684,7479,1,1
BRDA:18684,7480,0,1
BRDA:18684,7480,1,0
BRDA:18684,7481,0,1
BRDA:18684,7481,1,1
BRDA:18684,7482,0,1
BRDA:18684,7482,1,1
BRDA:18684,7483,0,0
BRDA:18684,7483,1,0
BRDA:18684,7484,0,1
BRDA:18684,7484,1,1
BRDA:18684,7485,0,0
BRDA:18684,7485,1,0
BRDA:18684,7486,0,0
BRDA:18684,7486,1,0
BRDA:18684,7487,0,0
BRDA:18684,7487,1,0
BRDA:18684,7488,0,0
BRDA:18684,7488,1,0
BRDA:18684,7489,0,0
BRDA:18684,7489,1,0
BRDA:18684,7490,0,0
BRDA:18684,7490,1,0
BRDA:18684,7491,0,1
BRDA:18684,7491,1,0
BRDA:18684,7492,0,0
BRDA:18684,7492,1,0
BRDA:18684,7493,0,0
BRDA:18684,7493,1,0
BRDA:18684,7494,0,0
BRDA:18684,7494,1,0
BRDA:18684,7495,0,0
BRDA:18684,7495,1,0
BRDA:18684,7495,2,0
BRDA:18684,7495,3,0
BRDA:18684,7496,0,0
BRDA:18684,7496,1,0
BRDA:18684,7497,0,1
BRDA:18684,7497,1,0
BRDA:18684,7498,0,0
BRDA:18684,7498,1,1
BRDA:18684,7499,0,1
BRDA:18684,7499,1,1
BRDA:18684,7500,0,0
BRDA:18684,7500,1,1
BRDA:18684,7501,0,1
BRDA:18684,7501,1,0
BRDA:18684,7502,0,0
BRDA:18684,7502,1,0
BRDA:18684,7503,0,0
BRDA:18684,7503,1,0
BRDA:18684,7504,0,0
BRDA:18684,7504,1,0
BRDA:18684,7504,2,0
BRDA:18684,7505,0,0
BRDA:18684,7505,1,0
BRDA:18684,7506,0,0
BRDA:18684,7506,1,0
BRDA:18684,7507,0,0
BRDA:18684,7507,1,0
BRDA:18684,7508,0,0
BRDA:18684,7508,1,1
BRDA:18684,7509,0,1
BRDA:18684,7509,1,0
BRDA:18684,7510,0,1
BRDA:18684,7510,1,1
BRDA:18684,7511,0,1
BRDA:18684,7511,1,1
BRDA:18688,7512,0,0
BRDA:18688,7512,1,0
BRDA:18688,7513,0,0
BRDA:18688,7513,1,0
BRDA:18688,7514,0,0
BRDA:18688,7514,1,0
BRDA:18688,7515,0,0
BRDA:18688,7515,1,0
BRDA:18688,7515,2,0
BRDA:18688,7515,3,0
BRDA:18692,7516,0,0
BRDA:18692,7516,1,0
BRDA:18692,7516,2,0
BRDA:18692,7516,3,0
BRDA:18692,7516,4,0
BRDA:18692,7516,5,0
BRDA:18692,7516,6,0
BRDA:18692,7516,7,0
BRDA:18692,7516,8,0
BRDA:18696,7517,0,0
BRDA:18696,7517,1,0
BRDA:18696,7518,0,0
BRDA:18696,7518,1,0
BRDA:18696,7518,2,0
BRDA:18696,7519,0,0
BRDA:18696,7519,1,0
BRDA:18696,7520,0,0
BRDA:18696,7520,1,0
BRDA:18696,7521,0,0
BRDA:18696,7521,1,0
BRDA:18696,7521,2,0
BRDA:18696,7522,0,0
BRDA:18696,7522,1,0
BRDA:18696,7522,2,0
BRDA:18696,7523,0,0
BRDA:18696,7523,1,0
BRDA:18696,7524,0,0
BRDA:18696,7524,1,0
BRDA:18696,7525,0,0
BRDA:18696,7525,1,0
BRDA:18696,7526,0,0
BRDA:18696,7526,1,0
BRDA:18696,7527,0,0
BRDA:18696,7527,1,0
BRDA:18696,7527,2,0
BRDA:18696,7528,0,0
BRDA:18696,7528,1,0
BRDA:18696,7529,0,0
BRDA:18696,7529,1,0
BRDA:18696,7530,0,0
BRDA:18696,7530,1,0
BRDA:18696,7530,2,0
BRDA:18699,7531,0,0
BRDA:18699,7531,1,0
BRDA:18699,7532,0,0
BRDA:18699,7532,1,0
BRDA:18699,7533,0,0
BRDA:18699,7533,1,0
BRDA:18699,7534,0,0
BRDA:18699,7534,1,0
BRDA:18699,7534,2,0
BRDA:18699,7535,0,0
BRDA:18699,7535,1,0
BRDA:18703,7536,0,0
BRDA:18703,7536,1,0
BRDA:18703,7537,0,0
BRDA:18703,7537,1,0
BRDA:18703,7538,0,0
BRDA:18703,7538,1,0
BRDA:18703,7539,0,0
BRDA:18703,7539,1,0
BRDA:18703,7540,0,0
BRDA:18703,7540,1,0
BRDA:18703,7541,0,0
BRDA:18703,7541,1,0
BRDA:18703,7541,2,0
BRDA:18703,7542,0,0
BRDA:18703,7542,1,0
BRDA:18703,7543,0,0
BRDA:18703,7543,1,0
BRDA:18703,7544,0,0
BRDA:18703,7544,1,0
BRDA:18710,7545,0,0
BRDA:18710,7545,1,0
BRDA:18710,7546,0,0
BRDA:18710,7546,1,0
BRDA:18710,7546,2,0
BRDA:18710,7546,3,0
BRDA:18713,7547,0,0
BRDA:18713,7547,1,0
BRDA:18713,7548,0,0
BRDA:18713,7548,1,0
BRDA:18713,7549,0,0
BRDA:18713,7549,1,0
BRDA:18713,7550,0,0
BRDA:18713,7550,1,0
BRDA:18716,7551,0,0
BRDA:18716,7551,1,0
BRDA:18716,7552,0,0
BRDA:18716,7552,1,0
BRDA:18716,7553,0,0
BRDA:18716,7553,1,0
BRDA:18716,7554,0,0
BRDA:18716,7554,1,0
BRDA:18716,7554,2,0
BRDA:18716,7554,3,0
BRDA:18716,7555,0,0
BRDA:18716,7555,1,0
BRDA:18716,7556,0,0
BRDA:18716,7556,1,0
BRDA:18716,7557,0,0
BRDA:18716,7557,1,0
BRDA:18716,7558,0,0
BRDA:18716,7558,1,0
BRDA:18716,7558,2,0
BRDA:18716,7558,3,0
BRDA:18716,7558,4,0
BRDA:18716,7559,0,0
BRDA:18716,7559,1,0
BRDA:18716,7560,0,0
BRDA:18716,7560,1,0
BRDA:18716,7561,0,0
BRDA:18716,7561,1,0
BRDA:18716,7561,2,0
BRDA:18716,7562,0,0
BRDA:18716,7562,1,0
BRDA:18716,7563,0,0
BRDA:18716,7563,1,0
BRDA:18716,7564,0,0
BRDA:18716,7564,1,0
BRDA:18716,7565,0,0
BRDA:18716,7565,1,0
BRDA:18716,7566,0,0
BRDA:18716,7566,1,0
BRDA:18716,7567,0,0
BRDA:18716,7567,1,0
BRDA:18716,7568,0,0
BRDA:18716,7568,1,0
BRDA:18716,7568,2,0
BRDA:18716,7569,0,0
BRDA:18716,7569,1,0
BRDA:18716,7570,0,0
BRDA:18716,7570,1,0
BRDA:18716,7570,2,0
BRDA:18722,7571,0,0
BRDA:18722,7571,1,0
BRDA:18722,7572,0,0
BRDA:18722,7572,1,0
BRDA:18722,7572,2,0
BRDA:18722,7573,0,0
BRDA:18722,7573,1,0
BRDA:18733,7574,0,0
BRDA:18733,7574,1,0
BRDA:18742,7575,0,0
BRDA:18742,7575,1,0
BRDA:18742,7576,0,0
BRDA:18742,7576,1,0
BRDA:18742,7577,0,0
BRDA:18742,7577,1,0
BRDA:18742,7578,0,0
BRDA:18742,7578,1,0
BRDA:18753,7579,0,0
BRDA:18753,7579,1,0
BRDA:18753,7580,0,0
BRDA:18753,7580,1,0
BRDA:18753,7581,0,0
BRDA:18753,7581,1,0
BRDA:18753,7582,0,0
BRDA:18753,7582,1,0
BRDA:18753,7583,0,0
BRDA:18753,7583,1,0
BRDA:18753,7583,2,0
BRDA:18753,7584,0,0
BRDA:18753,7584,1,0
BRDA:18753,7585,0,0
BRDA:18753,7585,1,0
BRDA:18757,7586,0,0
BRDA:18757,7586,1,0
BRDA:18757,7587,0,0
BRDA:18757,7587,1,0
BRDA:18757,7588,0,0
BRDA:18757,7588,1,0
BRDA:18757,7589,0,0
BRDA:18757,7589,1,0
BRDA:18757,7589,2,0
BRDA:18757,7590,0,0
BRDA:18757,7590,1,0
BRDA:18757,7591,0,0
BRDA:18757,7591,1,0
BRDA:18757,7592,0,0
BRDA:18757,7592,1,0
BRDA:18757,7593,0,0
BRDA:18757,7593,1,0
BRDA:18757,7594,0,0
BRDA:18757,7594,1,0
BRDA:18757,7595,0,0
BRDA:18757,7595,1,0
BRDA:18757,7596,0,0
BRDA:18757,7596,1,0
BRDA:18757,7597,0,0
BRDA:18757,7597,1,0
BRDA:18757,7597,2,0
BRDA:18757,7597,3,0
BRDA:18757,7598,0,0
BRDA:18757,7598,1,0
BRDA:18757,7599,0,0
BRDA:18757,7599,1,0
BRDA:18757,7600,0,0
BRDA:18757,7600,1,0
BRDA:18757,7601,0,0
BRDA:18757,7601,1,0
BRDA:18757,7602,0,0
BRDA:18757,7602,1,0
BRDA:18757,7603,0,0
BRDA:18757,7603,1,0
BRDA:18757,7604,0,0
BRDA:18757,7604,1,0
BRDA:18757,7605,0,0
BRDA:18757,7605,1,0
BRDA:18757,7606,0,0
BRDA:18757,7606,1,0
BRDA:18757,7607,0,0
BRDA:18757,7607,1,0
BRDA:18757,7608,0,0
BRDA:18757,7608,1,0
BRDA:18757,7609,0,0
BRDA:18757,7609,1,0
BRDA:18757,7610,0,0
BRDA:18757,7610,1,0
BRDA:18757,7610,2,0
BRDA:18757,7610,3,0
BRDA:18757,7610,4,0
BRDA:18757,7611,0,0
BRDA:18757,7611,1,0
BRDA:18757,7612,0,0
BRDA:18757,7612,1,0
BRDA:18757,7613,0,0
BRDA:18757,7613,1,0
BRDA:18757,7614,0,0
BRDA:18757,7614,1,0
BRDA:18757,7615,0,0
BRDA:18757,7615,1,0
BRDA:18757,7616,0,0
BRDA:18757,7616,1,0
BRDA:18757,7617,0,0
BRDA:18757,7617,1,0
BRDA:18757,7618,0,0
BRDA:18757,7618,1,0
BRDA:18757,7619,0,0
BRDA:18757,7619,1,0
BRDA:18757,7619,2,0
BRDA:18757,7619,3,0
BRDA:18757,7620,0,0
BRDA:18757,7620,1,0
BRDA:18757,7621,0,0
BRDA:18757,7621,1,0
BRDA:18757,7622,0,0
BRDA:18757,7622,1,0
BRDA:18757,7623,0,0
BRDA:18757,7623,1,0
BRDA:18757,7623,2,0
BRDA:18757,7623,3,0
BRDA:18757,7624,0,0
BRDA:18757,7624,1,0
BRDA:18757,7624,2,0
BRDA:18757,7624,3,0
BRDA:18760,7625,0,0
BRDA:18760,7625,1,0
BRDA:18760,7626,0,0
BRDA:18760,7626,1,0
BRDA:18760,7627,0,0
BRDA:18760,7627,1,0
BRDA:18760,7627,2,0
BRDA:18760,7628,0,0
BRDA:18760,7628,1,0
BRDA:18760,7629,0,0
BRDA:18760,7629,1,0
BRDA:18760,7629,2,0
BRDA:18760,7629,3,0
BRDA:18760,7630,0,0
BRDA:18760,7630,1,0
BRDA:18799,7631,0,0
BRDA:18799,7631,1,0
BRDA:18799,7632,0,0
BRDA:18799,7632,1,0
BRDA:18808,7633,0,0
BRDA:18808,7633,1,1
BRDA:18817,7634,0,0
BRDA:18817,7634,1,1
BRDA:18829,7635,0,0
BRDA:18829,7635,1,1
BRDA:18838,7636,0,0
BRDA:18838,7636,1,1
BRDA:18850,7637,0,1
BRDA:18850,7637,1,0
BRDA:18859,7638,0,0
BRDA:18859,7638,1,0
BRDA:18864,7639,0,0
BRDA:18864,7639,1,0
BRDA:18867,7640,0,0
BRDA:18867,7640,1,0
BRDA:18888,7641,0,0
BRDA:18888,7641,1,0
BRDA:18889,7642,0,0
BRDA:18889,7642,1,0
BRDA:18891,7643,0,0
BRDA:18891,7643,1,0
BRDA:18919,7644,0,1
BRDA:18919,7644,1,0
BRDA:18920,7645,0,1
BRDA:18920,7645,1,0
BRDA:18921,7646,0,1
BRDA:18921,7646,1,0
BRDA:18922,7647,0,1
BRDA:18922,7647,1,0
BRDA:18944,7648,0,3
BRDA:18944,7648,1,0
BRDA:18944,7649,0,3
BRDA:18944,7649,1,3
BRDA:18946,7650,0,3
BRDA:18946,7650,1,0
BRDA:18999,7651,0,1
BRDA:18999,7651,1,1
BRDA:19000,7652,0,1
BRDA:19000,7652,1,0
BRDA:19000,7653,0,1
BRDA:19000,7653,1,1
BRDA:19000,7653,2,1
BRDA:19029,7654,0,0
BRDA:19029,7654,1,0
BRDA:19030,7655,0,0
BRDA:19030,7655,1,0
BRDA:19031,7656,0,0
BRDA:19031,7656,1,0
BRDA:19034,7657,0,0
BRDA:19034,7657,1,0
BRDA:19039,7658,0,10
BRDA:19039,7658,1,0
BRDA:19060,7659,0,0
BRDA:19060,7659,1,0
BRDA:19065,7660,0,0
BRDA:19065,7660,1,0
BRDA:19065,7661,0,0
BRDA:19065,7661,1,0
BRDA:19065,7661,2,0
BRDA:19111,7662,0,0
BRDA:19111,7662,1,0
BRDA:19134,7663,0,0
BRDA:19134,7663,1,0
BRDA:19141,7664,0,0
BRDA:19141,7664,1,0
BRDA:19144,7665,0,0
BRDA:19144,7665,1,0
BRDA:19152,7666,0,0
BRDA:19152,7666,1,6
BRDA:19156,7667,0,0
BRDA:19156,7667,1,6
BRDA:19157,7668,0,0
BRDA:19157,7668,1,0
BRDA:19171,7669,0,0
BRDA:19171,7669,1,9
BRDA:19173,7670,0,0
BRDA:19173,7670,1,0
BRDA:19174,7671,0,0
BRDA:19174,7671,1,0
BRDA:19179,7672,0,6
BRDA:19179,7672,1,3
BRDA:19184,7673,0,0
BRDA:19184,7673,1,3
BRDA:19185,7674,0,0
BRDA:19185,7674,1,0
BRDA:19192,7675,0,3
BRDA:19192,7675,1,0
BRDA:19199,7676,0,9
BRDA:19199,7676,1,0
BRDA:19202,7677,0,3
BRDA:19202,7677,1,6
BRDA:19206,7678,0,3
BRDA:19206,7678,1,6
BRDA:19215,7679,0,0
BRDA:19215,7679,1,0
BRDA:19232,7680,0,0
BRDA:19232,7680,1,0
BRDA:19237,7681,0,0
BRDA:19237,7681,1,0
BRDA:19239,7682,0,0
BRDA:19239,7682,1,0
BRDA:19246,7683,0,0
BRDA:19246,7683,1,0
BRDA:19263,7684,0,0
BRDA:19263,7684,1,0
BRDA:19272,7685,0,0
BRDA:19272,7685,1,0
BRDA:19279,7686,0,0
BRDA:19279,7686,1,0
BRDA:19293,7687,0,0
BRDA:19293,7687,1,0
BRDA:19331,7688,0,3
BRDA:19331,7688,1,0
BRDA:19335,7689,0,0
BRDA:19335,7689,1,3
BRDA:19344,7690,0,6
BRDA:19344,7690,1,6
BRDA:19371,7691,0,0
BRDA:19371,7691,1,0
BRDA:19387,7692,0,1
BRDA:19387,7692,1,0
BRDA:19389,7693,0,1
BRDA:19389,7693,1,0
BRDA:19393,7694,0,0
BRDA:19393,7694,1,0
BRDA:19397,7695,0,0
BRDA:19397,7695,1,0
BRDA:19400,7696,0,0
BRDA:19400,7696,1,0
BRDA:19443,7697,0,0
BRDA:19443,7697,1,3
BRDA:19446,7698,0,0
BRDA:19446,7698,1,0
BRDA:19446,7699,0,0
BRDA:19446,7699,1,0
BRDA:19446,7699,2,0
BRDA:19460,7700,0,0
BRDA:19460,7700,1,3
BRDA:19468,7701,0,0
BRDA:19468,7701,1,0
BRDA:19478,7702,0,0
BRDA:19478,7702,1,0
BRDA:19492,7703,0,0
BRDA:19492,7703,1,0
BRDA:19499,7704,0,0
BRDA:19499,7704,1,0
BRDA:19503,7705,0,0
BRDA:19503,7705,1,0
BRDA:19503,7706,0,0
BRDA:19503,7706,1,0
BRDA:19504,7707,0,0
BRDA:19504,7707,1,0
BRDA:19506,7708,0,0
BRDA:19506,7708,1,0
BRDA:19510,7709,0,0
BRDA:19510,7709,1,0
BRDA:19511,7710,0,0
BRDA:19511,7710,1,0
BRDA:19515,7711,0,0
BRDA:19515,7711,1,0
BRDA:19516,7712,0,0
BRDA:19516,7712,1,0
BRDA:19530,7713,0,0
BRDA:19530,7713,1,12
BRDA:19530,7714,0,12
BRDA:19530,7714,1,6
BRDA:19530,7714,2,0
BRDA:19538,7715,0,0
BRDA:19538,7715,1,6
BRDA:19538,7716,0,6
BRDA:19538,7716,1,0
BRDA:19538,7716,2,0
BRDA:19538,7716,3,0
BRDA:19538,7716,4,0
BRDA:19548,7717,0,0
BRDA:19548,7717,1,6
BRDA:19552,7718,0,0
BRDA:19552,7718,1,6
BRDA:19562,7719,0,0
BRDA:19562,7719,1,6
BRDA:19566,7720,0,0
BRDA:19566,7720,1,6
BRDA:19566,7721,0,6
BRDA:19566,7721,1,6
BRDA:19569,7722,0,6
BRDA:19569,7722,1,0
BRDA:19573,7723,0,0
BRDA:19573,7723,1,0
BRDA:19573,7724,0,0
BRDA:19573,7724,1,0
BRDA:19583,7725,0,0
BRDA:19583,7725,1,0
BRDA:19594,7726,0,0
BRDA:19594,7726,1,0
BRDA:19596,7727,0,0
BRDA:19596,7727,1,0
BRDA:19616,7728,0,0
BRDA:19616,7728,1,0
BRDA:19637,7729,0,1
BRDA:19637,7729,1,0
BRDA:19666,7730,0,34
BRDA:19666,7730,1,35
BRDA:19688,7731,0,0
BRDA:19688,7731,1,38
BRDA:19688,7732,0,38
BRDA:19688,7732,1,38
BRDA:19701,7733,0,51
BRDA:19701,7733,1,0
BRDA:19701,7734,0,51
BRDA:19701,7734,1,51
BRDA:19717,7735,0,7
BRDA:19717,7735,1,0
BRDA:19717,7736,0,7
BRDA:19717,7736,1,7
BRF:16814
BRH:1520
end_of_record
TN:
SF:src/DataEntity.js
FN:109,(anonymous_0)
FN:133,(anonymous_1)
FN:144,(anonymous_2)
FN:155,(anonymous_3)
FN:166,(anonymous_4)
FN:168,(anonymous_5)
FN:188,(anonymous_6)
FN:263,(anonymous_7)
FN:346,(anonymous_8)
FN:407,(anonymous_9)
FN:437,(anonymous_10)
FN:469,(anonymous_11)
FN:502,(anonymous_12)
FN:529,(anonymous_13)
FNF:14
FNH:2
FNDA:4,(anonymous_0)
FNDA:0,(anonymous_1)
FNDA:0,(anonymous_2)
FNDA:0,(anonymous_3)
FNDA:0,(anonymous_4)
FNDA:0,(anonymous_5)
FNDA:0,(anonymous_6)
FNDA:0,(anonymous_7)
FNDA:0,(anonymous_8)
FNDA:0,(anonymous_9)
FNDA:0,(anonymous_10)
FNDA:0,(anonymous_11)
FNDA:0,(anonymous_12)
FNDA:4,(anonymous_13)
DA:110,4
DA:111,4
DA:112,4
DA:113,4
DA:114,4
DA:115,4
DA:119,4
DA:121,4
DA:123,4
DA:134,0
DA:145,0
DA:156,0
DA:167,0
DA:168,0
DA:169,0
DA:189,0
DA:190,0
DA:191,0
DA:192,0
DA:193,0
DA:194,0
DA:195,0
DA:197,0
DA:199,0
DA:200,0
DA:203,0
DA:205,0
DA:208,0
DA:209,0
DA:222,0
DA:223,0
DA:231,0
DA:239,0
DA:240,0
DA:264,0
DA:265,0
DA:266,0
DA:267,0
DA:268,0
DA:269,0
DA:270,0
DA:271,0
DA:272,0
DA:274,0
DA:275,0
DA:276,0
DA:277,0
DA:281,0
DA:282,0
DA:293,0
DA:294,0
DA:296,0
DA:297,0
DA:310,0
DA:311,0
DA:322,0
DA:333,0
DA:334,0
DA:347,0
DA:348,0
DA:349,0
DA:350,0
DA:351,0
DA:352,0
DA:356,0
DA:358,0
DA:360,0
DA:361,0
DA:373,0
DA:374,0
DA:384,0
DA:394,0
DA:395,0
DA:408,0
DA:409,0
DA:410,0
DA:411,0
DA:412,0
DA:416,0
DA:418,0
DA:419,0
DA:423,0
DA:424,0
DA:426,0
DA:438,0
DA:439,0
DA:440,0
DA:441,0
DA:446,0
DA:448,0
DA:450,0
DA:470,0
DA:471,0
DA:472,0
DA:473,0
DA:474,0
DA:482,0
DA:484,0
DA:486,0
DA:503,0
DA:504,0
DA:505,0
DA:506,0
DA:510,0
DA:512,0
DA:514,0
DA:529,4
DA:530,4
DA:532,0
DA:533,0
DA:536,0
DA:537,0
DA:539,0
DA:546,0
DA:547,0
DA:548,0
DA:572,0
DA:576,0
DA:577,0
DA:578,0
DA:579,0
LF:121
LH:11
BRDA:109,0,0,0
BRDA:188,1,0,0
BRDA:195,2,0,0
BRDA:195,2,1,0
BRDA:221,3,0,0
BRDA:221,4,0,0
BRDA:221,5,0,0
BRDA:221,6,0,0
BRDA:221,7,0,0
BRDA:271,8,0,0
BRDA:271,8,1,0
BRDA:309,9,0,0
BRDA:309,10,0,0
BRDA:309,11,0,0
BRDA:309,12,0,0
BRDA:309,13,0,0
BRDA:372,14,0,0
BRDA:372,15,0,0
BRDA:372,16,0,0
BRDA:372,17,0,0
BRDA:416,18,0,0
BRDA:416,18,1,0
BRDA:418,19,0,0
BRDA:418,19,1,0
BRDA:437,20,0,0
BRDA:469,21,0,0
BRDA:469,22,0,0
BRDA:502,23,0,0
BRDA:530,24,0,0
BRDA:530,24,1,4
BRDA:533,25,0,0
BRDA:533,25,1,0
BRDA:571,26,0,0
BRF:33
BRH:1
end_of_record
TN:
SF:src/EventSystem.js
FN:6,(anonymous_0)
FN:10,(anonymous_1)
FN:23,(anonymous_2)
FN:26,(anonymous_3)
FN:38,(anonymous_4)
FN:42,(anonymous_5)
FNF:6
FNH:2
FNDA:5,(anonymous_0)
FNDA:0,(anonymous_1)
FNDA:2,(anonymous_2)
FNDA:0,(anonymous_3)
FNDA:0,(anonymous_4)
FNDA:0,(anonymous_5)
DA:7,5
DA:11,0
DA:12,0
DA:13,0
DA:15,0
DA:20,0
DA:24,2
DA:26,2
DA:27,0
DA:29,0
DA:30,0
DA:31,0
DA:32,0
DA:39,0
DA:45,0
DA:46,0
DA:47,0
DA:49,0
DA:51,0
DA:52,0
DA:56,0
LF:21
LH:3
BRDA:12,0,0,0
BRDA:12,0,1,0
BRDA:24,1,0,2
BRDA:24,1,1,0
BRDA:27,2,0,0
BRDA:27,2,1,0
BRDA:30,3,0,0
BRDA:30,3,1,0
BRDA:49,4,0,0
BRDA:49,4,1,0
BRF:10
BRH:1
end_of_record
TN:
SF:src/Foundation.js
FN:178,(anonymous_0)
FN:204,(anonymous_1)
FN:213,(anonymous_2)
FN:232,(anonymous_3)
FN:242,(anonymous_4)
FN:252,(anonymous_5)
FN:263,(anonymous_6)
FN:272,(anonymous_7)
FN:282,(anonymous_8)
FN:302,(anonymous_9)
FN:337,(anonymous_10)
FN:347,(anonymous_11)
FN:357,(anonymous_12)
FN:484,(anonymous_13)
FNF:14
FNH:14
FNDA:1,(anonymous_0)
FNDA:1,(anonymous_1)
FNDA:4,(anonymous_2)
FNDA:1,(anonymous_3)
FNDA:2,(anonymous_4)
FNDA:4,(anonymous_5)
FNDA:1,(anonymous_6)
FNDA:1,(anonymous_7)
FNDA:1,(anonymous_8)
FNDA:7,(anonymous_9)
FNDA:1,(anonymous_10)
FNDA:1,(anonymous_11)
FNDA:1,(anonymous_12)
FNDA:1,(anonymous_13)
DA:184,1
DA:185,1
DA:186,1
DA:187,1
DA:188,1
DA:189,1
DA:190,1
DA:191,1
DA:192,1
DA:193,1
DA:194,1
DA:195,1
DA:205,1
DA:214,4
DA:233,1
DA:243,2
DA:253,4
DA:264,1
DA:273,1
DA:283,1
DA:287,4
DA:288,4
DA:289,4
DA:290,4
DA:292,4
DA:303,7
DA:307,1
DA:308,1
DA:309,1
DA:310,1
DA:311,4
DA:313,4
DA:314,4
DA:315,4
DA:321,4
DA:324,1
DA:326,0
DA:327,0
DA:329,1
DA:338,1
DA:348,1
DA:349,1
DA:358,1
DA:359,1
DA:360,0
DA:362,1
DA:364,1
DA:449,1
DA:450,1
DA:451,1
DA:452,1
DA:453,1
DA:455,1
DA:458,1
DA:464,0
DA:465,0
DA:468,1
DA:474,1
DA:485,1
DA:486,1
DA:487,1
DA:488,1
DA:494,1
DA:497,1
DA:503,0
DA:504,0
DA:507,1
DA:513,1
LF:68
LH:61
BRDA:178,0,0,0
BRDA:179,1,0,0
BRDA:180,2,0,0
BRDA:181,3,0,0
BRDA:182,4,0,0
BRDA:192,5,0,1
BRDA:192,5,1,0
BRDA:286,6,0,0
BRDA:286,7,0,0
BRDA:311,8,0,4
BRDA:311,8,1,0
BRDA:358,9,0,1
BRDA:358,9,1,1
BRDA:359,10,0,0
BRDA:359,10,1,1
BRF:15
BRH:5
end_of_record
TN:
SF:src/LocalDatabaseTransport.js
FN:67,(anonymous_0)
FN:109,(anonymous_1)
FN:125,(anonymous_2)
FNF:3
FNH:3
FNDA:1,(anonymous_0)
FNDA:4,(anonymous_1)
FNDA:1,(anonymous_2)
DA:6,1
DA:71,1
DA:72,1
DA:73,1
DA:74,1
DA:75,1
DA:76,1
DA:80,1
DA:81,4
DA:83,4
DA:110,4
DA:111,4
DA:126,1
DA:127,1
DA:128,1
DA:129,1
DA:131,1
DA:139,1
DA:140,1
DA:142,0
DA:143,0
DA:145,1
LF:22
LH:20
BRDA:67,0,0,1
BRDA:67,1,0,1
BRDA:67,2,0,1
BRDA:67,3,0,1
BRDA:81,4,0,4
BRDA:81,4,1,0
BRF:6
BRH:5
end_of_record
TN:
SF:src/utils.js
FN:18,(anonymous_0)
FN:28,(anonymous_1)
FN:38,uuid
FN:39,(anonymous_3)
FN:52,toJSON
FN:67,mongooseToDexieTableString
FN:96,getSearchTokenStream
FNF:7
FNH:5
FNDA:8,(anonymous_0)
FNDA:2,(anonymous_1)
FNDA:2,uuid
FNDA:62,(anonymous_3)
FNDA:0,toJSON
FNDA:4,mongooseToDexieTableString
FNDA:0,getSearchTokenStream
DA:18,1
DA:19,8
DA:28,1
DA:29,2
DA:39,2
DA:40,62
DA:41,62
DA:42,62
DA:53,0
DA:54,0
DA:56,0
DA:68,4
DA:69,4
DA:70,18
DA:71,18
DA:76,18
DA:78,18
DA:79,4
DA:81,14
DA:82,3
DA:84,11
DA:87,4
DA:97,0
DA:98,0
DA:101,1
LF:25
LH:20
BRDA:18,0,0,0
BRDA:18,1,0,0
BRDA:41,2,0,60
BRDA:41,2,1,2
BRDA:53,3,0,0
BRDA:53,3,1,0
BRDA:70,4,0,18
BRDA:70,4,1,0
BRDA:78,5,0,4
BRDA:78,5,1,14
BRDA:78,6,0,18
BRDA:78,6,1,14
BRDA:81,7,0,3
BRDA:81,7,1,11
BRDA:87,8,0,3
BRDA:87,8,1,1
BRDA:96,9,0,0
BRF:17
BRH:11
end_of_record
