TN:
SF:src/DataEntity.js
FN:109,(anonymous_0)
FN:175,(anonymous_1)
FN:186,(anonymous_2)
FN:197,(anonymous_3)
FN:208,(anonymous_4)
FN:230,(anonymous_5)
FN:324,(anonymous_6)
FN:420,(anonymous_7)
FN:481,(anonymous_8)
FN:511,(anonymous_9)
FN:544,(anonymous_10)
FN:577,(anonymous_11)
FN:604,(anonymous_12)
FNF:13
FNH:13
FNDA:70,(anonymous_0)
FNDA:28,(anonymous_1)
FNDA:14,(anonymous_2)
FNDA:28,(anonymous_3)
FNDA:83,(anonymous_4)
FNDA:62,(anonymous_5)
FNDA:84,(anonymous_6)
FNDA:21,(anonymous_7)
FNDA:14,(anonymous_8)
FNDA:28,(anonymous_9)
FNDA:28,(anonymous_10)
FNDA:28,(anonymous_11)
FNDA:98,(anonymous_12)
DA:115,70
DA:125,70
DA:142,70
DA:149,70
DA:150,70
DA:157,70
DA:161,70
DA:163,70
DA:165,70
DA:176,28
DA:187,14
DA:198,28
DA:209,83
DA:210,83
DA:211,83
DA:234,62
DA:235,28
DA:237,34
DA:238,34
DA:239,34
DA:241,34
DA:242,34
DA:244,34
DA:246,34
DA:247,34
DA:248,6
DA:250,28
DA:253,28
DA:254,0
DA:257,28
DA:258,28
DA:261,28
DA:266,0
DA:269,28
DA:270,28
DA:283,28
DA:284,28
DA:292,28
DA:300,28
DA:301,28
DA:328,84
DA:329,35
DA:331,49
DA:332,7
DA:334,42
DA:335,7
DA:337,35
DA:338,7
DA:340,28
DA:341,28
DA:342,28
DA:343,28
DA:344,28
DA:345,28
DA:346,28
DA:347,28
DA:348,7
DA:350,21
DA:351,21
DA:353,21
DA:357,21
DA:368,0
DA:370,21
DA:371,21
DA:384,21
DA:385,21
DA:396,21
DA:407,21
DA:408,21
DA:421,21
DA:422,21
DA:423,21
DA:424,21
DA:425,21
DA:426,21
DA:430,21
DA:432,0
DA:434,21
DA:435,21
DA:447,21
DA:448,21
DA:458,21
DA:468,21
DA:469,21
DA:482,14
DA:483,14
DA:484,14
DA:485,14
DA:486,14
DA:490,14
DA:492,14
DA:493,14
DA:497,0
DA:499,14
DA:512,28
DA:513,28
DA:514,28
DA:515,28
DA:520,28
DA:522,0
DA:524,28
DA:545,28
DA:546,28
DA:547,28
DA:548,28
DA:549,28
DA:557,28
DA:559,0
DA:561,28
DA:578,28
DA:579,28
DA:580,28
DA:581,28
DA:585,28
DA:587,0
DA:589,28
DA:604,70
DA:605,98
DA:607,0
DA:608,0
DA:611,0
DA:612,0
DA:614,0
DA:621,0
DA:622,0
DA:647,70
DA:651,70
DA:652,70
DA:653,70
DA:654,70
LF:130
LH:115
BRDA:112,0,0,14
BRDA:230,1,0,14
BRDA:234,2,0,28
BRDA:234,2,1,34
BRDA:247,3,0,6
BRDA:247,3,1,28
BRDA:253,4,0,0
BRDA:253,4,1,28
BRDA:253,5,0,28
BRDA:253,5,1,0
BRDA:269,6,0,0
BRDA:269,6,1,28
BRDA:324,7,0,14
BRDA:324,8,0,28
BRDA:328,9,0,35
BRDA:328,9,1,49
BRDA:331,10,0,7
BRDA:331,10,1,42
BRDA:334,11,0,7
BRDA:334,11,1,35
BRDA:337,12,0,7
BRDA:337,12,1,28
BRDA:347,13,0,7
BRDA:347,13,1,21
BRDA:490,14,0,14
BRDA:490,14,1,0
BRDA:492,15,0,14
BRDA:492,15,1,0
BRDA:511,16,0,14
BRDA:544,17,0,14
BRDA:544,18,0,28
BRDA:577,19,0,14
BRDA:605,20,0,0
BRDA:605,20,1,98
BRDA:608,21,0,0
BRDA:608,21,1,0
BRF:36
BRH:28
end_of_record
TN:
SF:src/EventSystem.js
FN:6,(anonymous_0)
FN:10,(anonymous_1)
FN:21,(anonymous_2)
FN:24,(anonymous_3)
FN:36,(anonymous_4)
FN:40,(anonymous_5)
FNF:6
FNH:6
FNDA:84,(anonymous_0)
FNDA:14,(anonymous_1)
FNDA:161,(anonymous_2)
FNDA:21,(anonymous_3)
FNDA:14,(anonymous_4)
FNDA:14,(anonymous_5)
DA:7,84
DA:11,14
DA:12,14
DA:13,14
DA:18,14
DA:22,161
DA:24,161
DA:25,21
DA:27,14
DA:28,14
DA:29,14
DA:30,14
DA:37,14
DA:43,14
DA:44,14
DA:45,14
DA:47,14
DA:49,14
DA:50,14
DA:54,14
LF:20
LH:20
BRDA:22,0,0,161
BRDA:22,0,1,0
BRDA:25,1,0,14
BRDA:25,1,1,7
BRDA:28,2,0,14
BRDA:28,2,1,0
BRDA:47,3,0,14
BRDA:47,3,1,0
BRF:8
BRH:5
end_of_record
TN:
SF:src/Foundation.js
FN:178,(anonymous_0)
FN:206,(anonymous_1)
FN:215,(anonymous_2)
FN:234,(anonymous_3)
FN:244,(anonymous_4)
FN:254,(anonymous_5)
FN:265,(anonymous_6)
FN:274,(anonymous_7)
FN:284,(anonymous_8)
FN:298,(anonymous_9)
FN:314,(anonymous_10)
FN:403,(anonymous_11)
FN:433,(anonymous_12)
FN:443,(anonymous_13)
FN:453,(anonymous_14)
FN:546,(anonymous_15)
FNF:16
FNH:16
FNDA:14,(anonymous_0)
FNDA:7,(anonymous_1)
FNDA:91,(anonymous_2)
FNDA:14,(anonymous_3)
FNDA:84,(anonymous_4)
FNDA:28,(anonymous_5)
FNDA:7,(anonymous_6)
FNDA:7,(anonymous_7)
FNDA:7,(anonymous_8)
FNDA:63,(anonymous_9)
FNDA:64,(anonymous_10)
FNDA:7,(anonymous_11)
FNDA:7,(anonymous_12)
FNDA:21,(anonymous_13)
FNDA:21,(anonymous_14)
FNDA:21,(anonymous_15)
DA:184,14
DA:185,14
DA:186,14
DA:187,14
DA:188,14
DA:189,14
DA:190,14
DA:191,14
DA:192,14
DA:193,14
DA:194,14
DA:197,14
DA:207,7
DA:216,91
DA:235,14
DA:245,84
DA:255,28
DA:266,7
DA:275,7
DA:285,7
DA:299,63
DA:300,63
DA:302,63
DA:303,63
DA:304,63
DA:315,64
DA:404,7
DA:408,21
DA:409,21
DA:410,21
DA:411,56
DA:413,56
DA:414,56
DA:415,56
DA:421,56
DA:434,7
DA:444,21
DA:445,21
DA:454,21
DA:455,21
DA:456,0
DA:458,21
DA:460,21
DA:547,21
DA:548,21
DA:549,21
DA:550,21
DA:551,21
DA:553,21
DA:555,21
DA:556,7
DA:558,14
DA:559,14
DA:569,0
DA:570,0
DA:573,21
DA:579,21
LF:57
LH:54
BRDA:179,0,0,0
BRDA:180,1,0,14
BRDA:181,2,0,14
BRDA:192,3,0,14
BRDA:192,3,1,14
BRDA:411,4,0,56
BRDA:411,4,1,0
BRDA:454,5,0,21
BRDA:454,5,1,21
BRDA:455,6,0,0
BRDA:455,6,1,21
BRDA:555,7,0,7
BRDA:555,7,1,14
BRF:13
BRH:10
end_of_record
TN:
SF:src/LocalDatabaseTransport.js
FN:68,(anonymous_0)
FN:110,(anonymous_1)
FN:126,(anonymous_2)
FNF:3
FNH:3
FNDA:30,(anonymous_0)
FNDA:102,(anonymous_1)
FNDA:45,(anonymous_2)
DA:6,29
DA:72,30
DA:73,30
DA:74,30
DA:75,30
DA:76,30
DA:77,30
DA:81,45
DA:82,102
DA:84,102
DA:111,102
DA:112,102
DA:127,45
DA:128,45
DA:129,45
DA:130,45
DA:132,45
DA:140,30
DA:141,30
DA:143,15
DA:144,15
DA:146,45
LF:22
LH:22
BRDA:68,0,0,14
BRDA:68,1,0,14
BRDA:82,2,0,102
BRDA:82,2,1,0
BRF:4
BRH:3
end_of_record
TN:
SF:src/utils.js
FN:21,(anonymous_0)
FN:31,uuid
FN:32,(anonymous_2)
FN:46,genDbName
FN:59,toJSON
FN:75,mongooseToDexieTableString
FN:125,getCompoundIndexes
FN:146,(anonymous_7)
FN:163,getSearchTokenStream
FN:168,(anonymous_9)
FNF:10
FNH:10
FNDA:415,(anonymous_0)
FNDA:70070,uuid
FNDA:2172170,(anonymous_2)
FNDA:35,genDbName
FNDA:70,toJSON
FNDA:109,mongooseToDexieTableString
FNDA:109,getCompoundIndexes
FNDA:14,(anonymous_7)
FNDA:21,getSearchTokenStream
FNDA:42,(anonymous_9)
DA:21,29
DA:22,415
DA:32,70070
DA:33,2172170
DA:34,2172170
DA:35,2172170
DA:47,35
DA:48,35
DA:49,35
DA:60,70
DA:61,14
DA:63,56
DA:77,109
DA:78,109
DA:79,109
DA:80,460
DA:81,460
DA:85,460
DA:86,460
DA:87,109
DA:89,351
DA:90,102
DA:91,102
DA:93,249
DA:94,7
DA:96,249
DA:97,7
DA:99,249
DA:103,109
DA:105,109
DA:107,7
DA:110,102
DA:126,109
DA:127,109
DA:129,109
DA:130,102
DA:132,7
DA:133,21
DA:135,21
DA:136,7
DA:139,14
DA:140,14
DA:141,21
DA:142,21
DA:144,21
DA:145,7
DA:146,14
DA:149,7
DA:154,7
DA:168,42
DA:169,21
DA:173,29
LF:52
LH:52
BRDA:21,0,0,7
BRDA:21,1,0,7
BRDA:34,2,0,2102100
BRDA:34,2,1,70070
BRDA:46,3,0,7
BRDA:59,4,0,0
BRDA:60,5,0,14
BRDA:60,5,1,56
BRDA:80,6,0,460
BRDA:80,6,1,0
BRDA:85,7,0,453
BRDA:86,8,0,109
BRDA:86,8,1,351
BRDA:86,9,0,460
BRDA:86,9,1,351
BRDA:89,10,0,102
BRDA:89,10,1,249
BRDA:93,11,0,7
BRDA:93,11,1,242
BRDA:96,12,0,7
BRDA:96,12,1,242
BRDA:105,13,0,7
BRDA:105,13,1,102
BRDA:107,14,0,7
BRDA:107,14,1,0
BRDA:110,15,0,88
BRDA:110,15,1,14
BRDA:129,16,0,102
BRDA:129,16,1,7
BRDA:135,17,0,7
BRDA:135,17,1,14
BRDA:144,18,0,7
BRDA:144,18,1,14
BRDA:163,19,0,0
BRF:34
BRH:30
end_of_record
